[2025-02-21T06:23:07.811+0000] {processor.py:161} INFO - Started process (PID=98) to work on /home/airflow/.local/lib/python3.8/site-packages/airflow/example_dags/example_sensors.py
[2025-02-21T06:23:07.816+0000] {processor.py:830} INFO - Processing file /home/airflow/.local/lib/python3.8/site-packages/airflow/example_dags/example_sensors.py for tasks to queue
[2025-02-21T06:23:07.824+0000] {logging_mixin.py:188} INFO - [2025-02-21T06:23:07.823+0000] {dagbag.py:538} INFO - Filling up the DagBag from /home/airflow/.local/lib/python3.8/site-packages/airflow/example_dags/example_sensors.py
[2025-02-21T06:23:07.934+0000] {processor.py:840} INFO - DAG(s) 'example_sensors' retrieved from /home/airflow/.local/lib/python3.8/site-packages/airflow/example_dags/example_sensors.py
[2025-02-21T06:23:08.520+0000] {logging_mixin.py:188} INFO - [2025-02-21T06:23:08.519+0000] {dag.py:3036} INFO - Sync 1 DAGs
[2025-02-21T06:23:08.557+0000] {logging_mixin.py:188} INFO - [2025-02-21T06:23:08.557+0000] {dag.py:3823} INFO - Setting next_dagrun for example_sensors to None, run_after=None
[2025-02-21T06:23:08.638+0000] {processor.py:183} INFO - Processing /home/airflow/.local/lib/python3.8/site-packages/airflow/example_dags/example_sensors.py took 0.838 seconds
[2025-02-21T06:23:38.872+0000] {processor.py:161} INFO - Started process (PID=152) to work on /home/airflow/.local/lib/python3.8/site-packages/airflow/example_dags/example_sensors.py
[2025-02-21T06:23:38.878+0000] {processor.py:830} INFO - Processing file /home/airflow/.local/lib/python3.8/site-packages/airflow/example_dags/example_sensors.py for tasks to queue
[2025-02-21T06:23:38.885+0000] {logging_mixin.py:188} INFO - [2025-02-21T06:23:38.884+0000] {dagbag.py:538} INFO - Filling up the DagBag from /home/airflow/.local/lib/python3.8/site-packages/airflow/example_dags/example_sensors.py
[2025-02-21T06:23:38.919+0000] {processor.py:840} INFO - DAG(s) 'example_sensors' retrieved from /home/airflow/.local/lib/python3.8/site-packages/airflow/example_dags/example_sensors.py
[2025-02-21T06:23:39.004+0000] {logging_mixin.py:188} INFO - [2025-02-21T06:23:39.003+0000] {dag.py:3036} INFO - Sync 1 DAGs
[2025-02-21T06:23:39.050+0000] {logging_mixin.py:188} INFO - [2025-02-21T06:23:39.049+0000] {dag.py:3823} INFO - Setting next_dagrun for example_sensors to None, run_after=None
[2025-02-21T06:23:39.113+0000] {processor.py:183} INFO - Processing /home/airflow/.local/lib/python3.8/site-packages/airflow/example_dags/example_sensors.py took 0.254 seconds
[2025-02-21T06:24:09.488+0000] {processor.py:161} INFO - Started process (PID=207) to work on /home/airflow/.local/lib/python3.8/site-packages/airflow/example_dags/example_sensors.py
[2025-02-21T06:24:09.492+0000] {processor.py:830} INFO - Processing file /home/airflow/.local/lib/python3.8/site-packages/airflow/example_dags/example_sensors.py for tasks to queue
[2025-02-21T06:24:09.503+0000] {logging_mixin.py:188} INFO - [2025-02-21T06:24:09.502+0000] {dagbag.py:538} INFO - Filling up the DagBag from /home/airflow/.local/lib/python3.8/site-packages/airflow/example_dags/example_sensors.py
[2025-02-21T06:24:09.536+0000] {processor.py:840} INFO - DAG(s) 'example_sensors' retrieved from /home/airflow/.local/lib/python3.8/site-packages/airflow/example_dags/example_sensors.py
[2025-02-21T06:24:09.622+0000] {logging_mixin.py:188} INFO - [2025-02-21T06:24:09.621+0000] {dag.py:3036} INFO - Sync 1 DAGs
[2025-02-21T06:24:09.664+0000] {logging_mixin.py:188} INFO - [2025-02-21T06:24:09.663+0000] {dag.py:3823} INFO - Setting next_dagrun for example_sensors to None, run_after=None
[2025-02-21T06:24:09.742+0000] {processor.py:183} INFO - Processing /home/airflow/.local/lib/python3.8/site-packages/airflow/example_dags/example_sensors.py took 0.264 seconds
[2025-02-21T06:24:39.949+0000] {processor.py:161} INFO - Started process (PID=262) to work on /home/airflow/.local/lib/python3.8/site-packages/airflow/example_dags/example_sensors.py
[2025-02-21T06:24:39.957+0000] {processor.py:830} INFO - Processing file /home/airflow/.local/lib/python3.8/site-packages/airflow/example_dags/example_sensors.py for tasks to queue
[2025-02-21T06:24:39.972+0000] {logging_mixin.py:188} INFO - [2025-02-21T06:24:39.966+0000] {dagbag.py:538} INFO - Filling up the DagBag from /home/airflow/.local/lib/python3.8/site-packages/airflow/example_dags/example_sensors.py
[2025-02-21T06:24:40.016+0000] {processor.py:840} INFO - DAG(s) 'example_sensors' retrieved from /home/airflow/.local/lib/python3.8/site-packages/airflow/example_dags/example_sensors.py
[2025-02-21T06:24:40.211+0000] {logging_mixin.py:188} INFO - [2025-02-21T06:24:40.210+0000] {dag.py:3036} INFO - Sync 1 DAGs
[2025-02-21T06:24:40.289+0000] {logging_mixin.py:188} INFO - [2025-02-21T06:24:40.288+0000] {dag.py:3823} INFO - Setting next_dagrun for example_sensors to None, run_after=None
[2025-02-21T06:24:40.367+0000] {processor.py:183} INFO - Processing /home/airflow/.local/lib/python3.8/site-packages/airflow/example_dags/example_sensors.py took 0.434 seconds
[2025-02-21T06:25:10.677+0000] {processor.py:161} INFO - Started process (PID=317) to work on /home/airflow/.local/lib/python3.8/site-packages/airflow/example_dags/example_sensors.py
[2025-02-21T06:25:10.680+0000] {processor.py:830} INFO - Processing file /home/airflow/.local/lib/python3.8/site-packages/airflow/example_dags/example_sensors.py for tasks to queue
[2025-02-21T06:25:10.685+0000] {logging_mixin.py:188} INFO - [2025-02-21T06:25:10.684+0000] {dagbag.py:538} INFO - Filling up the DagBag from /home/airflow/.local/lib/python3.8/site-packages/airflow/example_dags/example_sensors.py
[2025-02-21T06:25:10.710+0000] {processor.py:840} INFO - DAG(s) 'example_sensors' retrieved from /home/airflow/.local/lib/python3.8/site-packages/airflow/example_dags/example_sensors.py
[2025-02-21T06:25:10.782+0000] {logging_mixin.py:188} INFO - [2025-02-21T06:25:10.781+0000] {dag.py:3036} INFO - Sync 1 DAGs
[2025-02-21T06:25:10.817+0000] {logging_mixin.py:188} INFO - [2025-02-21T06:25:10.816+0000] {dag.py:3823} INFO - Setting next_dagrun for example_sensors to None, run_after=None
[2025-02-21T06:25:10.869+0000] {processor.py:183} INFO - Processing /home/airflow/.local/lib/python3.8/site-packages/airflow/example_dags/example_sensors.py took 0.214 seconds
[2025-02-21T06:25:41.263+0000] {processor.py:161} INFO - Started process (PID=372) to work on /home/airflow/.local/lib/python3.8/site-packages/airflow/example_dags/example_sensors.py
[2025-02-21T06:25:41.270+0000] {processor.py:830} INFO - Processing file /home/airflow/.local/lib/python3.8/site-packages/airflow/example_dags/example_sensors.py for tasks to queue
[2025-02-21T06:25:41.277+0000] {logging_mixin.py:188} INFO - [2025-02-21T06:25:41.275+0000] {dagbag.py:538} INFO - Filling up the DagBag from /home/airflow/.local/lib/python3.8/site-packages/airflow/example_dags/example_sensors.py
[2025-02-21T06:25:41.337+0000] {processor.py:840} INFO - DAG(s) 'example_sensors' retrieved from /home/airflow/.local/lib/python3.8/site-packages/airflow/example_dags/example_sensors.py
[2025-02-21T06:25:41.663+0000] {logging_mixin.py:188} INFO - [2025-02-21T06:25:41.663+0000] {dag.py:3036} INFO - Sync 1 DAGs
[2025-02-21T06:25:41.717+0000] {logging_mixin.py:188} INFO - [2025-02-21T06:25:41.717+0000] {dag.py:3823} INFO - Setting next_dagrun for example_sensors to None, run_after=None
[2025-02-21T06:25:41.789+0000] {processor.py:183} INFO - Processing /home/airflow/.local/lib/python3.8/site-packages/airflow/example_dags/example_sensors.py took 0.538 seconds
[2025-02-21T06:26:12.692+0000] {processor.py:161} INFO - Started process (PID=427) to work on /home/airflow/.local/lib/python3.8/site-packages/airflow/example_dags/example_sensors.py
[2025-02-21T06:26:12.697+0000] {processor.py:830} INFO - Processing file /home/airflow/.local/lib/python3.8/site-packages/airflow/example_dags/example_sensors.py for tasks to queue
[2025-02-21T06:26:12.709+0000] {logging_mixin.py:188} INFO - [2025-02-21T06:26:12.707+0000] {dagbag.py:538} INFO - Filling up the DagBag from /home/airflow/.local/lib/python3.8/site-packages/airflow/example_dags/example_sensors.py
[2025-02-21T06:26:12.745+0000] {processor.py:840} INFO - DAG(s) 'example_sensors' retrieved from /home/airflow/.local/lib/python3.8/site-packages/airflow/example_dags/example_sensors.py
[2025-02-21T06:26:12.868+0000] {logging_mixin.py:188} INFO - [2025-02-21T06:26:12.867+0000] {dag.py:3036} INFO - Sync 1 DAGs
[2025-02-21T06:26:12.925+0000] {logging_mixin.py:188} INFO - [2025-02-21T06:26:12.923+0000] {dag.py:3823} INFO - Setting next_dagrun for example_sensors to None, run_after=None
[2025-02-21T06:26:12.992+0000] {processor.py:183} INFO - Processing /home/airflow/.local/lib/python3.8/site-packages/airflow/example_dags/example_sensors.py took 0.311 seconds
[2025-02-21T06:26:43.374+0000] {processor.py:161} INFO - Started process (PID=483) to work on /home/airflow/.local/lib/python3.8/site-packages/airflow/example_dags/example_sensors.py
[2025-02-21T06:26:43.377+0000] {processor.py:830} INFO - Processing file /home/airflow/.local/lib/python3.8/site-packages/airflow/example_dags/example_sensors.py for tasks to queue
[2025-02-21T06:26:43.381+0000] {logging_mixin.py:188} INFO - [2025-02-21T06:26:43.381+0000] {dagbag.py:538} INFO - Filling up the DagBag from /home/airflow/.local/lib/python3.8/site-packages/airflow/example_dags/example_sensors.py
[2025-02-21T06:26:43.408+0000] {processor.py:840} INFO - DAG(s) 'example_sensors' retrieved from /home/airflow/.local/lib/python3.8/site-packages/airflow/example_dags/example_sensors.py
[2025-02-21T06:26:43.495+0000] {logging_mixin.py:188} INFO - [2025-02-21T06:26:43.495+0000] {dag.py:3036} INFO - Sync 1 DAGs
[2025-02-21T06:26:43.528+0000] {logging_mixin.py:188} INFO - [2025-02-21T06:26:43.528+0000] {dag.py:3823} INFO - Setting next_dagrun for example_sensors to None, run_after=None
[2025-02-21T06:26:43.583+0000] {processor.py:183} INFO - Processing /home/airflow/.local/lib/python3.8/site-packages/airflow/example_dags/example_sensors.py took 0.222 seconds
[2025-02-21T06:27:14.148+0000] {processor.py:161} INFO - Started process (PID=537) to work on /home/airflow/.local/lib/python3.8/site-packages/airflow/example_dags/example_sensors.py
[2025-02-21T06:27:14.156+0000] {processor.py:830} INFO - Processing file /home/airflow/.local/lib/python3.8/site-packages/airflow/example_dags/example_sensors.py for tasks to queue
[2025-02-21T06:27:14.163+0000] {logging_mixin.py:188} INFO - [2025-02-21T06:27:14.162+0000] {dagbag.py:538} INFO - Filling up the DagBag from /home/airflow/.local/lib/python3.8/site-packages/airflow/example_dags/example_sensors.py
[2025-02-21T06:27:14.185+0000] {processor.py:840} INFO - DAG(s) 'example_sensors' retrieved from /home/airflow/.local/lib/python3.8/site-packages/airflow/example_dags/example_sensors.py
[2025-02-21T06:27:14.299+0000] {logging_mixin.py:188} INFO - [2025-02-21T06:27:14.298+0000] {dag.py:3036} INFO - Sync 1 DAGs
[2025-02-21T06:27:14.339+0000] {logging_mixin.py:188} INFO - [2025-02-21T06:27:14.339+0000] {dag.py:3823} INFO - Setting next_dagrun for example_sensors to None, run_after=None
[2025-02-21T06:27:14.414+0000] {processor.py:183} INFO - Processing /home/airflow/.local/lib/python3.8/site-packages/airflow/example_dags/example_sensors.py took 0.276 seconds
[2025-02-21T06:27:45.463+0000] {processor.py:161} INFO - Started process (PID=592) to work on /home/airflow/.local/lib/python3.8/site-packages/airflow/example_dags/example_sensors.py
[2025-02-21T06:27:45.466+0000] {processor.py:830} INFO - Processing file /home/airflow/.local/lib/python3.8/site-packages/airflow/example_dags/example_sensors.py for tasks to queue
[2025-02-21T06:27:45.472+0000] {logging_mixin.py:188} INFO - [2025-02-21T06:27:45.471+0000] {dagbag.py:538} INFO - Filling up the DagBag from /home/airflow/.local/lib/python3.8/site-packages/airflow/example_dags/example_sensors.py
[2025-02-21T06:27:45.499+0000] {processor.py:840} INFO - DAG(s) 'example_sensors' retrieved from /home/airflow/.local/lib/python3.8/site-packages/airflow/example_dags/example_sensors.py
[2025-02-21T06:27:45.572+0000] {logging_mixin.py:188} INFO - [2025-02-21T06:27:45.572+0000] {dag.py:3036} INFO - Sync 1 DAGs
[2025-02-21T06:27:45.608+0000] {logging_mixin.py:188} INFO - [2025-02-21T06:27:45.608+0000] {dag.py:3823} INFO - Setting next_dagrun for example_sensors to None, run_after=None
[2025-02-21T06:27:45.661+0000] {processor.py:183} INFO - Processing /home/airflow/.local/lib/python3.8/site-packages/airflow/example_dags/example_sensors.py took 0.207 seconds
[2025-02-21T06:28:16.046+0000] {processor.py:161} INFO - Started process (PID=647) to work on /home/airflow/.local/lib/python3.8/site-packages/airflow/example_dags/example_sensors.py
[2025-02-21T06:28:16.049+0000] {processor.py:830} INFO - Processing file /home/airflow/.local/lib/python3.8/site-packages/airflow/example_dags/example_sensors.py for tasks to queue
[2025-02-21T06:28:16.054+0000] {logging_mixin.py:188} INFO - [2025-02-21T06:28:16.053+0000] {dagbag.py:538} INFO - Filling up the DagBag from /home/airflow/.local/lib/python3.8/site-packages/airflow/example_dags/example_sensors.py
[2025-02-21T06:28:16.075+0000] {processor.py:840} INFO - DAG(s) 'example_sensors' retrieved from /home/airflow/.local/lib/python3.8/site-packages/airflow/example_dags/example_sensors.py
[2025-02-21T06:28:16.147+0000] {logging_mixin.py:188} INFO - [2025-02-21T06:28:16.146+0000] {dag.py:3036} INFO - Sync 1 DAGs
[2025-02-21T06:28:16.179+0000] {logging_mixin.py:188} INFO - [2025-02-21T06:28:16.178+0000] {dag.py:3823} INFO - Setting next_dagrun for example_sensors to None, run_after=None
[2025-02-21T06:28:16.222+0000] {processor.py:183} INFO - Processing /home/airflow/.local/lib/python3.8/site-packages/airflow/example_dags/example_sensors.py took 0.185 seconds
[2025-02-21T06:28:46.619+0000] {processor.py:161} INFO - Started process (PID=701) to work on /home/airflow/.local/lib/python3.8/site-packages/airflow/example_dags/example_sensors.py
[2025-02-21T06:28:46.623+0000] {processor.py:830} INFO - Processing file /home/airflow/.local/lib/python3.8/site-packages/airflow/example_dags/example_sensors.py for tasks to queue
[2025-02-21T06:28:46.627+0000] {logging_mixin.py:188} INFO - [2025-02-21T06:28:46.627+0000] {dagbag.py:538} INFO - Filling up the DagBag from /home/airflow/.local/lib/python3.8/site-packages/airflow/example_dags/example_sensors.py
[2025-02-21T06:28:46.656+0000] {processor.py:840} INFO - DAG(s) 'example_sensors' retrieved from /home/airflow/.local/lib/python3.8/site-packages/airflow/example_dags/example_sensors.py
[2025-02-21T06:28:46.752+0000] {logging_mixin.py:188} INFO - [2025-02-21T06:28:46.751+0000] {dag.py:3036} INFO - Sync 1 DAGs
[2025-02-21T06:28:46.806+0000] {logging_mixin.py:188} INFO - [2025-02-21T06:28:46.805+0000] {dag.py:3823} INFO - Setting next_dagrun for example_sensors to None, run_after=None
[2025-02-21T06:28:46.862+0000] {processor.py:183} INFO - Processing /home/airflow/.local/lib/python3.8/site-packages/airflow/example_dags/example_sensors.py took 0.251 seconds
[2025-02-21T06:29:17.442+0000] {processor.py:161} INFO - Started process (PID=756) to work on /home/airflow/.local/lib/python3.8/site-packages/airflow/example_dags/example_sensors.py
[2025-02-21T06:29:17.452+0000] {processor.py:830} INFO - Processing file /home/airflow/.local/lib/python3.8/site-packages/airflow/example_dags/example_sensors.py for tasks to queue
[2025-02-21T06:29:17.459+0000] {logging_mixin.py:188} INFO - [2025-02-21T06:29:17.459+0000] {dagbag.py:538} INFO - Filling up the DagBag from /home/airflow/.local/lib/python3.8/site-packages/airflow/example_dags/example_sensors.py
[2025-02-21T06:29:17.503+0000] {processor.py:840} INFO - DAG(s) 'example_sensors' retrieved from /home/airflow/.local/lib/python3.8/site-packages/airflow/example_dags/example_sensors.py
[2025-02-21T06:29:17.677+0000] {logging_mixin.py:188} INFO - [2025-02-21T06:29:17.676+0000] {dag.py:3036} INFO - Sync 1 DAGs
[2025-02-21T06:29:17.745+0000] {logging_mixin.py:188} INFO - [2025-02-21T06:29:17.744+0000] {dag.py:3823} INFO - Setting next_dagrun for example_sensors to None, run_after=None
[2025-02-21T06:29:17.819+0000] {processor.py:183} INFO - Processing /home/airflow/.local/lib/python3.8/site-packages/airflow/example_dags/example_sensors.py took 0.395 seconds
[2025-02-21T06:29:48.212+0000] {processor.py:161} INFO - Started process (PID=811) to work on /home/airflow/.local/lib/python3.8/site-packages/airflow/example_dags/example_sensors.py
[2025-02-21T06:29:48.216+0000] {processor.py:830} INFO - Processing file /home/airflow/.local/lib/python3.8/site-packages/airflow/example_dags/example_sensors.py for tasks to queue
[2025-02-21T06:29:48.223+0000] {logging_mixin.py:188} INFO - [2025-02-21T06:29:48.222+0000] {dagbag.py:538} INFO - Filling up the DagBag from /home/airflow/.local/lib/python3.8/site-packages/airflow/example_dags/example_sensors.py
[2025-02-21T06:29:48.260+0000] {processor.py:840} INFO - DAG(s) 'example_sensors' retrieved from /home/airflow/.local/lib/python3.8/site-packages/airflow/example_dags/example_sensors.py
[2025-02-21T06:29:48.361+0000] {logging_mixin.py:188} INFO - [2025-02-21T06:29:48.361+0000] {dag.py:3036} INFO - Sync 1 DAGs
[2025-02-21T06:29:48.409+0000] {logging_mixin.py:188} INFO - [2025-02-21T06:29:48.408+0000] {dag.py:3823} INFO - Setting next_dagrun for example_sensors to None, run_after=None
[2025-02-21T06:29:48.469+0000] {processor.py:183} INFO - Processing /home/airflow/.local/lib/python3.8/site-packages/airflow/example_dags/example_sensors.py took 0.268 seconds
[2025-02-21T06:30:18.984+0000] {processor.py:161} INFO - Started process (PID=866) to work on /home/airflow/.local/lib/python3.8/site-packages/airflow/example_dags/example_sensors.py
[2025-02-21T06:30:18.987+0000] {processor.py:830} INFO - Processing file /home/airflow/.local/lib/python3.8/site-packages/airflow/example_dags/example_sensors.py for tasks to queue
[2025-02-21T06:30:18.994+0000] {logging_mixin.py:188} INFO - [2025-02-21T06:30:18.993+0000] {dagbag.py:538} INFO - Filling up the DagBag from /home/airflow/.local/lib/python3.8/site-packages/airflow/example_dags/example_sensors.py
[2025-02-21T06:30:19.024+0000] {processor.py:840} INFO - DAG(s) 'example_sensors' retrieved from /home/airflow/.local/lib/python3.8/site-packages/airflow/example_dags/example_sensors.py
[2025-02-21T06:30:19.095+0000] {logging_mixin.py:188} INFO - [2025-02-21T06:30:19.094+0000] {dag.py:3036} INFO - Sync 1 DAGs
[2025-02-21T06:30:19.118+0000] {logging_mixin.py:188} INFO - [2025-02-21T06:30:19.118+0000] {dag.py:3823} INFO - Setting next_dagrun for example_sensors to None, run_after=None
[2025-02-21T06:30:19.154+0000] {processor.py:183} INFO - Processing /home/airflow/.local/lib/python3.8/site-packages/airflow/example_dags/example_sensors.py took 0.181 seconds
[2025-02-21T06:30:49.872+0000] {processor.py:161} INFO - Started process (PID=922) to work on /home/airflow/.local/lib/python3.8/site-packages/airflow/example_dags/example_sensors.py
[2025-02-21T06:30:49.883+0000] {processor.py:830} INFO - Processing file /home/airflow/.local/lib/python3.8/site-packages/airflow/example_dags/example_sensors.py for tasks to queue
[2025-02-21T06:30:49.889+0000] {logging_mixin.py:188} INFO - [2025-02-21T06:30:49.889+0000] {dagbag.py:538} INFO - Filling up the DagBag from /home/airflow/.local/lib/python3.8/site-packages/airflow/example_dags/example_sensors.py
[2025-02-21T06:30:49.923+0000] {processor.py:840} INFO - DAG(s) 'example_sensors' retrieved from /home/airflow/.local/lib/python3.8/site-packages/airflow/example_dags/example_sensors.py
[2025-02-21T06:30:50.011+0000] {logging_mixin.py:188} INFO - [2025-02-21T06:30:50.009+0000] {dag.py:3036} INFO - Sync 1 DAGs
[2025-02-21T06:30:50.045+0000] {logging_mixin.py:188} INFO - [2025-02-21T06:30:50.043+0000] {dag.py:3823} INFO - Setting next_dagrun for example_sensors to None, run_after=None
[2025-02-21T06:30:50.104+0000] {processor.py:183} INFO - Processing /home/airflow/.local/lib/python3.8/site-packages/airflow/example_dags/example_sensors.py took 0.241 seconds
[2025-02-21T06:31:20.851+0000] {processor.py:161} INFO - Started process (PID=977) to work on /home/airflow/.local/lib/python3.8/site-packages/airflow/example_dags/example_sensors.py
[2025-02-21T06:31:20.855+0000] {processor.py:830} INFO - Processing file /home/airflow/.local/lib/python3.8/site-packages/airflow/example_dags/example_sensors.py for tasks to queue
[2025-02-21T06:31:20.861+0000] {logging_mixin.py:188} INFO - [2025-02-21T06:31:20.861+0000] {dagbag.py:538} INFO - Filling up the DagBag from /home/airflow/.local/lib/python3.8/site-packages/airflow/example_dags/example_sensors.py
[2025-02-21T06:31:20.884+0000] {processor.py:840} INFO - DAG(s) 'example_sensors' retrieved from /home/airflow/.local/lib/python3.8/site-packages/airflow/example_dags/example_sensors.py
[2025-02-21T06:31:20.990+0000] {logging_mixin.py:188} INFO - [2025-02-21T06:31:20.989+0000] {dag.py:3036} INFO - Sync 1 DAGs
[2025-02-21T06:31:21.037+0000] {logging_mixin.py:188} INFO - [2025-02-21T06:31:21.036+0000] {dag.py:3823} INFO - Setting next_dagrun for example_sensors to None, run_after=None
[2025-02-21T06:31:21.113+0000] {processor.py:183} INFO - Processing /home/airflow/.local/lib/python3.8/site-packages/airflow/example_dags/example_sensors.py took 0.271 seconds
[2025-02-21T06:31:51.749+0000] {processor.py:161} INFO - Started process (PID=1032) to work on /home/airflow/.local/lib/python3.8/site-packages/airflow/example_dags/example_sensors.py
[2025-02-21T06:31:51.753+0000] {processor.py:830} INFO - Processing file /home/airflow/.local/lib/python3.8/site-packages/airflow/example_dags/example_sensors.py for tasks to queue
[2025-02-21T06:31:51.759+0000] {logging_mixin.py:188} INFO - [2025-02-21T06:31:51.758+0000] {dagbag.py:538} INFO - Filling up the DagBag from /home/airflow/.local/lib/python3.8/site-packages/airflow/example_dags/example_sensors.py
[2025-02-21T06:31:51.788+0000] {processor.py:840} INFO - DAG(s) 'example_sensors' retrieved from /home/airflow/.local/lib/python3.8/site-packages/airflow/example_dags/example_sensors.py
[2025-02-21T06:31:51.872+0000] {logging_mixin.py:188} INFO - [2025-02-21T06:31:51.871+0000] {dag.py:3036} INFO - Sync 1 DAGs
[2025-02-21T06:31:51.906+0000] {logging_mixin.py:188} INFO - [2025-02-21T06:31:51.906+0000] {dag.py:3823} INFO - Setting next_dagrun for example_sensors to None, run_after=None
[2025-02-21T06:31:51.976+0000] {processor.py:183} INFO - Processing /home/airflow/.local/lib/python3.8/site-packages/airflow/example_dags/example_sensors.py took 0.242 seconds
[2025-02-21T06:32:22.429+0000] {processor.py:161} INFO - Started process (PID=1087) to work on /home/airflow/.local/lib/python3.8/site-packages/airflow/example_dags/example_sensors.py
[2025-02-21T06:32:22.433+0000] {processor.py:830} INFO - Processing file /home/airflow/.local/lib/python3.8/site-packages/airflow/example_dags/example_sensors.py for tasks to queue
[2025-02-21T06:32:22.444+0000] {logging_mixin.py:188} INFO - [2025-02-21T06:32:22.443+0000] {dagbag.py:538} INFO - Filling up the DagBag from /home/airflow/.local/lib/python3.8/site-packages/airflow/example_dags/example_sensors.py
[2025-02-21T06:32:22.482+0000] {processor.py:840} INFO - DAG(s) 'example_sensors' retrieved from /home/airflow/.local/lib/python3.8/site-packages/airflow/example_dags/example_sensors.py
[2025-02-21T06:32:22.620+0000] {logging_mixin.py:188} INFO - [2025-02-21T06:32:22.619+0000] {dag.py:3036} INFO - Sync 1 DAGs
[2025-02-21T06:32:22.651+0000] {logging_mixin.py:188} INFO - [2025-02-21T06:32:22.650+0000] {dag.py:3823} INFO - Setting next_dagrun for example_sensors to None, run_after=None
[2025-02-21T06:32:22.767+0000] {processor.py:183} INFO - Processing /home/airflow/.local/lib/python3.8/site-packages/airflow/example_dags/example_sensors.py took 0.348 seconds
[2025-02-21T06:32:53.137+0000] {processor.py:161} INFO - Started process (PID=1142) to work on /home/airflow/.local/lib/python3.8/site-packages/airflow/example_dags/example_sensors.py
[2025-02-21T06:32:53.152+0000] {processor.py:830} INFO - Processing file /home/airflow/.local/lib/python3.8/site-packages/airflow/example_dags/example_sensors.py for tasks to queue
[2025-02-21T06:32:53.173+0000] {logging_mixin.py:188} INFO - [2025-02-21T06:32:53.172+0000] {dagbag.py:538} INFO - Filling up the DagBag from /home/airflow/.local/lib/python3.8/site-packages/airflow/example_dags/example_sensors.py
[2025-02-21T06:32:53.204+0000] {processor.py:840} INFO - DAG(s) 'example_sensors' retrieved from /home/airflow/.local/lib/python3.8/site-packages/airflow/example_dags/example_sensors.py
[2025-02-21T06:32:53.304+0000] {logging_mixin.py:188} INFO - [2025-02-21T06:32:53.303+0000] {dag.py:3036} INFO - Sync 1 DAGs
[2025-02-21T06:32:53.344+0000] {logging_mixin.py:188} INFO - [2025-02-21T06:32:53.344+0000] {dag.py:3823} INFO - Setting next_dagrun for example_sensors to None, run_after=None
[2025-02-21T06:32:53.414+0000] {processor.py:183} INFO - Processing /home/airflow/.local/lib/python3.8/site-packages/airflow/example_dags/example_sensors.py took 0.304 seconds
[2025-02-21T06:33:23.744+0000] {processor.py:161} INFO - Started process (PID=1197) to work on /home/airflow/.local/lib/python3.8/site-packages/airflow/example_dags/example_sensors.py
[2025-02-21T06:33:23.751+0000] {processor.py:830} INFO - Processing file /home/airflow/.local/lib/python3.8/site-packages/airflow/example_dags/example_sensors.py for tasks to queue
[2025-02-21T06:33:23.759+0000] {logging_mixin.py:188} INFO - [2025-02-21T06:33:23.757+0000] {dagbag.py:538} INFO - Filling up the DagBag from /home/airflow/.local/lib/python3.8/site-packages/airflow/example_dags/example_sensors.py
[2025-02-21T06:33:23.777+0000] {processor.py:840} INFO - DAG(s) 'example_sensors' retrieved from /home/airflow/.local/lib/python3.8/site-packages/airflow/example_dags/example_sensors.py
[2025-02-21T06:33:23.870+0000] {logging_mixin.py:188} INFO - [2025-02-21T06:33:23.869+0000] {dag.py:3036} INFO - Sync 1 DAGs
[2025-02-21T06:33:23.903+0000] {logging_mixin.py:188} INFO - [2025-02-21T06:33:23.902+0000] {dag.py:3823} INFO - Setting next_dagrun for example_sensors to None, run_after=None
[2025-02-21T06:33:23.951+0000] {processor.py:183} INFO - Processing /home/airflow/.local/lib/python3.8/site-packages/airflow/example_dags/example_sensors.py took 0.219 seconds
[2025-02-21T06:33:54.453+0000] {processor.py:161} INFO - Started process (PID=1250) to work on /home/airflow/.local/lib/python3.8/site-packages/airflow/example_dags/example_sensors.py
[2025-02-21T06:33:54.456+0000] {processor.py:830} INFO - Processing file /home/airflow/.local/lib/python3.8/site-packages/airflow/example_dags/example_sensors.py for tasks to queue
[2025-02-21T06:33:54.460+0000] {logging_mixin.py:188} INFO - [2025-02-21T06:33:54.459+0000] {dagbag.py:538} INFO - Filling up the DagBag from /home/airflow/.local/lib/python3.8/site-packages/airflow/example_dags/example_sensors.py
[2025-02-21T06:33:54.494+0000] {processor.py:840} INFO - DAG(s) 'example_sensors' retrieved from /home/airflow/.local/lib/python3.8/site-packages/airflow/example_dags/example_sensors.py
[2025-02-21T06:33:54.589+0000] {logging_mixin.py:188} INFO - [2025-02-21T06:33:54.588+0000] {dag.py:3036} INFO - Sync 1 DAGs
[2025-02-21T06:33:54.643+0000] {logging_mixin.py:188} INFO - [2025-02-21T06:33:54.642+0000] {dag.py:3823} INFO - Setting next_dagrun for example_sensors to None, run_after=None
[2025-02-21T06:33:54.712+0000] {processor.py:183} INFO - Processing /home/airflow/.local/lib/python3.8/site-packages/airflow/example_dags/example_sensors.py took 0.267 seconds
[2025-02-21T06:34:25.213+0000] {processor.py:161} INFO - Started process (PID=1305) to work on /home/airflow/.local/lib/python3.8/site-packages/airflow/example_dags/example_sensors.py
[2025-02-21T06:34:25.216+0000] {processor.py:830} INFO - Processing file /home/airflow/.local/lib/python3.8/site-packages/airflow/example_dags/example_sensors.py for tasks to queue
[2025-02-21T06:34:25.221+0000] {logging_mixin.py:188} INFO - [2025-02-21T06:34:25.220+0000] {dagbag.py:538} INFO - Filling up the DagBag from /home/airflow/.local/lib/python3.8/site-packages/airflow/example_dags/example_sensors.py
[2025-02-21T06:34:25.246+0000] {processor.py:840} INFO - DAG(s) 'example_sensors' retrieved from /home/airflow/.local/lib/python3.8/site-packages/airflow/example_dags/example_sensors.py
[2025-02-21T06:34:25.344+0000] {logging_mixin.py:188} INFO - [2025-02-21T06:34:25.343+0000] {dag.py:3036} INFO - Sync 1 DAGs
[2025-02-21T06:34:25.406+0000] {logging_mixin.py:188} INFO - [2025-02-21T06:34:25.405+0000] {dag.py:3823} INFO - Setting next_dagrun for example_sensors to None, run_after=None
[2025-02-21T06:34:25.555+0000] {processor.py:183} INFO - Processing /home/airflow/.local/lib/python3.8/site-packages/airflow/example_dags/example_sensors.py took 0.357 seconds
[2025-02-21T06:34:55.797+0000] {processor.py:161} INFO - Started process (PID=1360) to work on /home/airflow/.local/lib/python3.8/site-packages/airflow/example_dags/example_sensors.py
[2025-02-21T06:34:55.801+0000] {processor.py:830} INFO - Processing file /home/airflow/.local/lib/python3.8/site-packages/airflow/example_dags/example_sensors.py for tasks to queue
[2025-02-21T06:34:55.808+0000] {logging_mixin.py:188} INFO - [2025-02-21T06:34:55.808+0000] {dagbag.py:538} INFO - Filling up the DagBag from /home/airflow/.local/lib/python3.8/site-packages/airflow/example_dags/example_sensors.py
[2025-02-21T06:34:55.848+0000] {processor.py:840} INFO - DAG(s) 'example_sensors' retrieved from /home/airflow/.local/lib/python3.8/site-packages/airflow/example_dags/example_sensors.py
[2025-02-21T06:34:55.931+0000] {logging_mixin.py:188} INFO - [2025-02-21T06:34:55.930+0000] {dag.py:3036} INFO - Sync 1 DAGs
[2025-02-21T06:34:55.970+0000] {logging_mixin.py:188} INFO - [2025-02-21T06:34:55.970+0000] {dag.py:3823} INFO - Setting next_dagrun for example_sensors to None, run_after=None
[2025-02-21T06:34:56.028+0000] {processor.py:183} INFO - Processing /home/airflow/.local/lib/python3.8/site-packages/airflow/example_dags/example_sensors.py took 0.250 seconds
[2025-02-21T06:35:26.154+0000] {processor.py:161} INFO - Started process (PID=1416) to work on /home/airflow/.local/lib/python3.8/site-packages/airflow/example_dags/example_sensors.py
[2025-02-21T06:35:26.157+0000] {processor.py:830} INFO - Processing file /home/airflow/.local/lib/python3.8/site-packages/airflow/example_dags/example_sensors.py for tasks to queue
[2025-02-21T06:35:26.164+0000] {logging_mixin.py:188} INFO - [2025-02-21T06:35:26.163+0000] {dagbag.py:538} INFO - Filling up the DagBag from /home/airflow/.local/lib/python3.8/site-packages/airflow/example_dags/example_sensors.py
[2025-02-21T06:35:26.196+0000] {processor.py:840} INFO - DAG(s) 'example_sensors' retrieved from /home/airflow/.local/lib/python3.8/site-packages/airflow/example_dags/example_sensors.py
[2025-02-21T06:35:26.269+0000] {logging_mixin.py:188} INFO - [2025-02-21T06:35:26.268+0000] {dag.py:3036} INFO - Sync 1 DAGs
[2025-02-21T06:35:26.305+0000] {logging_mixin.py:188} INFO - [2025-02-21T06:35:26.304+0000] {dag.py:3823} INFO - Setting next_dagrun for example_sensors to None, run_after=None
[2025-02-21T06:35:26.368+0000] {processor.py:183} INFO - Processing /home/airflow/.local/lib/python3.8/site-packages/airflow/example_dags/example_sensors.py took 0.222 seconds
[2025-02-21T06:35:56.882+0000] {processor.py:161} INFO - Started process (PID=1471) to work on /home/airflow/.local/lib/python3.8/site-packages/airflow/example_dags/example_sensors.py
[2025-02-21T06:35:56.887+0000] {processor.py:830} INFO - Processing file /home/airflow/.local/lib/python3.8/site-packages/airflow/example_dags/example_sensors.py for tasks to queue
[2025-02-21T06:35:56.897+0000] {logging_mixin.py:188} INFO - [2025-02-21T06:35:56.896+0000] {dagbag.py:538} INFO - Filling up the DagBag from /home/airflow/.local/lib/python3.8/site-packages/airflow/example_dags/example_sensors.py
[2025-02-21T06:35:56.939+0000] {processor.py:840} INFO - DAG(s) 'example_sensors' retrieved from /home/airflow/.local/lib/python3.8/site-packages/airflow/example_dags/example_sensors.py
[2025-02-21T06:35:57.038+0000] {logging_mixin.py:188} INFO - [2025-02-21T06:35:57.037+0000] {dag.py:3036} INFO - Sync 1 DAGs
[2025-02-21T06:35:57.075+0000] {logging_mixin.py:188} INFO - [2025-02-21T06:35:57.074+0000] {dag.py:3823} INFO - Setting next_dagrun for example_sensors to None, run_after=None
[2025-02-21T06:35:57.142+0000] {processor.py:183} INFO - Processing /home/airflow/.local/lib/python3.8/site-packages/airflow/example_dags/example_sensors.py took 0.271 seconds
[2025-02-21T06:36:27.880+0000] {processor.py:161} INFO - Started process (PID=1526) to work on /home/airflow/.local/lib/python3.8/site-packages/airflow/example_dags/example_sensors.py
[2025-02-21T06:36:27.883+0000] {processor.py:830} INFO - Processing file /home/airflow/.local/lib/python3.8/site-packages/airflow/example_dags/example_sensors.py for tasks to queue
[2025-02-21T06:36:27.889+0000] {logging_mixin.py:188} INFO - [2025-02-21T06:36:27.888+0000] {dagbag.py:538} INFO - Filling up the DagBag from /home/airflow/.local/lib/python3.8/site-packages/airflow/example_dags/example_sensors.py
[2025-02-21T06:36:27.912+0000] {processor.py:840} INFO - DAG(s) 'example_sensors' retrieved from /home/airflow/.local/lib/python3.8/site-packages/airflow/example_dags/example_sensors.py
[2025-02-21T06:36:27.979+0000] {logging_mixin.py:188} INFO - [2025-02-21T06:36:27.978+0000] {dag.py:3036} INFO - Sync 1 DAGs
[2025-02-21T06:36:28.035+0000] {logging_mixin.py:188} INFO - [2025-02-21T06:36:28.035+0000] {dag.py:3823} INFO - Setting next_dagrun for example_sensors to None, run_after=None
[2025-02-21T06:36:28.092+0000] {processor.py:183} INFO - Processing /home/airflow/.local/lib/python3.8/site-packages/airflow/example_dags/example_sensors.py took 0.228 seconds
[2025-02-21T06:36:58.882+0000] {processor.py:161} INFO - Started process (PID=1582) to work on /home/airflow/.local/lib/python3.8/site-packages/airflow/example_dags/example_sensors.py
[2025-02-21T06:36:58.886+0000] {processor.py:830} INFO - Processing file /home/airflow/.local/lib/python3.8/site-packages/airflow/example_dags/example_sensors.py for tasks to queue
[2025-02-21T06:36:58.892+0000] {logging_mixin.py:188} INFO - [2025-02-21T06:36:58.892+0000] {dagbag.py:538} INFO - Filling up the DagBag from /home/airflow/.local/lib/python3.8/site-packages/airflow/example_dags/example_sensors.py
[2025-02-21T06:36:58.933+0000] {processor.py:840} INFO - DAG(s) 'example_sensors' retrieved from /home/airflow/.local/lib/python3.8/site-packages/airflow/example_dags/example_sensors.py
[2025-02-21T06:36:59.029+0000] {logging_mixin.py:188} INFO - [2025-02-21T06:36:59.028+0000] {dag.py:3036} INFO - Sync 1 DAGs
[2025-02-21T06:36:59.066+0000] {logging_mixin.py:188} INFO - [2025-02-21T06:36:59.065+0000] {dag.py:3823} INFO - Setting next_dagrun for example_sensors to None, run_after=None
[2025-02-21T06:36:59.132+0000] {processor.py:183} INFO - Processing /home/airflow/.local/lib/python3.8/site-packages/airflow/example_dags/example_sensors.py took 0.259 seconds
[2025-02-21T06:37:29.488+0000] {processor.py:161} INFO - Started process (PID=1637) to work on /home/airflow/.local/lib/python3.8/site-packages/airflow/example_dags/example_sensors.py
[2025-02-21T06:37:29.491+0000] {processor.py:830} INFO - Processing file /home/airflow/.local/lib/python3.8/site-packages/airflow/example_dags/example_sensors.py for tasks to queue
[2025-02-21T06:37:29.496+0000] {logging_mixin.py:188} INFO - [2025-02-21T06:37:29.495+0000] {dagbag.py:538} INFO - Filling up the DagBag from /home/airflow/.local/lib/python3.8/site-packages/airflow/example_dags/example_sensors.py
[2025-02-21T06:37:29.517+0000] {processor.py:840} INFO - DAG(s) 'example_sensors' retrieved from /home/airflow/.local/lib/python3.8/site-packages/airflow/example_dags/example_sensors.py
[2025-02-21T06:37:29.597+0000] {logging_mixin.py:188} INFO - [2025-02-21T06:37:29.597+0000] {dag.py:3036} INFO - Sync 1 DAGs
[2025-02-21T06:37:29.624+0000] {logging_mixin.py:188} INFO - [2025-02-21T06:37:29.624+0000] {dag.py:3823} INFO - Setting next_dagrun for example_sensors to None, run_after=None
[2025-02-21T06:37:29.690+0000] {processor.py:183} INFO - Processing /home/airflow/.local/lib/python3.8/site-packages/airflow/example_dags/example_sensors.py took 0.212 seconds
[2025-02-21T06:38:00.016+0000] {processor.py:161} INFO - Started process (PID=1692) to work on /home/airflow/.local/lib/python3.8/site-packages/airflow/example_dags/example_sensors.py
[2025-02-21T06:38:00.031+0000] {processor.py:830} INFO - Processing file /home/airflow/.local/lib/python3.8/site-packages/airflow/example_dags/example_sensors.py for tasks to queue
[2025-02-21T06:38:00.036+0000] {logging_mixin.py:188} INFO - [2025-02-21T06:38:00.035+0000] {dagbag.py:538} INFO - Filling up the DagBag from /home/airflow/.local/lib/python3.8/site-packages/airflow/example_dags/example_sensors.py
[2025-02-21T06:38:00.074+0000] {processor.py:840} INFO - DAG(s) 'example_sensors' retrieved from /home/airflow/.local/lib/python3.8/site-packages/airflow/example_dags/example_sensors.py
[2025-02-21T06:38:00.152+0000] {logging_mixin.py:188} INFO - [2025-02-21T06:38:00.151+0000] {dag.py:3036} INFO - Sync 1 DAGs
[2025-02-21T06:38:00.191+0000] {logging_mixin.py:188} INFO - [2025-02-21T06:38:00.190+0000] {dag.py:3823} INFO - Setting next_dagrun for example_sensors to None, run_after=None
[2025-02-21T06:38:00.240+0000] {processor.py:183} INFO - Processing /home/airflow/.local/lib/python3.8/site-packages/airflow/example_dags/example_sensors.py took 0.230 seconds
[2025-02-21T06:38:30.698+0000] {processor.py:161} INFO - Started process (PID=1747) to work on /home/airflow/.local/lib/python3.8/site-packages/airflow/example_dags/example_sensors.py
[2025-02-21T06:38:30.702+0000] {processor.py:830} INFO - Processing file /home/airflow/.local/lib/python3.8/site-packages/airflow/example_dags/example_sensors.py for tasks to queue
[2025-02-21T06:38:30.709+0000] {logging_mixin.py:188} INFO - [2025-02-21T06:38:30.708+0000] {dagbag.py:538} INFO - Filling up the DagBag from /home/airflow/.local/lib/python3.8/site-packages/airflow/example_dags/example_sensors.py
[2025-02-21T06:38:30.732+0000] {processor.py:840} INFO - DAG(s) 'example_sensors' retrieved from /home/airflow/.local/lib/python3.8/site-packages/airflow/example_dags/example_sensors.py
[2025-02-21T06:38:30.820+0000] {logging_mixin.py:188} INFO - [2025-02-21T06:38:30.819+0000] {dag.py:3036} INFO - Sync 1 DAGs
[2025-02-21T06:38:30.854+0000] {logging_mixin.py:188} INFO - [2025-02-21T06:38:30.854+0000] {dag.py:3823} INFO - Setting next_dagrun for example_sensors to None, run_after=None
[2025-02-21T06:38:30.909+0000] {processor.py:183} INFO - Processing /home/airflow/.local/lib/python3.8/site-packages/airflow/example_dags/example_sensors.py took 0.219 seconds
[2025-02-21T06:39:01.405+0000] {processor.py:161} INFO - Started process (PID=1802) to work on /home/airflow/.local/lib/python3.8/site-packages/airflow/example_dags/example_sensors.py
[2025-02-21T06:39:01.408+0000] {processor.py:830} INFO - Processing file /home/airflow/.local/lib/python3.8/site-packages/airflow/example_dags/example_sensors.py for tasks to queue
[2025-02-21T06:39:01.415+0000] {logging_mixin.py:188} INFO - [2025-02-21T06:39:01.415+0000] {dagbag.py:538} INFO - Filling up the DagBag from /home/airflow/.local/lib/python3.8/site-packages/airflow/example_dags/example_sensors.py
[2025-02-21T06:39:01.443+0000] {processor.py:840} INFO - DAG(s) 'example_sensors' retrieved from /home/airflow/.local/lib/python3.8/site-packages/airflow/example_dags/example_sensors.py
[2025-02-21T06:39:01.544+0000] {logging_mixin.py:188} INFO - [2025-02-21T06:39:01.543+0000] {dag.py:3036} INFO - Sync 1 DAGs
[2025-02-21T06:39:01.593+0000] {logging_mixin.py:188} INFO - [2025-02-21T06:39:01.593+0000] {dag.py:3823} INFO - Setting next_dagrun for example_sensors to None, run_after=None
[2025-02-21T06:39:01.659+0000] {processor.py:183} INFO - Processing /home/airflow/.local/lib/python3.8/site-packages/airflow/example_dags/example_sensors.py took 0.262 seconds
[2025-02-21T06:39:31.977+0000] {processor.py:161} INFO - Started process (PID=1857) to work on /home/airflow/.local/lib/python3.8/site-packages/airflow/example_dags/example_sensors.py
[2025-02-21T06:39:31.979+0000] {processor.py:830} INFO - Processing file /home/airflow/.local/lib/python3.8/site-packages/airflow/example_dags/example_sensors.py for tasks to queue
[2025-02-21T06:39:31.985+0000] {logging_mixin.py:188} INFO - [2025-02-21T06:39:31.984+0000] {dagbag.py:538} INFO - Filling up the DagBag from /home/airflow/.local/lib/python3.8/site-packages/airflow/example_dags/example_sensors.py
[2025-02-21T06:39:32.008+0000] {processor.py:840} INFO - DAG(s) 'example_sensors' retrieved from /home/airflow/.local/lib/python3.8/site-packages/airflow/example_dags/example_sensors.py
[2025-02-21T06:39:32.082+0000] {logging_mixin.py:188} INFO - [2025-02-21T06:39:32.081+0000] {dag.py:3036} INFO - Sync 1 DAGs
[2025-02-21T06:39:32.119+0000] {logging_mixin.py:188} INFO - [2025-02-21T06:39:32.118+0000] {dag.py:3823} INFO - Setting next_dagrun for example_sensors to None, run_after=None
[2025-02-21T06:39:32.177+0000] {processor.py:183} INFO - Processing /home/airflow/.local/lib/python3.8/site-packages/airflow/example_dags/example_sensors.py took 0.209 seconds
[2025-02-21T06:40:02.842+0000] {processor.py:161} INFO - Started process (PID=1912) to work on /home/airflow/.local/lib/python3.8/site-packages/airflow/example_dags/example_sensors.py
[2025-02-21T06:40:02.845+0000] {processor.py:830} INFO - Processing file /home/airflow/.local/lib/python3.8/site-packages/airflow/example_dags/example_sensors.py for tasks to queue
[2025-02-21T06:40:02.857+0000] {logging_mixin.py:188} INFO - [2025-02-21T06:40:02.855+0000] {dagbag.py:538} INFO - Filling up the DagBag from /home/airflow/.local/lib/python3.8/site-packages/airflow/example_dags/example_sensors.py
[2025-02-21T06:40:02.910+0000] {processor.py:840} INFO - DAG(s) 'example_sensors' retrieved from /home/airflow/.local/lib/python3.8/site-packages/airflow/example_dags/example_sensors.py
[2025-02-21T06:40:03.036+0000] {logging_mixin.py:188} INFO - [2025-02-21T06:40:03.034+0000] {dag.py:3036} INFO - Sync 1 DAGs
[2025-02-21T06:40:03.087+0000] {logging_mixin.py:188} INFO - [2025-02-21T06:40:03.087+0000] {dag.py:3823} INFO - Setting next_dagrun for example_sensors to None, run_after=None
[2025-02-21T06:40:03.150+0000] {processor.py:183} INFO - Processing /home/airflow/.local/lib/python3.8/site-packages/airflow/example_dags/example_sensors.py took 0.317 seconds
[2025-02-21T06:40:33.551+0000] {processor.py:161} INFO - Started process (PID=1967) to work on /home/airflow/.local/lib/python3.8/site-packages/airflow/example_dags/example_sensors.py
[2025-02-21T06:40:33.556+0000] {processor.py:830} INFO - Processing file /home/airflow/.local/lib/python3.8/site-packages/airflow/example_dags/example_sensors.py for tasks to queue
[2025-02-21T06:40:33.562+0000] {logging_mixin.py:188} INFO - [2025-02-21T06:40:33.562+0000] {dagbag.py:538} INFO - Filling up the DagBag from /home/airflow/.local/lib/python3.8/site-packages/airflow/example_dags/example_sensors.py
[2025-02-21T06:40:33.586+0000] {processor.py:840} INFO - DAG(s) 'example_sensors' retrieved from /home/airflow/.local/lib/python3.8/site-packages/airflow/example_dags/example_sensors.py
[2025-02-21T06:40:33.681+0000] {logging_mixin.py:188} INFO - [2025-02-21T06:40:33.680+0000] {dag.py:3036} INFO - Sync 1 DAGs
[2025-02-21T06:40:33.732+0000] {logging_mixin.py:188} INFO - [2025-02-21T06:40:33.732+0000] {dag.py:3823} INFO - Setting next_dagrun for example_sensors to None, run_after=None
[2025-02-21T06:40:33.821+0000] {processor.py:183} INFO - Processing /home/airflow/.local/lib/python3.8/site-packages/airflow/example_dags/example_sensors.py took 0.281 seconds
[2025-02-21T06:41:04.318+0000] {processor.py:161} INFO - Started process (PID=2022) to work on /home/airflow/.local/lib/python3.8/site-packages/airflow/example_dags/example_sensors.py
[2025-02-21T06:41:04.322+0000] {processor.py:830} INFO - Processing file /home/airflow/.local/lib/python3.8/site-packages/airflow/example_dags/example_sensors.py for tasks to queue
[2025-02-21T06:41:04.331+0000] {logging_mixin.py:188} INFO - [2025-02-21T06:41:04.331+0000] {dagbag.py:538} INFO - Filling up the DagBag from /home/airflow/.local/lib/python3.8/site-packages/airflow/example_dags/example_sensors.py
[2025-02-21T06:41:04.368+0000] {processor.py:840} INFO - DAG(s) 'example_sensors' retrieved from /home/airflow/.local/lib/python3.8/site-packages/airflow/example_dags/example_sensors.py
[2025-02-21T06:41:04.456+0000] {logging_mixin.py:188} INFO - [2025-02-21T06:41:04.455+0000] {dag.py:3036} INFO - Sync 1 DAGs
[2025-02-21T06:41:04.491+0000] {logging_mixin.py:188} INFO - [2025-02-21T06:41:04.490+0000] {dag.py:3823} INFO - Setting next_dagrun for example_sensors to None, run_after=None
[2025-02-21T06:41:04.546+0000] {processor.py:183} INFO - Processing /home/airflow/.local/lib/python3.8/site-packages/airflow/example_dags/example_sensors.py took 0.240 seconds
[2025-02-21T06:41:34.682+0000] {processor.py:161} INFO - Started process (PID=2076) to work on /home/airflow/.local/lib/python3.8/site-packages/airflow/example_dags/example_sensors.py
[2025-02-21T06:41:34.684+0000] {processor.py:830} INFO - Processing file /home/airflow/.local/lib/python3.8/site-packages/airflow/example_dags/example_sensors.py for tasks to queue
[2025-02-21T06:41:34.690+0000] {logging_mixin.py:188} INFO - [2025-02-21T06:41:34.689+0000] {dagbag.py:538} INFO - Filling up the DagBag from /home/airflow/.local/lib/python3.8/site-packages/airflow/example_dags/example_sensors.py
[2025-02-21T06:41:34.721+0000] {processor.py:840} INFO - DAG(s) 'example_sensors' retrieved from /home/airflow/.local/lib/python3.8/site-packages/airflow/example_dags/example_sensors.py
[2025-02-21T06:41:34.801+0000] {logging_mixin.py:188} INFO - [2025-02-21T06:41:34.800+0000] {dag.py:3036} INFO - Sync 1 DAGs
[2025-02-21T06:41:34.825+0000] {logging_mixin.py:188} INFO - [2025-02-21T06:41:34.825+0000] {dag.py:3823} INFO - Setting next_dagrun for example_sensors to None, run_after=None
[2025-02-21T06:41:34.880+0000] {processor.py:183} INFO - Processing /home/airflow/.local/lib/python3.8/site-packages/airflow/example_dags/example_sensors.py took 0.207 seconds
[2025-02-21T06:42:06.108+0000] {processor.py:161} INFO - Started process (PID=2132) to work on /home/airflow/.local/lib/python3.8/site-packages/airflow/example_dags/example_sensors.py
[2025-02-21T06:42:06.112+0000] {processor.py:830} INFO - Processing file /home/airflow/.local/lib/python3.8/site-packages/airflow/example_dags/example_sensors.py for tasks to queue
[2025-02-21T06:42:06.121+0000] {logging_mixin.py:188} INFO - [2025-02-21T06:42:06.120+0000] {dagbag.py:538} INFO - Filling up the DagBag from /home/airflow/.local/lib/python3.8/site-packages/airflow/example_dags/example_sensors.py
[2025-02-21T06:42:06.142+0000] {processor.py:840} INFO - DAG(s) 'example_sensors' retrieved from /home/airflow/.local/lib/python3.8/site-packages/airflow/example_dags/example_sensors.py
[2025-02-21T06:42:06.262+0000] {logging_mixin.py:188} INFO - [2025-02-21T06:42:06.261+0000] {dag.py:3036} INFO - Sync 1 DAGs
[2025-02-21T06:42:06.313+0000] {logging_mixin.py:188} INFO - [2025-02-21T06:42:06.312+0000] {dag.py:3823} INFO - Setting next_dagrun for example_sensors to None, run_after=None
[2025-02-21T06:42:06.387+0000] {processor.py:183} INFO - Processing /home/airflow/.local/lib/python3.8/site-packages/airflow/example_dags/example_sensors.py took 0.315 seconds
[2025-02-21T06:42:37.207+0000] {processor.py:161} INFO - Started process (PID=2188) to work on /home/airflow/.local/lib/python3.8/site-packages/airflow/example_dags/example_sensors.py
[2025-02-21T06:42:37.211+0000] {processor.py:830} INFO - Processing file /home/airflow/.local/lib/python3.8/site-packages/airflow/example_dags/example_sensors.py for tasks to queue
[2025-02-21T06:42:37.218+0000] {logging_mixin.py:188} INFO - [2025-02-21T06:42:37.217+0000] {dagbag.py:538} INFO - Filling up the DagBag from /home/airflow/.local/lib/python3.8/site-packages/airflow/example_dags/example_sensors.py
[2025-02-21T06:42:37.252+0000] {processor.py:840} INFO - DAG(s) 'example_sensors' retrieved from /home/airflow/.local/lib/python3.8/site-packages/airflow/example_dags/example_sensors.py
[2025-02-21T06:42:37.361+0000] {logging_mixin.py:188} INFO - [2025-02-21T06:42:37.361+0000] {dag.py:3036} INFO - Sync 1 DAGs
[2025-02-21T06:42:37.415+0000] {logging_mixin.py:188} INFO - [2025-02-21T06:42:37.414+0000] {dag.py:3823} INFO - Setting next_dagrun for example_sensors to None, run_after=None
[2025-02-21T06:42:37.485+0000] {processor.py:183} INFO - Processing /home/airflow/.local/lib/python3.8/site-packages/airflow/example_dags/example_sensors.py took 0.290 seconds
[2025-02-21T06:43:07.916+0000] {processor.py:161} INFO - Started process (PID=2243) to work on /home/airflow/.local/lib/python3.8/site-packages/airflow/example_dags/example_sensors.py
[2025-02-21T06:43:07.919+0000] {processor.py:830} INFO - Processing file /home/airflow/.local/lib/python3.8/site-packages/airflow/example_dags/example_sensors.py for tasks to queue
[2025-02-21T06:43:07.927+0000] {logging_mixin.py:188} INFO - [2025-02-21T06:43:07.926+0000] {dagbag.py:538} INFO - Filling up the DagBag from /home/airflow/.local/lib/python3.8/site-packages/airflow/example_dags/example_sensors.py
[2025-02-21T06:43:07.954+0000] {processor.py:840} INFO - DAG(s) 'example_sensors' retrieved from /home/airflow/.local/lib/python3.8/site-packages/airflow/example_dags/example_sensors.py
[2025-02-21T06:43:08.026+0000] {logging_mixin.py:188} INFO - [2025-02-21T06:43:08.025+0000] {dag.py:3036} INFO - Sync 1 DAGs
[2025-02-21T06:43:08.053+0000] {logging_mixin.py:188} INFO - [2025-02-21T06:43:08.053+0000] {dag.py:3823} INFO - Setting next_dagrun for example_sensors to None, run_after=None
[2025-02-21T06:43:08.105+0000] {processor.py:183} INFO - Processing /home/airflow/.local/lib/python3.8/site-packages/airflow/example_dags/example_sensors.py took 0.198 seconds
[2025-02-21T06:43:38.389+0000] {processor.py:161} INFO - Started process (PID=2298) to work on /home/airflow/.local/lib/python3.8/site-packages/airflow/example_dags/example_sensors.py
[2025-02-21T06:43:38.391+0000] {processor.py:830} INFO - Processing file /home/airflow/.local/lib/python3.8/site-packages/airflow/example_dags/example_sensors.py for tasks to queue
[2025-02-21T06:43:38.396+0000] {logging_mixin.py:188} INFO - [2025-02-21T06:43:38.396+0000] {dagbag.py:538} INFO - Filling up the DagBag from /home/airflow/.local/lib/python3.8/site-packages/airflow/example_dags/example_sensors.py
[2025-02-21T06:43:38.421+0000] {processor.py:840} INFO - DAG(s) 'example_sensors' retrieved from /home/airflow/.local/lib/python3.8/site-packages/airflow/example_dags/example_sensors.py
[2025-02-21T06:43:38.539+0000] {logging_mixin.py:188} INFO - [2025-02-21T06:43:38.538+0000] {dag.py:3036} INFO - Sync 1 DAGs
[2025-02-21T06:43:38.589+0000] {logging_mixin.py:188} INFO - [2025-02-21T06:43:38.589+0000] {dag.py:3823} INFO - Setting next_dagrun for example_sensors to None, run_after=None
[2025-02-21T06:43:38.699+0000] {processor.py:183} INFO - Processing /home/airflow/.local/lib/python3.8/site-packages/airflow/example_dags/example_sensors.py took 0.320 seconds
[2025-02-21T06:44:09.066+0000] {processor.py:161} INFO - Started process (PID=2355) to work on /home/airflow/.local/lib/python3.8/site-packages/airflow/example_dags/example_sensors.py
[2025-02-21T06:44:09.070+0000] {processor.py:830} INFO - Processing file /home/airflow/.local/lib/python3.8/site-packages/airflow/example_dags/example_sensors.py for tasks to queue
[2025-02-21T06:44:09.078+0000] {logging_mixin.py:188} INFO - [2025-02-21T06:44:09.077+0000] {dagbag.py:538} INFO - Filling up the DagBag from /home/airflow/.local/lib/python3.8/site-packages/airflow/example_dags/example_sensors.py
[2025-02-21T06:44:09.112+0000] {processor.py:840} INFO - DAG(s) 'example_sensors' retrieved from /home/airflow/.local/lib/python3.8/site-packages/airflow/example_dags/example_sensors.py
[2025-02-21T06:44:09.212+0000] {logging_mixin.py:188} INFO - [2025-02-21T06:44:09.211+0000] {dag.py:3036} INFO - Sync 1 DAGs
[2025-02-21T06:44:09.255+0000] {logging_mixin.py:188} INFO - [2025-02-21T06:44:09.255+0000] {dag.py:3823} INFO - Setting next_dagrun for example_sensors to None, run_after=None
[2025-02-21T06:44:09.327+0000] {processor.py:183} INFO - Processing /home/airflow/.local/lib/python3.8/site-packages/airflow/example_dags/example_sensors.py took 0.269 seconds
[2025-02-21T06:44:39.708+0000] {processor.py:161} INFO - Started process (PID=2411) to work on /home/airflow/.local/lib/python3.8/site-packages/airflow/example_dags/example_sensors.py
[2025-02-21T06:44:39.713+0000] {processor.py:830} INFO - Processing file /home/airflow/.local/lib/python3.8/site-packages/airflow/example_dags/example_sensors.py for tasks to queue
[2025-02-21T06:44:39.723+0000] {logging_mixin.py:188} INFO - [2025-02-21T06:44:39.722+0000] {dagbag.py:538} INFO - Filling up the DagBag from /home/airflow/.local/lib/python3.8/site-packages/airflow/example_dags/example_sensors.py
[2025-02-21T06:44:39.741+0000] {processor.py:840} INFO - DAG(s) 'example_sensors' retrieved from /home/airflow/.local/lib/python3.8/site-packages/airflow/example_dags/example_sensors.py
[2025-02-21T06:44:39.847+0000] {logging_mixin.py:188} INFO - [2025-02-21T06:44:39.846+0000] {dag.py:3036} INFO - Sync 1 DAGs
[2025-02-21T06:44:39.892+0000] {logging_mixin.py:188} INFO - [2025-02-21T06:44:39.891+0000] {dag.py:3823} INFO - Setting next_dagrun for example_sensors to None, run_after=None
[2025-02-21T06:44:39.943+0000] {processor.py:183} INFO - Processing /home/airflow/.local/lib/python3.8/site-packages/airflow/example_dags/example_sensors.py took 0.249 seconds
[2025-02-21T06:45:10.347+0000] {processor.py:161} INFO - Started process (PID=2465) to work on /home/airflow/.local/lib/python3.8/site-packages/airflow/example_dags/example_sensors.py
[2025-02-21T06:45:10.355+0000] {processor.py:830} INFO - Processing file /home/airflow/.local/lib/python3.8/site-packages/airflow/example_dags/example_sensors.py for tasks to queue
[2025-02-21T06:45:10.367+0000] {logging_mixin.py:188} INFO - [2025-02-21T06:45:10.366+0000] {dagbag.py:538} INFO - Filling up the DagBag from /home/airflow/.local/lib/python3.8/site-packages/airflow/example_dags/example_sensors.py
[2025-02-21T06:45:10.387+0000] {processor.py:840} INFO - DAG(s) 'example_sensors' retrieved from /home/airflow/.local/lib/python3.8/site-packages/airflow/example_dags/example_sensors.py
[2025-02-21T06:45:10.463+0000] {logging_mixin.py:188} INFO - [2025-02-21T06:45:10.463+0000] {dag.py:3036} INFO - Sync 1 DAGs
[2025-02-21T06:45:10.491+0000] {logging_mixin.py:188} INFO - [2025-02-21T06:45:10.490+0000] {dag.py:3823} INFO - Setting next_dagrun for example_sensors to None, run_after=None
[2025-02-21T06:45:10.568+0000] {processor.py:183} INFO - Processing /home/airflow/.local/lib/python3.8/site-packages/airflow/example_dags/example_sensors.py took 0.230 seconds
[2025-02-21T06:45:41.048+0000] {processor.py:161} INFO - Started process (PID=2521) to work on /home/airflow/.local/lib/python3.8/site-packages/airflow/example_dags/example_sensors.py
[2025-02-21T06:45:41.052+0000] {processor.py:830} INFO - Processing file /home/airflow/.local/lib/python3.8/site-packages/airflow/example_dags/example_sensors.py for tasks to queue
[2025-02-21T06:45:41.057+0000] {logging_mixin.py:188} INFO - [2025-02-21T06:45:41.056+0000] {dagbag.py:538} INFO - Filling up the DagBag from /home/airflow/.local/lib/python3.8/site-packages/airflow/example_dags/example_sensors.py
[2025-02-21T06:45:41.084+0000] {processor.py:840} INFO - DAG(s) 'example_sensors' retrieved from /home/airflow/.local/lib/python3.8/site-packages/airflow/example_dags/example_sensors.py
[2025-02-21T06:45:41.172+0000] {logging_mixin.py:188} INFO - [2025-02-21T06:45:41.172+0000] {dag.py:3036} INFO - Sync 1 DAGs
[2025-02-21T06:45:41.211+0000] {logging_mixin.py:188} INFO - [2025-02-21T06:45:41.211+0000] {dag.py:3823} INFO - Setting next_dagrun for example_sensors to None, run_after=None
[2025-02-21T06:45:41.282+0000] {processor.py:183} INFO - Processing /home/airflow/.local/lib/python3.8/site-packages/airflow/example_dags/example_sensors.py took 0.243 seconds
[2025-02-21T06:46:13.066+0000] {processor.py:161} INFO - Started process (PID=2576) to work on /home/airflow/.local/lib/python3.8/site-packages/airflow/example_dags/example_sensors.py
[2025-02-21T06:46:13.070+0000] {processor.py:830} INFO - Processing file /home/airflow/.local/lib/python3.8/site-packages/airflow/example_dags/example_sensors.py for tasks to queue
[2025-02-21T06:46:13.076+0000] {logging_mixin.py:188} INFO - [2025-02-21T06:46:13.076+0000] {dagbag.py:538} INFO - Filling up the DagBag from /home/airflow/.local/lib/python3.8/site-packages/airflow/example_dags/example_sensors.py
[2025-02-21T06:46:13.112+0000] {processor.py:840} INFO - DAG(s) 'example_sensors' retrieved from /home/airflow/.local/lib/python3.8/site-packages/airflow/example_dags/example_sensors.py
[2025-02-21T06:46:13.189+0000] {logging_mixin.py:188} INFO - [2025-02-21T06:46:13.189+0000] {dag.py:3036} INFO - Sync 1 DAGs
[2025-02-21T06:46:13.219+0000] {logging_mixin.py:188} INFO - [2025-02-21T06:46:13.218+0000] {dag.py:3823} INFO - Setting next_dagrun for example_sensors to None, run_after=None
[2025-02-21T06:46:13.268+0000] {processor.py:183} INFO - Processing /home/airflow/.local/lib/python3.8/site-packages/airflow/example_dags/example_sensors.py took 0.209 seconds
[2025-02-21T06:46:43.928+0000] {processor.py:161} INFO - Started process (PID=2630) to work on /home/airflow/.local/lib/python3.8/site-packages/airflow/example_dags/example_sensors.py
[2025-02-21T06:46:43.934+0000] {processor.py:830} INFO - Processing file /home/airflow/.local/lib/python3.8/site-packages/airflow/example_dags/example_sensors.py for tasks to queue
[2025-02-21T06:46:43.939+0000] {logging_mixin.py:188} INFO - [2025-02-21T06:46:43.938+0000] {dagbag.py:538} INFO - Filling up the DagBag from /home/airflow/.local/lib/python3.8/site-packages/airflow/example_dags/example_sensors.py
[2025-02-21T06:46:43.971+0000] {processor.py:840} INFO - DAG(s) 'example_sensors' retrieved from /home/airflow/.local/lib/python3.8/site-packages/airflow/example_dags/example_sensors.py
[2025-02-21T06:46:44.068+0000] {logging_mixin.py:188} INFO - [2025-02-21T06:46:44.067+0000] {dag.py:3036} INFO - Sync 1 DAGs
[2025-02-21T06:46:44.460+0000] {logging_mixin.py:188} INFO - [2025-02-21T06:46:44.459+0000] {dag.py:3823} INFO - Setting next_dagrun for example_sensors to None, run_after=None
[2025-02-21T06:46:44.538+0000] {processor.py:183} INFO - Processing /home/airflow/.local/lib/python3.8/site-packages/airflow/example_dags/example_sensors.py took 0.618 seconds
[2025-02-21T06:47:15.006+0000] {processor.py:161} INFO - Started process (PID=2684) to work on /home/airflow/.local/lib/python3.8/site-packages/airflow/example_dags/example_sensors.py
[2025-02-21T06:47:15.011+0000] {processor.py:830} INFO - Processing file /home/airflow/.local/lib/python3.8/site-packages/airflow/example_dags/example_sensors.py for tasks to queue
[2025-02-21T06:47:15.021+0000] {logging_mixin.py:188} INFO - [2025-02-21T06:47:15.020+0000] {dagbag.py:538} INFO - Filling up the DagBag from /home/airflow/.local/lib/python3.8/site-packages/airflow/example_dags/example_sensors.py
[2025-02-21T06:47:15.045+0000] {processor.py:840} INFO - DAG(s) 'example_sensors' retrieved from /home/airflow/.local/lib/python3.8/site-packages/airflow/example_dags/example_sensors.py
[2025-02-21T06:47:15.132+0000] {logging_mixin.py:188} INFO - [2025-02-21T06:47:15.131+0000] {dag.py:3036} INFO - Sync 1 DAGs
[2025-02-21T06:47:15.171+0000] {logging_mixin.py:188} INFO - [2025-02-21T06:47:15.170+0000] {dag.py:3823} INFO - Setting next_dagrun for example_sensors to None, run_after=None
[2025-02-21T06:47:15.560+0000] {processor.py:183} INFO - Processing /home/airflow/.local/lib/python3.8/site-packages/airflow/example_dags/example_sensors.py took 0.564 seconds
