[2025-02-21T06:22:58.249+0000] {processor.py:161} INFO - Started process (PID=78) to work on /home/airflow/.local/lib/python3.8/site-packages/airflow/example_dags/example_complex.py
[2025-02-21T06:22:58.252+0000] {processor.py:830} INFO - Processing file /home/airflow/.local/lib/python3.8/site-packages/airflow/example_dags/example_complex.py for tasks to queue
[2025-02-21T06:22:58.257+0000] {logging_mixin.py:188} INFO - [2025-02-21T06:22:58.256+0000] {dagbag.py:538} INFO - Filling up the DagBag from /home/airflow/.local/lib/python3.8/site-packages/airflow/example_dags/example_complex.py
[2025-02-21T06:22:58.373+0000] {processor.py:840} INFO - DAG(s) 'example_complex' retrieved from /home/airflow/.local/lib/python3.8/site-packages/airflow/example_dags/example_complex.py
[2025-02-21T06:22:59.037+0000] {logging_mixin.py:188} INFO - [2025-02-21T06:22:59.037+0000] {dag.py:3036} INFO - Sync 1 DAGs
[2025-02-21T06:22:59.084+0000] {logging_mixin.py:188} INFO - [2025-02-21T06:22:59.084+0000] {dag.py:3823} INFO - Setting next_dagrun for example_complex to None, run_after=None
[2025-02-21T06:22:59.141+0000] {processor.py:183} INFO - Processing /home/airflow/.local/lib/python3.8/site-packages/airflow/example_dags/example_complex.py took 0.929 seconds
[2025-02-21T06:23:30.092+0000] {processor.py:161} INFO - Started process (PID=134) to work on /home/airflow/.local/lib/python3.8/site-packages/airflow/example_dags/example_complex.py
[2025-02-21T06:23:30.095+0000] {processor.py:830} INFO - Processing file /home/airflow/.local/lib/python3.8/site-packages/airflow/example_dags/example_complex.py for tasks to queue
[2025-02-21T06:23:30.099+0000] {logging_mixin.py:188} INFO - [2025-02-21T06:23:30.099+0000] {dagbag.py:538} INFO - Filling up the DagBag from /home/airflow/.local/lib/python3.8/site-packages/airflow/example_dags/example_complex.py
[2025-02-21T06:23:30.125+0000] {processor.py:840} INFO - DAG(s) 'example_complex' retrieved from /home/airflow/.local/lib/python3.8/site-packages/airflow/example_dags/example_complex.py
[2025-02-21T06:23:30.190+0000] {logging_mixin.py:188} INFO - [2025-02-21T06:23:30.189+0000] {dag.py:3036} INFO - Sync 1 DAGs
[2025-02-21T06:23:30.216+0000] {logging_mixin.py:188} INFO - [2025-02-21T06:23:30.215+0000] {dag.py:3823} INFO - Setting next_dagrun for example_complex to None, run_after=None
[2025-02-21T06:23:30.259+0000] {processor.py:183} INFO - Processing /home/airflow/.local/lib/python3.8/site-packages/airflow/example_dags/example_complex.py took 0.174 seconds
[2025-02-21T06:24:00.579+0000] {processor.py:161} INFO - Started process (PID=188) to work on /home/airflow/.local/lib/python3.8/site-packages/airflow/example_dags/example_complex.py
[2025-02-21T06:24:00.583+0000] {processor.py:830} INFO - Processing file /home/airflow/.local/lib/python3.8/site-packages/airflow/example_dags/example_complex.py for tasks to queue
[2025-02-21T06:24:00.590+0000] {logging_mixin.py:188} INFO - [2025-02-21T06:24:00.589+0000] {dagbag.py:538} INFO - Filling up the DagBag from /home/airflow/.local/lib/python3.8/site-packages/airflow/example_dags/example_complex.py
[2025-02-21T06:24:00.618+0000] {processor.py:840} INFO - DAG(s) 'example_complex' retrieved from /home/airflow/.local/lib/python3.8/site-packages/airflow/example_dags/example_complex.py
[2025-02-21T06:24:00.730+0000] {logging_mixin.py:188} INFO - [2025-02-21T06:24:00.729+0000] {dag.py:3036} INFO - Sync 1 DAGs
[2025-02-21T06:24:00.771+0000] {logging_mixin.py:188} INFO - [2025-02-21T06:24:00.770+0000] {dag.py:3823} INFO - Setting next_dagrun for example_complex to None, run_after=None
[2025-02-21T06:24:00.846+0000] {processor.py:183} INFO - Processing /home/airflow/.local/lib/python3.8/site-packages/airflow/example_dags/example_complex.py took 0.278 seconds
[2025-02-21T06:24:31.102+0000] {processor.py:161} INFO - Started process (PID=242) to work on /home/airflow/.local/lib/python3.8/site-packages/airflow/example_dags/example_complex.py
[2025-02-21T06:24:31.107+0000] {processor.py:830} INFO - Processing file /home/airflow/.local/lib/python3.8/site-packages/airflow/example_dags/example_complex.py for tasks to queue
[2025-02-21T06:24:31.112+0000] {logging_mixin.py:188} INFO - [2025-02-21T06:24:31.112+0000] {dagbag.py:538} INFO - Filling up the DagBag from /home/airflow/.local/lib/python3.8/site-packages/airflow/example_dags/example_complex.py
[2025-02-21T06:24:31.137+0000] {processor.py:840} INFO - DAG(s) 'example_complex' retrieved from /home/airflow/.local/lib/python3.8/site-packages/airflow/example_dags/example_complex.py
[2025-02-21T06:24:31.221+0000] {logging_mixin.py:188} INFO - [2025-02-21T06:24:31.220+0000] {dag.py:3036} INFO - Sync 1 DAGs
[2025-02-21T06:24:31.250+0000] {logging_mixin.py:188} INFO - [2025-02-21T06:24:31.249+0000] {dag.py:3823} INFO - Setting next_dagrun for example_complex to None, run_after=None
[2025-02-21T06:24:31.305+0000] {processor.py:183} INFO - Processing /home/airflow/.local/lib/python3.8/site-packages/airflow/example_dags/example_complex.py took 0.213 seconds
[2025-02-21T06:25:01.838+0000] {processor.py:161} INFO - Started process (PID=298) to work on /home/airflow/.local/lib/python3.8/site-packages/airflow/example_dags/example_complex.py
[2025-02-21T06:25:01.842+0000] {processor.py:830} INFO - Processing file /home/airflow/.local/lib/python3.8/site-packages/airflow/example_dags/example_complex.py for tasks to queue
[2025-02-21T06:25:01.848+0000] {logging_mixin.py:188} INFO - [2025-02-21T06:25:01.847+0000] {dagbag.py:538} INFO - Filling up the DagBag from /home/airflow/.local/lib/python3.8/site-packages/airflow/example_dags/example_complex.py
[2025-02-21T06:25:01.880+0000] {processor.py:840} INFO - DAG(s) 'example_complex' retrieved from /home/airflow/.local/lib/python3.8/site-packages/airflow/example_dags/example_complex.py
[2025-02-21T06:25:01.963+0000] {logging_mixin.py:188} INFO - [2025-02-21T06:25:01.962+0000] {dag.py:3036} INFO - Sync 1 DAGs
[2025-02-21T06:25:02.012+0000] {logging_mixin.py:188} INFO - [2025-02-21T06:25:02.011+0000] {dag.py:3823} INFO - Setting next_dagrun for example_complex to None, run_after=None
[2025-02-21T06:25:02.073+0000] {processor.py:183} INFO - Processing /home/airflow/.local/lib/python3.8/site-packages/airflow/example_dags/example_complex.py took 0.246 seconds
[2025-02-21T06:25:32.284+0000] {processor.py:161} INFO - Started process (PID=353) to work on /home/airflow/.local/lib/python3.8/site-packages/airflow/example_dags/example_complex.py
[2025-02-21T06:25:32.287+0000] {processor.py:830} INFO - Processing file /home/airflow/.local/lib/python3.8/site-packages/airflow/example_dags/example_complex.py for tasks to queue
[2025-02-21T06:25:32.299+0000] {logging_mixin.py:188} INFO - [2025-02-21T06:25:32.298+0000] {dagbag.py:538} INFO - Filling up the DagBag from /home/airflow/.local/lib/python3.8/site-packages/airflow/example_dags/example_complex.py
[2025-02-21T06:25:32.346+0000] {processor.py:840} INFO - DAG(s) 'example_complex' retrieved from /home/airflow/.local/lib/python3.8/site-packages/airflow/example_dags/example_complex.py
[2025-02-21T06:25:32.452+0000] {logging_mixin.py:188} INFO - [2025-02-21T06:25:32.451+0000] {dag.py:3036} INFO - Sync 1 DAGs
[2025-02-21T06:25:32.491+0000] {logging_mixin.py:188} INFO - [2025-02-21T06:25:32.491+0000] {dag.py:3823} INFO - Setting next_dagrun for example_complex to None, run_after=None
[2025-02-21T06:25:32.557+0000] {processor.py:183} INFO - Processing /home/airflow/.local/lib/python3.8/site-packages/airflow/example_dags/example_complex.py took 0.287 seconds
[2025-02-21T06:26:03.160+0000] {processor.py:161} INFO - Started process (PID=408) to work on /home/airflow/.local/lib/python3.8/site-packages/airflow/example_dags/example_complex.py
[2025-02-21T06:26:03.163+0000] {processor.py:830} INFO - Processing file /home/airflow/.local/lib/python3.8/site-packages/airflow/example_dags/example_complex.py for tasks to queue
[2025-02-21T06:26:03.169+0000] {logging_mixin.py:188} INFO - [2025-02-21T06:26:03.168+0000] {dagbag.py:538} INFO - Filling up the DagBag from /home/airflow/.local/lib/python3.8/site-packages/airflow/example_dags/example_complex.py
[2025-02-21T06:26:03.206+0000] {processor.py:840} INFO - DAG(s) 'example_complex' retrieved from /home/airflow/.local/lib/python3.8/site-packages/airflow/example_dags/example_complex.py
[2025-02-21T06:26:03.318+0000] {logging_mixin.py:188} INFO - [2025-02-21T06:26:03.317+0000] {dag.py:3036} INFO - Sync 1 DAGs
[2025-02-21T06:26:03.352+0000] {logging_mixin.py:188} INFO - [2025-02-21T06:26:03.352+0000] {dag.py:3823} INFO - Setting next_dagrun for example_complex to None, run_after=None
[2025-02-21T06:26:03.428+0000] {processor.py:183} INFO - Processing /home/airflow/.local/lib/python3.8/site-packages/airflow/example_dags/example_complex.py took 0.281 seconds
[2025-02-21T06:26:33.695+0000] {processor.py:161} INFO - Started process (PID=463) to work on /home/airflow/.local/lib/python3.8/site-packages/airflow/example_dags/example_complex.py
[2025-02-21T06:26:33.700+0000] {processor.py:830} INFO - Processing file /home/airflow/.local/lib/python3.8/site-packages/airflow/example_dags/example_complex.py for tasks to queue
[2025-02-21T06:26:33.706+0000] {logging_mixin.py:188} INFO - [2025-02-21T06:26:33.705+0000] {dagbag.py:538} INFO - Filling up the DagBag from /home/airflow/.local/lib/python3.8/site-packages/airflow/example_dags/example_complex.py
[2025-02-21T06:26:33.744+0000] {processor.py:840} INFO - DAG(s) 'example_complex' retrieved from /home/airflow/.local/lib/python3.8/site-packages/airflow/example_dags/example_complex.py
[2025-02-21T06:26:33.831+0000] {logging_mixin.py:188} INFO - [2025-02-21T06:26:33.831+0000] {dag.py:3036} INFO - Sync 1 DAGs
[2025-02-21T06:26:33.861+0000] {logging_mixin.py:188} INFO - [2025-02-21T06:26:33.861+0000] {dag.py:3823} INFO - Setting next_dagrun for example_complex to None, run_after=None
[2025-02-21T06:26:33.924+0000] {processor.py:183} INFO - Processing /home/airflow/.local/lib/python3.8/site-packages/airflow/example_dags/example_complex.py took 0.242 seconds
[2025-02-21T06:27:04.128+0000] {processor.py:161} INFO - Started process (PID=519) to work on /home/airflow/.local/lib/python3.8/site-packages/airflow/example_dags/example_complex.py
[2025-02-21T06:27:04.131+0000] {processor.py:830} INFO - Processing file /home/airflow/.local/lib/python3.8/site-packages/airflow/example_dags/example_complex.py for tasks to queue
[2025-02-21T06:27:04.137+0000] {logging_mixin.py:188} INFO - [2025-02-21T06:27:04.136+0000] {dagbag.py:538} INFO - Filling up the DagBag from /home/airflow/.local/lib/python3.8/site-packages/airflow/example_dags/example_complex.py
[2025-02-21T06:27:04.176+0000] {processor.py:840} INFO - DAG(s) 'example_complex' retrieved from /home/airflow/.local/lib/python3.8/site-packages/airflow/example_dags/example_complex.py
[2025-02-21T06:27:04.283+0000] {logging_mixin.py:188} INFO - [2025-02-21T06:27:04.283+0000] {dag.py:3036} INFO - Sync 1 DAGs
[2025-02-21T06:27:04.334+0000] {logging_mixin.py:188} INFO - [2025-02-21T06:27:04.333+0000] {dag.py:3823} INFO - Setting next_dagrun for example_complex to None, run_after=None
[2025-02-21T06:27:04.449+0000] {processor.py:183} INFO - Processing /home/airflow/.local/lib/python3.8/site-packages/airflow/example_dags/example_complex.py took 0.331 seconds
[2025-02-21T06:27:34.956+0000] {processor.py:161} INFO - Started process (PID=573) to work on /home/airflow/.local/lib/python3.8/site-packages/airflow/example_dags/example_complex.py
[2025-02-21T06:27:34.967+0000] {processor.py:830} INFO - Processing file /home/airflow/.local/lib/python3.8/site-packages/airflow/example_dags/example_complex.py for tasks to queue
[2025-02-21T06:27:34.978+0000] {logging_mixin.py:188} INFO - [2025-02-21T06:27:34.977+0000] {dagbag.py:538} INFO - Filling up the DagBag from /home/airflow/.local/lib/python3.8/site-packages/airflow/example_dags/example_complex.py
[2025-02-21T06:27:35.019+0000] {processor.py:840} INFO - DAG(s) 'example_complex' retrieved from /home/airflow/.local/lib/python3.8/site-packages/airflow/example_dags/example_complex.py
[2025-02-21T06:27:35.093+0000] {logging_mixin.py:188} INFO - [2025-02-21T06:27:35.092+0000] {dag.py:3036} INFO - Sync 1 DAGs
[2025-02-21T06:27:35.124+0000] {logging_mixin.py:188} INFO - [2025-02-21T06:27:35.123+0000] {dag.py:3823} INFO - Setting next_dagrun for example_complex to None, run_after=None
[2025-02-21T06:27:35.181+0000] {processor.py:183} INFO - Processing /home/airflow/.local/lib/python3.8/site-packages/airflow/example_dags/example_complex.py took 0.250 seconds
[2025-02-21T06:28:05.427+0000] {processor.py:161} INFO - Started process (PID=626) to work on /home/airflow/.local/lib/python3.8/site-packages/airflow/example_dags/example_complex.py
[2025-02-21T06:28:05.429+0000] {processor.py:830} INFO - Processing file /home/airflow/.local/lib/python3.8/site-packages/airflow/example_dags/example_complex.py for tasks to queue
[2025-02-21T06:28:05.436+0000] {logging_mixin.py:188} INFO - [2025-02-21T06:28:05.435+0000] {dagbag.py:538} INFO - Filling up the DagBag from /home/airflow/.local/lib/python3.8/site-packages/airflow/example_dags/example_complex.py
[2025-02-21T06:28:05.472+0000] {processor.py:840} INFO - DAG(s) 'example_complex' retrieved from /home/airflow/.local/lib/python3.8/site-packages/airflow/example_dags/example_complex.py
[2025-02-21T06:28:05.554+0000] {logging_mixin.py:188} INFO - [2025-02-21T06:28:05.553+0000] {dag.py:3036} INFO - Sync 1 DAGs
[2025-02-21T06:28:05.607+0000] {logging_mixin.py:188} INFO - [2025-02-21T06:28:05.606+0000] {dag.py:3823} INFO - Setting next_dagrun for example_complex to None, run_after=None
[2025-02-21T06:28:05.657+0000] {processor.py:183} INFO - Processing /home/airflow/.local/lib/python3.8/site-packages/airflow/example_dags/example_complex.py took 0.239 seconds
[2025-02-21T06:28:36.063+0000] {processor.py:161} INFO - Started process (PID=681) to work on /home/airflow/.local/lib/python3.8/site-packages/airflow/example_dags/example_complex.py
[2025-02-21T06:28:36.066+0000] {processor.py:830} INFO - Processing file /home/airflow/.local/lib/python3.8/site-packages/airflow/example_dags/example_complex.py for tasks to queue
[2025-02-21T06:28:36.073+0000] {logging_mixin.py:188} INFO - [2025-02-21T06:28:36.072+0000] {dagbag.py:538} INFO - Filling up the DagBag from /home/airflow/.local/lib/python3.8/site-packages/airflow/example_dags/example_complex.py
[2025-02-21T06:28:36.102+0000] {processor.py:840} INFO - DAG(s) 'example_complex' retrieved from /home/airflow/.local/lib/python3.8/site-packages/airflow/example_dags/example_complex.py
[2025-02-21T06:28:36.184+0000] {logging_mixin.py:188} INFO - [2025-02-21T06:28:36.183+0000] {dag.py:3036} INFO - Sync 1 DAGs
[2025-02-21T06:28:36.210+0000] {logging_mixin.py:188} INFO - [2025-02-21T06:28:36.210+0000] {dag.py:3823} INFO - Setting next_dagrun for example_complex to None, run_after=None
[2025-02-21T06:28:36.252+0000] {processor.py:183} INFO - Processing /home/airflow/.local/lib/python3.8/site-packages/airflow/example_dags/example_complex.py took 0.199 seconds
[2025-02-21T06:29:06.959+0000] {processor.py:161} INFO - Started process (PID=735) to work on /home/airflow/.local/lib/python3.8/site-packages/airflow/example_dags/example_complex.py
[2025-02-21T06:29:06.963+0000] {processor.py:830} INFO - Processing file /home/airflow/.local/lib/python3.8/site-packages/airflow/example_dags/example_complex.py for tasks to queue
[2025-02-21T06:29:06.973+0000] {logging_mixin.py:188} INFO - [2025-02-21T06:29:06.972+0000] {dagbag.py:538} INFO - Filling up the DagBag from /home/airflow/.local/lib/python3.8/site-packages/airflow/example_dags/example_complex.py
[2025-02-21T06:29:07.019+0000] {processor.py:840} INFO - DAG(s) 'example_complex' retrieved from /home/airflow/.local/lib/python3.8/site-packages/airflow/example_dags/example_complex.py
[2025-02-21T06:29:07.119+0000] {logging_mixin.py:188} INFO - [2025-02-21T06:29:07.118+0000] {dag.py:3036} INFO - Sync 1 DAGs
[2025-02-21T06:29:07.159+0000] {logging_mixin.py:188} INFO - [2025-02-21T06:29:07.158+0000] {dag.py:3823} INFO - Setting next_dagrun for example_complex to None, run_after=None
[2025-02-21T06:29:07.220+0000] {processor.py:183} INFO - Processing /home/airflow/.local/lib/python3.8/site-packages/airflow/example_dags/example_complex.py took 0.273 seconds
[2025-02-21T06:29:37.595+0000] {processor.py:161} INFO - Started process (PID=790) to work on /home/airflow/.local/lib/python3.8/site-packages/airflow/example_dags/example_complex.py
[2025-02-21T06:29:37.599+0000] {processor.py:830} INFO - Processing file /home/airflow/.local/lib/python3.8/site-packages/airflow/example_dags/example_complex.py for tasks to queue
[2025-02-21T06:29:37.608+0000] {logging_mixin.py:188} INFO - [2025-02-21T06:29:37.605+0000] {dagbag.py:538} INFO - Filling up the DagBag from /home/airflow/.local/lib/python3.8/site-packages/airflow/example_dags/example_complex.py
[2025-02-21T06:29:37.642+0000] {processor.py:840} INFO - DAG(s) 'example_complex' retrieved from /home/airflow/.local/lib/python3.8/site-packages/airflow/example_dags/example_complex.py
[2025-02-21T06:29:37.745+0000] {logging_mixin.py:188} INFO - [2025-02-21T06:29:37.745+0000] {dag.py:3036} INFO - Sync 1 DAGs
[2025-02-21T06:29:37.793+0000] {logging_mixin.py:188} INFO - [2025-02-21T06:29:37.792+0000] {dag.py:3823} INFO - Setting next_dagrun for example_complex to None, run_after=None
[2025-02-21T06:29:37.863+0000] {processor.py:183} INFO - Processing /home/airflow/.local/lib/python3.8/site-packages/airflow/example_dags/example_complex.py took 0.280 seconds
[2025-02-21T06:30:08.382+0000] {processor.py:161} INFO - Started process (PID=845) to work on /home/airflow/.local/lib/python3.8/site-packages/airflow/example_dags/example_complex.py
[2025-02-21T06:30:08.386+0000] {processor.py:830} INFO - Processing file /home/airflow/.local/lib/python3.8/site-packages/airflow/example_dags/example_complex.py for tasks to queue
[2025-02-21T06:30:08.392+0000] {logging_mixin.py:188} INFO - [2025-02-21T06:30:08.392+0000] {dagbag.py:538} INFO - Filling up the DagBag from /home/airflow/.local/lib/python3.8/site-packages/airflow/example_dags/example_complex.py
[2025-02-21T06:30:08.443+0000] {processor.py:840} INFO - DAG(s) 'example_complex' retrieved from /home/airflow/.local/lib/python3.8/site-packages/airflow/example_dags/example_complex.py
[2025-02-21T06:30:08.603+0000] {logging_mixin.py:188} INFO - [2025-02-21T06:30:08.602+0000] {dag.py:3036} INFO - Sync 1 DAGs
[2025-02-21T06:30:08.667+0000] {logging_mixin.py:188} INFO - [2025-02-21T06:30:08.666+0000] {dag.py:3823} INFO - Setting next_dagrun for example_complex to None, run_after=None
[2025-02-21T06:30:08.746+0000] {processor.py:183} INFO - Processing /home/airflow/.local/lib/python3.8/site-packages/airflow/example_dags/example_complex.py took 0.374 seconds
[2025-02-21T06:30:39.166+0000] {processor.py:161} INFO - Started process (PID=907) to work on /home/airflow/.local/lib/python3.8/site-packages/airflow/example_dags/example_complex.py
[2025-02-21T06:30:39.171+0000] {processor.py:830} INFO - Processing file /home/airflow/.local/lib/python3.8/site-packages/airflow/example_dags/example_complex.py for tasks to queue
[2025-02-21T06:30:39.184+0000] {logging_mixin.py:188} INFO - [2025-02-21T06:30:39.183+0000] {dagbag.py:538} INFO - Filling up the DagBag from /home/airflow/.local/lib/python3.8/site-packages/airflow/example_dags/example_complex.py
[2025-02-21T06:30:39.242+0000] {processor.py:840} INFO - DAG(s) 'example_complex' retrieved from /home/airflow/.local/lib/python3.8/site-packages/airflow/example_dags/example_complex.py
[2025-02-21T06:30:39.336+0000] {logging_mixin.py:188} INFO - [2025-02-21T06:30:39.335+0000] {dag.py:3036} INFO - Sync 1 DAGs
[2025-02-21T06:30:39.373+0000] {logging_mixin.py:188} INFO - [2025-02-21T06:30:39.373+0000] {dag.py:3823} INFO - Setting next_dagrun for example_complex to None, run_after=None
[2025-02-21T06:30:39.426+0000] {processor.py:183} INFO - Processing /home/airflow/.local/lib/python3.8/site-packages/airflow/example_dags/example_complex.py took 0.270 seconds
[2025-02-21T06:31:09.842+0000] {processor.py:161} INFO - Started process (PID=962) to work on /home/airflow/.local/lib/python3.8/site-packages/airflow/example_dags/example_complex.py
[2025-02-21T06:31:09.846+0000] {processor.py:830} INFO - Processing file /home/airflow/.local/lib/python3.8/site-packages/airflow/example_dags/example_complex.py for tasks to queue
[2025-02-21T06:31:09.852+0000] {logging_mixin.py:188} INFO - [2025-02-21T06:31:09.851+0000] {dagbag.py:538} INFO - Filling up the DagBag from /home/airflow/.local/lib/python3.8/site-packages/airflow/example_dags/example_complex.py
[2025-02-21T06:31:09.894+0000] {processor.py:840} INFO - DAG(s) 'example_complex' retrieved from /home/airflow/.local/lib/python3.8/site-packages/airflow/example_dags/example_complex.py
[2025-02-21T06:31:09.986+0000] {logging_mixin.py:188} INFO - [2025-02-21T06:31:09.985+0000] {dag.py:3036} INFO - Sync 1 DAGs
[2025-02-21T06:31:10.017+0000] {logging_mixin.py:188} INFO - [2025-02-21T06:31:10.017+0000] {dag.py:3823} INFO - Setting next_dagrun for example_complex to None, run_after=None
[2025-02-21T06:31:10.076+0000] {processor.py:183} INFO - Processing /home/airflow/.local/lib/python3.8/site-packages/airflow/example_dags/example_complex.py took 0.243 seconds
[2025-02-21T06:31:40.392+0000] {processor.py:161} INFO - Started process (PID=1017) to work on /home/airflow/.local/lib/python3.8/site-packages/airflow/example_dags/example_complex.py
[2025-02-21T06:31:40.395+0000] {processor.py:830} INFO - Processing file /home/airflow/.local/lib/python3.8/site-packages/airflow/example_dags/example_complex.py for tasks to queue
[2025-02-21T06:31:40.402+0000] {logging_mixin.py:188} INFO - [2025-02-21T06:31:40.399+0000] {dagbag.py:538} INFO - Filling up the DagBag from /home/airflow/.local/lib/python3.8/site-packages/airflow/example_dags/example_complex.py
[2025-02-21T06:31:40.429+0000] {processor.py:840} INFO - DAG(s) 'example_complex' retrieved from /home/airflow/.local/lib/python3.8/site-packages/airflow/example_dags/example_complex.py
[2025-02-21T06:31:40.513+0000] {logging_mixin.py:188} INFO - [2025-02-21T06:31:40.512+0000] {dag.py:3036} INFO - Sync 1 DAGs
[2025-02-21T06:31:40.558+0000] {logging_mixin.py:188} INFO - [2025-02-21T06:31:40.558+0000] {dag.py:3823} INFO - Setting next_dagrun for example_complex to None, run_after=None
[2025-02-21T06:31:40.657+0000] {processor.py:183} INFO - Processing /home/airflow/.local/lib/python3.8/site-packages/airflow/example_dags/example_complex.py took 0.275 seconds
[2025-02-21T06:32:11.341+0000] {processor.py:161} INFO - Started process (PID=1072) to work on /home/airflow/.local/lib/python3.8/site-packages/airflow/example_dags/example_complex.py
[2025-02-21T06:32:11.345+0000] {processor.py:830} INFO - Processing file /home/airflow/.local/lib/python3.8/site-packages/airflow/example_dags/example_complex.py for tasks to queue
[2025-02-21T06:32:11.351+0000] {logging_mixin.py:188} INFO - [2025-02-21T06:32:11.351+0000] {dagbag.py:538} INFO - Filling up the DagBag from /home/airflow/.local/lib/python3.8/site-packages/airflow/example_dags/example_complex.py
[2025-02-21T06:32:11.403+0000] {processor.py:840} INFO - DAG(s) 'example_complex' retrieved from /home/airflow/.local/lib/python3.8/site-packages/airflow/example_dags/example_complex.py
[2025-02-21T06:32:11.510+0000] {logging_mixin.py:188} INFO - [2025-02-21T06:32:11.508+0000] {dag.py:3036} INFO - Sync 1 DAGs
[2025-02-21T06:32:11.544+0000] {logging_mixin.py:188} INFO - [2025-02-21T06:32:11.543+0000] {dag.py:3823} INFO - Setting next_dagrun for example_complex to None, run_after=None
[2025-02-21T06:32:11.614+0000] {processor.py:183} INFO - Processing /home/airflow/.local/lib/python3.8/site-packages/airflow/example_dags/example_complex.py took 0.285 seconds
[2025-02-21T06:32:41.861+0000] {processor.py:161} INFO - Started process (PID=1127) to work on /home/airflow/.local/lib/python3.8/site-packages/airflow/example_dags/example_complex.py
[2025-02-21T06:32:41.865+0000] {processor.py:830} INFO - Processing file /home/airflow/.local/lib/python3.8/site-packages/airflow/example_dags/example_complex.py for tasks to queue
[2025-02-21T06:32:41.880+0000] {logging_mixin.py:188} INFO - [2025-02-21T06:32:41.879+0000] {dagbag.py:538} INFO - Filling up the DagBag from /home/airflow/.local/lib/python3.8/site-packages/airflow/example_dags/example_complex.py
[2025-02-21T06:32:41.918+0000] {processor.py:840} INFO - DAG(s) 'example_complex' retrieved from /home/airflow/.local/lib/python3.8/site-packages/airflow/example_dags/example_complex.py
[2025-02-21T06:32:42.039+0000] {logging_mixin.py:188} INFO - [2025-02-21T06:32:42.038+0000] {dag.py:3036} INFO - Sync 1 DAGs
[2025-02-21T06:32:42.078+0000] {logging_mixin.py:188} INFO - [2025-02-21T06:32:42.078+0000] {dag.py:3823} INFO - Setting next_dagrun for example_complex to None, run_after=None
[2025-02-21T06:32:42.137+0000] {processor.py:183} INFO - Processing /home/airflow/.local/lib/python3.8/site-packages/airflow/example_dags/example_complex.py took 0.284 seconds
[2025-02-21T06:33:12.309+0000] {processor.py:161} INFO - Started process (PID=1182) to work on /home/airflow/.local/lib/python3.8/site-packages/airflow/example_dags/example_complex.py
[2025-02-21T06:33:12.313+0000] {processor.py:830} INFO - Processing file /home/airflow/.local/lib/python3.8/site-packages/airflow/example_dags/example_complex.py for tasks to queue
[2025-02-21T06:33:12.320+0000] {logging_mixin.py:188} INFO - [2025-02-21T06:33:12.319+0000] {dagbag.py:538} INFO - Filling up the DagBag from /home/airflow/.local/lib/python3.8/site-packages/airflow/example_dags/example_complex.py
[2025-02-21T06:33:12.362+0000] {processor.py:840} INFO - DAG(s) 'example_complex' retrieved from /home/airflow/.local/lib/python3.8/site-packages/airflow/example_dags/example_complex.py
[2025-02-21T06:33:12.490+0000] {logging_mixin.py:188} INFO - [2025-02-21T06:33:12.489+0000] {dag.py:3036} INFO - Sync 1 DAGs
[2025-02-21T06:33:12.554+0000] {logging_mixin.py:188} INFO - [2025-02-21T06:33:12.554+0000] {dag.py:3823} INFO - Setting next_dagrun for example_complex to None, run_after=None
[2025-02-21T06:33:12.662+0000] {processor.py:183} INFO - Processing /home/airflow/.local/lib/python3.8/site-packages/airflow/example_dags/example_complex.py took 0.365 seconds
[2025-02-21T06:33:43.074+0000] {processor.py:161} INFO - Started process (PID=1237) to work on /home/airflow/.local/lib/python3.8/site-packages/airflow/example_dags/example_complex.py
[2025-02-21T06:33:43.077+0000] {processor.py:830} INFO - Processing file /home/airflow/.local/lib/python3.8/site-packages/airflow/example_dags/example_complex.py for tasks to queue
[2025-02-21T06:33:43.082+0000] {logging_mixin.py:188} INFO - [2025-02-21T06:33:43.082+0000] {dagbag.py:538} INFO - Filling up the DagBag from /home/airflow/.local/lib/python3.8/site-packages/airflow/example_dags/example_complex.py
[2025-02-21T06:33:43.117+0000] {processor.py:840} INFO - DAG(s) 'example_complex' retrieved from /home/airflow/.local/lib/python3.8/site-packages/airflow/example_dags/example_complex.py
[2025-02-21T06:33:43.212+0000] {logging_mixin.py:188} INFO - [2025-02-21T06:33:43.210+0000] {dag.py:3036} INFO - Sync 1 DAGs
[2025-02-21T06:33:43.247+0000] {logging_mixin.py:188} INFO - [2025-02-21T06:33:43.247+0000] {dag.py:3823} INFO - Setting next_dagrun for example_complex to None, run_after=None
[2025-02-21T06:33:43.312+0000] {processor.py:183} INFO - Processing /home/airflow/.local/lib/python3.8/site-packages/airflow/example_dags/example_complex.py took 0.248 seconds
[2025-02-21T06:34:13.998+0000] {processor.py:161} INFO - Started process (PID=1292) to work on /home/airflow/.local/lib/python3.8/site-packages/airflow/example_dags/example_complex.py
[2025-02-21T06:34:14.002+0000] {processor.py:830} INFO - Processing file /home/airflow/.local/lib/python3.8/site-packages/airflow/example_dags/example_complex.py for tasks to queue
[2025-02-21T06:34:14.009+0000] {logging_mixin.py:188} INFO - [2025-02-21T06:34:14.008+0000] {dagbag.py:538} INFO - Filling up the DagBag from /home/airflow/.local/lib/python3.8/site-packages/airflow/example_dags/example_complex.py
[2025-02-21T06:34:14.047+0000] {processor.py:840} INFO - DAG(s) 'example_complex' retrieved from /home/airflow/.local/lib/python3.8/site-packages/airflow/example_dags/example_complex.py
[2025-02-21T06:34:14.152+0000] {logging_mixin.py:188} INFO - [2025-02-21T06:34:14.151+0000] {dag.py:3036} INFO - Sync 1 DAGs
[2025-02-21T06:34:14.214+0000] {logging_mixin.py:188} INFO - [2025-02-21T06:34:14.213+0000] {dag.py:3823} INFO - Setting next_dagrun for example_complex to None, run_after=None
[2025-02-21T06:34:14.303+0000] {processor.py:183} INFO - Processing /home/airflow/.local/lib/python3.8/site-packages/airflow/example_dags/example_complex.py took 0.316 seconds
[2025-02-21T06:34:45.087+0000] {processor.py:161} INFO - Started process (PID=1347) to work on /home/airflow/.local/lib/python3.8/site-packages/airflow/example_dags/example_complex.py
[2025-02-21T06:34:45.094+0000] {processor.py:830} INFO - Processing file /home/airflow/.local/lib/python3.8/site-packages/airflow/example_dags/example_complex.py for tasks to queue
[2025-02-21T06:34:45.104+0000] {logging_mixin.py:188} INFO - [2025-02-21T06:34:45.102+0000] {dagbag.py:538} INFO - Filling up the DagBag from /home/airflow/.local/lib/python3.8/site-packages/airflow/example_dags/example_complex.py
[2025-02-21T06:34:45.173+0000] {processor.py:840} INFO - DAG(s) 'example_complex' retrieved from /home/airflow/.local/lib/python3.8/site-packages/airflow/example_dags/example_complex.py
[2025-02-21T06:34:45.318+0000] {logging_mixin.py:188} INFO - [2025-02-21T06:34:45.317+0000] {dag.py:3036} INFO - Sync 1 DAGs
[2025-02-21T06:34:45.378+0000] {logging_mixin.py:188} INFO - [2025-02-21T06:34:45.377+0000] {dag.py:3823} INFO - Setting next_dagrun for example_complex to None, run_after=None
[2025-02-21T06:34:45.478+0000] {processor.py:183} INFO - Processing /home/airflow/.local/lib/python3.8/site-packages/airflow/example_dags/example_complex.py took 0.409 seconds
[2025-02-21T06:35:16.172+0000] {processor.py:161} INFO - Started process (PID=1403) to work on /home/airflow/.local/lib/python3.8/site-packages/airflow/example_dags/example_complex.py
[2025-02-21T06:35:16.175+0000] {processor.py:830} INFO - Processing file /home/airflow/.local/lib/python3.8/site-packages/airflow/example_dags/example_complex.py for tasks to queue
[2025-02-21T06:35:16.179+0000] {logging_mixin.py:188} INFO - [2025-02-21T06:35:16.178+0000] {dagbag.py:538} INFO - Filling up the DagBag from /home/airflow/.local/lib/python3.8/site-packages/airflow/example_dags/example_complex.py
[2025-02-21T06:35:16.207+0000] {processor.py:840} INFO - DAG(s) 'example_complex' retrieved from /home/airflow/.local/lib/python3.8/site-packages/airflow/example_dags/example_complex.py
[2025-02-21T06:35:16.287+0000] {logging_mixin.py:188} INFO - [2025-02-21T06:35:16.287+0000] {dag.py:3036} INFO - Sync 1 DAGs
[2025-02-21T06:35:16.319+0000] {logging_mixin.py:188} INFO - [2025-02-21T06:35:16.319+0000] {dag.py:3823} INFO - Setting next_dagrun for example_complex to None, run_after=None
[2025-02-21T06:35:16.377+0000] {processor.py:183} INFO - Processing /home/airflow/.local/lib/python3.8/site-packages/airflow/example_dags/example_complex.py took 0.213 seconds
[2025-02-21T06:35:46.567+0000] {processor.py:161} INFO - Started process (PID=1458) to work on /home/airflow/.local/lib/python3.8/site-packages/airflow/example_dags/example_complex.py
[2025-02-21T06:35:46.577+0000] {processor.py:830} INFO - Processing file /home/airflow/.local/lib/python3.8/site-packages/airflow/example_dags/example_complex.py for tasks to queue
[2025-02-21T06:35:46.584+0000] {logging_mixin.py:188} INFO - [2025-02-21T06:35:46.583+0000] {dagbag.py:538} INFO - Filling up the DagBag from /home/airflow/.local/lib/python3.8/site-packages/airflow/example_dags/example_complex.py
[2025-02-21T06:35:46.624+0000] {processor.py:840} INFO - DAG(s) 'example_complex' retrieved from /home/airflow/.local/lib/python3.8/site-packages/airflow/example_dags/example_complex.py
[2025-02-21T06:35:46.729+0000] {logging_mixin.py:188} INFO - [2025-02-21T06:35:46.729+0000] {dag.py:3036} INFO - Sync 1 DAGs
[2025-02-21T06:35:46.760+0000] {logging_mixin.py:188} INFO - [2025-02-21T06:35:46.760+0000] {dag.py:3823} INFO - Setting next_dagrun for example_complex to None, run_after=None
[2025-02-21T06:35:46.833+0000] {processor.py:183} INFO - Processing /home/airflow/.local/lib/python3.8/site-packages/airflow/example_dags/example_complex.py took 0.275 seconds
[2025-02-21T06:36:17.195+0000] {processor.py:161} INFO - Started process (PID=1513) to work on /home/airflow/.local/lib/python3.8/site-packages/airflow/example_dags/example_complex.py
[2025-02-21T06:36:17.200+0000] {processor.py:830} INFO - Processing file /home/airflow/.local/lib/python3.8/site-packages/airflow/example_dags/example_complex.py for tasks to queue
[2025-02-21T06:36:17.216+0000] {logging_mixin.py:188} INFO - [2025-02-21T06:36:17.213+0000] {dagbag.py:538} INFO - Filling up the DagBag from /home/airflow/.local/lib/python3.8/site-packages/airflow/example_dags/example_complex.py
[2025-02-21T06:36:17.256+0000] {processor.py:840} INFO - DAG(s) 'example_complex' retrieved from /home/airflow/.local/lib/python3.8/site-packages/airflow/example_dags/example_complex.py
[2025-02-21T06:36:17.371+0000] {logging_mixin.py:188} INFO - [2025-02-21T06:36:17.370+0000] {dag.py:3036} INFO - Sync 1 DAGs
[2025-02-21T06:36:17.422+0000] {logging_mixin.py:188} INFO - [2025-02-21T06:36:17.421+0000] {dag.py:3823} INFO - Setting next_dagrun for example_complex to None, run_after=None
[2025-02-21T06:36:17.509+0000] {processor.py:183} INFO - Processing /home/airflow/.local/lib/python3.8/site-packages/airflow/example_dags/example_complex.py took 0.325 seconds
[2025-02-21T06:36:49.018+0000] {processor.py:161} INFO - Started process (PID=1569) to work on /home/airflow/.local/lib/python3.8/site-packages/airflow/example_dags/example_complex.py
[2025-02-21T06:36:49.032+0000] {processor.py:830} INFO - Processing file /home/airflow/.local/lib/python3.8/site-packages/airflow/example_dags/example_complex.py for tasks to queue
[2025-02-21T06:36:49.044+0000] {logging_mixin.py:188} INFO - [2025-02-21T06:36:49.043+0000] {dagbag.py:538} INFO - Filling up the DagBag from /home/airflow/.local/lib/python3.8/site-packages/airflow/example_dags/example_complex.py
[2025-02-21T06:36:49.091+0000] {processor.py:840} INFO - DAG(s) 'example_complex' retrieved from /home/airflow/.local/lib/python3.8/site-packages/airflow/example_dags/example_complex.py
[2025-02-21T06:36:49.241+0000] {logging_mixin.py:188} INFO - [2025-02-21T06:36:49.240+0000] {dag.py:3036} INFO - Sync 1 DAGs
[2025-02-21T06:36:49.290+0000] {logging_mixin.py:188} INFO - [2025-02-21T06:36:49.289+0000] {dag.py:3823} INFO - Setting next_dagrun for example_complex to None, run_after=None
[2025-02-21T06:36:49.376+0000] {processor.py:183} INFO - Processing /home/airflow/.local/lib/python3.8/site-packages/airflow/example_dags/example_complex.py took 0.369 seconds
[2025-02-21T06:37:19.540+0000] {processor.py:161} INFO - Started process (PID=1623) to work on /home/airflow/.local/lib/python3.8/site-packages/airflow/example_dags/example_complex.py
[2025-02-21T06:37:19.545+0000] {processor.py:830} INFO - Processing file /home/airflow/.local/lib/python3.8/site-packages/airflow/example_dags/example_complex.py for tasks to queue
[2025-02-21T06:37:19.551+0000] {logging_mixin.py:188} INFO - [2025-02-21T06:37:19.550+0000] {dagbag.py:538} INFO - Filling up the DagBag from /home/airflow/.local/lib/python3.8/site-packages/airflow/example_dags/example_complex.py
[2025-02-21T06:37:19.595+0000] {processor.py:840} INFO - DAG(s) 'example_complex' retrieved from /home/airflow/.local/lib/python3.8/site-packages/airflow/example_dags/example_complex.py
[2025-02-21T06:37:19.696+0000] {logging_mixin.py:188} INFO - [2025-02-21T06:37:19.696+0000] {dag.py:3036} INFO - Sync 1 DAGs
[2025-02-21T06:37:19.729+0000] {logging_mixin.py:188} INFO - [2025-02-21T06:37:19.728+0000] {dag.py:3823} INFO - Setting next_dagrun for example_complex to None, run_after=None
[2025-02-21T06:37:19.780+0000] {processor.py:183} INFO - Processing /home/airflow/.local/lib/python3.8/site-packages/airflow/example_dags/example_complex.py took 0.247 seconds
[2025-02-21T06:37:50.345+0000] {processor.py:161} INFO - Started process (PID=1678) to work on /home/airflow/.local/lib/python3.8/site-packages/airflow/example_dags/example_complex.py
[2025-02-21T06:37:50.349+0000] {processor.py:830} INFO - Processing file /home/airflow/.local/lib/python3.8/site-packages/airflow/example_dags/example_complex.py for tasks to queue
[2025-02-21T06:37:50.355+0000] {logging_mixin.py:188} INFO - [2025-02-21T06:37:50.355+0000] {dagbag.py:538} INFO - Filling up the DagBag from /home/airflow/.local/lib/python3.8/site-packages/airflow/example_dags/example_complex.py
[2025-02-21T06:37:50.387+0000] {processor.py:840} INFO - DAG(s) 'example_complex' retrieved from /home/airflow/.local/lib/python3.8/site-packages/airflow/example_dags/example_complex.py
[2025-02-21T06:37:50.470+0000] {logging_mixin.py:188} INFO - [2025-02-21T06:37:50.469+0000] {dag.py:3036} INFO - Sync 1 DAGs
[2025-02-21T06:37:50.506+0000] {logging_mixin.py:188} INFO - [2025-02-21T06:37:50.505+0000] {dag.py:3823} INFO - Setting next_dagrun for example_complex to None, run_after=None
[2025-02-21T06:37:50.583+0000] {processor.py:183} INFO - Processing /home/airflow/.local/lib/python3.8/site-packages/airflow/example_dags/example_complex.py took 0.249 seconds
[2025-02-21T06:38:20.827+0000] {processor.py:161} INFO - Started process (PID=1733) to work on /home/airflow/.local/lib/python3.8/site-packages/airflow/example_dags/example_complex.py
[2025-02-21T06:38:20.830+0000] {processor.py:830} INFO - Processing file /home/airflow/.local/lib/python3.8/site-packages/airflow/example_dags/example_complex.py for tasks to queue
[2025-02-21T06:38:20.837+0000] {logging_mixin.py:188} INFO - [2025-02-21T06:38:20.836+0000] {dagbag.py:538} INFO - Filling up the DagBag from /home/airflow/.local/lib/python3.8/site-packages/airflow/example_dags/example_complex.py
[2025-02-21T06:38:20.868+0000] {processor.py:840} INFO - DAG(s) 'example_complex' retrieved from /home/airflow/.local/lib/python3.8/site-packages/airflow/example_dags/example_complex.py
[2025-02-21T06:38:20.991+0000] {logging_mixin.py:188} INFO - [2025-02-21T06:38:20.990+0000] {dag.py:3036} INFO - Sync 1 DAGs
[2025-02-21T06:38:21.036+0000] {logging_mixin.py:188} INFO - [2025-02-21T06:38:21.036+0000] {dag.py:3823} INFO - Setting next_dagrun for example_complex to None, run_after=None
[2025-02-21T06:38:21.106+0000] {processor.py:183} INFO - Processing /home/airflow/.local/lib/python3.8/site-packages/airflow/example_dags/example_complex.py took 0.289 seconds
[2025-02-21T06:38:51.489+0000] {processor.py:161} INFO - Started process (PID=1788) to work on /home/airflow/.local/lib/python3.8/site-packages/airflow/example_dags/example_complex.py
[2025-02-21T06:38:51.492+0000] {processor.py:830} INFO - Processing file /home/airflow/.local/lib/python3.8/site-packages/airflow/example_dags/example_complex.py for tasks to queue
[2025-02-21T06:38:51.496+0000] {logging_mixin.py:188} INFO - [2025-02-21T06:38:51.495+0000] {dagbag.py:538} INFO - Filling up the DagBag from /home/airflow/.local/lib/python3.8/site-packages/airflow/example_dags/example_complex.py
[2025-02-21T06:38:51.537+0000] {processor.py:840} INFO - DAG(s) 'example_complex' retrieved from /home/airflow/.local/lib/python3.8/site-packages/airflow/example_dags/example_complex.py
[2025-02-21T06:38:51.617+0000] {logging_mixin.py:188} INFO - [2025-02-21T06:38:51.616+0000] {dag.py:3036} INFO - Sync 1 DAGs
[2025-02-21T06:38:51.649+0000] {logging_mixin.py:188} INFO - [2025-02-21T06:38:51.649+0000] {dag.py:3823} INFO - Setting next_dagrun for example_complex to None, run_after=None
[2025-02-21T06:38:51.696+0000] {processor.py:183} INFO - Processing /home/airflow/.local/lib/python3.8/site-packages/airflow/example_dags/example_complex.py took 0.214 seconds
[2025-02-21T06:39:22.209+0000] {processor.py:161} INFO - Started process (PID=1843) to work on /home/airflow/.local/lib/python3.8/site-packages/airflow/example_dags/example_complex.py
[2025-02-21T06:39:22.213+0000] {processor.py:830} INFO - Processing file /home/airflow/.local/lib/python3.8/site-packages/airflow/example_dags/example_complex.py for tasks to queue
[2025-02-21T06:39:22.218+0000] {logging_mixin.py:188} INFO - [2025-02-21T06:39:22.217+0000] {dagbag.py:538} INFO - Filling up the DagBag from /home/airflow/.local/lib/python3.8/site-packages/airflow/example_dags/example_complex.py
[2025-02-21T06:39:22.251+0000] {processor.py:840} INFO - DAG(s) 'example_complex' retrieved from /home/airflow/.local/lib/python3.8/site-packages/airflow/example_dags/example_complex.py
[2025-02-21T06:39:22.347+0000] {logging_mixin.py:188} INFO - [2025-02-21T06:39:22.346+0000] {dag.py:3036} INFO - Sync 1 DAGs
[2025-02-21T06:39:22.372+0000] {logging_mixin.py:188} INFO - [2025-02-21T06:39:22.372+0000] {dag.py:3823} INFO - Setting next_dagrun for example_complex to None, run_after=None
[2025-02-21T06:39:22.419+0000] {processor.py:183} INFO - Processing /home/airflow/.local/lib/python3.8/site-packages/airflow/example_dags/example_complex.py took 0.221 seconds
[2025-02-21T06:39:52.798+0000] {processor.py:161} INFO - Started process (PID=1898) to work on /home/airflow/.local/lib/python3.8/site-packages/airflow/example_dags/example_complex.py
[2025-02-21T06:39:52.803+0000] {processor.py:830} INFO - Processing file /home/airflow/.local/lib/python3.8/site-packages/airflow/example_dags/example_complex.py for tasks to queue
[2025-02-21T06:39:52.810+0000] {logging_mixin.py:188} INFO - [2025-02-21T06:39:52.810+0000] {dagbag.py:538} INFO - Filling up the DagBag from /home/airflow/.local/lib/python3.8/site-packages/airflow/example_dags/example_complex.py
[2025-02-21T06:39:52.843+0000] {processor.py:840} INFO - DAG(s) 'example_complex' retrieved from /home/airflow/.local/lib/python3.8/site-packages/airflow/example_dags/example_complex.py
[2025-02-21T06:39:52.940+0000] {logging_mixin.py:188} INFO - [2025-02-21T06:39:52.939+0000] {dag.py:3036} INFO - Sync 1 DAGs
[2025-02-21T06:39:52.970+0000] {logging_mixin.py:188} INFO - [2025-02-21T06:39:52.970+0000] {dag.py:3823} INFO - Setting next_dagrun for example_complex to None, run_after=None
[2025-02-21T06:39:53.056+0000] {processor.py:183} INFO - Processing /home/airflow/.local/lib/python3.8/site-packages/airflow/example_dags/example_complex.py took 0.267 seconds
[2025-02-21T06:40:23.518+0000] {processor.py:161} INFO - Started process (PID=1953) to work on /home/airflow/.local/lib/python3.8/site-packages/airflow/example_dags/example_complex.py
[2025-02-21T06:40:23.522+0000] {processor.py:830} INFO - Processing file /home/airflow/.local/lib/python3.8/site-packages/airflow/example_dags/example_complex.py for tasks to queue
[2025-02-21T06:40:23.528+0000] {logging_mixin.py:188} INFO - [2025-02-21T06:40:23.527+0000] {dagbag.py:538} INFO - Filling up the DagBag from /home/airflow/.local/lib/python3.8/site-packages/airflow/example_dags/example_complex.py
[2025-02-21T06:40:23.575+0000] {processor.py:840} INFO - DAG(s) 'example_complex' retrieved from /home/airflow/.local/lib/python3.8/site-packages/airflow/example_dags/example_complex.py
[2025-02-21T06:40:23.668+0000] {logging_mixin.py:188} INFO - [2025-02-21T06:40:23.668+0000] {dag.py:3036} INFO - Sync 1 DAGs
[2025-02-21T06:40:23.696+0000] {logging_mixin.py:188} INFO - [2025-02-21T06:40:23.695+0000] {dag.py:3823} INFO - Setting next_dagrun for example_complex to None, run_after=None
[2025-02-21T06:40:23.787+0000] {processor.py:183} INFO - Processing /home/airflow/.local/lib/python3.8/site-packages/airflow/example_dags/example_complex.py took 0.276 seconds
[2025-02-21T06:40:54.035+0000] {processor.py:161} INFO - Started process (PID=2008) to work on /home/airflow/.local/lib/python3.8/site-packages/airflow/example_dags/example_complex.py
[2025-02-21T06:40:54.039+0000] {processor.py:830} INFO - Processing file /home/airflow/.local/lib/python3.8/site-packages/airflow/example_dags/example_complex.py for tasks to queue
[2025-02-21T06:40:54.044+0000] {logging_mixin.py:188} INFO - [2025-02-21T06:40:54.043+0000] {dagbag.py:538} INFO - Filling up the DagBag from /home/airflow/.local/lib/python3.8/site-packages/airflow/example_dags/example_complex.py
[2025-02-21T06:40:54.068+0000] {processor.py:840} INFO - DAG(s) 'example_complex' retrieved from /home/airflow/.local/lib/python3.8/site-packages/airflow/example_dags/example_complex.py
[2025-02-21T06:40:54.155+0000] {logging_mixin.py:188} INFO - [2025-02-21T06:40:54.155+0000] {dag.py:3036} INFO - Sync 1 DAGs
[2025-02-21T06:40:54.196+0000] {logging_mixin.py:188} INFO - [2025-02-21T06:40:54.195+0000] {dag.py:3823} INFO - Setting next_dagrun for example_complex to None, run_after=None
[2025-02-21T06:40:54.265+0000] {processor.py:183} INFO - Processing /home/airflow/.local/lib/python3.8/site-packages/airflow/example_dags/example_complex.py took 0.239 seconds
[2025-02-21T06:41:24.488+0000] {processor.py:161} INFO - Started process (PID=2063) to work on /home/airflow/.local/lib/python3.8/site-packages/airflow/example_dags/example_complex.py
[2025-02-21T06:41:24.491+0000] {processor.py:830} INFO - Processing file /home/airflow/.local/lib/python3.8/site-packages/airflow/example_dags/example_complex.py for tasks to queue
[2025-02-21T06:41:24.497+0000] {logging_mixin.py:188} INFO - [2025-02-21T06:41:24.496+0000] {dagbag.py:538} INFO - Filling up the DagBag from /home/airflow/.local/lib/python3.8/site-packages/airflow/example_dags/example_complex.py
[2025-02-21T06:41:24.524+0000] {processor.py:840} INFO - DAG(s) 'example_complex' retrieved from /home/airflow/.local/lib/python3.8/site-packages/airflow/example_dags/example_complex.py
[2025-02-21T06:41:24.612+0000] {logging_mixin.py:188} INFO - [2025-02-21T06:41:24.611+0000] {dag.py:3036} INFO - Sync 1 DAGs
[2025-02-21T06:41:24.641+0000] {logging_mixin.py:188} INFO - [2025-02-21T06:41:24.641+0000] {dag.py:3823} INFO - Setting next_dagrun for example_complex to None, run_after=None
[2025-02-21T06:41:24.685+0000] {processor.py:183} INFO - Processing /home/airflow/.local/lib/python3.8/site-packages/airflow/example_dags/example_complex.py took 0.207 seconds
[2025-02-21T06:41:56.256+0000] {processor.py:161} INFO - Started process (PID=2118) to work on /home/airflow/.local/lib/python3.8/site-packages/airflow/example_dags/example_complex.py
[2025-02-21T06:41:56.260+0000] {processor.py:830} INFO - Processing file /home/airflow/.local/lib/python3.8/site-packages/airflow/example_dags/example_complex.py for tasks to queue
[2025-02-21T06:41:56.270+0000] {logging_mixin.py:188} INFO - [2025-02-21T06:41:56.269+0000] {dagbag.py:538} INFO - Filling up the DagBag from /home/airflow/.local/lib/python3.8/site-packages/airflow/example_dags/example_complex.py
[2025-02-21T06:41:56.317+0000] {processor.py:840} INFO - DAG(s) 'example_complex' retrieved from /home/airflow/.local/lib/python3.8/site-packages/airflow/example_dags/example_complex.py
[2025-02-21T06:41:56.450+0000] {logging_mixin.py:188} INFO - [2025-02-21T06:41:56.449+0000] {dag.py:3036} INFO - Sync 1 DAGs
[2025-02-21T06:41:56.492+0000] {logging_mixin.py:188} INFO - [2025-02-21T06:41:56.491+0000] {dag.py:3823} INFO - Setting next_dagrun for example_complex to None, run_after=None
[2025-02-21T06:41:56.591+0000] {processor.py:183} INFO - Processing /home/airflow/.local/lib/python3.8/site-packages/airflow/example_dags/example_complex.py took 0.345 seconds
[2025-02-21T06:42:27.024+0000] {processor.py:161} INFO - Started process (PID=2172) to work on /home/airflow/.local/lib/python3.8/site-packages/airflow/example_dags/example_complex.py
[2025-02-21T06:42:27.027+0000] {processor.py:830} INFO - Processing file /home/airflow/.local/lib/python3.8/site-packages/airflow/example_dags/example_complex.py for tasks to queue
[2025-02-21T06:42:27.031+0000] {logging_mixin.py:188} INFO - [2025-02-21T06:42:27.031+0000] {dagbag.py:538} INFO - Filling up the DagBag from /home/airflow/.local/lib/python3.8/site-packages/airflow/example_dags/example_complex.py
[2025-02-21T06:42:27.064+0000] {processor.py:840} INFO - DAG(s) 'example_complex' retrieved from /home/airflow/.local/lib/python3.8/site-packages/airflow/example_dags/example_complex.py
[2025-02-21T06:42:27.172+0000] {logging_mixin.py:188} INFO - [2025-02-21T06:42:27.172+0000] {dag.py:3036} INFO - Sync 1 DAGs
[2025-02-21T06:42:27.207+0000] {logging_mixin.py:188} INFO - [2025-02-21T06:42:27.206+0000] {dag.py:3823} INFO - Setting next_dagrun for example_complex to None, run_after=None
[2025-02-21T06:42:27.267+0000] {processor.py:183} INFO - Processing /home/airflow/.local/lib/python3.8/site-packages/airflow/example_dags/example_complex.py took 0.254 seconds
[2025-02-21T06:42:57.446+0000] {processor.py:161} INFO - Started process (PID=2228) to work on /home/airflow/.local/lib/python3.8/site-packages/airflow/example_dags/example_complex.py
[2025-02-21T06:42:57.450+0000] {processor.py:830} INFO - Processing file /home/airflow/.local/lib/python3.8/site-packages/airflow/example_dags/example_complex.py for tasks to queue
[2025-02-21T06:42:57.459+0000] {logging_mixin.py:188} INFO - [2025-02-21T06:42:57.458+0000] {dagbag.py:538} INFO - Filling up the DagBag from /home/airflow/.local/lib/python3.8/site-packages/airflow/example_dags/example_complex.py
[2025-02-21T06:42:57.493+0000] {processor.py:840} INFO - DAG(s) 'example_complex' retrieved from /home/airflow/.local/lib/python3.8/site-packages/airflow/example_dags/example_complex.py
[2025-02-21T06:42:57.614+0000] {logging_mixin.py:188} INFO - [2025-02-21T06:42:57.614+0000] {dag.py:3036} INFO - Sync 1 DAGs
[2025-02-21T06:42:57.648+0000] {logging_mixin.py:188} INFO - [2025-02-21T06:42:57.648+0000] {dag.py:3823} INFO - Setting next_dagrun for example_complex to None, run_after=None
[2025-02-21T06:42:57.700+0000] {processor.py:183} INFO - Processing /home/airflow/.local/lib/python3.8/site-packages/airflow/example_dags/example_complex.py took 0.263 seconds
[2025-02-21T06:43:28.495+0000] {processor.py:161} INFO - Started process (PID=2283) to work on /home/airflow/.local/lib/python3.8/site-packages/airflow/example_dags/example_complex.py
[2025-02-21T06:43:28.502+0000] {processor.py:830} INFO - Processing file /home/airflow/.local/lib/python3.8/site-packages/airflow/example_dags/example_complex.py for tasks to queue
[2025-02-21T06:43:28.528+0000] {logging_mixin.py:188} INFO - [2025-02-21T06:43:28.521+0000] {dagbag.py:538} INFO - Filling up the DagBag from /home/airflow/.local/lib/python3.8/site-packages/airflow/example_dags/example_complex.py
[2025-02-21T06:43:28.608+0000] {processor.py:840} INFO - DAG(s) 'example_complex' retrieved from /home/airflow/.local/lib/python3.8/site-packages/airflow/example_dags/example_complex.py
[2025-02-21T06:43:28.862+0000] {logging_mixin.py:188} INFO - [2025-02-21T06:43:28.861+0000] {dag.py:3036} INFO - Sync 1 DAGs
[2025-02-21T06:43:28.917+0000] {logging_mixin.py:188} INFO - [2025-02-21T06:43:28.916+0000] {dag.py:3823} INFO - Setting next_dagrun for example_complex to None, run_after=None
[2025-02-21T06:43:28.988+0000] {processor.py:183} INFO - Processing /home/airflow/.local/lib/python3.8/site-packages/airflow/example_dags/example_complex.py took 0.518 seconds
[2025-02-21T06:43:59.323+0000] {processor.py:161} INFO - Started process (PID=2340) to work on /home/airflow/.local/lib/python3.8/site-packages/airflow/example_dags/example_complex.py
[2025-02-21T06:43:59.326+0000] {processor.py:830} INFO - Processing file /home/airflow/.local/lib/python3.8/site-packages/airflow/example_dags/example_complex.py for tasks to queue
[2025-02-21T06:43:59.337+0000] {logging_mixin.py:188} INFO - [2025-02-21T06:43:59.336+0000] {dagbag.py:538} INFO - Filling up the DagBag from /home/airflow/.local/lib/python3.8/site-packages/airflow/example_dags/example_complex.py
[2025-02-21T06:43:59.381+0000] {processor.py:840} INFO - DAG(s) 'example_complex' retrieved from /home/airflow/.local/lib/python3.8/site-packages/airflow/example_dags/example_complex.py
[2025-02-21T06:43:59.503+0000] {logging_mixin.py:188} INFO - [2025-02-21T06:43:59.502+0000] {dag.py:3036} INFO - Sync 1 DAGs
[2025-02-21T06:43:59.539+0000] {logging_mixin.py:188} INFO - [2025-02-21T06:43:59.539+0000] {dag.py:3823} INFO - Setting next_dagrun for example_complex to None, run_after=None
[2025-02-21T06:43:59.614+0000] {processor.py:183} INFO - Processing /home/airflow/.local/lib/python3.8/site-packages/airflow/example_dags/example_complex.py took 0.299 seconds
[2025-02-21T06:44:29.931+0000] {processor.py:161} INFO - Started process (PID=2396) to work on /home/airflow/.local/lib/python3.8/site-packages/airflow/example_dags/example_complex.py
[2025-02-21T06:44:29.936+0000] {processor.py:830} INFO - Processing file /home/airflow/.local/lib/python3.8/site-packages/airflow/example_dags/example_complex.py for tasks to queue
[2025-02-21T06:44:29.944+0000] {logging_mixin.py:188} INFO - [2025-02-21T06:44:29.943+0000] {dagbag.py:538} INFO - Filling up the DagBag from /home/airflow/.local/lib/python3.8/site-packages/airflow/example_dags/example_complex.py
[2025-02-21T06:44:29.977+0000] {processor.py:840} INFO - DAG(s) 'example_complex' retrieved from /home/airflow/.local/lib/python3.8/site-packages/airflow/example_dags/example_complex.py
[2025-02-21T06:44:30.103+0000] {logging_mixin.py:188} INFO - [2025-02-21T06:44:30.102+0000] {dag.py:3036} INFO - Sync 1 DAGs
[2025-02-21T06:44:30.135+0000] {logging_mixin.py:188} INFO - [2025-02-21T06:44:30.135+0000] {dag.py:3823} INFO - Setting next_dagrun for example_complex to None, run_after=None
[2025-02-21T06:44:30.187+0000] {processor.py:183} INFO - Processing /home/airflow/.local/lib/python3.8/site-packages/airflow/example_dags/example_complex.py took 0.268 seconds
[2025-02-21T06:45:00.663+0000] {processor.py:161} INFO - Started process (PID=2450) to work on /home/airflow/.local/lib/python3.8/site-packages/airflow/example_dags/example_complex.py
[2025-02-21T06:45:00.667+0000] {processor.py:830} INFO - Processing file /home/airflow/.local/lib/python3.8/site-packages/airflow/example_dags/example_complex.py for tasks to queue
[2025-02-21T06:45:00.674+0000] {logging_mixin.py:188} INFO - [2025-02-21T06:45:00.673+0000] {dagbag.py:538} INFO - Filling up the DagBag from /home/airflow/.local/lib/python3.8/site-packages/airflow/example_dags/example_complex.py
[2025-02-21T06:45:00.712+0000] {processor.py:840} INFO - DAG(s) 'example_complex' retrieved from /home/airflow/.local/lib/python3.8/site-packages/airflow/example_dags/example_complex.py
[2025-02-21T06:45:00.795+0000] {logging_mixin.py:188} INFO - [2025-02-21T06:45:00.795+0000] {dag.py:3036} INFO - Sync 1 DAGs
[2025-02-21T06:45:00.823+0000] {logging_mixin.py:188} INFO - [2025-02-21T06:45:00.822+0000] {dag.py:3823} INFO - Setting next_dagrun for example_complex to None, run_after=None
[2025-02-21T06:45:00.872+0000] {processor.py:183} INFO - Processing /home/airflow/.local/lib/python3.8/site-packages/airflow/example_dags/example_complex.py took 0.223 seconds
[2025-02-21T06:45:31.322+0000] {processor.py:161} INFO - Started process (PID=2506) to work on /home/airflow/.local/lib/python3.8/site-packages/airflow/example_dags/example_complex.py
[2025-02-21T06:45:31.326+0000] {processor.py:830} INFO - Processing file /home/airflow/.local/lib/python3.8/site-packages/airflow/example_dags/example_complex.py for tasks to queue
[2025-02-21T06:45:31.332+0000] {logging_mixin.py:188} INFO - [2025-02-21T06:45:31.332+0000] {dagbag.py:538} INFO - Filling up the DagBag from /home/airflow/.local/lib/python3.8/site-packages/airflow/example_dags/example_complex.py
[2025-02-21T06:45:31.390+0000] {processor.py:840} INFO - DAG(s) 'example_complex' retrieved from /home/airflow/.local/lib/python3.8/site-packages/airflow/example_dags/example_complex.py
[2025-02-21T06:45:31.488+0000] {logging_mixin.py:188} INFO - [2025-02-21T06:45:31.487+0000] {dag.py:3036} INFO - Sync 1 DAGs
[2025-02-21T06:45:31.520+0000] {logging_mixin.py:188} INFO - [2025-02-21T06:45:31.519+0000] {dag.py:3823} INFO - Setting next_dagrun for example_complex to None, run_after=None
[2025-02-21T06:45:31.605+0000] {processor.py:183} INFO - Processing /home/airflow/.local/lib/python3.8/site-packages/airflow/example_dags/example_complex.py took 0.290 seconds
[2025-02-21T06:46:02.219+0000] {processor.py:161} INFO - Started process (PID=2561) to work on /home/airflow/.local/lib/python3.8/site-packages/airflow/example_dags/example_complex.py
[2025-02-21T06:46:02.224+0000] {processor.py:830} INFO - Processing file /home/airflow/.local/lib/python3.8/site-packages/airflow/example_dags/example_complex.py for tasks to queue
[2025-02-21T06:46:02.231+0000] {logging_mixin.py:188} INFO - [2025-02-21T06:46:02.230+0000] {dagbag.py:538} INFO - Filling up the DagBag from /home/airflow/.local/lib/python3.8/site-packages/airflow/example_dags/example_complex.py
[2025-02-21T06:46:02.268+0000] {processor.py:840} INFO - DAG(s) 'example_complex' retrieved from /home/airflow/.local/lib/python3.8/site-packages/airflow/example_dags/example_complex.py
[2025-02-21T06:46:02.405+0000] {logging_mixin.py:188} INFO - [2025-02-21T06:46:02.404+0000] {dag.py:3036} INFO - Sync 1 DAGs
[2025-02-21T06:46:02.445+0000] {logging_mixin.py:188} INFO - [2025-02-21T06:46:02.445+0000] {dag.py:3823} INFO - Setting next_dagrun for example_complex to None, run_after=None
[2025-02-21T06:46:02.961+0000] {processor.py:183} INFO - Processing /home/airflow/.local/lib/python3.8/site-packages/airflow/example_dags/example_complex.py took 0.757 seconds
[2025-02-21T06:46:33.367+0000] {processor.py:161} INFO - Started process (PID=2616) to work on /home/airflow/.local/lib/python3.8/site-packages/airflow/example_dags/example_complex.py
[2025-02-21T06:46:33.374+0000] {processor.py:830} INFO - Processing file /home/airflow/.local/lib/python3.8/site-packages/airflow/example_dags/example_complex.py for tasks to queue
[2025-02-21T06:46:33.381+0000] {logging_mixin.py:188} INFO - [2025-02-21T06:46:33.380+0000] {dagbag.py:538} INFO - Filling up the DagBag from /home/airflow/.local/lib/python3.8/site-packages/airflow/example_dags/example_complex.py
[2025-02-21T06:46:33.419+0000] {processor.py:840} INFO - DAG(s) 'example_complex' retrieved from /home/airflow/.local/lib/python3.8/site-packages/airflow/example_dags/example_complex.py
[2025-02-21T06:46:33.503+0000] {logging_mixin.py:188} INFO - [2025-02-21T06:46:33.502+0000] {dag.py:3036} INFO - Sync 1 DAGs
[2025-02-21T06:46:33.538+0000] {logging_mixin.py:188} INFO - [2025-02-21T06:46:33.538+0000] {dag.py:3823} INFO - Setting next_dagrun for example_complex to None, run_after=None
[2025-02-21T06:46:33.602+0000] {processor.py:183} INFO - Processing /home/airflow/.local/lib/python3.8/site-packages/airflow/example_dags/example_complex.py took 0.256 seconds
[2025-02-21T06:47:04.414+0000] {processor.py:161} INFO - Started process (PID=2671) to work on /home/airflow/.local/lib/python3.8/site-packages/airflow/example_dags/example_complex.py
[2025-02-21T06:47:04.422+0000] {processor.py:830} INFO - Processing file /home/airflow/.local/lib/python3.8/site-packages/airflow/example_dags/example_complex.py for tasks to queue
[2025-02-21T06:47:04.430+0000] {logging_mixin.py:188} INFO - [2025-02-21T06:47:04.430+0000] {dagbag.py:538} INFO - Filling up the DagBag from /home/airflow/.local/lib/python3.8/site-packages/airflow/example_dags/example_complex.py
[2025-02-21T06:47:04.468+0000] {processor.py:840} INFO - DAG(s) 'example_complex' retrieved from /home/airflow/.local/lib/python3.8/site-packages/airflow/example_dags/example_complex.py
[2025-02-21T06:47:04.612+0000] {logging_mixin.py:188} INFO - [2025-02-21T06:47:04.612+0000] {dag.py:3036} INFO - Sync 1 DAGs
[2025-02-21T06:47:04.675+0000] {logging_mixin.py:188} INFO - [2025-02-21T06:47:04.674+0000] {dag.py:3823} INFO - Setting next_dagrun for example_complex to None, run_after=None
[2025-02-21T06:47:04.747+0000] {processor.py:183} INFO - Processing /home/airflow/.local/lib/python3.8/site-packages/airflow/example_dags/example_complex.py took 0.343 seconds
[2025-02-21T06:47:35.178+0000] {processor.py:161} INFO - Started process (PID=2726) to work on /home/airflow/.local/lib/python3.8/site-packages/airflow/example_dags/example_complex.py
[2025-02-21T06:47:35.181+0000] {processor.py:830} INFO - Processing file /home/airflow/.local/lib/python3.8/site-packages/airflow/example_dags/example_complex.py for tasks to queue
[2025-02-21T06:47:35.187+0000] {logging_mixin.py:188} INFO - [2025-02-21T06:47:35.187+0000] {dagbag.py:538} INFO - Filling up the DagBag from /home/airflow/.local/lib/python3.8/site-packages/airflow/example_dags/example_complex.py
[2025-02-21T06:47:35.210+0000] {processor.py:840} INFO - DAG(s) 'example_complex' retrieved from /home/airflow/.local/lib/python3.8/site-packages/airflow/example_dags/example_complex.py
[2025-02-21T06:47:35.280+0000] {logging_mixin.py:188} INFO - [2025-02-21T06:47:35.280+0000] {dag.py:3036} INFO - Sync 1 DAGs
[2025-02-21T06:47:35.306+0000] {logging_mixin.py:188} INFO - [2025-02-21T06:47:35.305+0000] {dag.py:3823} INFO - Setting next_dagrun for example_complex to None, run_after=None
[2025-02-21T06:47:35.363+0000] {processor.py:183} INFO - Processing /home/airflow/.local/lib/python3.8/site-packages/airflow/example_dags/example_complex.py took 0.195 seconds
