[2025-02-21T06:22:56.591+0000] {processor.py:161} INFO - Started process (PID=75) to work on /home/airflow/.local/lib/python3.8/site-packages/airflow/example_dags/example_setup_teardown.py
[2025-02-21T06:22:56.593+0000] {processor.py:830} INFO - Processing file /home/airflow/.local/lib/python3.8/site-packages/airflow/example_dags/example_setup_teardown.py for tasks to queue
[2025-02-21T06:22:56.597+0000] {logging_mixin.py:188} INFO - [2025-02-21T06:22:56.597+0000] {dagbag.py:538} INFO - Filling up the DagBag from /home/airflow/.local/lib/python3.8/site-packages/airflow/example_dags/example_setup_teardown.py
[2025-02-21T06:22:56.649+0000] {processor.py:840} INFO - DAG(s) 'example_setup_teardown' retrieved from /home/airflow/.local/lib/python3.8/site-packages/airflow/example_dags/example_setup_teardown.py
[2025-02-21T06:22:57.132+0000] {logging_mixin.py:188} INFO - [2025-02-21T06:22:57.131+0000] {dag.py:3036} INFO - Sync 1 DAGs
[2025-02-21T06:22:57.260+0000] {logging_mixin.py:188} INFO - [2025-02-21T06:22:57.259+0000] {dag.py:3823} INFO - Setting next_dagrun for example_setup_teardown to 2025-02-20 00:00:00+00:00, run_after=2025-02-21 00:00:00+00:00
[2025-02-21T06:22:57.368+0000] {processor.py:183} INFO - Processing /home/airflow/.local/lib/python3.8/site-packages/airflow/example_dags/example_setup_teardown.py took 0.790 seconds
[2025-02-21T06:23:27.674+0000] {processor.py:161} INFO - Started process (PID=131) to work on /home/airflow/.local/lib/python3.8/site-packages/airflow/example_dags/example_setup_teardown.py
[2025-02-21T06:23:27.678+0000] {processor.py:830} INFO - Processing file /home/airflow/.local/lib/python3.8/site-packages/airflow/example_dags/example_setup_teardown.py for tasks to queue
[2025-02-21T06:23:27.683+0000] {logging_mixin.py:188} INFO - [2025-02-21T06:23:27.683+0000] {dagbag.py:538} INFO - Filling up the DagBag from /home/airflow/.local/lib/python3.8/site-packages/airflow/example_dags/example_setup_teardown.py
[2025-02-21T06:23:27.707+0000] {processor.py:840} INFO - DAG(s) 'example_setup_teardown' retrieved from /home/airflow/.local/lib/python3.8/site-packages/airflow/example_dags/example_setup_teardown.py
[2025-02-21T06:23:27.786+0000] {logging_mixin.py:188} INFO - [2025-02-21T06:23:27.786+0000] {dag.py:3036} INFO - Sync 1 DAGs
[2025-02-21T06:23:27.852+0000] {logging_mixin.py:188} INFO - [2025-02-21T06:23:27.851+0000] {dag.py:3823} INFO - Setting next_dagrun for example_setup_teardown to 2025-02-20 00:00:00+00:00, run_after=2025-02-21 00:00:00+00:00
[2025-02-21T06:23:27.925+0000] {processor.py:183} INFO - Processing /home/airflow/.local/lib/python3.8/site-packages/airflow/example_dags/example_setup_teardown.py took 0.263 seconds
[2025-02-21T06:23:59.036+0000] {processor.py:161} INFO - Started process (PID=185) to work on /home/airflow/.local/lib/python3.8/site-packages/airflow/example_dags/example_setup_teardown.py
[2025-02-21T06:23:59.043+0000] {processor.py:830} INFO - Processing file /home/airflow/.local/lib/python3.8/site-packages/airflow/example_dags/example_setup_teardown.py for tasks to queue
[2025-02-21T06:23:59.062+0000] {logging_mixin.py:188} INFO - [2025-02-21T06:23:59.060+0000] {dagbag.py:538} INFO - Filling up the DagBag from /home/airflow/.local/lib/python3.8/site-packages/airflow/example_dags/example_setup_teardown.py
[2025-02-21T06:23:59.121+0000] {processor.py:840} INFO - DAG(s) 'example_setup_teardown' retrieved from /home/airflow/.local/lib/python3.8/site-packages/airflow/example_dags/example_setup_teardown.py
[2025-02-21T06:23:59.203+0000] {logging_mixin.py:188} INFO - [2025-02-21T06:23:59.203+0000] {dag.py:3036} INFO - Sync 1 DAGs
[2025-02-21T06:23:59.278+0000] {logging_mixin.py:188} INFO - [2025-02-21T06:23:59.278+0000] {dag.py:3823} INFO - Setting next_dagrun for example_setup_teardown to 2025-02-20 00:00:00+00:00, run_after=2025-02-21 00:00:00+00:00
[2025-02-21T06:23:59.374+0000] {processor.py:183} INFO - Processing /home/airflow/.local/lib/python3.8/site-packages/airflow/example_dags/example_setup_teardown.py took 0.346 seconds
[2025-02-21T06:24:29.621+0000] {processor.py:161} INFO - Started process (PID=240) to work on /home/airflow/.local/lib/python3.8/site-packages/airflow/example_dags/example_setup_teardown.py
[2025-02-21T06:24:29.636+0000] {processor.py:830} INFO - Processing file /home/airflow/.local/lib/python3.8/site-packages/airflow/example_dags/example_setup_teardown.py for tasks to queue
[2025-02-21T06:24:29.649+0000] {logging_mixin.py:188} INFO - [2025-02-21T06:24:29.646+0000] {dagbag.py:538} INFO - Filling up the DagBag from /home/airflow/.local/lib/python3.8/site-packages/airflow/example_dags/example_setup_teardown.py
[2025-02-21T06:24:29.687+0000] {processor.py:840} INFO - DAG(s) 'example_setup_teardown' retrieved from /home/airflow/.local/lib/python3.8/site-packages/airflow/example_dags/example_setup_teardown.py
[2025-02-21T06:24:29.763+0000] {logging_mixin.py:188} INFO - [2025-02-21T06:24:29.762+0000] {dag.py:3036} INFO - Sync 1 DAGs
[2025-02-21T06:24:29.842+0000] {logging_mixin.py:188} INFO - [2025-02-21T06:24:29.841+0000] {dag.py:3823} INFO - Setting next_dagrun for example_setup_teardown to 2025-02-20 00:00:00+00:00, run_after=2025-02-21 00:00:00+00:00
[2025-02-21T06:24:29.911+0000] {processor.py:183} INFO - Processing /home/airflow/.local/lib/python3.8/site-packages/airflow/example_dags/example_setup_teardown.py took 0.305 seconds
[2025-02-21T06:25:00.432+0000] {processor.py:161} INFO - Started process (PID=296) to work on /home/airflow/.local/lib/python3.8/site-packages/airflow/example_dags/example_setup_teardown.py
[2025-02-21T06:25:00.435+0000] {processor.py:830} INFO - Processing file /home/airflow/.local/lib/python3.8/site-packages/airflow/example_dags/example_setup_teardown.py for tasks to queue
[2025-02-21T06:25:00.441+0000] {logging_mixin.py:188} INFO - [2025-02-21T06:25:00.440+0000] {dagbag.py:538} INFO - Filling up the DagBag from /home/airflow/.local/lib/python3.8/site-packages/airflow/example_dags/example_setup_teardown.py
[2025-02-21T06:25:00.464+0000] {processor.py:840} INFO - DAG(s) 'example_setup_teardown' retrieved from /home/airflow/.local/lib/python3.8/site-packages/airflow/example_dags/example_setup_teardown.py
[2025-02-21T06:25:00.534+0000] {logging_mixin.py:188} INFO - [2025-02-21T06:25:00.533+0000] {dag.py:3036} INFO - Sync 1 DAGs
[2025-02-21T06:25:00.609+0000] {logging_mixin.py:188} INFO - [2025-02-21T06:25:00.608+0000] {dag.py:3823} INFO - Setting next_dagrun for example_setup_teardown to 2025-02-20 00:00:00+00:00, run_after=2025-02-21 00:00:00+00:00
[2025-02-21T06:25:00.668+0000] {processor.py:183} INFO - Processing /home/airflow/.local/lib/python3.8/site-packages/airflow/example_dags/example_setup_teardown.py took 0.245 seconds
[2025-02-21T06:25:30.812+0000] {processor.py:161} INFO - Started process (PID=351) to work on /home/airflow/.local/lib/python3.8/site-packages/airflow/example_dags/example_setup_teardown.py
[2025-02-21T06:25:30.819+0000] {processor.py:830} INFO - Processing file /home/airflow/.local/lib/python3.8/site-packages/airflow/example_dags/example_setup_teardown.py for tasks to queue
[2025-02-21T06:25:30.825+0000] {logging_mixin.py:188} INFO - [2025-02-21T06:25:30.824+0000] {dagbag.py:538} INFO - Filling up the DagBag from /home/airflow/.local/lib/python3.8/site-packages/airflow/example_dags/example_setup_teardown.py
[2025-02-21T06:25:30.849+0000] {processor.py:840} INFO - DAG(s) 'example_setup_teardown' retrieved from /home/airflow/.local/lib/python3.8/site-packages/airflow/example_dags/example_setup_teardown.py
[2025-02-21T06:25:30.927+0000] {logging_mixin.py:188} INFO - [2025-02-21T06:25:30.926+0000] {dag.py:3036} INFO - Sync 1 DAGs
[2025-02-21T06:25:31.007+0000] {logging_mixin.py:188} INFO - [2025-02-21T06:25:31.007+0000] {dag.py:3823} INFO - Setting next_dagrun for example_setup_teardown to 2025-02-20 00:00:00+00:00, run_after=2025-02-21 00:00:00+00:00
[2025-02-21T06:25:31.072+0000] {processor.py:183} INFO - Processing /home/airflow/.local/lib/python3.8/site-packages/airflow/example_dags/example_setup_teardown.py took 0.267 seconds
[2025-02-21T06:26:01.247+0000] {processor.py:161} INFO - Started process (PID=406) to work on /home/airflow/.local/lib/python3.8/site-packages/airflow/example_dags/example_setup_teardown.py
[2025-02-21T06:26:01.252+0000] {processor.py:830} INFO - Processing file /home/airflow/.local/lib/python3.8/site-packages/airflow/example_dags/example_setup_teardown.py for tasks to queue
[2025-02-21T06:26:01.257+0000] {logging_mixin.py:188} INFO - [2025-02-21T06:26:01.256+0000] {dagbag.py:538} INFO - Filling up the DagBag from /home/airflow/.local/lib/python3.8/site-packages/airflow/example_dags/example_setup_teardown.py
[2025-02-21T06:26:01.279+0000] {processor.py:840} INFO - DAG(s) 'example_setup_teardown' retrieved from /home/airflow/.local/lib/python3.8/site-packages/airflow/example_dags/example_setup_teardown.py
[2025-02-21T06:26:01.352+0000] {logging_mixin.py:188} INFO - [2025-02-21T06:26:01.352+0000] {dag.py:3036} INFO - Sync 1 DAGs
[2025-02-21T06:26:01.414+0000] {logging_mixin.py:188} INFO - [2025-02-21T06:26:01.414+0000] {dag.py:3823} INFO - Setting next_dagrun for example_setup_teardown to 2025-02-20 00:00:00+00:00, run_after=2025-02-21 00:00:00+00:00
[2025-02-21T06:26:01.471+0000] {processor.py:183} INFO - Processing /home/airflow/.local/lib/python3.8/site-packages/airflow/example_dags/example_setup_teardown.py took 0.236 seconds
[2025-02-21T06:26:32.275+0000] {processor.py:161} INFO - Started process (PID=461) to work on /home/airflow/.local/lib/python3.8/site-packages/airflow/example_dags/example_setup_teardown.py
[2025-02-21T06:26:32.278+0000] {processor.py:830} INFO - Processing file /home/airflow/.local/lib/python3.8/site-packages/airflow/example_dags/example_setup_teardown.py for tasks to queue
[2025-02-21T06:26:32.284+0000] {logging_mixin.py:188} INFO - [2025-02-21T06:26:32.283+0000] {dagbag.py:538} INFO - Filling up the DagBag from /home/airflow/.local/lib/python3.8/site-packages/airflow/example_dags/example_setup_teardown.py
[2025-02-21T06:26:32.303+0000] {processor.py:840} INFO - DAG(s) 'example_setup_teardown' retrieved from /home/airflow/.local/lib/python3.8/site-packages/airflow/example_dags/example_setup_teardown.py
[2025-02-21T06:26:32.372+0000] {logging_mixin.py:188} INFO - [2025-02-21T06:26:32.372+0000] {dag.py:3036} INFO - Sync 1 DAGs
[2025-02-21T06:26:32.438+0000] {logging_mixin.py:188} INFO - [2025-02-21T06:26:32.437+0000] {dag.py:3823} INFO - Setting next_dagrun for example_setup_teardown to 2025-02-20 00:00:00+00:00, run_after=2025-02-21 00:00:00+00:00
[2025-02-21T06:26:32.503+0000] {processor.py:183} INFO - Processing /home/airflow/.local/lib/python3.8/site-packages/airflow/example_dags/example_setup_teardown.py took 0.235 seconds
[2025-02-21T06:27:03.399+0000] {processor.py:161} INFO - Started process (PID=517) to work on /home/airflow/.local/lib/python3.8/site-packages/airflow/example_dags/example_setup_teardown.py
[2025-02-21T06:27:03.403+0000] {processor.py:830} INFO - Processing file /home/airflow/.local/lib/python3.8/site-packages/airflow/example_dags/example_setup_teardown.py for tasks to queue
[2025-02-21T06:27:03.411+0000] {logging_mixin.py:188} INFO - [2025-02-21T06:27:03.410+0000] {dagbag.py:538} INFO - Filling up the DagBag from /home/airflow/.local/lib/python3.8/site-packages/airflow/example_dags/example_setup_teardown.py
[2025-02-21T06:27:03.435+0000] {processor.py:840} INFO - DAG(s) 'example_setup_teardown' retrieved from /home/airflow/.local/lib/python3.8/site-packages/airflow/example_dags/example_setup_teardown.py
[2025-02-21T06:27:03.501+0000] {logging_mixin.py:188} INFO - [2025-02-21T06:27:03.500+0000] {dag.py:3036} INFO - Sync 1 DAGs
[2025-02-21T06:27:03.566+0000] {logging_mixin.py:188} INFO - [2025-02-21T06:27:03.565+0000] {dag.py:3823} INFO - Setting next_dagrun for example_setup_teardown to 2025-02-20 00:00:00+00:00, run_after=2025-02-21 00:00:00+00:00
[2025-02-21T06:27:03.623+0000] {processor.py:183} INFO - Processing /home/airflow/.local/lib/python3.8/site-packages/airflow/example_dags/example_setup_teardown.py took 0.239 seconds
[2025-02-21T06:27:34.022+0000] {processor.py:161} INFO - Started process (PID=569) to work on /home/airflow/.local/lib/python3.8/site-packages/airflow/example_dags/example_setup_teardown.py
[2025-02-21T06:27:34.027+0000] {processor.py:830} INFO - Processing file /home/airflow/.local/lib/python3.8/site-packages/airflow/example_dags/example_setup_teardown.py for tasks to queue
[2025-02-21T06:27:34.037+0000] {logging_mixin.py:188} INFO - [2025-02-21T06:27:34.036+0000] {dagbag.py:538} INFO - Filling up the DagBag from /home/airflow/.local/lib/python3.8/site-packages/airflow/example_dags/example_setup_teardown.py
[2025-02-21T06:27:34.080+0000] {processor.py:840} INFO - DAG(s) 'example_setup_teardown' retrieved from /home/airflow/.local/lib/python3.8/site-packages/airflow/example_dags/example_setup_teardown.py
[2025-02-21T06:27:34.178+0000] {logging_mixin.py:188} INFO - [2025-02-21T06:27:34.177+0000] {dag.py:3036} INFO - Sync 1 DAGs
[2025-02-21T06:27:34.270+0000] {logging_mixin.py:188} INFO - [2025-02-21T06:27:34.269+0000] {dag.py:3823} INFO - Setting next_dagrun for example_setup_teardown to 2025-02-20 00:00:00+00:00, run_after=2025-02-21 00:00:00+00:00
[2025-02-21T06:27:34.347+0000] {processor.py:183} INFO - Processing /home/airflow/.local/lib/python3.8/site-packages/airflow/example_dags/example_setup_teardown.py took 0.335 seconds
[2025-02-21T06:28:04.597+0000] {processor.py:161} INFO - Started process (PID=624) to work on /home/airflow/.local/lib/python3.8/site-packages/airflow/example_dags/example_setup_teardown.py
[2025-02-21T06:28:04.603+0000] {processor.py:830} INFO - Processing file /home/airflow/.local/lib/python3.8/site-packages/airflow/example_dags/example_setup_teardown.py for tasks to queue
[2025-02-21T06:28:04.621+0000] {logging_mixin.py:188} INFO - [2025-02-21T06:28:04.620+0000] {dagbag.py:538} INFO - Filling up the DagBag from /home/airflow/.local/lib/python3.8/site-packages/airflow/example_dags/example_setup_teardown.py
[2025-02-21T06:28:04.653+0000] {processor.py:840} INFO - DAG(s) 'example_setup_teardown' retrieved from /home/airflow/.local/lib/python3.8/site-packages/airflow/example_dags/example_setup_teardown.py
[2025-02-21T06:28:04.730+0000] {logging_mixin.py:188} INFO - [2025-02-21T06:28:04.729+0000] {dag.py:3036} INFO - Sync 1 DAGs
[2025-02-21T06:28:04.806+0000] {logging_mixin.py:188} INFO - [2025-02-21T06:28:04.805+0000] {dag.py:3823} INFO - Setting next_dagrun for example_setup_teardown to 2025-02-20 00:00:00+00:00, run_after=2025-02-21 00:00:00+00:00
[2025-02-21T06:28:04.878+0000] {processor.py:183} INFO - Processing /home/airflow/.local/lib/python3.8/site-packages/airflow/example_dags/example_setup_teardown.py took 0.291 seconds
[2025-02-21T06:28:35.271+0000] {processor.py:161} INFO - Started process (PID=679) to work on /home/airflow/.local/lib/python3.8/site-packages/airflow/example_dags/example_setup_teardown.py
[2025-02-21T06:28:35.277+0000] {processor.py:830} INFO - Processing file /home/airflow/.local/lib/python3.8/site-packages/airflow/example_dags/example_setup_teardown.py for tasks to queue
[2025-02-21T06:28:35.286+0000] {logging_mixin.py:188} INFO - [2025-02-21T06:28:35.285+0000] {dagbag.py:538} INFO - Filling up the DagBag from /home/airflow/.local/lib/python3.8/site-packages/airflow/example_dags/example_setup_teardown.py
[2025-02-21T06:28:35.313+0000] {processor.py:840} INFO - DAG(s) 'example_setup_teardown' retrieved from /home/airflow/.local/lib/python3.8/site-packages/airflow/example_dags/example_setup_teardown.py
[2025-02-21T06:28:35.377+0000] {logging_mixin.py:188} INFO - [2025-02-21T06:28:35.376+0000] {dag.py:3036} INFO - Sync 1 DAGs
[2025-02-21T06:28:35.439+0000] {logging_mixin.py:188} INFO - [2025-02-21T06:28:35.439+0000] {dag.py:3823} INFO - Setting next_dagrun for example_setup_teardown to 2025-02-20 00:00:00+00:00, run_after=2025-02-21 00:00:00+00:00
[2025-02-21T06:28:35.494+0000] {processor.py:183} INFO - Processing /home/airflow/.local/lib/python3.8/site-packages/airflow/example_dags/example_setup_teardown.py took 0.234 seconds
[2025-02-21T06:29:05.683+0000] {processor.py:161} INFO - Started process (PID=733) to work on /home/airflow/.local/lib/python3.8/site-packages/airflow/example_dags/example_setup_teardown.py
[2025-02-21T06:29:05.686+0000] {processor.py:830} INFO - Processing file /home/airflow/.local/lib/python3.8/site-packages/airflow/example_dags/example_setup_teardown.py for tasks to queue
[2025-02-21T06:29:05.696+0000] {logging_mixin.py:188} INFO - [2025-02-21T06:29:05.695+0000] {dagbag.py:538} INFO - Filling up the DagBag from /home/airflow/.local/lib/python3.8/site-packages/airflow/example_dags/example_setup_teardown.py
[2025-02-21T06:29:05.712+0000] {processor.py:840} INFO - DAG(s) 'example_setup_teardown' retrieved from /home/airflow/.local/lib/python3.8/site-packages/airflow/example_dags/example_setup_teardown.py
[2025-02-21T06:29:05.781+0000] {logging_mixin.py:188} INFO - [2025-02-21T06:29:05.781+0000] {dag.py:3036} INFO - Sync 1 DAGs
[2025-02-21T06:29:05.836+0000] {logging_mixin.py:188} INFO - [2025-02-21T06:29:05.836+0000] {dag.py:3823} INFO - Setting next_dagrun for example_setup_teardown to 2025-02-20 00:00:00+00:00, run_after=2025-02-21 00:00:00+00:00
[2025-02-21T06:29:05.887+0000] {processor.py:183} INFO - Processing /home/airflow/.local/lib/python3.8/site-packages/airflow/example_dags/example_setup_teardown.py took 0.213 seconds
[2025-02-21T06:29:36.568+0000] {processor.py:161} INFO - Started process (PID=788) to work on /home/airflow/.local/lib/python3.8/site-packages/airflow/example_dags/example_setup_teardown.py
[2025-02-21T06:29:36.571+0000] {processor.py:830} INFO - Processing file /home/airflow/.local/lib/python3.8/site-packages/airflow/example_dags/example_setup_teardown.py for tasks to queue
[2025-02-21T06:29:36.578+0000] {logging_mixin.py:188} INFO - [2025-02-21T06:29:36.577+0000] {dagbag.py:538} INFO - Filling up the DagBag from /home/airflow/.local/lib/python3.8/site-packages/airflow/example_dags/example_setup_teardown.py
[2025-02-21T06:29:36.599+0000] {processor.py:840} INFO - DAG(s) 'example_setup_teardown' retrieved from /home/airflow/.local/lib/python3.8/site-packages/airflow/example_dags/example_setup_teardown.py
[2025-02-21T06:29:36.682+0000] {logging_mixin.py:188} INFO - [2025-02-21T06:29:36.682+0000] {dag.py:3036} INFO - Sync 1 DAGs
[2025-02-21T06:29:36.736+0000] {logging_mixin.py:188} INFO - [2025-02-21T06:29:36.735+0000] {dag.py:3823} INFO - Setting next_dagrun for example_setup_teardown to 2025-02-20 00:00:00+00:00, run_after=2025-02-21 00:00:00+00:00
[2025-02-21T06:29:36.808+0000] {processor.py:183} INFO - Processing /home/airflow/.local/lib/python3.8/site-packages/airflow/example_dags/example_setup_teardown.py took 0.249 seconds
[2025-02-21T06:30:07.299+0000] {processor.py:161} INFO - Started process (PID=843) to work on /home/airflow/.local/lib/python3.8/site-packages/airflow/example_dags/example_setup_teardown.py
[2025-02-21T06:30:07.302+0000] {processor.py:830} INFO - Processing file /home/airflow/.local/lib/python3.8/site-packages/airflow/example_dags/example_setup_teardown.py for tasks to queue
[2025-02-21T06:30:07.306+0000] {logging_mixin.py:188} INFO - [2025-02-21T06:30:07.305+0000] {dagbag.py:538} INFO - Filling up the DagBag from /home/airflow/.local/lib/python3.8/site-packages/airflow/example_dags/example_setup_teardown.py
[2025-02-21T06:30:07.321+0000] {processor.py:840} INFO - DAG(s) 'example_setup_teardown' retrieved from /home/airflow/.local/lib/python3.8/site-packages/airflow/example_dags/example_setup_teardown.py
[2025-02-21T06:30:07.387+0000] {logging_mixin.py:188} INFO - [2025-02-21T06:30:07.386+0000] {dag.py:3036} INFO - Sync 1 DAGs
[2025-02-21T06:30:07.451+0000] {logging_mixin.py:188} INFO - [2025-02-21T06:30:07.450+0000] {dag.py:3823} INFO - Setting next_dagrun for example_setup_teardown to 2025-02-20 00:00:00+00:00, run_after=2025-02-21 00:00:00+00:00
[2025-02-21T06:30:07.510+0000] {processor.py:183} INFO - Processing /home/airflow/.local/lib/python3.8/site-packages/airflow/example_dags/example_setup_teardown.py took 0.219 seconds
[2025-02-21T06:30:38.165+0000] {processor.py:161} INFO - Started process (PID=898) to work on /home/airflow/.local/lib/python3.8/site-packages/airflow/example_dags/example_setup_teardown.py
[2025-02-21T06:30:38.173+0000] {processor.py:830} INFO - Processing file /home/airflow/.local/lib/python3.8/site-packages/airflow/example_dags/example_setup_teardown.py for tasks to queue
[2025-02-21T06:30:38.186+0000] {logging_mixin.py:188} INFO - [2025-02-21T06:30:38.185+0000] {dagbag.py:538} INFO - Filling up the DagBag from /home/airflow/.local/lib/python3.8/site-packages/airflow/example_dags/example_setup_teardown.py
[2025-02-21T06:30:38.247+0000] {processor.py:840} INFO - DAG(s) 'example_setup_teardown' retrieved from /home/airflow/.local/lib/python3.8/site-packages/airflow/example_dags/example_setup_teardown.py
[2025-02-21T06:30:38.331+0000] {logging_mixin.py:188} INFO - [2025-02-21T06:30:38.330+0000] {dag.py:3036} INFO - Sync 1 DAGs
[2025-02-21T06:30:38.434+0000] {logging_mixin.py:188} INFO - [2025-02-21T06:30:38.433+0000] {dag.py:3823} INFO - Setting next_dagrun for example_setup_teardown to 2025-02-20 00:00:00+00:00, run_after=2025-02-21 00:00:00+00:00
[2025-02-21T06:30:38.497+0000] {processor.py:183} INFO - Processing /home/airflow/.local/lib/python3.8/site-packages/airflow/example_dags/example_setup_teardown.py took 0.348 seconds
[2025-02-21T06:31:08.723+0000] {processor.py:161} INFO - Started process (PID=954) to work on /home/airflow/.local/lib/python3.8/site-packages/airflow/example_dags/example_setup_teardown.py
[2025-02-21T06:31:08.729+0000] {processor.py:830} INFO - Processing file /home/airflow/.local/lib/python3.8/site-packages/airflow/example_dags/example_setup_teardown.py for tasks to queue
[2025-02-21T06:31:08.737+0000] {logging_mixin.py:188} INFO - [2025-02-21T06:31:08.736+0000] {dagbag.py:538} INFO - Filling up the DagBag from /home/airflow/.local/lib/python3.8/site-packages/airflow/example_dags/example_setup_teardown.py
[2025-02-21T06:31:08.768+0000] {processor.py:840} INFO - DAG(s) 'example_setup_teardown' retrieved from /home/airflow/.local/lib/python3.8/site-packages/airflow/example_dags/example_setup_teardown.py
[2025-02-21T06:31:08.872+0000] {logging_mixin.py:188} INFO - [2025-02-21T06:31:08.871+0000] {dag.py:3036} INFO - Sync 1 DAGs
[2025-02-21T06:31:08.995+0000] {logging_mixin.py:188} INFO - [2025-02-21T06:31:08.995+0000] {dag.py:3823} INFO - Setting next_dagrun for example_setup_teardown to 2025-02-20 00:00:00+00:00, run_after=2025-02-21 00:00:00+00:00
[2025-02-21T06:31:09.062+0000] {processor.py:183} INFO - Processing /home/airflow/.local/lib/python3.8/site-packages/airflow/example_dags/example_setup_teardown.py took 0.357 seconds
[2025-02-21T06:31:39.454+0000] {processor.py:161} INFO - Started process (PID=1015) to work on /home/airflow/.local/lib/python3.8/site-packages/airflow/example_dags/example_setup_teardown.py
[2025-02-21T06:31:39.463+0000] {processor.py:830} INFO - Processing file /home/airflow/.local/lib/python3.8/site-packages/airflow/example_dags/example_setup_teardown.py for tasks to queue
[2025-02-21T06:31:39.474+0000] {logging_mixin.py:188} INFO - [2025-02-21T06:31:39.472+0000] {dagbag.py:538} INFO - Filling up the DagBag from /home/airflow/.local/lib/python3.8/site-packages/airflow/example_dags/example_setup_teardown.py
[2025-02-21T06:31:39.513+0000] {processor.py:840} INFO - DAG(s) 'example_setup_teardown' retrieved from /home/airflow/.local/lib/python3.8/site-packages/airflow/example_dags/example_setup_teardown.py
[2025-02-21T06:31:39.617+0000] {logging_mixin.py:188} INFO - [2025-02-21T06:31:39.617+0000] {dag.py:3036} INFO - Sync 1 DAGs
[2025-02-21T06:31:39.734+0000] {logging_mixin.py:188} INFO - [2025-02-21T06:31:39.733+0000] {dag.py:3823} INFO - Setting next_dagrun for example_setup_teardown to 2025-02-20 00:00:00+00:00, run_after=2025-02-21 00:00:00+00:00
[2025-02-21T06:31:39.805+0000] {processor.py:183} INFO - Processing /home/airflow/.local/lib/python3.8/site-packages/airflow/example_dags/example_setup_teardown.py took 0.385 seconds
[2025-02-21T06:32:10.322+0000] {processor.py:161} INFO - Started process (PID=1070) to work on /home/airflow/.local/lib/python3.8/site-packages/airflow/example_dags/example_setup_teardown.py
[2025-02-21T06:32:10.326+0000] {processor.py:830} INFO - Processing file /home/airflow/.local/lib/python3.8/site-packages/airflow/example_dags/example_setup_teardown.py for tasks to queue
[2025-02-21T06:32:10.331+0000] {logging_mixin.py:188} INFO - [2025-02-21T06:32:10.330+0000] {dagbag.py:538} INFO - Filling up the DagBag from /home/airflow/.local/lib/python3.8/site-packages/airflow/example_dags/example_setup_teardown.py
[2025-02-21T06:32:10.351+0000] {processor.py:840} INFO - DAG(s) 'example_setup_teardown' retrieved from /home/airflow/.local/lib/python3.8/site-packages/airflow/example_dags/example_setup_teardown.py
[2025-02-21T06:32:10.412+0000] {logging_mixin.py:188} INFO - [2025-02-21T06:32:10.411+0000] {dag.py:3036} INFO - Sync 1 DAGs
[2025-02-21T06:32:10.474+0000] {logging_mixin.py:188} INFO - [2025-02-21T06:32:10.474+0000] {dag.py:3823} INFO - Setting next_dagrun for example_setup_teardown to 2025-02-20 00:00:00+00:00, run_after=2025-02-21 00:00:00+00:00
[2025-02-21T06:32:10.533+0000] {processor.py:183} INFO - Processing /home/airflow/.local/lib/python3.8/site-packages/airflow/example_dags/example_setup_teardown.py took 0.225 seconds
[2025-02-21T06:32:40.862+0000] {processor.py:161} INFO - Started process (PID=1125) to work on /home/airflow/.local/lib/python3.8/site-packages/airflow/example_dags/example_setup_teardown.py
[2025-02-21T06:32:40.865+0000] {processor.py:830} INFO - Processing file /home/airflow/.local/lib/python3.8/site-packages/airflow/example_dags/example_setup_teardown.py for tasks to queue
[2025-02-21T06:32:40.870+0000] {logging_mixin.py:188} INFO - [2025-02-21T06:32:40.870+0000] {dagbag.py:538} INFO - Filling up the DagBag from /home/airflow/.local/lib/python3.8/site-packages/airflow/example_dags/example_setup_teardown.py
[2025-02-21T06:32:40.888+0000] {processor.py:840} INFO - DAG(s) 'example_setup_teardown' retrieved from /home/airflow/.local/lib/python3.8/site-packages/airflow/example_dags/example_setup_teardown.py
[2025-02-21T06:32:40.965+0000] {logging_mixin.py:188} INFO - [2025-02-21T06:32:40.965+0000] {dag.py:3036} INFO - Sync 1 DAGs
[2025-02-21T06:32:41.034+0000] {logging_mixin.py:188} INFO - [2025-02-21T06:32:41.033+0000] {dag.py:3823} INFO - Setting next_dagrun for example_setup_teardown to 2025-02-20 00:00:00+00:00, run_after=2025-02-21 00:00:00+00:00
[2025-02-21T06:32:41.084+0000] {processor.py:183} INFO - Processing /home/airflow/.local/lib/python3.8/site-packages/airflow/example_dags/example_setup_teardown.py took 0.232 seconds
[2025-02-21T06:33:11.344+0000] {processor.py:161} INFO - Started process (PID=1180) to work on /home/airflow/.local/lib/python3.8/site-packages/airflow/example_dags/example_setup_teardown.py
[2025-02-21T06:33:11.348+0000] {processor.py:830} INFO - Processing file /home/airflow/.local/lib/python3.8/site-packages/airflow/example_dags/example_setup_teardown.py for tasks to queue
[2025-02-21T06:33:11.352+0000] {logging_mixin.py:188} INFO - [2025-02-21T06:33:11.352+0000] {dagbag.py:538} INFO - Filling up the DagBag from /home/airflow/.local/lib/python3.8/site-packages/airflow/example_dags/example_setup_teardown.py
[2025-02-21T06:33:11.372+0000] {processor.py:840} INFO - DAG(s) 'example_setup_teardown' retrieved from /home/airflow/.local/lib/python3.8/site-packages/airflow/example_dags/example_setup_teardown.py
[2025-02-21T06:33:11.434+0000] {logging_mixin.py:188} INFO - [2025-02-21T06:33:11.433+0000] {dag.py:3036} INFO - Sync 1 DAGs
[2025-02-21T06:33:11.485+0000] {logging_mixin.py:188} INFO - [2025-02-21T06:33:11.484+0000] {dag.py:3823} INFO - Setting next_dagrun for example_setup_teardown to 2025-02-20 00:00:00+00:00, run_after=2025-02-21 00:00:00+00:00
[2025-02-21T06:33:11.552+0000] {processor.py:183} INFO - Processing /home/airflow/.local/lib/python3.8/site-packages/airflow/example_dags/example_setup_teardown.py took 0.219 seconds
[2025-02-21T06:33:42.088+0000] {processor.py:161} INFO - Started process (PID=1235) to work on /home/airflow/.local/lib/python3.8/site-packages/airflow/example_dags/example_setup_teardown.py
[2025-02-21T06:33:42.092+0000] {processor.py:830} INFO - Processing file /home/airflow/.local/lib/python3.8/site-packages/airflow/example_dags/example_setup_teardown.py for tasks to queue
[2025-02-21T06:33:42.098+0000] {logging_mixin.py:188} INFO - [2025-02-21T06:33:42.097+0000] {dagbag.py:538} INFO - Filling up the DagBag from /home/airflow/.local/lib/python3.8/site-packages/airflow/example_dags/example_setup_teardown.py
[2025-02-21T06:33:42.118+0000] {processor.py:840} INFO - DAG(s) 'example_setup_teardown' retrieved from /home/airflow/.local/lib/python3.8/site-packages/airflow/example_dags/example_setup_teardown.py
[2025-02-21T06:33:42.196+0000] {logging_mixin.py:188} INFO - [2025-02-21T06:33:42.195+0000] {dag.py:3036} INFO - Sync 1 DAGs
[2025-02-21T06:33:42.264+0000] {logging_mixin.py:188} INFO - [2025-02-21T06:33:42.264+0000] {dag.py:3823} INFO - Setting next_dagrun for example_setup_teardown to 2025-02-20 00:00:00+00:00, run_after=2025-02-21 00:00:00+00:00
[2025-02-21T06:33:42.325+0000] {processor.py:183} INFO - Processing /home/airflow/.local/lib/python3.8/site-packages/airflow/example_dags/example_setup_teardown.py took 0.256 seconds
[2025-02-21T06:34:12.931+0000] {processor.py:161} INFO - Started process (PID=1290) to work on /home/airflow/.local/lib/python3.8/site-packages/airflow/example_dags/example_setup_teardown.py
[2025-02-21T06:34:12.934+0000] {processor.py:830} INFO - Processing file /home/airflow/.local/lib/python3.8/site-packages/airflow/example_dags/example_setup_teardown.py for tasks to queue
[2025-02-21T06:34:12.944+0000] {logging_mixin.py:188} INFO - [2025-02-21T06:34:12.943+0000] {dagbag.py:538} INFO - Filling up the DagBag from /home/airflow/.local/lib/python3.8/site-packages/airflow/example_dags/example_setup_teardown.py
[2025-02-21T06:34:12.969+0000] {processor.py:840} INFO - DAG(s) 'example_setup_teardown' retrieved from /home/airflow/.local/lib/python3.8/site-packages/airflow/example_dags/example_setup_teardown.py
[2025-02-21T06:34:13.051+0000] {logging_mixin.py:188} INFO - [2025-02-21T06:34:13.050+0000] {dag.py:3036} INFO - Sync 1 DAGs
[2025-02-21T06:34:13.102+0000] {logging_mixin.py:188} INFO - [2025-02-21T06:34:13.102+0000] {dag.py:3823} INFO - Setting next_dagrun for example_setup_teardown to 2025-02-20 00:00:00+00:00, run_after=2025-02-21 00:00:00+00:00
[2025-02-21T06:34:13.161+0000] {processor.py:183} INFO - Processing /home/airflow/.local/lib/python3.8/site-packages/airflow/example_dags/example_setup_teardown.py took 0.240 seconds
[2025-02-21T06:34:43.900+0000] {processor.py:161} INFO - Started process (PID=1345) to work on /home/airflow/.local/lib/python3.8/site-packages/airflow/example_dags/example_setup_teardown.py
[2025-02-21T06:34:43.904+0000] {processor.py:830} INFO - Processing file /home/airflow/.local/lib/python3.8/site-packages/airflow/example_dags/example_setup_teardown.py for tasks to queue
[2025-02-21T06:34:43.909+0000] {logging_mixin.py:188} INFO - [2025-02-21T06:34:43.908+0000] {dagbag.py:538} INFO - Filling up the DagBag from /home/airflow/.local/lib/python3.8/site-packages/airflow/example_dags/example_setup_teardown.py
[2025-02-21T06:34:43.927+0000] {processor.py:840} INFO - DAG(s) 'example_setup_teardown' retrieved from /home/airflow/.local/lib/python3.8/site-packages/airflow/example_dags/example_setup_teardown.py
[2025-02-21T06:34:43.979+0000] {logging_mixin.py:188} INFO - [2025-02-21T06:34:43.978+0000] {dag.py:3036} INFO - Sync 1 DAGs
[2025-02-21T06:34:44.037+0000] {logging_mixin.py:188} INFO - [2025-02-21T06:34:44.037+0000] {dag.py:3823} INFO - Setting next_dagrun for example_setup_teardown to 2025-02-20 00:00:00+00:00, run_after=2025-02-21 00:00:00+00:00
[2025-02-21T06:34:44.085+0000] {processor.py:183} INFO - Processing /home/airflow/.local/lib/python3.8/site-packages/airflow/example_dags/example_setup_teardown.py took 0.192 seconds
[2025-02-21T06:35:14.988+0000] {processor.py:161} INFO - Started process (PID=1401) to work on /home/airflow/.local/lib/python3.8/site-packages/airflow/example_dags/example_setup_teardown.py
[2025-02-21T06:35:14.993+0000] {processor.py:830} INFO - Processing file /home/airflow/.local/lib/python3.8/site-packages/airflow/example_dags/example_setup_teardown.py for tasks to queue
[2025-02-21T06:35:15.000+0000] {logging_mixin.py:188} INFO - [2025-02-21T06:35:14.999+0000] {dagbag.py:538} INFO - Filling up the DagBag from /home/airflow/.local/lib/python3.8/site-packages/airflow/example_dags/example_setup_teardown.py
[2025-02-21T06:35:15.018+0000] {processor.py:840} INFO - DAG(s) 'example_setup_teardown' retrieved from /home/airflow/.local/lib/python3.8/site-packages/airflow/example_dags/example_setup_teardown.py
[2025-02-21T06:35:15.116+0000] {logging_mixin.py:188} INFO - [2025-02-21T06:35:15.116+0000] {dag.py:3036} INFO - Sync 1 DAGs
[2025-02-21T06:35:15.180+0000] {logging_mixin.py:188} INFO - [2025-02-21T06:35:15.180+0000] {dag.py:3823} INFO - Setting next_dagrun for example_setup_teardown to 2025-02-20 00:00:00+00:00, run_after=2025-02-21 00:00:00+00:00
[2025-02-21T06:35:15.242+0000] {processor.py:183} INFO - Processing /home/airflow/.local/lib/python3.8/site-packages/airflow/example_dags/example_setup_teardown.py took 0.270 seconds
[2025-02-21T06:35:45.504+0000] {processor.py:161} INFO - Started process (PID=1456) to work on /home/airflow/.local/lib/python3.8/site-packages/airflow/example_dags/example_setup_teardown.py
[2025-02-21T06:35:45.508+0000] {processor.py:830} INFO - Processing file /home/airflow/.local/lib/python3.8/site-packages/airflow/example_dags/example_setup_teardown.py for tasks to queue
[2025-02-21T06:35:45.513+0000] {logging_mixin.py:188} INFO - [2025-02-21T06:35:45.513+0000] {dagbag.py:538} INFO - Filling up the DagBag from /home/airflow/.local/lib/python3.8/site-packages/airflow/example_dags/example_setup_teardown.py
[2025-02-21T06:35:45.532+0000] {processor.py:840} INFO - DAG(s) 'example_setup_teardown' retrieved from /home/airflow/.local/lib/python3.8/site-packages/airflow/example_dags/example_setup_teardown.py
[2025-02-21T06:35:45.601+0000] {logging_mixin.py:188} INFO - [2025-02-21T06:35:45.600+0000] {dag.py:3036} INFO - Sync 1 DAGs
[2025-02-21T06:35:45.686+0000] {logging_mixin.py:188} INFO - [2025-02-21T06:35:45.685+0000] {dag.py:3823} INFO - Setting next_dagrun for example_setup_teardown to 2025-02-20 00:00:00+00:00, run_after=2025-02-21 00:00:00+00:00
[2025-02-21T06:35:45.803+0000] {processor.py:183} INFO - Processing /home/airflow/.local/lib/python3.8/site-packages/airflow/example_dags/example_setup_teardown.py took 0.310 seconds
[2025-02-21T06:36:16.818+0000] {processor.py:161} INFO - Started process (PID=1511) to work on /home/airflow/.local/lib/python3.8/site-packages/airflow/example_dags/example_setup_teardown.py
[2025-02-21T06:36:16.824+0000] {processor.py:830} INFO - Processing file /home/airflow/.local/lib/python3.8/site-packages/airflow/example_dags/example_setup_teardown.py for tasks to queue
[2025-02-21T06:36:16.831+0000] {logging_mixin.py:188} INFO - [2025-02-21T06:36:16.830+0000] {dagbag.py:538} INFO - Filling up the DagBag from /home/airflow/.local/lib/python3.8/site-packages/airflow/example_dags/example_setup_teardown.py
[2025-02-21T06:36:16.848+0000] {processor.py:840} INFO - DAG(s) 'example_setup_teardown' retrieved from /home/airflow/.local/lib/python3.8/site-packages/airflow/example_dags/example_setup_teardown.py
[2025-02-21T06:36:16.925+0000] {logging_mixin.py:188} INFO - [2025-02-21T06:36:16.925+0000] {dag.py:3036} INFO - Sync 1 DAGs
[2025-02-21T06:36:16.981+0000] {logging_mixin.py:188} INFO - [2025-02-21T06:36:16.980+0000] {dag.py:3823} INFO - Setting next_dagrun for example_setup_teardown to 2025-02-20 00:00:00+00:00, run_after=2025-02-21 00:00:00+00:00
[2025-02-21T06:36:17.026+0000] {processor.py:183} INFO - Processing /home/airflow/.local/lib/python3.8/site-packages/airflow/example_dags/example_setup_teardown.py took 0.220 seconds
[2025-02-21T06:36:47.303+0000] {processor.py:161} INFO - Started process (PID=1566) to work on /home/airflow/.local/lib/python3.8/site-packages/airflow/example_dags/example_setup_teardown.py
[2025-02-21T06:36:47.306+0000] {processor.py:830} INFO - Processing file /home/airflow/.local/lib/python3.8/site-packages/airflow/example_dags/example_setup_teardown.py for tasks to queue
[2025-02-21T06:36:47.345+0000] {logging_mixin.py:188} INFO - [2025-02-21T06:36:47.343+0000] {dagbag.py:538} INFO - Filling up the DagBag from /home/airflow/.local/lib/python3.8/site-packages/airflow/example_dags/example_setup_teardown.py
[2025-02-21T06:36:47.365+0000] {processor.py:840} INFO - DAG(s) 'example_setup_teardown' retrieved from /home/airflow/.local/lib/python3.8/site-packages/airflow/example_dags/example_setup_teardown.py
[2025-02-21T06:36:47.451+0000] {logging_mixin.py:188} INFO - [2025-02-21T06:36:47.451+0000] {dag.py:3036} INFO - Sync 1 DAGs
[2025-02-21T06:36:47.515+0000] {logging_mixin.py:188} INFO - [2025-02-21T06:36:47.514+0000] {dag.py:3823} INFO - Setting next_dagrun for example_setup_teardown to 2025-02-20 00:00:00+00:00, run_after=2025-02-21 00:00:00+00:00
[2025-02-21T06:36:47.604+0000] {processor.py:183} INFO - Processing /home/airflow/.local/lib/python3.8/site-packages/airflow/example_dags/example_setup_teardown.py took 0.324 seconds
[2025-02-21T06:37:18.172+0000] {processor.py:161} INFO - Started process (PID=1621) to work on /home/airflow/.local/lib/python3.8/site-packages/airflow/example_dags/example_setup_teardown.py
[2025-02-21T06:37:18.176+0000] {processor.py:830} INFO - Processing file /home/airflow/.local/lib/python3.8/site-packages/airflow/example_dags/example_setup_teardown.py for tasks to queue
[2025-02-21T06:37:18.188+0000] {logging_mixin.py:188} INFO - [2025-02-21T06:37:18.187+0000] {dagbag.py:538} INFO - Filling up the DagBag from /home/airflow/.local/lib/python3.8/site-packages/airflow/example_dags/example_setup_teardown.py
[2025-02-21T06:37:18.205+0000] {processor.py:840} INFO - DAG(s) 'example_setup_teardown' retrieved from /home/airflow/.local/lib/python3.8/site-packages/airflow/example_dags/example_setup_teardown.py
[2025-02-21T06:37:18.281+0000] {logging_mixin.py:188} INFO - [2025-02-21T06:37:18.280+0000] {dag.py:3036} INFO - Sync 1 DAGs
[2025-02-21T06:37:18.331+0000] {logging_mixin.py:188} INFO - [2025-02-21T06:37:18.330+0000] {dag.py:3823} INFO - Setting next_dagrun for example_setup_teardown to 2025-02-20 00:00:00+00:00, run_after=2025-02-21 00:00:00+00:00
[2025-02-21T06:37:18.385+0000] {processor.py:183} INFO - Processing /home/airflow/.local/lib/python3.8/site-packages/airflow/example_dags/example_setup_teardown.py took 0.228 seconds
[2025-02-21T06:37:49.042+0000] {processor.py:161} INFO - Started process (PID=1676) to work on /home/airflow/.local/lib/python3.8/site-packages/airflow/example_dags/example_setup_teardown.py
[2025-02-21T06:37:49.047+0000] {processor.py:830} INFO - Processing file /home/airflow/.local/lib/python3.8/site-packages/airflow/example_dags/example_setup_teardown.py for tasks to queue
[2025-02-21T06:37:49.056+0000] {logging_mixin.py:188} INFO - [2025-02-21T06:37:49.055+0000] {dagbag.py:538} INFO - Filling up the DagBag from /home/airflow/.local/lib/python3.8/site-packages/airflow/example_dags/example_setup_teardown.py
[2025-02-21T06:37:49.086+0000] {processor.py:840} INFO - DAG(s) 'example_setup_teardown' retrieved from /home/airflow/.local/lib/python3.8/site-packages/airflow/example_dags/example_setup_teardown.py
[2025-02-21T06:37:49.170+0000] {logging_mixin.py:188} INFO - [2025-02-21T06:37:49.170+0000] {dag.py:3036} INFO - Sync 1 DAGs
[2025-02-21T06:37:49.241+0000] {logging_mixin.py:188} INFO - [2025-02-21T06:37:49.241+0000] {dag.py:3823} INFO - Setting next_dagrun for example_setup_teardown to 2025-02-20 00:00:00+00:00, run_after=2025-02-21 00:00:00+00:00
[2025-02-21T06:37:49.296+0000] {processor.py:183} INFO - Processing /home/airflow/.local/lib/python3.8/site-packages/airflow/example_dags/example_setup_teardown.py took 0.264 seconds
[2025-02-21T06:38:19.434+0000] {processor.py:161} INFO - Started process (PID=1730) to work on /home/airflow/.local/lib/python3.8/site-packages/airflow/example_dags/example_setup_teardown.py
[2025-02-21T06:38:19.438+0000] {processor.py:830} INFO - Processing file /home/airflow/.local/lib/python3.8/site-packages/airflow/example_dags/example_setup_teardown.py for tasks to queue
[2025-02-21T06:38:19.446+0000] {logging_mixin.py:188} INFO - [2025-02-21T06:38:19.445+0000] {dagbag.py:538} INFO - Filling up the DagBag from /home/airflow/.local/lib/python3.8/site-packages/airflow/example_dags/example_setup_teardown.py
[2025-02-21T06:38:19.471+0000] {processor.py:840} INFO - DAG(s) 'example_setup_teardown' retrieved from /home/airflow/.local/lib/python3.8/site-packages/airflow/example_dags/example_setup_teardown.py
[2025-02-21T06:38:19.540+0000] {logging_mixin.py:188} INFO - [2025-02-21T06:38:19.539+0000] {dag.py:3036} INFO - Sync 1 DAGs
[2025-02-21T06:38:19.591+0000] {logging_mixin.py:188} INFO - [2025-02-21T06:38:19.591+0000] {dag.py:3823} INFO - Setting next_dagrun for example_setup_teardown to 2025-02-20 00:00:00+00:00, run_after=2025-02-21 00:00:00+00:00
[2025-02-21T06:38:19.670+0000] {processor.py:183} INFO - Processing /home/airflow/.local/lib/python3.8/site-packages/airflow/example_dags/example_setup_teardown.py took 0.245 seconds
[2025-02-21T06:38:50.011+0000] {processor.py:161} INFO - Started process (PID=1785) to work on /home/airflow/.local/lib/python3.8/site-packages/airflow/example_dags/example_setup_teardown.py
[2025-02-21T06:38:50.022+0000] {processor.py:830} INFO - Processing file /home/airflow/.local/lib/python3.8/site-packages/airflow/example_dags/example_setup_teardown.py for tasks to queue
[2025-02-21T06:38:50.029+0000] {logging_mixin.py:188} INFO - [2025-02-21T06:38:50.028+0000] {dagbag.py:538} INFO - Filling up the DagBag from /home/airflow/.local/lib/python3.8/site-packages/airflow/example_dags/example_setup_teardown.py
[2025-02-21T06:38:50.049+0000] {processor.py:840} INFO - DAG(s) 'example_setup_teardown' retrieved from /home/airflow/.local/lib/python3.8/site-packages/airflow/example_dags/example_setup_teardown.py
[2025-02-21T06:38:50.130+0000] {logging_mixin.py:188} INFO - [2025-02-21T06:38:50.130+0000] {dag.py:3036} INFO - Sync 1 DAGs
[2025-02-21T06:38:50.235+0000] {logging_mixin.py:188} INFO - [2025-02-21T06:38:50.235+0000] {dag.py:3823} INFO - Setting next_dagrun for example_setup_teardown to 2025-02-20 00:00:00+00:00, run_after=2025-02-21 00:00:00+00:00
[2025-02-21T06:38:50.319+0000] {processor.py:183} INFO - Processing /home/airflow/.local/lib/python3.8/site-packages/airflow/example_dags/example_setup_teardown.py took 0.316 seconds
[2025-02-21T06:39:20.784+0000] {processor.py:161} INFO - Started process (PID=1840) to work on /home/airflow/.local/lib/python3.8/site-packages/airflow/example_dags/example_setup_teardown.py
[2025-02-21T06:39:20.787+0000] {processor.py:830} INFO - Processing file /home/airflow/.local/lib/python3.8/site-packages/airflow/example_dags/example_setup_teardown.py for tasks to queue
[2025-02-21T06:39:20.792+0000] {logging_mixin.py:188} INFO - [2025-02-21T06:39:20.792+0000] {dagbag.py:538} INFO - Filling up the DagBag from /home/airflow/.local/lib/python3.8/site-packages/airflow/example_dags/example_setup_teardown.py
[2025-02-21T06:39:20.816+0000] {processor.py:840} INFO - DAG(s) 'example_setup_teardown' retrieved from /home/airflow/.local/lib/python3.8/site-packages/airflow/example_dags/example_setup_teardown.py
[2025-02-21T06:39:20.886+0000] {logging_mixin.py:188} INFO - [2025-02-21T06:39:20.885+0000] {dag.py:3036} INFO - Sync 1 DAGs
[2025-02-21T06:39:20.979+0000] {logging_mixin.py:188} INFO - [2025-02-21T06:39:20.978+0000] {dag.py:3823} INFO - Setting next_dagrun for example_setup_teardown to 2025-02-20 00:00:00+00:00, run_after=2025-02-21 00:00:00+00:00
[2025-02-21T06:39:21.038+0000] {processor.py:183} INFO - Processing /home/airflow/.local/lib/python3.8/site-packages/airflow/example_dags/example_setup_teardown.py took 0.263 seconds
[2025-02-21T06:39:51.259+0000] {processor.py:161} INFO - Started process (PID=1895) to work on /home/airflow/.local/lib/python3.8/site-packages/airflow/example_dags/example_setup_teardown.py
[2025-02-21T06:39:51.263+0000] {processor.py:830} INFO - Processing file /home/airflow/.local/lib/python3.8/site-packages/airflow/example_dags/example_setup_teardown.py for tasks to queue
[2025-02-21T06:39:51.269+0000] {logging_mixin.py:188} INFO - [2025-02-21T06:39:51.268+0000] {dagbag.py:538} INFO - Filling up the DagBag from /home/airflow/.local/lib/python3.8/site-packages/airflow/example_dags/example_setup_teardown.py
[2025-02-21T06:39:51.294+0000] {processor.py:840} INFO - DAG(s) 'example_setup_teardown' retrieved from /home/airflow/.local/lib/python3.8/site-packages/airflow/example_dags/example_setup_teardown.py
[2025-02-21T06:39:51.367+0000] {logging_mixin.py:188} INFO - [2025-02-21T06:39:51.366+0000] {dag.py:3036} INFO - Sync 1 DAGs
[2025-02-21T06:39:51.464+0000] {logging_mixin.py:188} INFO - [2025-02-21T06:39:51.462+0000] {dag.py:3823} INFO - Setting next_dagrun for example_setup_teardown to 2025-02-20 00:00:00+00:00, run_after=2025-02-21 00:00:00+00:00
[2025-02-21T06:39:51.564+0000] {processor.py:183} INFO - Processing /home/airflow/.local/lib/python3.8/site-packages/airflow/example_dags/example_setup_teardown.py took 0.318 seconds
[2025-02-21T06:40:21.990+0000] {processor.py:161} INFO - Started process (PID=1950) to work on /home/airflow/.local/lib/python3.8/site-packages/airflow/example_dags/example_setup_teardown.py
[2025-02-21T06:40:21.994+0000] {processor.py:830} INFO - Processing file /home/airflow/.local/lib/python3.8/site-packages/airflow/example_dags/example_setup_teardown.py for tasks to queue
[2025-02-21T06:40:22.004+0000] {logging_mixin.py:188} INFO - [2025-02-21T06:40:22.003+0000] {dagbag.py:538} INFO - Filling up the DagBag from /home/airflow/.local/lib/python3.8/site-packages/airflow/example_dags/example_setup_teardown.py
[2025-02-21T06:40:22.059+0000] {processor.py:840} INFO - DAG(s) 'example_setup_teardown' retrieved from /home/airflow/.local/lib/python3.8/site-packages/airflow/example_dags/example_setup_teardown.py
[2025-02-21T06:40:22.197+0000] {logging_mixin.py:188} INFO - [2025-02-21T06:40:22.195+0000] {dag.py:3036} INFO - Sync 1 DAGs
[2025-02-21T06:40:22.258+0000] {logging_mixin.py:188} INFO - [2025-02-21T06:40:22.257+0000] {dag.py:3823} INFO - Setting next_dagrun for example_setup_teardown to 2025-02-20 00:00:00+00:00, run_after=2025-02-21 00:00:00+00:00
[2025-02-21T06:40:22.340+0000] {processor.py:183} INFO - Processing /home/airflow/.local/lib/python3.8/site-packages/airflow/example_dags/example_setup_teardown.py took 0.361 seconds
[2025-02-21T06:40:52.554+0000] {processor.py:161} INFO - Started process (PID=2005) to work on /home/airflow/.local/lib/python3.8/site-packages/airflow/example_dags/example_setup_teardown.py
[2025-02-21T06:40:52.566+0000] {processor.py:830} INFO - Processing file /home/airflow/.local/lib/python3.8/site-packages/airflow/example_dags/example_setup_teardown.py for tasks to queue
[2025-02-21T06:40:52.591+0000] {logging_mixin.py:188} INFO - [2025-02-21T06:40:52.585+0000] {dagbag.py:538} INFO - Filling up the DagBag from /home/airflow/.local/lib/python3.8/site-packages/airflow/example_dags/example_setup_teardown.py
[2025-02-21T06:40:52.623+0000] {processor.py:840} INFO - DAG(s) 'example_setup_teardown' retrieved from /home/airflow/.local/lib/python3.8/site-packages/airflow/example_dags/example_setup_teardown.py
[2025-02-21T06:40:52.701+0000] {logging_mixin.py:188} INFO - [2025-02-21T06:40:52.701+0000] {dag.py:3036} INFO - Sync 1 DAGs
[2025-02-21T06:40:52.783+0000] {logging_mixin.py:188} INFO - [2025-02-21T06:40:52.781+0000] {dag.py:3823} INFO - Setting next_dagrun for example_setup_teardown to 2025-02-20 00:00:00+00:00, run_after=2025-02-21 00:00:00+00:00
[2025-02-21T06:40:52.891+0000] {processor.py:183} INFO - Processing /home/airflow/.local/lib/python3.8/site-packages/airflow/example_dags/example_setup_teardown.py took 0.375 seconds
[2025-02-21T06:41:23.720+0000] {processor.py:161} INFO - Started process (PID=2060) to work on /home/airflow/.local/lib/python3.8/site-packages/airflow/example_dags/example_setup_teardown.py
[2025-02-21T06:41:23.724+0000] {processor.py:830} INFO - Processing file /home/airflow/.local/lib/python3.8/site-packages/airflow/example_dags/example_setup_teardown.py for tasks to queue
[2025-02-21T06:41:23.729+0000] {logging_mixin.py:188} INFO - [2025-02-21T06:41:23.728+0000] {dagbag.py:538} INFO - Filling up the DagBag from /home/airflow/.local/lib/python3.8/site-packages/airflow/example_dags/example_setup_teardown.py
[2025-02-21T06:41:23.749+0000] {processor.py:840} INFO - DAG(s) 'example_setup_teardown' retrieved from /home/airflow/.local/lib/python3.8/site-packages/airflow/example_dags/example_setup_teardown.py
[2025-02-21T06:41:23.846+0000] {logging_mixin.py:188} INFO - [2025-02-21T06:41:23.845+0000] {dag.py:3036} INFO - Sync 1 DAGs
[2025-02-21T06:41:23.918+0000] {logging_mixin.py:188} INFO - [2025-02-21T06:41:23.917+0000] {dag.py:3823} INFO - Setting next_dagrun for example_setup_teardown to 2025-02-20 00:00:00+00:00, run_after=2025-02-21 00:00:00+00:00
[2025-02-21T06:41:24.006+0000] {processor.py:183} INFO - Processing /home/airflow/.local/lib/python3.8/site-packages/airflow/example_dags/example_setup_teardown.py took 0.296 seconds
[2025-02-21T06:41:54.783+0000] {processor.py:161} INFO - Started process (PID=2114) to work on /home/airflow/.local/lib/python3.8/site-packages/airflow/example_dags/example_setup_teardown.py
[2025-02-21T06:41:54.786+0000] {processor.py:830} INFO - Processing file /home/airflow/.local/lib/python3.8/site-packages/airflow/example_dags/example_setup_teardown.py for tasks to queue
[2025-02-21T06:41:54.792+0000] {logging_mixin.py:188} INFO - [2025-02-21T06:41:54.791+0000] {dagbag.py:538} INFO - Filling up the DagBag from /home/airflow/.local/lib/python3.8/site-packages/airflow/example_dags/example_setup_teardown.py
[2025-02-21T06:41:54.820+0000] {processor.py:840} INFO - DAG(s) 'example_setup_teardown' retrieved from /home/airflow/.local/lib/python3.8/site-packages/airflow/example_dags/example_setup_teardown.py
[2025-02-21T06:41:54.904+0000] {logging_mixin.py:188} INFO - [2025-02-21T06:41:54.904+0000] {dag.py:3036} INFO - Sync 1 DAGs
[2025-02-21T06:41:54.976+0000] {logging_mixin.py:188} INFO - [2025-02-21T06:41:54.976+0000] {dag.py:3823} INFO - Setting next_dagrun for example_setup_teardown to 2025-02-20 00:00:00+00:00, run_after=2025-02-21 00:00:00+00:00
[2025-02-21T06:41:55.038+0000] {processor.py:183} INFO - Processing /home/airflow/.local/lib/python3.8/site-packages/airflow/example_dags/example_setup_teardown.py took 0.268 seconds
[2025-02-21T06:42:25.420+0000] {processor.py:161} INFO - Started process (PID=2170) to work on /home/airflow/.local/lib/python3.8/site-packages/airflow/example_dags/example_setup_teardown.py
[2025-02-21T06:42:25.426+0000] {processor.py:830} INFO - Processing file /home/airflow/.local/lib/python3.8/site-packages/airflow/example_dags/example_setup_teardown.py for tasks to queue
[2025-02-21T06:42:25.432+0000] {logging_mixin.py:188} INFO - [2025-02-21T06:42:25.431+0000] {dagbag.py:538} INFO - Filling up the DagBag from /home/airflow/.local/lib/python3.8/site-packages/airflow/example_dags/example_setup_teardown.py
[2025-02-21T06:42:25.458+0000] {processor.py:840} INFO - DAG(s) 'example_setup_teardown' retrieved from /home/airflow/.local/lib/python3.8/site-packages/airflow/example_dags/example_setup_teardown.py
[2025-02-21T06:42:25.583+0000] {logging_mixin.py:188} INFO - [2025-02-21T06:42:25.583+0000] {dag.py:3036} INFO - Sync 1 DAGs
[2025-02-21T06:42:25.681+0000] {logging_mixin.py:188} INFO - [2025-02-21T06:42:25.680+0000] {dag.py:3823} INFO - Setting next_dagrun for example_setup_teardown to 2025-02-20 00:00:00+00:00, run_after=2025-02-21 00:00:00+00:00
[2025-02-21T06:42:25.782+0000] {processor.py:183} INFO - Processing /home/airflow/.local/lib/python3.8/site-packages/airflow/example_dags/example_setup_teardown.py took 0.377 seconds
[2025-02-21T06:42:56.449+0000] {processor.py:161} INFO - Started process (PID=2226) to work on /home/airflow/.local/lib/python3.8/site-packages/airflow/example_dags/example_setup_teardown.py
[2025-02-21T06:42:56.454+0000] {processor.py:830} INFO - Processing file /home/airflow/.local/lib/python3.8/site-packages/airflow/example_dags/example_setup_teardown.py for tasks to queue
[2025-02-21T06:42:56.461+0000] {logging_mixin.py:188} INFO - [2025-02-21T06:42:56.461+0000] {dagbag.py:538} INFO - Filling up the DagBag from /home/airflow/.local/lib/python3.8/site-packages/airflow/example_dags/example_setup_teardown.py
[2025-02-21T06:42:56.488+0000] {processor.py:840} INFO - DAG(s) 'example_setup_teardown' retrieved from /home/airflow/.local/lib/python3.8/site-packages/airflow/example_dags/example_setup_teardown.py
[2025-02-21T06:42:56.604+0000] {logging_mixin.py:188} INFO - [2025-02-21T06:42:56.604+0000] {dag.py:3036} INFO - Sync 1 DAGs
[2025-02-21T06:42:56.696+0000] {logging_mixin.py:188} INFO - [2025-02-21T06:42:56.695+0000] {dag.py:3823} INFO - Setting next_dagrun for example_setup_teardown to 2025-02-20 00:00:00+00:00, run_after=2025-02-21 00:00:00+00:00
[2025-02-21T06:42:56.783+0000] {processor.py:183} INFO - Processing /home/airflow/.local/lib/python3.8/site-packages/airflow/example_dags/example_setup_teardown.py took 0.342 seconds
[2025-02-21T06:43:27.091+0000] {processor.py:161} INFO - Started process (PID=2281) to work on /home/airflow/.local/lib/python3.8/site-packages/airflow/example_dags/example_setup_teardown.py
[2025-02-21T06:43:27.094+0000] {processor.py:830} INFO - Processing file /home/airflow/.local/lib/python3.8/site-packages/airflow/example_dags/example_setup_teardown.py for tasks to queue
[2025-02-21T06:43:27.100+0000] {logging_mixin.py:188} INFO - [2025-02-21T06:43:27.099+0000] {dagbag.py:538} INFO - Filling up the DagBag from /home/airflow/.local/lib/python3.8/site-packages/airflow/example_dags/example_setup_teardown.py
[2025-02-21T06:43:27.121+0000] {processor.py:840} INFO - DAG(s) 'example_setup_teardown' retrieved from /home/airflow/.local/lib/python3.8/site-packages/airflow/example_dags/example_setup_teardown.py
[2025-02-21T06:43:27.177+0000] {logging_mixin.py:188} INFO - [2025-02-21T06:43:27.177+0000] {dag.py:3036} INFO - Sync 1 DAGs
[2025-02-21T06:43:27.231+0000] {logging_mixin.py:188} INFO - [2025-02-21T06:43:27.230+0000] {dag.py:3823} INFO - Setting next_dagrun for example_setup_teardown to 2025-02-20 00:00:00+00:00, run_after=2025-02-21 00:00:00+00:00
[2025-02-21T06:43:27.286+0000] {processor.py:183} INFO - Processing /home/airflow/.local/lib/python3.8/site-packages/airflow/example_dags/example_setup_teardown.py took 0.206 seconds
[2025-02-21T06:43:57.642+0000] {processor.py:161} INFO - Started process (PID=2338) to work on /home/airflow/.local/lib/python3.8/site-packages/airflow/example_dags/example_setup_teardown.py
[2025-02-21T06:43:57.645+0000] {processor.py:830} INFO - Processing file /home/airflow/.local/lib/python3.8/site-packages/airflow/example_dags/example_setup_teardown.py for tasks to queue
[2025-02-21T06:43:57.651+0000] {logging_mixin.py:188} INFO - [2025-02-21T06:43:57.650+0000] {dagbag.py:538} INFO - Filling up the DagBag from /home/airflow/.local/lib/python3.8/site-packages/airflow/example_dags/example_setup_teardown.py
[2025-02-21T06:43:57.673+0000] {processor.py:840} INFO - DAG(s) 'example_setup_teardown' retrieved from /home/airflow/.local/lib/python3.8/site-packages/airflow/example_dags/example_setup_teardown.py
[2025-02-21T06:43:57.730+0000] {logging_mixin.py:188} INFO - [2025-02-21T06:43:57.729+0000] {dag.py:3036} INFO - Sync 1 DAGs
[2025-02-21T06:43:57.790+0000] {logging_mixin.py:188} INFO - [2025-02-21T06:43:57.790+0000] {dag.py:3823} INFO - Setting next_dagrun for example_setup_teardown to 2025-02-20 00:00:00+00:00, run_after=2025-02-21 00:00:00+00:00
[2025-02-21T06:43:57.845+0000] {processor.py:183} INFO - Processing /home/airflow/.local/lib/python3.8/site-packages/airflow/example_dags/example_setup_teardown.py took 0.211 seconds
[2025-02-21T06:44:28.281+0000] {processor.py:161} INFO - Started process (PID=2394) to work on /home/airflow/.local/lib/python3.8/site-packages/airflow/example_dags/example_setup_teardown.py
[2025-02-21T06:44:28.284+0000] {processor.py:830} INFO - Processing file /home/airflow/.local/lib/python3.8/site-packages/airflow/example_dags/example_setup_teardown.py for tasks to queue
[2025-02-21T06:44:28.291+0000] {logging_mixin.py:188} INFO - [2025-02-21T06:44:28.290+0000] {dagbag.py:538} INFO - Filling up the DagBag from /home/airflow/.local/lib/python3.8/site-packages/airflow/example_dags/example_setup_teardown.py
[2025-02-21T06:44:28.315+0000] {processor.py:840} INFO - DAG(s) 'example_setup_teardown' retrieved from /home/airflow/.local/lib/python3.8/site-packages/airflow/example_dags/example_setup_teardown.py
[2025-02-21T06:44:28.396+0000] {logging_mixin.py:188} INFO - [2025-02-21T06:44:28.395+0000] {dag.py:3036} INFO - Sync 1 DAGs
[2025-02-21T06:44:28.495+0000] {logging_mixin.py:188} INFO - [2025-02-21T06:44:28.494+0000] {dag.py:3823} INFO - Setting next_dagrun for example_setup_teardown to 2025-02-20 00:00:00+00:00, run_after=2025-02-21 00:00:00+00:00
[2025-02-21T06:44:28.556+0000] {processor.py:183} INFO - Processing /home/airflow/.local/lib/python3.8/site-packages/airflow/example_dags/example_setup_teardown.py took 0.286 seconds
[2025-02-21T06:44:59.229+0000] {processor.py:161} INFO - Started process (PID=2448) to work on /home/airflow/.local/lib/python3.8/site-packages/airflow/example_dags/example_setup_teardown.py
[2025-02-21T06:44:59.233+0000] {processor.py:830} INFO - Processing file /home/airflow/.local/lib/python3.8/site-packages/airflow/example_dags/example_setup_teardown.py for tasks to queue
[2025-02-21T06:44:59.246+0000] {logging_mixin.py:188} INFO - [2025-02-21T06:44:59.243+0000] {dagbag.py:538} INFO - Filling up the DagBag from /home/airflow/.local/lib/python3.8/site-packages/airflow/example_dags/example_setup_teardown.py
[2025-02-21T06:44:59.276+0000] {processor.py:840} INFO - DAG(s) 'example_setup_teardown' retrieved from /home/airflow/.local/lib/python3.8/site-packages/airflow/example_dags/example_setup_teardown.py
[2025-02-21T06:44:59.369+0000] {logging_mixin.py:188} INFO - [2025-02-21T06:44:59.369+0000] {dag.py:3036} INFO - Sync 1 DAGs
[2025-02-21T06:44:59.439+0000] {logging_mixin.py:188} INFO - [2025-02-21T06:44:59.438+0000] {dag.py:3823} INFO - Setting next_dagrun for example_setup_teardown to 2025-02-20 00:00:00+00:00, run_after=2025-02-21 00:00:00+00:00
[2025-02-21T06:44:59.506+0000] {processor.py:183} INFO - Processing /home/airflow/.local/lib/python3.8/site-packages/airflow/example_dags/example_setup_teardown.py took 0.289 seconds
[2025-02-21T06:45:29.959+0000] {processor.py:161} INFO - Started process (PID=2504) to work on /home/airflow/.local/lib/python3.8/site-packages/airflow/example_dags/example_setup_teardown.py
[2025-02-21T06:45:29.962+0000] {processor.py:830} INFO - Processing file /home/airflow/.local/lib/python3.8/site-packages/airflow/example_dags/example_setup_teardown.py for tasks to queue
[2025-02-21T06:45:29.966+0000] {logging_mixin.py:188} INFO - [2025-02-21T06:45:29.966+0000] {dagbag.py:538} INFO - Filling up the DagBag from /home/airflow/.local/lib/python3.8/site-packages/airflow/example_dags/example_setup_teardown.py
[2025-02-21T06:45:29.980+0000] {processor.py:840} INFO - DAG(s) 'example_setup_teardown' retrieved from /home/airflow/.local/lib/python3.8/site-packages/airflow/example_dags/example_setup_teardown.py
[2025-02-21T06:45:30.056+0000] {logging_mixin.py:188} INFO - [2025-02-21T06:45:30.056+0000] {dag.py:3036} INFO - Sync 1 DAGs
[2025-02-21T06:45:30.103+0000] {logging_mixin.py:188} INFO - [2025-02-21T06:45:30.103+0000] {dag.py:3823} INFO - Setting next_dagrun for example_setup_teardown to 2025-02-20 00:00:00+00:00, run_after=2025-02-21 00:00:00+00:00
[2025-02-21T06:45:30.142+0000] {processor.py:183} INFO - Processing /home/airflow/.local/lib/python3.8/site-packages/airflow/example_dags/example_setup_teardown.py took 0.189 seconds
[2025-02-21T06:46:00.801+0000] {processor.py:161} INFO - Started process (PID=2559) to work on /home/airflow/.local/lib/python3.8/site-packages/airflow/example_dags/example_setup_teardown.py
[2025-02-21T06:46:00.804+0000] {processor.py:830} INFO - Processing file /home/airflow/.local/lib/python3.8/site-packages/airflow/example_dags/example_setup_teardown.py for tasks to queue
[2025-02-21T06:46:00.809+0000] {logging_mixin.py:188} INFO - [2025-02-21T06:46:00.808+0000] {dagbag.py:538} INFO - Filling up the DagBag from /home/airflow/.local/lib/python3.8/site-packages/airflow/example_dags/example_setup_teardown.py
[2025-02-21T06:46:00.824+0000] {processor.py:840} INFO - DAG(s) 'example_setup_teardown' retrieved from /home/airflow/.local/lib/python3.8/site-packages/airflow/example_dags/example_setup_teardown.py
[2025-02-21T06:46:00.872+0000] {logging_mixin.py:188} INFO - [2025-02-21T06:46:00.871+0000] {dag.py:3036} INFO - Sync 1 DAGs
[2025-02-21T06:46:00.932+0000] {logging_mixin.py:188} INFO - [2025-02-21T06:46:00.932+0000] {dag.py:3823} INFO - Setting next_dagrun for example_setup_teardown to 2025-02-20 00:00:00+00:00, run_after=2025-02-21 00:00:00+00:00
[2025-02-21T06:46:01.372+0000] {processor.py:183} INFO - Processing /home/airflow/.local/lib/python3.8/site-packages/airflow/example_dags/example_setup_teardown.py took 0.580 seconds
[2025-02-21T06:46:32.352+0000] {processor.py:161} INFO - Started process (PID=2615) to work on /home/airflow/.local/lib/python3.8/site-packages/airflow/example_dags/example_setup_teardown.py
[2025-02-21T06:46:32.363+0000] {processor.py:830} INFO - Processing file /home/airflow/.local/lib/python3.8/site-packages/airflow/example_dags/example_setup_teardown.py for tasks to queue
[2025-02-21T06:46:32.377+0000] {logging_mixin.py:188} INFO - [2025-02-21T06:46:32.377+0000] {dagbag.py:538} INFO - Filling up the DagBag from /home/airflow/.local/lib/python3.8/site-packages/airflow/example_dags/example_setup_teardown.py
[2025-02-21T06:46:32.407+0000] {processor.py:840} INFO - DAG(s) 'example_setup_teardown' retrieved from /home/airflow/.local/lib/python3.8/site-packages/airflow/example_dags/example_setup_teardown.py
[2025-02-21T06:46:32.512+0000] {logging_mixin.py:188} INFO - [2025-02-21T06:46:32.511+0000] {dag.py:3036} INFO - Sync 1 DAGs
[2025-02-21T06:46:32.619+0000] {logging_mixin.py:188} INFO - [2025-02-21T06:46:32.618+0000] {dag.py:3823} INFO - Setting next_dagrun for example_setup_teardown to 2025-02-20 00:00:00+00:00, run_after=2025-02-21 00:00:00+00:00
[2025-02-21T06:46:32.703+0000] {processor.py:183} INFO - Processing /home/airflow/.local/lib/python3.8/site-packages/airflow/example_dags/example_setup_teardown.py took 0.360 seconds
[2025-02-21T06:47:03.071+0000] {processor.py:161} INFO - Started process (PID=2670) to work on /home/airflow/.local/lib/python3.8/site-packages/airflow/example_dags/example_setup_teardown.py
[2025-02-21T06:47:03.074+0000] {processor.py:830} INFO - Processing file /home/airflow/.local/lib/python3.8/site-packages/airflow/example_dags/example_setup_teardown.py for tasks to queue
[2025-02-21T06:47:03.080+0000] {logging_mixin.py:188} INFO - [2025-02-21T06:47:03.079+0000] {dagbag.py:538} INFO - Filling up the DagBag from /home/airflow/.local/lib/python3.8/site-packages/airflow/example_dags/example_setup_teardown.py
[2025-02-21T06:47:03.097+0000] {processor.py:840} INFO - DAG(s) 'example_setup_teardown' retrieved from /home/airflow/.local/lib/python3.8/site-packages/airflow/example_dags/example_setup_teardown.py
[2025-02-21T06:47:03.184+0000] {logging_mixin.py:188} INFO - [2025-02-21T06:47:03.183+0000] {dag.py:3036} INFO - Sync 1 DAGs
[2025-02-21T06:47:03.268+0000] {logging_mixin.py:188} INFO - [2025-02-21T06:47:03.268+0000] {dag.py:3823} INFO - Setting next_dagrun for example_setup_teardown to 2025-02-20 00:00:00+00:00, run_after=2025-02-21 00:00:00+00:00
[2025-02-21T06:47:03.337+0000] {processor.py:183} INFO - Processing /home/airflow/.local/lib/python3.8/site-packages/airflow/example_dags/example_setup_teardown.py took 0.282 seconds
[2025-02-21T06:47:34.429+0000] {processor.py:161} INFO - Started process (PID=2724) to work on /home/airflow/.local/lib/python3.8/site-packages/airflow/example_dags/example_setup_teardown.py
[2025-02-21T06:47:34.435+0000] {processor.py:830} INFO - Processing file /home/airflow/.local/lib/python3.8/site-packages/airflow/example_dags/example_setup_teardown.py for tasks to queue
[2025-02-21T06:47:34.443+0000] {logging_mixin.py:188} INFO - [2025-02-21T06:47:34.442+0000] {dagbag.py:538} INFO - Filling up the DagBag from /home/airflow/.local/lib/python3.8/site-packages/airflow/example_dags/example_setup_teardown.py
[2025-02-21T06:47:34.459+0000] {processor.py:840} INFO - DAG(s) 'example_setup_teardown' retrieved from /home/airflow/.local/lib/python3.8/site-packages/airflow/example_dags/example_setup_teardown.py
[2025-02-21T06:47:34.543+0000] {logging_mixin.py:188} INFO - [2025-02-21T06:47:34.542+0000] {dag.py:3036} INFO - Sync 1 DAGs
[2025-02-21T06:47:34.634+0000] {logging_mixin.py:188} INFO - [2025-02-21T06:47:34.631+0000] {dag.py:3823} INFO - Setting next_dagrun for example_setup_teardown to 2025-02-20 00:00:00+00:00, run_after=2025-02-21 00:00:00+00:00
[2025-02-21T06:47:34.695+0000] {processor.py:183} INFO - Processing /home/airflow/.local/lib/python3.8/site-packages/airflow/example_dags/example_setup_teardown.py took 0.278 seconds
