[2025-02-21T06:23:01.209+0000] {processor.py:161} INFO - Started process (PID=84) to work on /home/airflow/.local/lib/python3.8/site-packages/airflow/example_dags/example_branch_operator.py
[2025-02-21T06:23:01.215+0000] {processor.py:830} INFO - Processing file /home/airflow/.local/lib/python3.8/site-packages/airflow/example_dags/example_branch_operator.py for tasks to queue
[2025-02-21T06:23:01.220+0000] {logging_mixin.py:188} INFO - [2025-02-21T06:23:01.220+0000] {dagbag.py:538} INFO - Filling up the DagBag from /home/airflow/.local/lib/python3.8/site-packages/airflow/example_dags/example_branch_operator.py
[2025-02-21T06:23:01.376+0000] {processor.py:840} INFO - DAG(s) 'example_branch_operator' retrieved from /home/airflow/.local/lib/python3.8/site-packages/airflow/example_dags/example_branch_operator.py
[2025-02-21T06:23:01.894+0000] {logging_mixin.py:188} INFO - [2025-02-21T06:23:01.893+0000] {dag.py:3036} INFO - Sync 1 DAGs
[2025-02-21T06:23:01.984+0000] {logging_mixin.py:188} INFO - [2025-02-21T06:23:01.983+0000] {dag.py:3823} INFO - Setting next_dagrun for example_branch_operator to 2025-02-20 00:00:00+00:00, run_after=2025-02-21 00:00:00+00:00
[2025-02-21T06:23:03.828+0000] {processor.py:183} INFO - Processing /home/airflow/.local/lib/python3.8/site-packages/airflow/example_dags/example_branch_operator.py took 2.724 seconds
[2025-02-21T06:23:34.393+0000] {processor.py:161} INFO - Started process (PID=140) to work on /home/airflow/.local/lib/python3.8/site-packages/airflow/example_dags/example_branch_operator.py
[2025-02-21T06:23:34.403+0000] {processor.py:830} INFO - Processing file /home/airflow/.local/lib/python3.8/site-packages/airflow/example_dags/example_branch_operator.py for tasks to queue
[2025-02-21T06:23:34.419+0000] {logging_mixin.py:188} INFO - [2025-02-21T06:23:34.418+0000] {dagbag.py:538} INFO - Filling up the DagBag from /home/airflow/.local/lib/python3.8/site-packages/airflow/example_dags/example_branch_operator.py
[2025-02-21T06:23:34.579+0000] {processor.py:840} INFO - DAG(s) 'example_branch_operator' retrieved from /home/airflow/.local/lib/python3.8/site-packages/airflow/example_dags/example_branch_operator.py
[2025-02-21T06:23:34.699+0000] {logging_mixin.py:188} INFO - [2025-02-21T06:23:34.698+0000] {dag.py:3036} INFO - Sync 1 DAGs
[2025-02-21T06:23:34.857+0000] {logging_mixin.py:188} INFO - [2025-02-21T06:23:34.856+0000] {dag.py:3823} INFO - Setting next_dagrun for example_branch_operator to 2025-02-20 00:00:00+00:00, run_after=2025-02-21 00:00:00+00:00
[2025-02-21T06:23:34.947+0000] {processor.py:183} INFO - Processing /home/airflow/.local/lib/python3.8/site-packages/airflow/example_dags/example_branch_operator.py took 0.577 seconds
[2025-02-21T06:24:05.184+0000] {processor.py:161} INFO - Started process (PID=194) to work on /home/airflow/.local/lib/python3.8/site-packages/airflow/example_dags/example_branch_operator.py
[2025-02-21T06:24:05.187+0000] {processor.py:830} INFO - Processing file /home/airflow/.local/lib/python3.8/site-packages/airflow/example_dags/example_branch_operator.py for tasks to queue
[2025-02-21T06:24:05.194+0000] {logging_mixin.py:188} INFO - [2025-02-21T06:24:05.194+0000] {dagbag.py:538} INFO - Filling up the DagBag from /home/airflow/.local/lib/python3.8/site-packages/airflow/example_dags/example_branch_operator.py
[2025-02-21T06:24:05.258+0000] {processor.py:840} INFO - DAG(s) 'example_branch_operator' retrieved from /home/airflow/.local/lib/python3.8/site-packages/airflow/example_dags/example_branch_operator.py
[2025-02-21T06:24:05.362+0000] {logging_mixin.py:188} INFO - [2025-02-21T06:24:05.360+0000] {dag.py:3036} INFO - Sync 1 DAGs
[2025-02-21T06:24:05.436+0000] {logging_mixin.py:188} INFO - [2025-02-21T06:24:05.436+0000] {dag.py:3823} INFO - Setting next_dagrun for example_branch_operator to 2025-02-20 00:00:00+00:00, run_after=2025-02-21 00:00:00+00:00
[2025-02-21T06:24:05.529+0000] {processor.py:183} INFO - Processing /home/airflow/.local/lib/python3.8/site-packages/airflow/example_dags/example_branch_operator.py took 0.362 seconds
[2025-02-21T06:24:36.292+0000] {processor.py:161} INFO - Started process (PID=256) to work on /home/airflow/.local/lib/python3.8/site-packages/airflow/example_dags/example_branch_operator.py
[2025-02-21T06:24:36.305+0000] {processor.py:830} INFO - Processing file /home/airflow/.local/lib/python3.8/site-packages/airflow/example_dags/example_branch_operator.py for tasks to queue
[2025-02-21T06:24:36.311+0000] {logging_mixin.py:188} INFO - [2025-02-21T06:24:36.310+0000] {dagbag.py:538} INFO - Filling up the DagBag from /home/airflow/.local/lib/python3.8/site-packages/airflow/example_dags/example_branch_operator.py
[2025-02-21T06:24:36.418+0000] {processor.py:840} INFO - DAG(s) 'example_branch_operator' retrieved from /home/airflow/.local/lib/python3.8/site-packages/airflow/example_dags/example_branch_operator.py
[2025-02-21T06:24:36.562+0000] {logging_mixin.py:188} INFO - [2025-02-21T06:24:36.561+0000] {dag.py:3036} INFO - Sync 1 DAGs
[2025-02-21T06:24:36.687+0000] {logging_mixin.py:188} INFO - [2025-02-21T06:24:36.686+0000] {dag.py:3823} INFO - Setting next_dagrun for example_branch_operator to 2025-02-20 00:00:00+00:00, run_after=2025-02-21 00:00:00+00:00
[2025-02-21T06:24:36.772+0000] {processor.py:183} INFO - Processing /home/airflow/.local/lib/python3.8/site-packages/airflow/example_dags/example_branch_operator.py took 0.517 seconds
[2025-02-21T06:25:07.027+0000] {processor.py:161} INFO - Started process (PID=311) to work on /home/airflow/.local/lib/python3.8/site-packages/airflow/example_dags/example_branch_operator.py
[2025-02-21T06:25:07.031+0000] {processor.py:830} INFO - Processing file /home/airflow/.local/lib/python3.8/site-packages/airflow/example_dags/example_branch_operator.py for tasks to queue
[2025-02-21T06:25:07.037+0000] {logging_mixin.py:188} INFO - [2025-02-21T06:25:07.036+0000] {dagbag.py:538} INFO - Filling up the DagBag from /home/airflow/.local/lib/python3.8/site-packages/airflow/example_dags/example_branch_operator.py
[2025-02-21T06:25:07.081+0000] {processor.py:840} INFO - DAG(s) 'example_branch_operator' retrieved from /home/airflow/.local/lib/python3.8/site-packages/airflow/example_dags/example_branch_operator.py
[2025-02-21T06:25:07.158+0000] {logging_mixin.py:188} INFO - [2025-02-21T06:25:07.157+0000] {dag.py:3036} INFO - Sync 1 DAGs
[2025-02-21T06:25:07.216+0000] {logging_mixin.py:188} INFO - [2025-02-21T06:25:07.215+0000] {dag.py:3823} INFO - Setting next_dagrun for example_branch_operator to 2025-02-20 00:00:00+00:00, run_after=2025-02-21 00:00:00+00:00
[2025-02-21T06:25:07.262+0000] {processor.py:183} INFO - Processing /home/airflow/.local/lib/python3.8/site-packages/airflow/example_dags/example_branch_operator.py took 0.245 seconds
[2025-02-21T06:25:37.645+0000] {processor.py:161} INFO - Started process (PID=366) to work on /home/airflow/.local/lib/python3.8/site-packages/airflow/example_dags/example_branch_operator.py
[2025-02-21T06:25:37.649+0000] {processor.py:830} INFO - Processing file /home/airflow/.local/lib/python3.8/site-packages/airflow/example_dags/example_branch_operator.py for tasks to queue
[2025-02-21T06:25:37.657+0000] {logging_mixin.py:188} INFO - [2025-02-21T06:25:37.656+0000] {dagbag.py:538} INFO - Filling up the DagBag from /home/airflow/.local/lib/python3.8/site-packages/airflow/example_dags/example_branch_operator.py
[2025-02-21T06:25:37.711+0000] {processor.py:840} INFO - DAG(s) 'example_branch_operator' retrieved from /home/airflow/.local/lib/python3.8/site-packages/airflow/example_dags/example_branch_operator.py
[2025-02-21T06:25:37.801+0000] {logging_mixin.py:188} INFO - [2025-02-21T06:25:37.800+0000] {dag.py:3036} INFO - Sync 1 DAGs
[2025-02-21T06:25:37.880+0000] {logging_mixin.py:188} INFO - [2025-02-21T06:25:37.879+0000] {dag.py:3823} INFO - Setting next_dagrun for example_branch_operator to 2025-02-20 00:00:00+00:00, run_after=2025-02-21 00:00:00+00:00
[2025-02-21T06:25:37.941+0000] {processor.py:183} INFO - Processing /home/airflow/.local/lib/python3.8/site-packages/airflow/example_dags/example_branch_operator.py took 0.307 seconds
