[2025-02-21T06:23:07.483+0000] {processor.py:161} INFO - Started process (PID=97) to work on /home/airflow/.local/lib/python3.8/site-packages/airflow/example_dags/example_bash_operator.py
[2025-02-21T06:23:07.486+0000] {processor.py:830} INFO - Processing file /home/airflow/.local/lib/python3.8/site-packages/airflow/example_dags/example_bash_operator.py for tasks to queue
[2025-02-21T06:23:07.492+0000] {logging_mixin.py:188} INFO - [2025-02-21T06:23:07.491+0000] {dagbag.py:538} INFO - Filling up the DagBag from /home/airflow/.local/lib/python3.8/site-packages/airflow/example_dags/example_bash_operator.py
[2025-02-21T06:23:07.542+0000] {processor.py:840} INFO - DAG(s) 'example_bash_operator' retrieved from /home/airflow/.local/lib/python3.8/site-packages/airflow/example_dags/example_bash_operator.py
[2025-02-21T06:23:08.114+0000] {logging_mixin.py:188} INFO - [2025-02-21T06:23:08.113+0000] {dag.py:3036} INFO - Sync 1 DAGs
[2025-02-21T06:23:08.189+0000] {logging_mixin.py:188} INFO - [2025-02-21T06:23:08.181+0000] {dag.py:3823} INFO - Setting next_dagrun for example_bash_operator to 2025-02-20 00:00:00+00:00, run_after=2025-02-21 00:00:00+00:00
[2025-02-21T06:23:08.343+0000] {processor.py:183} INFO - Processing /home/airflow/.local/lib/python3.8/site-packages/airflow/example_dags/example_bash_operator.py took 0.870 seconds
[2025-02-21T06:23:38.863+0000] {processor.py:161} INFO - Started process (PID=151) to work on /home/airflow/.local/lib/python3.8/site-packages/airflow/example_dags/example_bash_operator.py
[2025-02-21T06:23:38.870+0000] {processor.py:830} INFO - Processing file /home/airflow/.local/lib/python3.8/site-packages/airflow/example_dags/example_bash_operator.py for tasks to queue
[2025-02-21T06:23:38.884+0000] {logging_mixin.py:188} INFO - [2025-02-21T06:23:38.883+0000] {dagbag.py:538} INFO - Filling up the DagBag from /home/airflow/.local/lib/python3.8/site-packages/airflow/example_dags/example_bash_operator.py
[2025-02-21T06:23:38.926+0000] {processor.py:840} INFO - DAG(s) 'example_bash_operator' retrieved from /home/airflow/.local/lib/python3.8/site-packages/airflow/example_dags/example_bash_operator.py
[2025-02-21T06:23:39.035+0000] {logging_mixin.py:188} INFO - [2025-02-21T06:23:39.034+0000] {dag.py:3036} INFO - Sync 1 DAGs
[2025-02-21T06:23:39.112+0000] {logging_mixin.py:188} INFO - [2025-02-21T06:23:39.112+0000] {dag.py:3823} INFO - Setting next_dagrun for example_bash_operator to 2025-02-20 00:00:00+00:00, run_after=2025-02-21 00:00:00+00:00
[2025-02-21T06:23:39.168+0000] {processor.py:183} INFO - Processing /home/airflow/.local/lib/python3.8/site-packages/airflow/example_dags/example_bash_operator.py took 0.316 seconds
[2025-02-21T06:24:09.485+0000] {processor.py:161} INFO - Started process (PID=206) to work on /home/airflow/.local/lib/python3.8/site-packages/airflow/example_dags/example_bash_operator.py
[2025-02-21T06:24:09.490+0000] {processor.py:830} INFO - Processing file /home/airflow/.local/lib/python3.8/site-packages/airflow/example_dags/example_bash_operator.py for tasks to queue
[2025-02-21T06:24:09.496+0000] {logging_mixin.py:188} INFO - [2025-02-21T06:24:09.495+0000] {dagbag.py:538} INFO - Filling up the DagBag from /home/airflow/.local/lib/python3.8/site-packages/airflow/example_dags/example_bash_operator.py
[2025-02-21T06:24:09.535+0000] {processor.py:840} INFO - DAG(s) 'example_bash_operator' retrieved from /home/airflow/.local/lib/python3.8/site-packages/airflow/example_dags/example_bash_operator.py
[2025-02-21T06:24:09.634+0000] {logging_mixin.py:188} INFO - [2025-02-21T06:24:09.633+0000] {dag.py:3036} INFO - Sync 1 DAGs
[2025-02-21T06:24:09.708+0000] {logging_mixin.py:188} INFO - [2025-02-21T06:24:09.707+0000] {dag.py:3823} INFO - Setting next_dagrun for example_bash_operator to 2025-02-20 00:00:00+00:00, run_after=2025-02-21 00:00:00+00:00
[2025-02-21T06:24:09.787+0000] {processor.py:183} INFO - Processing /home/airflow/.local/lib/python3.8/site-packages/airflow/example_dags/example_bash_operator.py took 0.311 seconds
[2025-02-21T06:24:40.661+0000] {processor.py:161} INFO - Started process (PID=263) to work on /home/airflow/.local/lib/python3.8/site-packages/airflow/example_dags/example_bash_operator.py
[2025-02-21T06:24:40.668+0000] {processor.py:830} INFO - Processing file /home/airflow/.local/lib/python3.8/site-packages/airflow/example_dags/example_bash_operator.py for tasks to queue
[2025-02-21T06:24:40.673+0000] {logging_mixin.py:188} INFO - [2025-02-21T06:24:40.673+0000] {dagbag.py:538} INFO - Filling up the DagBag from /home/airflow/.local/lib/python3.8/site-packages/airflow/example_dags/example_bash_operator.py
[2025-02-21T06:24:40.743+0000] {processor.py:840} INFO - DAG(s) 'example_bash_operator' retrieved from /home/airflow/.local/lib/python3.8/site-packages/airflow/example_dags/example_bash_operator.py
[2025-02-21T06:24:40.918+0000] {logging_mixin.py:188} INFO - [2025-02-21T06:24:40.917+0000] {dag.py:3036} INFO - Sync 1 DAGs
[2025-02-21T06:24:41.029+0000] {logging_mixin.py:188} INFO - [2025-02-21T06:24:41.028+0000] {dag.py:3823} INFO - Setting next_dagrun for example_bash_operator to 2025-02-20 00:00:00+00:00, run_after=2025-02-21 00:00:00+00:00
[2025-02-21T06:24:41.112+0000] {processor.py:183} INFO - Processing /home/airflow/.local/lib/python3.8/site-packages/airflow/example_dags/example_bash_operator.py took 0.472 seconds
[2025-02-21T06:25:11.743+0000] {processor.py:161} INFO - Started process (PID=318) to work on /home/airflow/.local/lib/python3.8/site-packages/airflow/example_dags/example_bash_operator.py
[2025-02-21T06:25:11.747+0000] {processor.py:830} INFO - Processing file /home/airflow/.local/lib/python3.8/site-packages/airflow/example_dags/example_bash_operator.py for tasks to queue
[2025-02-21T06:25:11.752+0000] {logging_mixin.py:188} INFO - [2025-02-21T06:25:11.751+0000] {dagbag.py:538} INFO - Filling up the DagBag from /home/airflow/.local/lib/python3.8/site-packages/airflow/example_dags/example_bash_operator.py
[2025-02-21T06:25:11.788+0000] {processor.py:840} INFO - DAG(s) 'example_bash_operator' retrieved from /home/airflow/.local/lib/python3.8/site-packages/airflow/example_dags/example_bash_operator.py
[2025-02-21T06:25:11.871+0000] {logging_mixin.py:188} INFO - [2025-02-21T06:25:11.870+0000] {dag.py:3036} INFO - Sync 1 DAGs
[2025-02-21T06:25:11.935+0000] {logging_mixin.py:188} INFO - [2025-02-21T06:25:11.935+0000] {dag.py:3823} INFO - Setting next_dagrun for example_bash_operator to 2025-02-20 00:00:00+00:00, run_after=2025-02-21 00:00:00+00:00
[2025-02-21T06:25:11.985+0000] {processor.py:183} INFO - Processing /home/airflow/.local/lib/python3.8/site-packages/airflow/example_dags/example_bash_operator.py took 0.250 seconds
[2025-02-21T06:25:42.930+0000] {processor.py:161} INFO - Started process (PID=373) to work on /home/airflow/.local/lib/python3.8/site-packages/airflow/example_dags/example_bash_operator.py
[2025-02-21T06:25:42.934+0000] {processor.py:830} INFO - Processing file /home/airflow/.local/lib/python3.8/site-packages/airflow/example_dags/example_bash_operator.py for tasks to queue
[2025-02-21T06:25:42.941+0000] {logging_mixin.py:188} INFO - [2025-02-21T06:25:42.940+0000] {dagbag.py:538} INFO - Filling up the DagBag from /home/airflow/.local/lib/python3.8/site-packages/airflow/example_dags/example_bash_operator.py
[2025-02-21T06:25:42.985+0000] {processor.py:840} INFO - DAG(s) 'example_bash_operator' retrieved from /home/airflow/.local/lib/python3.8/site-packages/airflow/example_dags/example_bash_operator.py
[2025-02-21T06:25:43.081+0000] {logging_mixin.py:188} INFO - [2025-02-21T06:25:43.080+0000] {dag.py:3036} INFO - Sync 1 DAGs
[2025-02-21T06:25:43.152+0000] {logging_mixin.py:188} INFO - [2025-02-21T06:25:43.152+0000] {dag.py:3823} INFO - Setting next_dagrun for example_bash_operator to 2025-02-20 00:00:00+00:00, run_after=2025-02-21 00:00:00+00:00
[2025-02-21T06:25:43.197+0000] {processor.py:183} INFO - Processing /home/airflow/.local/lib/python3.8/site-packages/airflow/example_dags/example_bash_operator.py took 0.277 seconds
[2025-02-21T06:26:14.161+0000] {processor.py:161} INFO - Started process (PID=428) to work on /home/airflow/.local/lib/python3.8/site-packages/airflow/example_dags/example_bash_operator.py
[2025-02-21T06:26:14.164+0000] {processor.py:830} INFO - Processing file /home/airflow/.local/lib/python3.8/site-packages/airflow/example_dags/example_bash_operator.py for tasks to queue
[2025-02-21T06:26:14.169+0000] {logging_mixin.py:188} INFO - [2025-02-21T06:26:14.168+0000] {dagbag.py:538} INFO - Filling up the DagBag from /home/airflow/.local/lib/python3.8/site-packages/airflow/example_dags/example_bash_operator.py
[2025-02-21T06:26:14.197+0000] {processor.py:840} INFO - DAG(s) 'example_bash_operator' retrieved from /home/airflow/.local/lib/python3.8/site-packages/airflow/example_dags/example_bash_operator.py
[2025-02-21T06:26:14.291+0000] {logging_mixin.py:188} INFO - [2025-02-21T06:26:14.290+0000] {dag.py:3036} INFO - Sync 1 DAGs
[2025-02-21T06:26:14.370+0000] {logging_mixin.py:188} INFO - [2025-02-21T06:26:14.370+0000] {dag.py:3823} INFO - Setting next_dagrun for example_bash_operator to 2025-02-20 00:00:00+00:00, run_after=2025-02-21 00:00:00+00:00
[2025-02-21T06:26:14.430+0000] {processor.py:183} INFO - Processing /home/airflow/.local/lib/python3.8/site-packages/airflow/example_dags/example_bash_operator.py took 0.277 seconds
[2025-02-21T06:26:44.742+0000] {processor.py:161} INFO - Started process (PID=484) to work on /home/airflow/.local/lib/python3.8/site-packages/airflow/example_dags/example_bash_operator.py
[2025-02-21T06:26:44.746+0000] {processor.py:830} INFO - Processing file /home/airflow/.local/lib/python3.8/site-packages/airflow/example_dags/example_bash_operator.py for tasks to queue
[2025-02-21T06:26:44.753+0000] {logging_mixin.py:188} INFO - [2025-02-21T06:26:44.752+0000] {dagbag.py:538} INFO - Filling up the DagBag from /home/airflow/.local/lib/python3.8/site-packages/airflow/example_dags/example_bash_operator.py
[2025-02-21T06:26:44.786+0000] {processor.py:840} INFO - DAG(s) 'example_bash_operator' retrieved from /home/airflow/.local/lib/python3.8/site-packages/airflow/example_dags/example_bash_operator.py
[2025-02-21T06:26:44.885+0000] {logging_mixin.py:188} INFO - [2025-02-21T06:26:44.885+0000] {dag.py:3036} INFO - Sync 1 DAGs
[2025-02-21T06:26:44.962+0000] {logging_mixin.py:188} INFO - [2025-02-21T06:26:44.961+0000] {dag.py:3823} INFO - Setting next_dagrun for example_bash_operator to 2025-02-20 00:00:00+00:00, run_after=2025-02-21 00:00:00+00:00
[2025-02-21T06:26:45.037+0000] {processor.py:183} INFO - Processing /home/airflow/.local/lib/python3.8/site-packages/airflow/example_dags/example_bash_operator.py took 0.302 seconds
[2025-02-21T06:27:15.539+0000] {processor.py:161} INFO - Started process (PID=538) to work on /home/airflow/.local/lib/python3.8/site-packages/airflow/example_dags/example_bash_operator.py
[2025-02-21T06:27:15.542+0000] {processor.py:830} INFO - Processing file /home/airflow/.local/lib/python3.8/site-packages/airflow/example_dags/example_bash_operator.py for tasks to queue
[2025-02-21T06:27:15.547+0000] {logging_mixin.py:188} INFO - [2025-02-21T06:27:15.546+0000] {dagbag.py:538} INFO - Filling up the DagBag from /home/airflow/.local/lib/python3.8/site-packages/airflow/example_dags/example_bash_operator.py
[2025-02-21T06:27:15.576+0000] {processor.py:840} INFO - DAG(s) 'example_bash_operator' retrieved from /home/airflow/.local/lib/python3.8/site-packages/airflow/example_dags/example_bash_operator.py
[2025-02-21T06:27:15.652+0000] {logging_mixin.py:188} INFO - [2025-02-21T06:27:15.651+0000] {dag.py:3036} INFO - Sync 1 DAGs
[2025-02-21T06:27:15.732+0000] {logging_mixin.py:188} INFO - [2025-02-21T06:27:15.732+0000] {dag.py:3823} INFO - Setting next_dagrun for example_bash_operator to 2025-02-20 00:00:00+00:00, run_after=2025-02-21 00:00:00+00:00
[2025-02-21T06:27:15.789+0000] {processor.py:183} INFO - Processing /home/airflow/.local/lib/python3.8/site-packages/airflow/example_dags/example_bash_operator.py took 0.258 seconds
[2025-02-21T06:27:46.204+0000] {processor.py:161} INFO - Started process (PID=594) to work on /home/airflow/.local/lib/python3.8/site-packages/airflow/example_dags/example_bash_operator.py
[2025-02-21T06:27:46.209+0000] {processor.py:830} INFO - Processing file /home/airflow/.local/lib/python3.8/site-packages/airflow/example_dags/example_bash_operator.py for tasks to queue
[2025-02-21T06:27:46.221+0000] {logging_mixin.py:188} INFO - [2025-02-21T06:27:46.220+0000] {dagbag.py:538} INFO - Filling up the DagBag from /home/airflow/.local/lib/python3.8/site-packages/airflow/example_dags/example_bash_operator.py
[2025-02-21T06:27:46.265+0000] {processor.py:840} INFO - DAG(s) 'example_bash_operator' retrieved from /home/airflow/.local/lib/python3.8/site-packages/airflow/example_dags/example_bash_operator.py
[2025-02-21T06:27:46.417+0000] {logging_mixin.py:188} INFO - [2025-02-21T06:27:46.416+0000] {dag.py:3036} INFO - Sync 1 DAGs
[2025-02-21T06:27:46.516+0000] {logging_mixin.py:188} INFO - [2025-02-21T06:27:46.515+0000] {dag.py:3823} INFO - Setting next_dagrun for example_bash_operator to 2025-02-20 00:00:00+00:00, run_after=2025-02-21 00:00:00+00:00
[2025-02-21T06:27:46.618+0000] {processor.py:183} INFO - Processing /home/airflow/.local/lib/python3.8/site-packages/airflow/example_dags/example_bash_operator.py took 0.430 seconds
[2025-02-21T06:28:17.609+0000] {processor.py:161} INFO - Started process (PID=649) to work on /home/airflow/.local/lib/python3.8/site-packages/airflow/example_dags/example_bash_operator.py
[2025-02-21T06:28:17.617+0000] {processor.py:830} INFO - Processing file /home/airflow/.local/lib/python3.8/site-packages/airflow/example_dags/example_bash_operator.py for tasks to queue
[2025-02-21T06:28:17.637+0000] {logging_mixin.py:188} INFO - [2025-02-21T06:28:17.633+0000] {dagbag.py:538} INFO - Filling up the DagBag from /home/airflow/.local/lib/python3.8/site-packages/airflow/example_dags/example_bash_operator.py
[2025-02-21T06:28:17.710+0000] {processor.py:840} INFO - DAG(s) 'example_bash_operator' retrieved from /home/airflow/.local/lib/python3.8/site-packages/airflow/example_dags/example_bash_operator.py
[2025-02-21T06:28:17.838+0000] {logging_mixin.py:188} INFO - [2025-02-21T06:28:17.836+0000] {dag.py:3036} INFO - Sync 1 DAGs
[2025-02-21T06:28:17.942+0000] {logging_mixin.py:188} INFO - [2025-02-21T06:28:17.942+0000] {dag.py:3823} INFO - Setting next_dagrun for example_bash_operator to 2025-02-20 00:00:00+00:00, run_after=2025-02-21 00:00:00+00:00
[2025-02-21T06:28:18.010+0000] {processor.py:183} INFO - Processing /home/airflow/.local/lib/python3.8/site-packages/airflow/example_dags/example_bash_operator.py took 0.417 seconds
[2025-02-21T06:28:48.464+0000] {processor.py:161} INFO - Started process (PID=703) to work on /home/airflow/.local/lib/python3.8/site-packages/airflow/example_dags/example_bash_operator.py
[2025-02-21T06:28:48.470+0000] {processor.py:830} INFO - Processing file /home/airflow/.local/lib/python3.8/site-packages/airflow/example_dags/example_bash_operator.py for tasks to queue
[2025-02-21T06:28:48.476+0000] {logging_mixin.py:188} INFO - [2025-02-21T06:28:48.475+0000] {dagbag.py:538} INFO - Filling up the DagBag from /home/airflow/.local/lib/python3.8/site-packages/airflow/example_dags/example_bash_operator.py
[2025-02-21T06:28:48.509+0000] {processor.py:840} INFO - DAG(s) 'example_bash_operator' retrieved from /home/airflow/.local/lib/python3.8/site-packages/airflow/example_dags/example_bash_operator.py
[2025-02-21T06:28:48.615+0000] {logging_mixin.py:188} INFO - [2025-02-21T06:28:48.615+0000] {dag.py:3036} INFO - Sync 1 DAGs
[2025-02-21T06:28:48.667+0000] {logging_mixin.py:188} INFO - [2025-02-21T06:28:48.666+0000] {dag.py:3823} INFO - Setting next_dagrun for example_bash_operator to 2025-02-20 00:00:00+00:00, run_after=2025-02-21 00:00:00+00:00
[2025-02-21T06:28:48.706+0000] {processor.py:183} INFO - Processing /home/airflow/.local/lib/python3.8/site-packages/airflow/example_dags/example_bash_operator.py took 0.254 seconds
[2025-02-21T06:29:19.045+0000] {processor.py:161} INFO - Started process (PID=758) to work on /home/airflow/.local/lib/python3.8/site-packages/airflow/example_dags/example_bash_operator.py
[2025-02-21T06:29:19.049+0000] {processor.py:830} INFO - Processing file /home/airflow/.local/lib/python3.8/site-packages/airflow/example_dags/example_bash_operator.py for tasks to queue
[2025-02-21T06:29:19.057+0000] {logging_mixin.py:188} INFO - [2025-02-21T06:29:19.056+0000] {dagbag.py:538} INFO - Filling up the DagBag from /home/airflow/.local/lib/python3.8/site-packages/airflow/example_dags/example_bash_operator.py
[2025-02-21T06:29:19.092+0000] {processor.py:840} INFO - DAG(s) 'example_bash_operator' retrieved from /home/airflow/.local/lib/python3.8/site-packages/airflow/example_dags/example_bash_operator.py
[2025-02-21T06:29:19.300+0000] {logging_mixin.py:188} INFO - [2025-02-21T06:29:19.299+0000] {dag.py:3036} INFO - Sync 1 DAGs
[2025-02-21T06:29:19.435+0000] {logging_mixin.py:188} INFO - [2025-02-21T06:29:19.434+0000] {dag.py:3823} INFO - Setting next_dagrun for example_bash_operator to 2025-02-20 00:00:00+00:00, run_after=2025-02-21 00:00:00+00:00
[2025-02-21T06:29:19.512+0000] {processor.py:183} INFO - Processing /home/airflow/.local/lib/python3.8/site-packages/airflow/example_dags/example_bash_operator.py took 0.479 seconds
[2025-02-21T06:29:49.665+0000] {processor.py:161} INFO - Started process (PID=813) to work on /home/airflow/.local/lib/python3.8/site-packages/airflow/example_dags/example_bash_operator.py
[2025-02-21T06:29:49.668+0000] {processor.py:830} INFO - Processing file /home/airflow/.local/lib/python3.8/site-packages/airflow/example_dags/example_bash_operator.py for tasks to queue
[2025-02-21T06:29:49.677+0000] {logging_mixin.py:188} INFO - [2025-02-21T06:29:49.676+0000] {dagbag.py:538} INFO - Filling up the DagBag from /home/airflow/.local/lib/python3.8/site-packages/airflow/example_dags/example_bash_operator.py
[2025-02-21T06:29:49.705+0000] {processor.py:840} INFO - DAG(s) 'example_bash_operator' retrieved from /home/airflow/.local/lib/python3.8/site-packages/airflow/example_dags/example_bash_operator.py
[2025-02-21T06:29:49.846+0000] {logging_mixin.py:188} INFO - [2025-02-21T06:29:49.845+0000] {dag.py:3036} INFO - Sync 1 DAGs
[2025-02-21T06:29:49.922+0000] {logging_mixin.py:188} INFO - [2025-02-21T06:29:49.921+0000] {dag.py:3823} INFO - Setting next_dagrun for example_bash_operator to 2025-02-20 00:00:00+00:00, run_after=2025-02-21 00:00:00+00:00
[2025-02-21T06:29:50.005+0000] {processor.py:183} INFO - Processing /home/airflow/.local/lib/python3.8/site-packages/airflow/example_dags/example_bash_operator.py took 0.348 seconds
[2025-02-21T06:30:20.376+0000] {processor.py:161} INFO - Started process (PID=868) to work on /home/airflow/.local/lib/python3.8/site-packages/airflow/example_dags/example_bash_operator.py
[2025-02-21T06:30:20.380+0000] {processor.py:830} INFO - Processing file /home/airflow/.local/lib/python3.8/site-packages/airflow/example_dags/example_bash_operator.py for tasks to queue
[2025-02-21T06:30:20.387+0000] {logging_mixin.py:188} INFO - [2025-02-21T06:30:20.386+0000] {dagbag.py:538} INFO - Filling up the DagBag from /home/airflow/.local/lib/python3.8/site-packages/airflow/example_dags/example_bash_operator.py
[2025-02-21T06:30:20.428+0000] {processor.py:840} INFO - DAG(s) 'example_bash_operator' retrieved from /home/airflow/.local/lib/python3.8/site-packages/airflow/example_dags/example_bash_operator.py
[2025-02-21T06:30:20.536+0000] {logging_mixin.py:188} INFO - [2025-02-21T06:30:20.535+0000] {dag.py:3036} INFO - Sync 1 DAGs
[2025-02-21T06:30:20.600+0000] {logging_mixin.py:188} INFO - [2025-02-21T06:30:20.599+0000] {dag.py:3823} INFO - Setting next_dagrun for example_bash_operator to 2025-02-20 00:00:00+00:00, run_after=2025-02-21 00:00:00+00:00
[2025-02-21T06:30:20.677+0000] {processor.py:183} INFO - Processing /home/airflow/.local/lib/python3.8/site-packages/airflow/example_dags/example_bash_operator.py took 0.335 seconds
[2025-02-21T06:30:51.264+0000] {processor.py:161} INFO - Started process (PID=924) to work on /home/airflow/.local/lib/python3.8/site-packages/airflow/example_dags/example_bash_operator.py
[2025-02-21T06:30:51.268+0000] {processor.py:830} INFO - Processing file /home/airflow/.local/lib/python3.8/site-packages/airflow/example_dags/example_bash_operator.py for tasks to queue
[2025-02-21T06:30:51.280+0000] {logging_mixin.py:188} INFO - [2025-02-21T06:30:51.279+0000] {dagbag.py:538} INFO - Filling up the DagBag from /home/airflow/.local/lib/python3.8/site-packages/airflow/example_dags/example_bash_operator.py
[2025-02-21T06:30:51.329+0000] {processor.py:840} INFO - DAG(s) 'example_bash_operator' retrieved from /home/airflow/.local/lib/python3.8/site-packages/airflow/example_dags/example_bash_operator.py
[2025-02-21T06:30:51.444+0000] {logging_mixin.py:188} INFO - [2025-02-21T06:30:51.443+0000] {dag.py:3036} INFO - Sync 1 DAGs
[2025-02-21T06:30:51.539+0000] {logging_mixin.py:188} INFO - [2025-02-21T06:30:51.539+0000] {dag.py:3823} INFO - Setting next_dagrun for example_bash_operator to 2025-02-20 00:00:00+00:00, run_after=2025-02-21 00:00:00+00:00
[2025-02-21T06:30:51.606+0000] {processor.py:183} INFO - Processing /home/airflow/.local/lib/python3.8/site-packages/airflow/example_dags/example_bash_operator.py took 0.355 seconds
[2025-02-21T06:31:22.320+0000] {processor.py:161} INFO - Started process (PID=979) to work on /home/airflow/.local/lib/python3.8/site-packages/airflow/example_dags/example_bash_operator.py
[2025-02-21T06:31:22.328+0000] {processor.py:830} INFO - Processing file /home/airflow/.local/lib/python3.8/site-packages/airflow/example_dags/example_bash_operator.py for tasks to queue
[2025-02-21T06:31:22.333+0000] {logging_mixin.py:188} INFO - [2025-02-21T06:31:22.332+0000] {dagbag.py:538} INFO - Filling up the DagBag from /home/airflow/.local/lib/python3.8/site-packages/airflow/example_dags/example_bash_operator.py
[2025-02-21T06:31:22.374+0000] {processor.py:840} INFO - DAG(s) 'example_bash_operator' retrieved from /home/airflow/.local/lib/python3.8/site-packages/airflow/example_dags/example_bash_operator.py
[2025-02-21T06:31:22.468+0000] {logging_mixin.py:188} INFO - [2025-02-21T06:31:22.467+0000] {dag.py:3036} INFO - Sync 1 DAGs
[2025-02-21T06:31:22.522+0000] {logging_mixin.py:188} INFO - [2025-02-21T06:31:22.521+0000] {dag.py:3823} INFO - Setting next_dagrun for example_bash_operator to 2025-02-20 00:00:00+00:00, run_after=2025-02-21 00:00:00+00:00
[2025-02-21T06:31:22.570+0000] {processor.py:183} INFO - Processing /home/airflow/.local/lib/python3.8/site-packages/airflow/example_dags/example_bash_operator.py took 0.262 seconds
[2025-02-21T06:31:53.210+0000] {processor.py:161} INFO - Started process (PID=1034) to work on /home/airflow/.local/lib/python3.8/site-packages/airflow/example_dags/example_bash_operator.py
[2025-02-21T06:31:53.214+0000] {processor.py:830} INFO - Processing file /home/airflow/.local/lib/python3.8/site-packages/airflow/example_dags/example_bash_operator.py for tasks to queue
[2025-02-21T06:31:53.221+0000] {logging_mixin.py:188} INFO - [2025-02-21T06:31:53.220+0000] {dagbag.py:538} INFO - Filling up the DagBag from /home/airflow/.local/lib/python3.8/site-packages/airflow/example_dags/example_bash_operator.py
[2025-02-21T06:31:53.264+0000] {processor.py:840} INFO - DAG(s) 'example_bash_operator' retrieved from /home/airflow/.local/lib/python3.8/site-packages/airflow/example_dags/example_bash_operator.py
[2025-02-21T06:31:53.379+0000] {logging_mixin.py:188} INFO - [2025-02-21T06:31:53.378+0000] {dag.py:3036} INFO - Sync 1 DAGs
[2025-02-21T06:31:53.425+0000] {logging_mixin.py:188} INFO - [2025-02-21T06:31:53.425+0000] {dag.py:3823} INFO - Setting next_dagrun for example_bash_operator to 2025-02-20 00:00:00+00:00, run_after=2025-02-21 00:00:00+00:00
[2025-02-21T06:31:53.469+0000] {processor.py:183} INFO - Processing /home/airflow/.local/lib/python3.8/site-packages/airflow/example_dags/example_bash_operator.py took 0.279 seconds
[2025-02-21T06:32:23.912+0000] {processor.py:161} INFO - Started process (PID=1089) to work on /home/airflow/.local/lib/python3.8/site-packages/airflow/example_dags/example_bash_operator.py
[2025-02-21T06:32:23.915+0000] {processor.py:830} INFO - Processing file /home/airflow/.local/lib/python3.8/site-packages/airflow/example_dags/example_bash_operator.py for tasks to queue
[2025-02-21T06:32:23.922+0000] {logging_mixin.py:188} INFO - [2025-02-21T06:32:23.922+0000] {dagbag.py:538} INFO - Filling up the DagBag from /home/airflow/.local/lib/python3.8/site-packages/airflow/example_dags/example_bash_operator.py
[2025-02-21T06:32:23.952+0000] {processor.py:840} INFO - DAG(s) 'example_bash_operator' retrieved from /home/airflow/.local/lib/python3.8/site-packages/airflow/example_dags/example_bash_operator.py
[2025-02-21T06:32:24.039+0000] {logging_mixin.py:188} INFO - [2025-02-21T06:32:24.037+0000] {dag.py:3036} INFO - Sync 1 DAGs
[2025-02-21T06:32:24.153+0000] {logging_mixin.py:188} INFO - [2025-02-21T06:32:24.152+0000] {dag.py:3823} INFO - Setting next_dagrun for example_bash_operator to 2025-02-20 00:00:00+00:00, run_after=2025-02-21 00:00:00+00:00
[2025-02-21T06:32:24.190+0000] {processor.py:183} INFO - Processing /home/airflow/.local/lib/python3.8/site-packages/airflow/example_dags/example_bash_operator.py took 0.285 seconds
[2025-02-21T06:32:54.545+0000] {processor.py:161} INFO - Started process (PID=1144) to work on /home/airflow/.local/lib/python3.8/site-packages/airflow/example_dags/example_bash_operator.py
[2025-02-21T06:32:54.548+0000] {processor.py:830} INFO - Processing file /home/airflow/.local/lib/python3.8/site-packages/airflow/example_dags/example_bash_operator.py for tasks to queue
[2025-02-21T06:32:54.555+0000] {logging_mixin.py:188} INFO - [2025-02-21T06:32:54.554+0000] {dagbag.py:538} INFO - Filling up the DagBag from /home/airflow/.local/lib/python3.8/site-packages/airflow/example_dags/example_bash_operator.py
[2025-02-21T06:32:54.597+0000] {processor.py:840} INFO - DAG(s) 'example_bash_operator' retrieved from /home/airflow/.local/lib/python3.8/site-packages/airflow/example_dags/example_bash_operator.py
[2025-02-21T06:32:54.688+0000] {logging_mixin.py:188} INFO - [2025-02-21T06:32:54.687+0000] {dag.py:3036} INFO - Sync 1 DAGs
[2025-02-21T06:32:54.755+0000] {logging_mixin.py:188} INFO - [2025-02-21T06:32:54.755+0000] {dag.py:3823} INFO - Setting next_dagrun for example_bash_operator to 2025-02-20 00:00:00+00:00, run_after=2025-02-21 00:00:00+00:00
[2025-02-21T06:32:54.809+0000] {processor.py:183} INFO - Processing /home/airflow/.local/lib/python3.8/site-packages/airflow/example_dags/example_bash_operator.py took 0.273 seconds
[2025-02-21T06:33:25.448+0000] {processor.py:161} INFO - Started process (PID=1199) to work on /home/airflow/.local/lib/python3.8/site-packages/airflow/example_dags/example_bash_operator.py
[2025-02-21T06:33:25.455+0000] {processor.py:830} INFO - Processing file /home/airflow/.local/lib/python3.8/site-packages/airflow/example_dags/example_bash_operator.py for tasks to queue
[2025-02-21T06:33:25.462+0000] {logging_mixin.py:188} INFO - [2025-02-21T06:33:25.461+0000] {dagbag.py:538} INFO - Filling up the DagBag from /home/airflow/.local/lib/python3.8/site-packages/airflow/example_dags/example_bash_operator.py
[2025-02-21T06:33:25.524+0000] {processor.py:840} INFO - DAG(s) 'example_bash_operator' retrieved from /home/airflow/.local/lib/python3.8/site-packages/airflow/example_dags/example_bash_operator.py
[2025-02-21T06:33:25.647+0000] {logging_mixin.py:188} INFO - [2025-02-21T06:33:25.643+0000] {dag.py:3036} INFO - Sync 1 DAGs
[2025-02-21T06:33:25.745+0000] {logging_mixin.py:188} INFO - [2025-02-21T06:33:25.744+0000] {dag.py:3823} INFO - Setting next_dagrun for example_bash_operator to 2025-02-20 00:00:00+00:00, run_after=2025-02-21 00:00:00+00:00
[2025-02-21T06:33:25.855+0000] {processor.py:183} INFO - Processing /home/airflow/.local/lib/python3.8/site-packages/airflow/example_dags/example_bash_operator.py took 0.425 seconds
[2025-02-21T06:33:56.428+0000] {processor.py:161} INFO - Started process (PID=1254) to work on /home/airflow/.local/lib/python3.8/site-packages/airflow/example_dags/example_bash_operator.py
[2025-02-21T06:33:56.434+0000] {processor.py:830} INFO - Processing file /home/airflow/.local/lib/python3.8/site-packages/airflow/example_dags/example_bash_operator.py for tasks to queue
[2025-02-21T06:33:56.456+0000] {logging_mixin.py:188} INFO - [2025-02-21T06:33:56.455+0000] {dagbag.py:538} INFO - Filling up the DagBag from /home/airflow/.local/lib/python3.8/site-packages/airflow/example_dags/example_bash_operator.py
[2025-02-21T06:33:56.500+0000] {processor.py:840} INFO - DAG(s) 'example_bash_operator' retrieved from /home/airflow/.local/lib/python3.8/site-packages/airflow/example_dags/example_bash_operator.py
[2025-02-21T06:33:56.629+0000] {logging_mixin.py:188} INFO - [2025-02-21T06:33:56.629+0000] {dag.py:3036} INFO - Sync 1 DAGs
[2025-02-21T06:33:56.724+0000] {logging_mixin.py:188} INFO - [2025-02-21T06:33:56.723+0000] {dag.py:3823} INFO - Setting next_dagrun for example_bash_operator to 2025-02-20 00:00:00+00:00, run_after=2025-02-21 00:00:00+00:00
[2025-02-21T06:33:56.807+0000] {processor.py:183} INFO - Processing /home/airflow/.local/lib/python3.8/site-packages/airflow/example_dags/example_bash_operator.py took 0.393 seconds
[2025-02-21T06:34:27.682+0000] {processor.py:161} INFO - Started process (PID=1309) to work on /home/airflow/.local/lib/python3.8/site-packages/airflow/example_dags/example_bash_operator.py
[2025-02-21T06:34:27.685+0000] {processor.py:830} INFO - Processing file /home/airflow/.local/lib/python3.8/site-packages/airflow/example_dags/example_bash_operator.py for tasks to queue
[2025-02-21T06:34:27.690+0000] {logging_mixin.py:188} INFO - [2025-02-21T06:34:27.689+0000] {dagbag.py:538} INFO - Filling up the DagBag from /home/airflow/.local/lib/python3.8/site-packages/airflow/example_dags/example_bash_operator.py
[2025-02-21T06:34:27.716+0000] {processor.py:840} INFO - DAG(s) 'example_bash_operator' retrieved from /home/airflow/.local/lib/python3.8/site-packages/airflow/example_dags/example_bash_operator.py
[2025-02-21T06:34:27.802+0000] {logging_mixin.py:188} INFO - [2025-02-21T06:34:27.801+0000] {dag.py:3036} INFO - Sync 1 DAGs
[2025-02-21T06:34:27.861+0000] {logging_mixin.py:188} INFO - [2025-02-21T06:34:27.861+0000] {dag.py:3823} INFO - Setting next_dagrun for example_bash_operator to 2025-02-20 00:00:00+00:00, run_after=2025-02-21 00:00:00+00:00
[2025-02-21T06:34:27.920+0000] {processor.py:183} INFO - Processing /home/airflow/.local/lib/python3.8/site-packages/airflow/example_dags/example_bash_operator.py took 0.246 seconds
[2025-02-21T06:34:58.238+0000] {processor.py:161} INFO - Started process (PID=1362) to work on /home/airflow/.local/lib/python3.8/site-packages/airflow/example_dags/example_bash_operator.py
[2025-02-21T06:34:58.243+0000] {processor.py:830} INFO - Processing file /home/airflow/.local/lib/python3.8/site-packages/airflow/example_dags/example_bash_operator.py for tasks to queue
[2025-02-21T06:34:58.254+0000] {logging_mixin.py:188} INFO - [2025-02-21T06:34:58.253+0000] {dagbag.py:538} INFO - Filling up the DagBag from /home/airflow/.local/lib/python3.8/site-packages/airflow/example_dags/example_bash_operator.py
[2025-02-21T06:34:58.283+0000] {processor.py:840} INFO - DAG(s) 'example_bash_operator' retrieved from /home/airflow/.local/lib/python3.8/site-packages/airflow/example_dags/example_bash_operator.py
[2025-02-21T06:34:58.386+0000] {logging_mixin.py:188} INFO - [2025-02-21T06:34:58.386+0000] {dag.py:3036} INFO - Sync 1 DAGs
[2025-02-21T06:34:58.452+0000] {logging_mixin.py:188} INFO - [2025-02-21T06:34:58.451+0000] {dag.py:3823} INFO - Setting next_dagrun for example_bash_operator to 2025-02-20 00:00:00+00:00, run_after=2025-02-21 00:00:00+00:00
[2025-02-21T06:34:58.518+0000] {processor.py:183} INFO - Processing /home/airflow/.local/lib/python3.8/site-packages/airflow/example_dags/example_bash_operator.py took 0.289 seconds
[2025-02-21T06:35:28.767+0000] {processor.py:161} INFO - Started process (PID=1418) to work on /home/airflow/.local/lib/python3.8/site-packages/airflow/example_dags/example_bash_operator.py
[2025-02-21T06:35:28.771+0000] {processor.py:830} INFO - Processing file /home/airflow/.local/lib/python3.8/site-packages/airflow/example_dags/example_bash_operator.py for tasks to queue
[2025-02-21T06:35:28.782+0000] {logging_mixin.py:188} INFO - [2025-02-21T06:35:28.780+0000] {dagbag.py:538} INFO - Filling up the DagBag from /home/airflow/.local/lib/python3.8/site-packages/airflow/example_dags/example_bash_operator.py
[2025-02-21T06:35:28.823+0000] {processor.py:840} INFO - DAG(s) 'example_bash_operator' retrieved from /home/airflow/.local/lib/python3.8/site-packages/airflow/example_dags/example_bash_operator.py
[2025-02-21T06:35:28.957+0000] {logging_mixin.py:188} INFO - [2025-02-21T06:35:28.956+0000] {dag.py:3036} INFO - Sync 1 DAGs
[2025-02-21T06:35:29.056+0000] {logging_mixin.py:188} INFO - [2025-02-21T06:35:29.056+0000] {dag.py:3823} INFO - Setting next_dagrun for example_bash_operator to 2025-02-20 00:00:00+00:00, run_after=2025-02-21 00:00:00+00:00
[2025-02-21T06:35:29.117+0000] {processor.py:183} INFO - Processing /home/airflow/.local/lib/python3.8/site-packages/airflow/example_dags/example_bash_operator.py took 0.360 seconds
[2025-02-21T06:35:59.380+0000] {processor.py:161} INFO - Started process (PID=1473) to work on /home/airflow/.local/lib/python3.8/site-packages/airflow/example_dags/example_bash_operator.py
[2025-02-21T06:35:59.385+0000] {processor.py:830} INFO - Processing file /home/airflow/.local/lib/python3.8/site-packages/airflow/example_dags/example_bash_operator.py for tasks to queue
[2025-02-21T06:35:59.398+0000] {logging_mixin.py:188} INFO - [2025-02-21T06:35:59.395+0000] {dagbag.py:538} INFO - Filling up the DagBag from /home/airflow/.local/lib/python3.8/site-packages/airflow/example_dags/example_bash_operator.py
[2025-02-21T06:35:59.435+0000] {processor.py:840} INFO - DAG(s) 'example_bash_operator' retrieved from /home/airflow/.local/lib/python3.8/site-packages/airflow/example_dags/example_bash_operator.py
[2025-02-21T06:35:59.587+0000] {logging_mixin.py:188} INFO - [2025-02-21T06:35:59.586+0000] {dag.py:3036} INFO - Sync 1 DAGs
[2025-02-21T06:35:59.663+0000] {logging_mixin.py:188} INFO - [2025-02-21T06:35:59.662+0000] {dag.py:3823} INFO - Setting next_dagrun for example_bash_operator to 2025-02-20 00:00:00+00:00, run_after=2025-02-21 00:00:00+00:00
[2025-02-21T06:35:59.736+0000] {processor.py:183} INFO - Processing /home/airflow/.local/lib/python3.8/site-packages/airflow/example_dags/example_bash_operator.py took 0.366 seconds
[2025-02-21T06:36:30.317+0000] {processor.py:161} INFO - Started process (PID=1528) to work on /home/airflow/.local/lib/python3.8/site-packages/airflow/example_dags/example_bash_operator.py
[2025-02-21T06:36:30.321+0000] {processor.py:830} INFO - Processing file /home/airflow/.local/lib/python3.8/site-packages/airflow/example_dags/example_bash_operator.py for tasks to queue
[2025-02-21T06:36:30.327+0000] {logging_mixin.py:188} INFO - [2025-02-21T06:36:30.326+0000] {dagbag.py:538} INFO - Filling up the DagBag from /home/airflow/.local/lib/python3.8/site-packages/airflow/example_dags/example_bash_operator.py
[2025-02-21T06:36:30.354+0000] {processor.py:840} INFO - DAG(s) 'example_bash_operator' retrieved from /home/airflow/.local/lib/python3.8/site-packages/airflow/example_dags/example_bash_operator.py
[2025-02-21T06:36:30.452+0000] {logging_mixin.py:188} INFO - [2025-02-21T06:36:30.451+0000] {dag.py:3036} INFO - Sync 1 DAGs
[2025-02-21T06:36:30.519+0000] {logging_mixin.py:188} INFO - [2025-02-21T06:36:30.519+0000] {dag.py:3823} INFO - Setting next_dagrun for example_bash_operator to 2025-02-20 00:00:00+00:00, run_after=2025-02-21 00:00:00+00:00
[2025-02-21T06:36:30.565+0000] {processor.py:183} INFO - Processing /home/airflow/.local/lib/python3.8/site-packages/airflow/example_dags/example_bash_operator.py took 0.260 seconds
[2025-02-21T06:37:01.320+0000] {processor.py:161} INFO - Started process (PID=1584) to work on /home/airflow/.local/lib/python3.8/site-packages/airflow/example_dags/example_bash_operator.py
[2025-02-21T06:37:01.323+0000] {processor.py:830} INFO - Processing file /home/airflow/.local/lib/python3.8/site-packages/airflow/example_dags/example_bash_operator.py for tasks to queue
[2025-02-21T06:37:01.334+0000] {logging_mixin.py:188} INFO - [2025-02-21T06:37:01.333+0000] {dagbag.py:538} INFO - Filling up the DagBag from /home/airflow/.local/lib/python3.8/site-packages/airflow/example_dags/example_bash_operator.py
[2025-02-21T06:37:01.372+0000] {processor.py:840} INFO - DAG(s) 'example_bash_operator' retrieved from /home/airflow/.local/lib/python3.8/site-packages/airflow/example_dags/example_bash_operator.py
[2025-02-21T06:37:01.462+0000] {logging_mixin.py:188} INFO - [2025-02-21T06:37:01.461+0000] {dag.py:3036} INFO - Sync 1 DAGs
[2025-02-21T06:37:01.528+0000] {logging_mixin.py:188} INFO - [2025-02-21T06:37:01.528+0000] {dag.py:3823} INFO - Setting next_dagrun for example_bash_operator to 2025-02-20 00:00:00+00:00, run_after=2025-02-21 00:00:00+00:00
[2025-02-21T06:37:01.576+0000] {processor.py:183} INFO - Processing /home/airflow/.local/lib/python3.8/site-packages/airflow/example_dags/example_bash_operator.py took 0.265 seconds
[2025-02-21T06:37:31.966+0000] {processor.py:161} INFO - Started process (PID=1639) to work on /home/airflow/.local/lib/python3.8/site-packages/airflow/example_dags/example_bash_operator.py
[2025-02-21T06:37:31.972+0000] {processor.py:830} INFO - Processing file /home/airflow/.local/lib/python3.8/site-packages/airflow/example_dags/example_bash_operator.py for tasks to queue
[2025-02-21T06:37:31.983+0000] {logging_mixin.py:188} INFO - [2025-02-21T06:37:31.982+0000] {dagbag.py:538} INFO - Filling up the DagBag from /home/airflow/.local/lib/python3.8/site-packages/airflow/example_dags/example_bash_operator.py
[2025-02-21T06:37:32.022+0000] {processor.py:840} INFO - DAG(s) 'example_bash_operator' retrieved from /home/airflow/.local/lib/python3.8/site-packages/airflow/example_dags/example_bash_operator.py
[2025-02-21T06:37:32.119+0000] {logging_mixin.py:188} INFO - [2025-02-21T06:37:32.119+0000] {dag.py:3036} INFO - Sync 1 DAGs
[2025-02-21T06:37:32.172+0000] {logging_mixin.py:188} INFO - [2025-02-21T06:37:32.171+0000] {dag.py:3823} INFO - Setting next_dagrun for example_bash_operator to 2025-02-20 00:00:00+00:00, run_after=2025-02-21 00:00:00+00:00
[2025-02-21T06:37:32.211+0000] {processor.py:183} INFO - Processing /home/airflow/.local/lib/python3.8/site-packages/airflow/example_dags/example_bash_operator.py took 0.257 seconds
[2025-02-21T06:38:02.442+0000] {processor.py:161} INFO - Started process (PID=1694) to work on /home/airflow/.local/lib/python3.8/site-packages/airflow/example_dags/example_bash_operator.py
[2025-02-21T06:38:02.447+0000] {processor.py:830} INFO - Processing file /home/airflow/.local/lib/python3.8/site-packages/airflow/example_dags/example_bash_operator.py for tasks to queue
[2025-02-21T06:38:02.459+0000] {logging_mixin.py:188} INFO - [2025-02-21T06:38:02.458+0000] {dagbag.py:538} INFO - Filling up the DagBag from /home/airflow/.local/lib/python3.8/site-packages/airflow/example_dags/example_bash_operator.py
[2025-02-21T06:38:02.527+0000] {processor.py:840} INFO - DAG(s) 'example_bash_operator' retrieved from /home/airflow/.local/lib/python3.8/site-packages/airflow/example_dags/example_bash_operator.py
[2025-02-21T06:38:02.635+0000] {logging_mixin.py:188} INFO - [2025-02-21T06:38:02.634+0000] {dag.py:3036} INFO - Sync 1 DAGs
[2025-02-21T06:38:02.717+0000] {logging_mixin.py:188} INFO - [2025-02-21T06:38:02.716+0000] {dag.py:3823} INFO - Setting next_dagrun for example_bash_operator to 2025-02-20 00:00:00+00:00, run_after=2025-02-21 00:00:00+00:00
[2025-02-21T06:38:02.795+0000] {processor.py:183} INFO - Processing /home/airflow/.local/lib/python3.8/site-packages/airflow/example_dags/example_bash_operator.py took 0.368 seconds
[2025-02-21T06:38:33.100+0000] {processor.py:161} INFO - Started process (PID=1749) to work on /home/airflow/.local/lib/python3.8/site-packages/airflow/example_dags/example_bash_operator.py
[2025-02-21T06:38:33.103+0000] {processor.py:830} INFO - Processing file /home/airflow/.local/lib/python3.8/site-packages/airflow/example_dags/example_bash_operator.py for tasks to queue
[2025-02-21T06:38:33.111+0000] {logging_mixin.py:188} INFO - [2025-02-21T06:38:33.110+0000] {dagbag.py:538} INFO - Filling up the DagBag from /home/airflow/.local/lib/python3.8/site-packages/airflow/example_dags/example_bash_operator.py
[2025-02-21T06:38:33.161+0000] {processor.py:840} INFO - DAG(s) 'example_bash_operator' retrieved from /home/airflow/.local/lib/python3.8/site-packages/airflow/example_dags/example_bash_operator.py
[2025-02-21T06:38:33.274+0000] {logging_mixin.py:188} INFO - [2025-02-21T06:38:33.273+0000] {dag.py:3036} INFO - Sync 1 DAGs
[2025-02-21T06:38:33.355+0000] {logging_mixin.py:188} INFO - [2025-02-21T06:38:33.354+0000] {dag.py:3823} INFO - Setting next_dagrun for example_bash_operator to 2025-02-20 00:00:00+00:00, run_after=2025-02-21 00:00:00+00:00
[2025-02-21T06:38:33.418+0000] {processor.py:183} INFO - Processing /home/airflow/.local/lib/python3.8/site-packages/airflow/example_dags/example_bash_operator.py took 0.327 seconds
[2025-02-21T06:39:03.846+0000] {processor.py:161} INFO - Started process (PID=1804) to work on /home/airflow/.local/lib/python3.8/site-packages/airflow/example_dags/example_bash_operator.py
[2025-02-21T06:39:03.850+0000] {processor.py:830} INFO - Processing file /home/airflow/.local/lib/python3.8/site-packages/airflow/example_dags/example_bash_operator.py for tasks to queue
[2025-02-21T06:39:03.856+0000] {logging_mixin.py:188} INFO - [2025-02-21T06:39:03.855+0000] {dagbag.py:538} INFO - Filling up the DagBag from /home/airflow/.local/lib/python3.8/site-packages/airflow/example_dags/example_bash_operator.py
[2025-02-21T06:39:03.898+0000] {processor.py:840} INFO - DAG(s) 'example_bash_operator' retrieved from /home/airflow/.local/lib/python3.8/site-packages/airflow/example_dags/example_bash_operator.py
[2025-02-21T06:39:04.007+0000] {logging_mixin.py:188} INFO - [2025-02-21T06:39:04.006+0000] {dag.py:3036} INFO - Sync 1 DAGs
[2025-02-21T06:39:04.074+0000] {logging_mixin.py:188} INFO - [2025-02-21T06:39:04.073+0000] {dag.py:3823} INFO - Setting next_dagrun for example_bash_operator to 2025-02-20 00:00:00+00:00, run_after=2025-02-21 00:00:00+00:00
[2025-02-21T06:39:04.150+0000] {processor.py:183} INFO - Processing /home/airflow/.local/lib/python3.8/site-packages/airflow/example_dags/example_bash_operator.py took 0.315 seconds
[2025-02-21T06:39:34.372+0000] {processor.py:161} INFO - Started process (PID=1859) to work on /home/airflow/.local/lib/python3.8/site-packages/airflow/example_dags/example_bash_operator.py
[2025-02-21T06:39:34.375+0000] {processor.py:830} INFO - Processing file /home/airflow/.local/lib/python3.8/site-packages/airflow/example_dags/example_bash_operator.py for tasks to queue
[2025-02-21T06:39:34.380+0000] {logging_mixin.py:188} INFO - [2025-02-21T06:39:34.380+0000] {dagbag.py:538} INFO - Filling up the DagBag from /home/airflow/.local/lib/python3.8/site-packages/airflow/example_dags/example_bash_operator.py
[2025-02-21T06:39:34.422+0000] {processor.py:840} INFO - DAG(s) 'example_bash_operator' retrieved from /home/airflow/.local/lib/python3.8/site-packages/airflow/example_dags/example_bash_operator.py
[2025-02-21T06:39:34.494+0000] {logging_mixin.py:188} INFO - [2025-02-21T06:39:34.493+0000] {dag.py:3036} INFO - Sync 1 DAGs
[2025-02-21T06:39:34.542+0000] {logging_mixin.py:188} INFO - [2025-02-21T06:39:34.542+0000] {dag.py:3823} INFO - Setting next_dagrun for example_bash_operator to 2025-02-20 00:00:00+00:00, run_after=2025-02-21 00:00:00+00:00
[2025-02-21T06:39:34.593+0000] {processor.py:183} INFO - Processing /home/airflow/.local/lib/python3.8/site-packages/airflow/example_dags/example_bash_operator.py took 0.230 seconds
[2025-02-21T06:40:04.769+0000] {processor.py:161} INFO - Started process (PID=1914) to work on /home/airflow/.local/lib/python3.8/site-packages/airflow/example_dags/example_bash_operator.py
[2025-02-21T06:40:04.771+0000] {processor.py:830} INFO - Processing file /home/airflow/.local/lib/python3.8/site-packages/airflow/example_dags/example_bash_operator.py for tasks to queue
[2025-02-21T06:40:04.776+0000] {logging_mixin.py:188} INFO - [2025-02-21T06:40:04.775+0000] {dagbag.py:538} INFO - Filling up the DagBag from /home/airflow/.local/lib/python3.8/site-packages/airflow/example_dags/example_bash_operator.py
[2025-02-21T06:40:04.809+0000] {processor.py:840} INFO - DAG(s) 'example_bash_operator' retrieved from /home/airflow/.local/lib/python3.8/site-packages/airflow/example_dags/example_bash_operator.py
[2025-02-21T06:40:04.882+0000] {logging_mixin.py:188} INFO - [2025-02-21T06:40:04.882+0000] {dag.py:3036} INFO - Sync 1 DAGs
[2025-02-21T06:40:04.944+0000] {logging_mixin.py:188} INFO - [2025-02-21T06:40:04.943+0000] {dag.py:3823} INFO - Setting next_dagrun for example_bash_operator to 2025-02-20 00:00:00+00:00, run_after=2025-02-21 00:00:00+00:00
[2025-02-21T06:40:05.008+0000] {processor.py:183} INFO - Processing /home/airflow/.local/lib/python3.8/site-packages/airflow/example_dags/example_bash_operator.py took 0.247 seconds
[2025-02-21T06:40:35.431+0000] {processor.py:161} INFO - Started process (PID=1969) to work on /home/airflow/.local/lib/python3.8/site-packages/airflow/example_dags/example_bash_operator.py
[2025-02-21T06:40:35.440+0000] {processor.py:830} INFO - Processing file /home/airflow/.local/lib/python3.8/site-packages/airflow/example_dags/example_bash_operator.py for tasks to queue
[2025-02-21T06:40:35.445+0000] {logging_mixin.py:188} INFO - [2025-02-21T06:40:35.444+0000] {dagbag.py:538} INFO - Filling up the DagBag from /home/airflow/.local/lib/python3.8/site-packages/airflow/example_dags/example_bash_operator.py
[2025-02-21T06:40:35.480+0000] {processor.py:840} INFO - DAG(s) 'example_bash_operator' retrieved from /home/airflow/.local/lib/python3.8/site-packages/airflow/example_dags/example_bash_operator.py
[2025-02-21T06:40:35.584+0000] {logging_mixin.py:188} INFO - [2025-02-21T06:40:35.584+0000] {dag.py:3036} INFO - Sync 1 DAGs
[2025-02-21T06:40:35.648+0000] {logging_mixin.py:188} INFO - [2025-02-21T06:40:35.647+0000] {dag.py:3823} INFO - Setting next_dagrun for example_bash_operator to 2025-02-20 00:00:00+00:00, run_after=2025-02-21 00:00:00+00:00
[2025-02-21T06:40:35.715+0000] {processor.py:183} INFO - Processing /home/airflow/.local/lib/python3.8/site-packages/airflow/example_dags/example_bash_operator.py took 0.307 seconds
[2025-02-21T06:41:06.048+0000] {processor.py:161} INFO - Started process (PID=2024) to work on /home/airflow/.local/lib/python3.8/site-packages/airflow/example_dags/example_bash_operator.py
[2025-02-21T06:41:06.051+0000] {processor.py:830} INFO - Processing file /home/airflow/.local/lib/python3.8/site-packages/airflow/example_dags/example_bash_operator.py for tasks to queue
[2025-02-21T06:41:06.055+0000] {logging_mixin.py:188} INFO - [2025-02-21T06:41:06.055+0000] {dagbag.py:538} INFO - Filling up the DagBag from /home/airflow/.local/lib/python3.8/site-packages/airflow/example_dags/example_bash_operator.py
[2025-02-21T06:41:06.090+0000] {processor.py:840} INFO - DAG(s) 'example_bash_operator' retrieved from /home/airflow/.local/lib/python3.8/site-packages/airflow/example_dags/example_bash_operator.py
[2025-02-21T06:41:06.260+0000] {logging_mixin.py:188} INFO - [2025-02-21T06:41:06.259+0000] {dag.py:3036} INFO - Sync 1 DAGs
[2025-02-21T06:41:06.335+0000] {logging_mixin.py:188} INFO - [2025-02-21T06:41:06.334+0000] {dag.py:3823} INFO - Setting next_dagrun for example_bash_operator to 2025-02-20 00:00:00+00:00, run_after=2025-02-21 00:00:00+00:00
[2025-02-21T06:41:06.410+0000] {processor.py:183} INFO - Processing /home/airflow/.local/lib/python3.8/site-packages/airflow/example_dags/example_bash_operator.py took 0.371 seconds
[2025-02-21T06:41:36.679+0000] {processor.py:161} INFO - Started process (PID=2079) to work on /home/airflow/.local/lib/python3.8/site-packages/airflow/example_dags/example_bash_operator.py
[2025-02-21T06:41:36.684+0000] {processor.py:830} INFO - Processing file /home/airflow/.local/lib/python3.8/site-packages/airflow/example_dags/example_bash_operator.py for tasks to queue
[2025-02-21T06:41:36.692+0000] {logging_mixin.py:188} INFO - [2025-02-21T06:41:36.691+0000] {dagbag.py:538} INFO - Filling up the DagBag from /home/airflow/.local/lib/python3.8/site-packages/airflow/example_dags/example_bash_operator.py
[2025-02-21T06:41:36.765+0000] {processor.py:840} INFO - DAG(s) 'example_bash_operator' retrieved from /home/airflow/.local/lib/python3.8/site-packages/airflow/example_dags/example_bash_operator.py
[2025-02-21T06:41:36.883+0000] {logging_mixin.py:188} INFO - [2025-02-21T06:41:36.883+0000] {dag.py:3036} INFO - Sync 1 DAGs
[2025-02-21T06:41:36.953+0000] {logging_mixin.py:188} INFO - [2025-02-21T06:41:36.952+0000] {dag.py:3823} INFO - Setting next_dagrun for example_bash_operator to 2025-02-20 00:00:00+00:00, run_after=2025-02-21 00:00:00+00:00
[2025-02-21T06:41:37.017+0000] {processor.py:183} INFO - Processing /home/airflow/.local/lib/python3.8/site-packages/airflow/example_dags/example_bash_operator.py took 0.347 seconds
[2025-02-21T06:42:07.542+0000] {processor.py:161} INFO - Started process (PID=2134) to work on /home/airflow/.local/lib/python3.8/site-packages/airflow/example_dags/example_bash_operator.py
[2025-02-21T06:42:07.545+0000] {processor.py:830} INFO - Processing file /home/airflow/.local/lib/python3.8/site-packages/airflow/example_dags/example_bash_operator.py for tasks to queue
[2025-02-21T06:42:07.550+0000] {logging_mixin.py:188} INFO - [2025-02-21T06:42:07.549+0000] {dagbag.py:538} INFO - Filling up the DagBag from /home/airflow/.local/lib/python3.8/site-packages/airflow/example_dags/example_bash_operator.py
[2025-02-21T06:42:07.574+0000] {processor.py:840} INFO - DAG(s) 'example_bash_operator' retrieved from /home/airflow/.local/lib/python3.8/site-packages/airflow/example_dags/example_bash_operator.py
[2025-02-21T06:42:07.653+0000] {logging_mixin.py:188} INFO - [2025-02-21T06:42:07.653+0000] {dag.py:3036} INFO - Sync 1 DAGs
[2025-02-21T06:42:07.713+0000] {logging_mixin.py:188} INFO - [2025-02-21T06:42:07.712+0000] {dag.py:3823} INFO - Setting next_dagrun for example_bash_operator to 2025-02-20 00:00:00+00:00, run_after=2025-02-21 00:00:00+00:00
[2025-02-21T06:42:07.772+0000] {processor.py:183} INFO - Processing /home/airflow/.local/lib/python3.8/site-packages/airflow/example_dags/example_bash_operator.py took 0.238 seconds
[2025-02-21T06:42:37.896+0000] {processor.py:161} INFO - Started process (PID=2190) to work on /home/airflow/.local/lib/python3.8/site-packages/airflow/example_dags/example_bash_operator.py
[2025-02-21T06:42:37.899+0000] {processor.py:830} INFO - Processing file /home/airflow/.local/lib/python3.8/site-packages/airflow/example_dags/example_bash_operator.py for tasks to queue
[2025-02-21T06:42:37.903+0000] {logging_mixin.py:188} INFO - [2025-02-21T06:42:37.903+0000] {dagbag.py:538} INFO - Filling up the DagBag from /home/airflow/.local/lib/python3.8/site-packages/airflow/example_dags/example_bash_operator.py
[2025-02-21T06:42:37.932+0000] {processor.py:840} INFO - DAG(s) 'example_bash_operator' retrieved from /home/airflow/.local/lib/python3.8/site-packages/airflow/example_dags/example_bash_operator.py
[2025-02-21T06:42:38.017+0000] {logging_mixin.py:188} INFO - [2025-02-21T06:42:38.017+0000] {dag.py:3036} INFO - Sync 1 DAGs
[2025-02-21T06:42:38.098+0000] {logging_mixin.py:188} INFO - [2025-02-21T06:42:38.097+0000] {dag.py:3823} INFO - Setting next_dagrun for example_bash_operator to 2025-02-20 00:00:00+00:00, run_after=2025-02-21 00:00:00+00:00
[2025-02-21T06:42:38.157+0000] {processor.py:183} INFO - Processing /home/airflow/.local/lib/python3.8/site-packages/airflow/example_dags/example_bash_operator.py took 0.272 seconds
[2025-02-21T06:43:09.241+0000] {processor.py:161} INFO - Started process (PID=2246) to work on /home/airflow/.local/lib/python3.8/site-packages/airflow/example_dags/example_bash_operator.py
[2025-02-21T06:43:09.245+0000] {processor.py:830} INFO - Processing file /home/airflow/.local/lib/python3.8/site-packages/airflow/example_dags/example_bash_operator.py for tasks to queue
[2025-02-21T06:43:09.251+0000] {logging_mixin.py:188} INFO - [2025-02-21T06:43:09.250+0000] {dagbag.py:538} INFO - Filling up the DagBag from /home/airflow/.local/lib/python3.8/site-packages/airflow/example_dags/example_bash_operator.py
[2025-02-21T06:43:09.295+0000] {processor.py:840} INFO - DAG(s) 'example_bash_operator' retrieved from /home/airflow/.local/lib/python3.8/site-packages/airflow/example_dags/example_bash_operator.py
[2025-02-21T06:43:09.409+0000] {logging_mixin.py:188} INFO - [2025-02-21T06:43:09.408+0000] {dag.py:3036} INFO - Sync 1 DAGs
[2025-02-21T06:43:09.498+0000] {logging_mixin.py:188} INFO - [2025-02-21T06:43:09.497+0000] {dag.py:3823} INFO - Setting next_dagrun for example_bash_operator to 2025-02-20 00:00:00+00:00, run_after=2025-02-21 00:00:00+00:00
[2025-02-21T06:43:09.612+0000] {processor.py:183} INFO - Processing /home/airflow/.local/lib/python3.8/site-packages/airflow/example_dags/example_bash_operator.py took 0.384 seconds
[2025-02-21T06:43:39.844+0000] {processor.py:161} INFO - Started process (PID=2300) to work on /home/airflow/.local/lib/python3.8/site-packages/airflow/example_dags/example_bash_operator.py
[2025-02-21T06:43:39.847+0000] {processor.py:830} INFO - Processing file /home/airflow/.local/lib/python3.8/site-packages/airflow/example_dags/example_bash_operator.py for tasks to queue
[2025-02-21T06:43:39.853+0000] {logging_mixin.py:188} INFO - [2025-02-21T06:43:39.851+0000] {dagbag.py:538} INFO - Filling up the DagBag from /home/airflow/.local/lib/python3.8/site-packages/airflow/example_dags/example_bash_operator.py
[2025-02-21T06:43:39.884+0000] {processor.py:840} INFO - DAG(s) 'example_bash_operator' retrieved from /home/airflow/.local/lib/python3.8/site-packages/airflow/example_dags/example_bash_operator.py
[2025-02-21T06:43:39.960+0000] {logging_mixin.py:188} INFO - [2025-02-21T06:43:39.959+0000] {dag.py:3036} INFO - Sync 1 DAGs
[2025-02-21T06:43:40.064+0000] {logging_mixin.py:188} INFO - [2025-02-21T06:43:40.064+0000] {dag.py:3823} INFO - Setting next_dagrun for example_bash_operator to 2025-02-20 00:00:00+00:00, run_after=2025-02-21 00:00:00+00:00
[2025-02-21T06:43:40.120+0000] {processor.py:183} INFO - Processing /home/airflow/.local/lib/python3.8/site-packages/airflow/example_dags/example_bash_operator.py took 0.283 seconds
[2025-02-21T06:44:10.558+0000] {processor.py:161} INFO - Started process (PID=2357) to work on /home/airflow/.local/lib/python3.8/site-packages/airflow/example_dags/example_bash_operator.py
[2025-02-21T06:44:10.561+0000] {processor.py:830} INFO - Processing file /home/airflow/.local/lib/python3.8/site-packages/airflow/example_dags/example_bash_operator.py for tasks to queue
[2025-02-21T06:44:10.567+0000] {logging_mixin.py:188} INFO - [2025-02-21T06:44:10.566+0000] {dagbag.py:538} INFO - Filling up the DagBag from /home/airflow/.local/lib/python3.8/site-packages/airflow/example_dags/example_bash_operator.py
[2025-02-21T06:44:10.590+0000] {processor.py:840} INFO - DAG(s) 'example_bash_operator' retrieved from /home/airflow/.local/lib/python3.8/site-packages/airflow/example_dags/example_bash_operator.py
[2025-02-21T06:44:10.691+0000] {logging_mixin.py:188} INFO - [2025-02-21T06:44:10.691+0000] {dag.py:3036} INFO - Sync 1 DAGs
[2025-02-21T06:44:10.760+0000] {logging_mixin.py:188} INFO - [2025-02-21T06:44:10.759+0000] {dag.py:3823} INFO - Setting next_dagrun for example_bash_operator to 2025-02-20 00:00:00+00:00, run_after=2025-02-21 00:00:00+00:00
[2025-02-21T06:44:10.837+0000] {processor.py:183} INFO - Processing /home/airflow/.local/lib/python3.8/site-packages/airflow/example_dags/example_bash_operator.py took 0.286 seconds
[2025-02-21T06:44:41.178+0000] {processor.py:161} INFO - Started process (PID=2413) to work on /home/airflow/.local/lib/python3.8/site-packages/airflow/example_dags/example_bash_operator.py
[2025-02-21T06:44:41.184+0000] {processor.py:830} INFO - Processing file /home/airflow/.local/lib/python3.8/site-packages/airflow/example_dags/example_bash_operator.py for tasks to queue
[2025-02-21T06:44:41.189+0000] {logging_mixin.py:188} INFO - [2025-02-21T06:44:41.188+0000] {dagbag.py:538} INFO - Filling up the DagBag from /home/airflow/.local/lib/python3.8/site-packages/airflow/example_dags/example_bash_operator.py
[2025-02-21T06:44:41.224+0000] {processor.py:840} INFO - DAG(s) 'example_bash_operator' retrieved from /home/airflow/.local/lib/python3.8/site-packages/airflow/example_dags/example_bash_operator.py
[2025-02-21T06:44:41.388+0000] {logging_mixin.py:188} INFO - [2025-02-21T06:44:41.387+0000] {dag.py:3036} INFO - Sync 1 DAGs
[2025-02-21T06:44:41.500+0000] {logging_mixin.py:188} INFO - [2025-02-21T06:44:41.499+0000] {dag.py:3823} INFO - Setting next_dagrun for example_bash_operator to 2025-02-20 00:00:00+00:00, run_after=2025-02-21 00:00:00+00:00
[2025-02-21T06:44:41.984+0000] {processor.py:183} INFO - Processing /home/airflow/.local/lib/python3.8/site-packages/airflow/example_dags/example_bash_operator.py took 0.821 seconds
[2025-02-21T06:45:12.732+0000] {processor.py:161} INFO - Started process (PID=2467) to work on /home/airflow/.local/lib/python3.8/site-packages/airflow/example_dags/example_bash_operator.py
[2025-02-21T06:45:12.736+0000] {processor.py:830} INFO - Processing file /home/airflow/.local/lib/python3.8/site-packages/airflow/example_dags/example_bash_operator.py for tasks to queue
[2025-02-21T06:45:12.743+0000] {logging_mixin.py:188} INFO - [2025-02-21T06:45:12.742+0000] {dagbag.py:538} INFO - Filling up the DagBag from /home/airflow/.local/lib/python3.8/site-packages/airflow/example_dags/example_bash_operator.py
[2025-02-21T06:45:12.783+0000] {processor.py:840} INFO - DAG(s) 'example_bash_operator' retrieved from /home/airflow/.local/lib/python3.8/site-packages/airflow/example_dags/example_bash_operator.py
[2025-02-21T06:45:12.848+0000] {logging_mixin.py:188} INFO - [2025-02-21T06:45:12.848+0000] {dag.py:3036} INFO - Sync 1 DAGs
[2025-02-21T06:45:12.901+0000] {logging_mixin.py:188} INFO - [2025-02-21T06:45:12.901+0000] {dag.py:3823} INFO - Setting next_dagrun for example_bash_operator to 2025-02-20 00:00:00+00:00, run_after=2025-02-21 00:00:00+00:00
[2025-02-21T06:45:12.957+0000] {processor.py:183} INFO - Processing /home/airflow/.local/lib/python3.8/site-packages/airflow/example_dags/example_bash_operator.py took 0.246 seconds
[2025-02-21T06:45:43.445+0000] {processor.py:161} INFO - Started process (PID=2523) to work on /home/airflow/.local/lib/python3.8/site-packages/airflow/example_dags/example_bash_operator.py
[2025-02-21T06:45:43.448+0000] {processor.py:830} INFO - Processing file /home/airflow/.local/lib/python3.8/site-packages/airflow/example_dags/example_bash_operator.py for tasks to queue
[2025-02-21T06:45:43.455+0000] {logging_mixin.py:188} INFO - [2025-02-21T06:45:43.455+0000] {dagbag.py:538} INFO - Filling up the DagBag from /home/airflow/.local/lib/python3.8/site-packages/airflow/example_dags/example_bash_operator.py
[2025-02-21T06:45:43.493+0000] {processor.py:840} INFO - DAG(s) 'example_bash_operator' retrieved from /home/airflow/.local/lib/python3.8/site-packages/airflow/example_dags/example_bash_operator.py
[2025-02-21T06:45:43.561+0000] {logging_mixin.py:188} INFO - [2025-02-21T06:45:43.560+0000] {dag.py:3036} INFO - Sync 1 DAGs
[2025-02-21T06:45:43.611+0000] {logging_mixin.py:188} INFO - [2025-02-21T06:45:43.611+0000] {dag.py:3823} INFO - Setting next_dagrun for example_bash_operator to 2025-02-20 00:00:00+00:00, run_after=2025-02-21 00:00:00+00:00
[2025-02-21T06:45:43.665+0000] {processor.py:183} INFO - Processing /home/airflow/.local/lib/python3.8/site-packages/airflow/example_dags/example_bash_operator.py took 0.227 seconds
[2025-02-21T06:46:14.446+0000] {processor.py:161} INFO - Started process (PID=2578) to work on /home/airflow/.local/lib/python3.8/site-packages/airflow/example_dags/example_bash_operator.py
[2025-02-21T06:46:14.458+0000] {processor.py:830} INFO - Processing file /home/airflow/.local/lib/python3.8/site-packages/airflow/example_dags/example_bash_operator.py for tasks to queue
[2025-02-21T06:46:14.467+0000] {logging_mixin.py:188} INFO - [2025-02-21T06:46:14.465+0000] {dagbag.py:538} INFO - Filling up the DagBag from /home/airflow/.local/lib/python3.8/site-packages/airflow/example_dags/example_bash_operator.py
[2025-02-21T06:46:14.504+0000] {processor.py:840} INFO - DAG(s) 'example_bash_operator' retrieved from /home/airflow/.local/lib/python3.8/site-packages/airflow/example_dags/example_bash_operator.py
[2025-02-21T06:46:14.634+0000] {logging_mixin.py:188} INFO - [2025-02-21T06:46:14.634+0000] {dag.py:3036} INFO - Sync 1 DAGs
[2025-02-21T06:46:14.713+0000] {logging_mixin.py:188} INFO - [2025-02-21T06:46:14.713+0000] {dag.py:3823} INFO - Setting next_dagrun for example_bash_operator to 2025-02-20 00:00:00+00:00, run_after=2025-02-21 00:00:00+00:00
[2025-02-21T06:46:14.790+0000] {processor.py:183} INFO - Processing /home/airflow/.local/lib/python3.8/site-packages/airflow/example_dags/example_bash_operator.py took 0.359 seconds
[2025-02-21T06:46:45.130+0000] {processor.py:161} INFO - Started process (PID=2633) to work on /home/airflow/.local/lib/python3.8/site-packages/airflow/example_dags/example_bash_operator.py
[2025-02-21T06:46:45.134+0000] {processor.py:830} INFO - Processing file /home/airflow/.local/lib/python3.8/site-packages/airflow/example_dags/example_bash_operator.py for tasks to queue
[2025-02-21T06:46:45.143+0000] {logging_mixin.py:188} INFO - [2025-02-21T06:46:45.142+0000] {dagbag.py:538} INFO - Filling up the DagBag from /home/airflow/.local/lib/python3.8/site-packages/airflow/example_dags/example_bash_operator.py
[2025-02-21T06:46:45.176+0000] {processor.py:840} INFO - DAG(s) 'example_bash_operator' retrieved from /home/airflow/.local/lib/python3.8/site-packages/airflow/example_dags/example_bash_operator.py
[2025-02-21T06:46:45.265+0000] {logging_mixin.py:188} INFO - [2025-02-21T06:46:45.265+0000] {dag.py:3036} INFO - Sync 1 DAGs
[2025-02-21T06:46:45.761+0000] {logging_mixin.py:188} INFO - [2025-02-21T06:46:45.761+0000] {dag.py:3823} INFO - Setting next_dagrun for example_bash_operator to 2025-02-20 00:00:00+00:00, run_after=2025-02-21 00:00:00+00:00
[2025-02-21T06:46:45.839+0000] {processor.py:183} INFO - Processing /home/airflow/.local/lib/python3.8/site-packages/airflow/example_dags/example_bash_operator.py took 0.717 seconds
[2025-02-21T06:47:16.334+0000] {processor.py:161} INFO - Started process (PID=2694) to work on /home/airflow/.local/lib/python3.8/site-packages/airflow/example_dags/example_bash_operator.py
[2025-02-21T06:47:16.337+0000] {processor.py:830} INFO - Processing file /home/airflow/.local/lib/python3.8/site-packages/airflow/example_dags/example_bash_operator.py for tasks to queue
[2025-02-21T06:47:16.345+0000] {logging_mixin.py:188} INFO - [2025-02-21T06:47:16.344+0000] {dagbag.py:538} INFO - Filling up the DagBag from /home/airflow/.local/lib/python3.8/site-packages/airflow/example_dags/example_bash_operator.py
[2025-02-21T06:47:16.382+0000] {processor.py:840} INFO - DAG(s) 'example_bash_operator' retrieved from /home/airflow/.local/lib/python3.8/site-packages/airflow/example_dags/example_bash_operator.py
[2025-02-21T06:47:16.478+0000] {logging_mixin.py:188} INFO - [2025-02-21T06:47:16.478+0000] {dag.py:3036} INFO - Sync 1 DAGs
[2025-02-21T06:47:16.927+0000] {logging_mixin.py:188} INFO - [2025-02-21T06:47:16.926+0000] {dag.py:3823} INFO - Setting next_dagrun for example_bash_operator to 2025-02-20 00:00:00+00:00, run_after=2025-02-21 00:00:00+00:00
[2025-02-21T06:47:16.992+0000] {processor.py:183} INFO - Processing /home/airflow/.local/lib/python3.8/site-packages/airflow/example_dags/example_bash_operator.py took 0.665 seconds
