[2025-02-21T06:23:00.148+0000] {processor.py:161} INFO - Started process (PID=81) to work on /home/airflow/.local/lib/python3.8/site-packages/airflow/example_dags/example_short_circuit_operator.py
[2025-02-21T06:23:00.152+0000] {processor.py:830} INFO - Processing file /home/airflow/.local/lib/python3.8/site-packages/airflow/example_dags/example_short_circuit_operator.py for tasks to queue
[2025-02-21T06:23:00.156+0000] {logging_mixin.py:188} INFO - [2025-02-21T06:23:00.155+0000] {dagbag.py:538} INFO - Filling up the DagBag from /home/airflow/.local/lib/python3.8/site-packages/airflow/example_dags/example_short_circuit_operator.py
[2025-02-21T06:23:00.181+0000] {processor.py:840} INFO - DAG(s) 'example_short_circuit_operator' retrieved from /home/airflow/.local/lib/python3.8/site-packages/airflow/example_dags/example_short_circuit_operator.py
[2025-02-21T06:23:00.551+0000] {logging_mixin.py:188} INFO - [2025-02-21T06:23:00.550+0000] {dag.py:3036} INFO - Sync 1 DAGs
[2025-02-21T06:23:00.631+0000] {logging_mixin.py:188} INFO - [2025-02-21T06:23:00.631+0000] {dag.py:3823} INFO - Setting next_dagrun for example_short_circuit_operator to 2025-02-20 00:00:00+00:00, run_after=2025-02-21 00:00:00+00:00
[2025-02-21T06:23:00.710+0000] {processor.py:183} INFO - Processing /home/airflow/.local/lib/python3.8/site-packages/airflow/example_dags/example_short_circuit_operator.py took 0.570 seconds
[2025-02-21T06:23:30.870+0000] {processor.py:161} INFO - Started process (PID=137) to work on /home/airflow/.local/lib/python3.8/site-packages/airflow/example_dags/example_short_circuit_operator.py
[2025-02-21T06:23:30.872+0000] {processor.py:830} INFO - Processing file /home/airflow/.local/lib/python3.8/site-packages/airflow/example_dags/example_short_circuit_operator.py for tasks to queue
[2025-02-21T06:23:30.877+0000] {logging_mixin.py:188} INFO - [2025-02-21T06:23:30.876+0000] {dagbag.py:538} INFO - Filling up the DagBag from /home/airflow/.local/lib/python3.8/site-packages/airflow/example_dags/example_short_circuit_operator.py
[2025-02-21T06:23:30.898+0000] {processor.py:840} INFO - DAG(s) 'example_short_circuit_operator' retrieved from /home/airflow/.local/lib/python3.8/site-packages/airflow/example_dags/example_short_circuit_operator.py
[2025-02-21T06:23:30.979+0000] {logging_mixin.py:188} INFO - [2025-02-21T06:23:30.978+0000] {dag.py:3036} INFO - Sync 1 DAGs
[2025-02-21T06:23:31.048+0000] {logging_mixin.py:188} INFO - [2025-02-21T06:23:31.048+0000] {dag.py:3823} INFO - Setting next_dagrun for example_short_circuit_operator to 2025-02-20 00:00:00+00:00, run_after=2025-02-21 00:00:00+00:00
[2025-02-21T06:23:31.118+0000] {processor.py:183} INFO - Processing /home/airflow/.local/lib/python3.8/site-packages/airflow/example_dags/example_short_circuit_operator.py took 0.256 seconds
[2025-02-21T06:24:01.417+0000] {processor.py:161} INFO - Started process (PID=191) to work on /home/airflow/.local/lib/python3.8/site-packages/airflow/example_dags/example_short_circuit_operator.py
[2025-02-21T06:24:01.423+0000] {processor.py:830} INFO - Processing file /home/airflow/.local/lib/python3.8/site-packages/airflow/example_dags/example_short_circuit_operator.py for tasks to queue
[2025-02-21T06:24:01.430+0000] {logging_mixin.py:188} INFO - [2025-02-21T06:24:01.429+0000] {dagbag.py:538} INFO - Filling up the DagBag from /home/airflow/.local/lib/python3.8/site-packages/airflow/example_dags/example_short_circuit_operator.py
[2025-02-21T06:24:01.451+0000] {processor.py:840} INFO - DAG(s) 'example_short_circuit_operator' retrieved from /home/airflow/.local/lib/python3.8/site-packages/airflow/example_dags/example_short_circuit_operator.py
[2025-02-21T06:24:01.519+0000] {logging_mixin.py:188} INFO - [2025-02-21T06:24:01.518+0000] {dag.py:3036} INFO - Sync 1 DAGs
[2025-02-21T06:24:01.567+0000] {logging_mixin.py:188} INFO - [2025-02-21T06:24:01.567+0000] {dag.py:3823} INFO - Setting next_dagrun for example_short_circuit_operator to 2025-02-20 00:00:00+00:00, run_after=2025-02-21 00:00:00+00:00
[2025-02-21T06:24:01.622+0000] {processor.py:183} INFO - Processing /home/airflow/.local/lib/python3.8/site-packages/airflow/example_dags/example_short_circuit_operator.py took 0.217 seconds
[2025-02-21T06:24:31.904+0000] {processor.py:161} INFO - Started process (PID=246) to work on /home/airflow/.local/lib/python3.8/site-packages/airflow/example_dags/example_short_circuit_operator.py
[2025-02-21T06:24:31.908+0000] {processor.py:830} INFO - Processing file /home/airflow/.local/lib/python3.8/site-packages/airflow/example_dags/example_short_circuit_operator.py for tasks to queue
[2025-02-21T06:24:31.913+0000] {logging_mixin.py:188} INFO - [2025-02-21T06:24:31.913+0000] {dagbag.py:538} INFO - Filling up the DagBag from /home/airflow/.local/lib/python3.8/site-packages/airflow/example_dags/example_short_circuit_operator.py
[2025-02-21T06:24:31.931+0000] {processor.py:840} INFO - DAG(s) 'example_short_circuit_operator' retrieved from /home/airflow/.local/lib/python3.8/site-packages/airflow/example_dags/example_short_circuit_operator.py
[2025-02-21T06:24:31.990+0000] {logging_mixin.py:188} INFO - [2025-02-21T06:24:31.990+0000] {dag.py:3036} INFO - Sync 1 DAGs
[2025-02-21T06:24:32.039+0000] {logging_mixin.py:188} INFO - [2025-02-21T06:24:32.038+0000] {dag.py:3823} INFO - Setting next_dagrun for example_short_circuit_operator to 2025-02-20 00:00:00+00:00, run_after=2025-02-21 00:00:00+00:00
[2025-02-21T06:24:32.078+0000] {processor.py:183} INFO - Processing /home/airflow/.local/lib/python3.8/site-packages/airflow/example_dags/example_short_circuit_operator.py took 0.192 seconds
[2025-02-21T06:25:02.741+0000] {processor.py:161} INFO - Started process (PID=302) to work on /home/airflow/.local/lib/python3.8/site-packages/airflow/example_dags/example_short_circuit_operator.py
[2025-02-21T06:25:02.744+0000] {processor.py:830} INFO - Processing file /home/airflow/.local/lib/python3.8/site-packages/airflow/example_dags/example_short_circuit_operator.py for tasks to queue
[2025-02-21T06:25:02.750+0000] {logging_mixin.py:188} INFO - [2025-02-21T06:25:02.749+0000] {dagbag.py:538} INFO - Filling up the DagBag from /home/airflow/.local/lib/python3.8/site-packages/airflow/example_dags/example_short_circuit_operator.py
[2025-02-21T06:25:02.841+0000] {processor.py:840} INFO - DAG(s) 'example_short_circuit_operator' retrieved from /home/airflow/.local/lib/python3.8/site-packages/airflow/example_dags/example_short_circuit_operator.py
[2025-02-21T06:25:02.963+0000] {logging_mixin.py:188} INFO - [2025-02-21T06:25:02.963+0000] {dag.py:3036} INFO - Sync 1 DAGs
[2025-02-21T06:25:03.032+0000] {logging_mixin.py:188} INFO - [2025-02-21T06:25:03.032+0000] {dag.py:3823} INFO - Setting next_dagrun for example_short_circuit_operator to 2025-02-20 00:00:00+00:00, run_after=2025-02-21 00:00:00+00:00
[2025-02-21T06:25:03.113+0000] {processor.py:183} INFO - Processing /home/airflow/.local/lib/python3.8/site-packages/airflow/example_dags/example_short_circuit_operator.py took 0.390 seconds
[2025-02-21T06:25:34.143+0000] {processor.py:161} INFO - Started process (PID=357) to work on /home/airflow/.local/lib/python3.8/site-packages/airflow/example_dags/example_short_circuit_operator.py
[2025-02-21T06:25:34.146+0000] {processor.py:830} INFO - Processing file /home/airflow/.local/lib/python3.8/site-packages/airflow/example_dags/example_short_circuit_operator.py for tasks to queue
[2025-02-21T06:25:34.151+0000] {logging_mixin.py:188} INFO - [2025-02-21T06:25:34.151+0000] {dagbag.py:538} INFO - Filling up the DagBag from /home/airflow/.local/lib/python3.8/site-packages/airflow/example_dags/example_short_circuit_operator.py
[2025-02-21T06:25:34.183+0000] {processor.py:840} INFO - DAG(s) 'example_short_circuit_operator' retrieved from /home/airflow/.local/lib/python3.8/site-packages/airflow/example_dags/example_short_circuit_operator.py
[2025-02-21T06:25:34.272+0000] {logging_mixin.py:188} INFO - [2025-02-21T06:25:34.272+0000] {dag.py:3036} INFO - Sync 1 DAGs
[2025-02-21T06:25:34.344+0000] {logging_mixin.py:188} INFO - [2025-02-21T06:25:34.343+0000] {dag.py:3823} INFO - Setting next_dagrun for example_short_circuit_operator to 2025-02-20 00:00:00+00:00, run_after=2025-02-21 00:00:00+00:00
[2025-02-21T06:25:34.412+0000] {processor.py:183} INFO - Processing /home/airflow/.local/lib/python3.8/site-packages/airflow/example_dags/example_short_circuit_operator.py took 0.278 seconds
