[2025-02-21T06:22:54.873+0000] {processor.py:161} INFO - Started process (PID=71) to work on /home/airflow/.local/lib/python3.8/site-packages/airflow/example_dags/example_latest_only_with_trigger.py
[2025-02-21T06:22:54.876+0000] {processor.py:830} INFO - Processing file /home/airflow/.local/lib/python3.8/site-packages/airflow/example_dags/example_latest_only_with_trigger.py for tasks to queue
[2025-02-21T06:22:54.891+0000] {logging_mixin.py:188} INFO - [2025-02-21T06:22:54.883+0000] {dagbag.py:538} INFO - Filling up the DagBag from /home/airflow/.local/lib/python3.8/site-packages/airflow/example_dags/example_latest_only_with_trigger.py
[2025-02-21T06:22:54.960+0000] {processor.py:840} INFO - DAG(s) 'latest_only_with_trigger' retrieved from /home/airflow/.local/lib/python3.8/site-packages/airflow/example_dags/example_latest_only_with_trigger.py
[2025-02-21T06:22:55.413+0000] {logging_mixin.py:188} INFO - [2025-02-21T06:22:55.412+0000] {dag.py:3036} INFO - Sync 1 DAGs
[2025-02-21T06:22:55.489+0000] {logging_mixin.py:188} INFO - [2025-02-21T06:22:55.488+0000] {dag.py:3823} INFO - Setting next_dagrun for latest_only_with_trigger to 2025-02-21 00:00:00+00:00, run_after=2025-02-21 04:00:00+00:00
[2025-02-21T06:22:55.601+0000] {processor.py:183} INFO - Processing /home/airflow/.local/lib/python3.8/site-packages/airflow/example_dags/example_latest_only_with_trigger.py took 0.744 seconds
[2025-02-21T06:23:25.960+0000] {processor.py:161} INFO - Started process (PID=127) to work on /home/airflow/.local/lib/python3.8/site-packages/airflow/example_dags/example_latest_only_with_trigger.py
[2025-02-21T06:23:25.966+0000] {processor.py:830} INFO - Processing file /home/airflow/.local/lib/python3.8/site-packages/airflow/example_dags/example_latest_only_with_trigger.py for tasks to queue
[2025-02-21T06:23:25.973+0000] {logging_mixin.py:188} INFO - [2025-02-21T06:23:25.972+0000] {dagbag.py:538} INFO - Filling up the DagBag from /home/airflow/.local/lib/python3.8/site-packages/airflow/example_dags/example_latest_only_with_trigger.py
[2025-02-21T06:23:25.992+0000] {processor.py:840} INFO - DAG(s) 'latest_only_with_trigger' retrieved from /home/airflow/.local/lib/python3.8/site-packages/airflow/example_dags/example_latest_only_with_trigger.py
[2025-02-21T06:23:26.092+0000] {logging_mixin.py:188} INFO - [2025-02-21T06:23:26.090+0000] {dag.py:3036} INFO - Sync 1 DAGs
[2025-02-21T06:23:26.170+0000] {logging_mixin.py:188} INFO - [2025-02-21T06:23:26.169+0000] {dag.py:3823} INFO - Setting next_dagrun for latest_only_with_trigger to 2025-02-21 00:00:00+00:00, run_after=2025-02-21 04:00:00+00:00
[2025-02-21T06:23:26.272+0000] {processor.py:183} INFO - Processing /home/airflow/.local/lib/python3.8/site-packages/airflow/example_dags/example_latest_only_with_trigger.py took 0.326 seconds
[2025-02-21T06:23:57.289+0000] {processor.py:161} INFO - Started process (PID=181) to work on /home/airflow/.local/lib/python3.8/site-packages/airflow/example_dags/example_latest_only_with_trigger.py
[2025-02-21T06:23:57.292+0000] {processor.py:830} INFO - Processing file /home/airflow/.local/lib/python3.8/site-packages/airflow/example_dags/example_latest_only_with_trigger.py for tasks to queue
[2025-02-21T06:23:57.298+0000] {logging_mixin.py:188} INFO - [2025-02-21T06:23:57.297+0000] {dagbag.py:538} INFO - Filling up the DagBag from /home/airflow/.local/lib/python3.8/site-packages/airflow/example_dags/example_latest_only_with_trigger.py
[2025-02-21T06:23:57.320+0000] {processor.py:840} INFO - DAG(s) 'latest_only_with_trigger' retrieved from /home/airflow/.local/lib/python3.8/site-packages/airflow/example_dags/example_latest_only_with_trigger.py
[2025-02-21T06:23:57.391+0000] {logging_mixin.py:188} INFO - [2025-02-21T06:23:57.391+0000] {dag.py:3036} INFO - Sync 1 DAGs
[2025-02-21T06:23:57.467+0000] {logging_mixin.py:188} INFO - [2025-02-21T06:23:57.467+0000] {dag.py:3823} INFO - Setting next_dagrun for latest_only_with_trigger to 2025-02-21 00:00:00+00:00, run_after=2025-02-21 04:00:00+00:00
[2025-02-21T06:23:57.534+0000] {processor.py:183} INFO - Processing /home/airflow/.local/lib/python3.8/site-packages/airflow/example_dags/example_latest_only_with_trigger.py took 0.255 seconds
[2025-02-21T06:24:27.708+0000] {processor.py:161} INFO - Started process (PID=237) to work on /home/airflow/.local/lib/python3.8/site-packages/airflow/example_dags/example_latest_only_with_trigger.py
[2025-02-21T06:24:27.715+0000] {processor.py:830} INFO - Processing file /home/airflow/.local/lib/python3.8/site-packages/airflow/example_dags/example_latest_only_with_trigger.py for tasks to queue
[2025-02-21T06:24:27.727+0000] {logging_mixin.py:188} INFO - [2025-02-21T06:24:27.726+0000] {dagbag.py:538} INFO - Filling up the DagBag from /home/airflow/.local/lib/python3.8/site-packages/airflow/example_dags/example_latest_only_with_trigger.py
[2025-02-21T06:24:27.745+0000] {processor.py:840} INFO - DAG(s) 'latest_only_with_trigger' retrieved from /home/airflow/.local/lib/python3.8/site-packages/airflow/example_dags/example_latest_only_with_trigger.py
[2025-02-21T06:24:27.848+0000] {logging_mixin.py:188} INFO - [2025-02-21T06:24:27.848+0000] {dag.py:3036} INFO - Sync 1 DAGs
[2025-02-21T06:24:27.919+0000] {logging_mixin.py:188} INFO - [2025-02-21T06:24:27.918+0000] {dag.py:3823} INFO - Setting next_dagrun for latest_only_with_trigger to 2025-02-21 00:00:00+00:00, run_after=2025-02-21 04:00:00+00:00
[2025-02-21T06:24:27.977+0000] {processor.py:183} INFO - Processing /home/airflow/.local/lib/python3.8/site-packages/airflow/example_dags/example_latest_only_with_trigger.py took 0.292 seconds
[2025-02-21T06:24:58.527+0000] {processor.py:161} INFO - Started process (PID=293) to work on /home/airflow/.local/lib/python3.8/site-packages/airflow/example_dags/example_latest_only_with_trigger.py
[2025-02-21T06:24:58.537+0000] {processor.py:830} INFO - Processing file /home/airflow/.local/lib/python3.8/site-packages/airflow/example_dags/example_latest_only_with_trigger.py for tasks to queue
[2025-02-21T06:24:58.543+0000] {logging_mixin.py:188} INFO - [2025-02-21T06:24:58.543+0000] {dagbag.py:538} INFO - Filling up the DagBag from /home/airflow/.local/lib/python3.8/site-packages/airflow/example_dags/example_latest_only_with_trigger.py
[2025-02-21T06:24:58.559+0000] {processor.py:840} INFO - DAG(s) 'latest_only_with_trigger' retrieved from /home/airflow/.local/lib/python3.8/site-packages/airflow/example_dags/example_latest_only_with_trigger.py
[2025-02-21T06:24:58.652+0000] {logging_mixin.py:188} INFO - [2025-02-21T06:24:58.651+0000] {dag.py:3036} INFO - Sync 1 DAGs
[2025-02-21T06:24:58.724+0000] {logging_mixin.py:188} INFO - [2025-02-21T06:24:58.724+0000] {dag.py:3823} INFO - Setting next_dagrun for latest_only_with_trigger to 2025-02-21 00:00:00+00:00, run_after=2025-02-21 04:00:00+00:00
[2025-02-21T06:24:58.793+0000] {processor.py:183} INFO - Processing /home/airflow/.local/lib/python3.8/site-packages/airflow/example_dags/example_latest_only_with_trigger.py took 0.277 seconds
[2025-02-21T06:25:29.461+0000] {processor.py:161} INFO - Started process (PID=348) to work on /home/airflow/.local/lib/python3.8/site-packages/airflow/example_dags/example_latest_only_with_trigger.py
[2025-02-21T06:25:29.464+0000] {processor.py:830} INFO - Processing file /home/airflow/.local/lib/python3.8/site-packages/airflow/example_dags/example_latest_only_with_trigger.py for tasks to queue
[2025-02-21T06:25:29.468+0000] {logging_mixin.py:188} INFO - [2025-02-21T06:25:29.468+0000] {dagbag.py:538} INFO - Filling up the DagBag from /home/airflow/.local/lib/python3.8/site-packages/airflow/example_dags/example_latest_only_with_trigger.py
[2025-02-21T06:25:29.482+0000] {processor.py:840} INFO - DAG(s) 'latest_only_with_trigger' retrieved from /home/airflow/.local/lib/python3.8/site-packages/airflow/example_dags/example_latest_only_with_trigger.py
[2025-02-21T06:25:29.540+0000] {logging_mixin.py:188} INFO - [2025-02-21T06:25:29.540+0000] {dag.py:3036} INFO - Sync 1 DAGs
[2025-02-21T06:25:29.613+0000] {logging_mixin.py:188} INFO - [2025-02-21T06:25:29.613+0000] {dag.py:3823} INFO - Setting next_dagrun for latest_only_with_trigger to 2025-02-21 00:00:00+00:00, run_after=2025-02-21 04:00:00+00:00
[2025-02-21T06:25:29.664+0000] {processor.py:183} INFO - Processing /home/airflow/.local/lib/python3.8/site-packages/airflow/example_dags/example_latest_only_with_trigger.py took 0.211 seconds
[2025-02-21T06:26:00.014+0000] {processor.py:161} INFO - Started process (PID=402) to work on /home/airflow/.local/lib/python3.8/site-packages/airflow/example_dags/example_latest_only_with_trigger.py
[2025-02-21T06:26:00.038+0000] {processor.py:830} INFO - Processing file /home/airflow/.local/lib/python3.8/site-packages/airflow/example_dags/example_latest_only_with_trigger.py for tasks to queue
[2025-02-21T06:26:00.048+0000] {logging_mixin.py:188} INFO - [2025-02-21T06:26:00.047+0000] {dagbag.py:538} INFO - Filling up the DagBag from /home/airflow/.local/lib/python3.8/site-packages/airflow/example_dags/example_latest_only_with_trigger.py
[2025-02-21T06:26:00.077+0000] {processor.py:840} INFO - DAG(s) 'latest_only_with_trigger' retrieved from /home/airflow/.local/lib/python3.8/site-packages/airflow/example_dags/example_latest_only_with_trigger.py
[2025-02-21T06:26:00.163+0000] {logging_mixin.py:188} INFO - [2025-02-21T06:26:00.162+0000] {dag.py:3036} INFO - Sync 1 DAGs
[2025-02-21T06:26:00.234+0000] {logging_mixin.py:188} INFO - [2025-02-21T06:26:00.233+0000] {dag.py:3823} INFO - Setting next_dagrun for latest_only_with_trigger to 2025-02-21 00:00:00+00:00, run_after=2025-02-21 04:00:00+00:00
[2025-02-21T06:26:00.321+0000] {processor.py:183} INFO - Processing /home/airflow/.local/lib/python3.8/site-packages/airflow/example_dags/example_latest_only_with_trigger.py took 0.318 seconds
[2025-02-21T06:26:30.574+0000] {processor.py:161} INFO - Started process (PID=455) to work on /home/airflow/.local/lib/python3.8/site-packages/airflow/example_dags/example_latest_only_with_trigger.py
[2025-02-21T06:26:30.578+0000] {processor.py:830} INFO - Processing file /home/airflow/.local/lib/python3.8/site-packages/airflow/example_dags/example_latest_only_with_trigger.py for tasks to queue
[2025-02-21T06:26:30.584+0000] {logging_mixin.py:188} INFO - [2025-02-21T06:26:30.583+0000] {dagbag.py:538} INFO - Filling up the DagBag from /home/airflow/.local/lib/python3.8/site-packages/airflow/example_dags/example_latest_only_with_trigger.py
[2025-02-21T06:26:30.597+0000] {processor.py:840} INFO - DAG(s) 'latest_only_with_trigger' retrieved from /home/airflow/.local/lib/python3.8/site-packages/airflow/example_dags/example_latest_only_with_trigger.py
[2025-02-21T06:26:30.661+0000] {logging_mixin.py:188} INFO - [2025-02-21T06:26:30.660+0000] {dag.py:3036} INFO - Sync 1 DAGs
[2025-02-21T06:26:30.735+0000] {logging_mixin.py:188} INFO - [2025-02-21T06:26:30.735+0000] {dag.py:3823} INFO - Setting next_dagrun for latest_only_with_trigger to 2025-02-21 00:00:00+00:00, run_after=2025-02-21 04:00:00+00:00
[2025-02-21T06:26:30.798+0000] {processor.py:183} INFO - Processing /home/airflow/.local/lib/python3.8/site-packages/airflow/example_dags/example_latest_only_with_trigger.py took 0.234 seconds
[2025-02-21T06:27:01.103+0000] {processor.py:161} INFO - Started process (PID=511) to work on /home/airflow/.local/lib/python3.8/site-packages/airflow/example_dags/example_latest_only_with_trigger.py
[2025-02-21T06:27:01.107+0000] {processor.py:830} INFO - Processing file /home/airflow/.local/lib/python3.8/site-packages/airflow/example_dags/example_latest_only_with_trigger.py for tasks to queue
[2025-02-21T06:27:01.114+0000] {logging_mixin.py:188} INFO - [2025-02-21T06:27:01.111+0000] {dagbag.py:538} INFO - Filling up the DagBag from /home/airflow/.local/lib/python3.8/site-packages/airflow/example_dags/example_latest_only_with_trigger.py
[2025-02-21T06:27:01.130+0000] {processor.py:840} INFO - DAG(s) 'latest_only_with_trigger' retrieved from /home/airflow/.local/lib/python3.8/site-packages/airflow/example_dags/example_latest_only_with_trigger.py
[2025-02-21T06:27:01.198+0000] {logging_mixin.py:188} INFO - [2025-02-21T06:27:01.198+0000] {dag.py:3036} INFO - Sync 1 DAGs
[2025-02-21T06:27:01.243+0000] {logging_mixin.py:188} INFO - [2025-02-21T06:27:01.242+0000] {dag.py:3823} INFO - Setting next_dagrun for latest_only_with_trigger to 2025-02-21 00:00:00+00:00, run_after=2025-02-21 04:00:00+00:00
[2025-02-21T06:27:01.299+0000] {processor.py:183} INFO - Processing /home/airflow/.local/lib/python3.8/site-packages/airflow/example_dags/example_latest_only_with_trigger.py took 0.207 seconds
[2025-02-21T06:27:31.492+0000] {processor.py:161} INFO - Started process (PID=565) to work on /home/airflow/.local/lib/python3.8/site-packages/airflow/example_dags/example_latest_only_with_trigger.py
[2025-02-21T06:27:31.496+0000] {processor.py:830} INFO - Processing file /home/airflow/.local/lib/python3.8/site-packages/airflow/example_dags/example_latest_only_with_trigger.py for tasks to queue
[2025-02-21T06:27:31.501+0000] {logging_mixin.py:188} INFO - [2025-02-21T06:27:31.500+0000] {dagbag.py:538} INFO - Filling up the DagBag from /home/airflow/.local/lib/python3.8/site-packages/airflow/example_dags/example_latest_only_with_trigger.py
[2025-02-21T06:27:31.521+0000] {processor.py:840} INFO - DAG(s) 'latest_only_with_trigger' retrieved from /home/airflow/.local/lib/python3.8/site-packages/airflow/example_dags/example_latest_only_with_trigger.py
[2025-02-21T06:27:31.597+0000] {logging_mixin.py:188} INFO - [2025-02-21T06:27:31.596+0000] {dag.py:3036} INFO - Sync 1 DAGs
[2025-02-21T06:27:31.643+0000] {logging_mixin.py:188} INFO - [2025-02-21T06:27:31.643+0000] {dag.py:3823} INFO - Setting next_dagrun for latest_only_with_trigger to 2025-02-21 00:00:00+00:00, run_after=2025-02-21 04:00:00+00:00
[2025-02-21T06:27:31.706+0000] {processor.py:183} INFO - Processing /home/airflow/.local/lib/python3.8/site-packages/airflow/example_dags/example_latest_only_with_trigger.py took 0.224 seconds
[2025-02-21T06:28:02.362+0000] {processor.py:161} INFO - Started process (PID=620) to work on /home/airflow/.local/lib/python3.8/site-packages/airflow/example_dags/example_latest_only_with_trigger.py
[2025-02-21T06:28:02.367+0000] {processor.py:830} INFO - Processing file /home/airflow/.local/lib/python3.8/site-packages/airflow/example_dags/example_latest_only_with_trigger.py for tasks to queue
[2025-02-21T06:28:02.380+0000] {logging_mixin.py:188} INFO - [2025-02-21T06:28:02.379+0000] {dagbag.py:538} INFO - Filling up the DagBag from /home/airflow/.local/lib/python3.8/site-packages/airflow/example_dags/example_latest_only_with_trigger.py
[2025-02-21T06:28:02.409+0000] {processor.py:840} INFO - DAG(s) 'latest_only_with_trigger' retrieved from /home/airflow/.local/lib/python3.8/site-packages/airflow/example_dags/example_latest_only_with_trigger.py
[2025-02-21T06:28:02.468+0000] {logging_mixin.py:188} INFO - [2025-02-21T06:28:02.467+0000] {dag.py:3036} INFO - Sync 1 DAGs
[2025-02-21T06:28:02.521+0000] {logging_mixin.py:188} INFO - [2025-02-21T06:28:02.521+0000] {dag.py:3823} INFO - Setting next_dagrun for latest_only_with_trigger to 2025-02-21 00:00:00+00:00, run_after=2025-02-21 04:00:00+00:00
[2025-02-21T06:28:02.581+0000] {processor.py:183} INFO - Processing /home/airflow/.local/lib/python3.8/site-packages/airflow/example_dags/example_latest_only_with_trigger.py took 0.226 seconds
[2025-02-21T06:28:33.060+0000] {processor.py:161} INFO - Started process (PID=675) to work on /home/airflow/.local/lib/python3.8/site-packages/airflow/example_dags/example_latest_only_with_trigger.py
[2025-02-21T06:28:33.063+0000] {processor.py:830} INFO - Processing file /home/airflow/.local/lib/python3.8/site-packages/airflow/example_dags/example_latest_only_with_trigger.py for tasks to queue
[2025-02-21T06:28:33.074+0000] {logging_mixin.py:188} INFO - [2025-02-21T06:28:33.072+0000] {dagbag.py:538} INFO - Filling up the DagBag from /home/airflow/.local/lib/python3.8/site-packages/airflow/example_dags/example_latest_only_with_trigger.py
[2025-02-21T06:28:33.094+0000] {processor.py:840} INFO - DAG(s) 'latest_only_with_trigger' retrieved from /home/airflow/.local/lib/python3.8/site-packages/airflow/example_dags/example_latest_only_with_trigger.py
[2025-02-21T06:28:33.163+0000] {logging_mixin.py:188} INFO - [2025-02-21T06:28:33.163+0000] {dag.py:3036} INFO - Sync 1 DAGs
[2025-02-21T06:28:33.212+0000] {logging_mixin.py:188} INFO - [2025-02-21T06:28:33.212+0000] {dag.py:3823} INFO - Setting next_dagrun for latest_only_with_trigger to 2025-02-21 00:00:00+00:00, run_after=2025-02-21 04:00:00+00:00
[2025-02-21T06:28:33.268+0000] {processor.py:183} INFO - Processing /home/airflow/.local/lib/python3.8/site-packages/airflow/example_dags/example_latest_only_with_trigger.py took 0.215 seconds
[2025-02-21T06:29:03.598+0000] {processor.py:161} INFO - Started process (PID=729) to work on /home/airflow/.local/lib/python3.8/site-packages/airflow/example_dags/example_latest_only_with_trigger.py
[2025-02-21T06:29:03.605+0000] {processor.py:830} INFO - Processing file /home/airflow/.local/lib/python3.8/site-packages/airflow/example_dags/example_latest_only_with_trigger.py for tasks to queue
[2025-02-21T06:29:03.613+0000] {logging_mixin.py:188} INFO - [2025-02-21T06:29:03.612+0000] {dagbag.py:538} INFO - Filling up the DagBag from /home/airflow/.local/lib/python3.8/site-packages/airflow/example_dags/example_latest_only_with_trigger.py
[2025-02-21T06:29:03.636+0000] {processor.py:840} INFO - DAG(s) 'latest_only_with_trigger' retrieved from /home/airflow/.local/lib/python3.8/site-packages/airflow/example_dags/example_latest_only_with_trigger.py
[2025-02-21T06:29:03.740+0000] {logging_mixin.py:188} INFO - [2025-02-21T06:29:03.739+0000] {dag.py:3036} INFO - Sync 1 DAGs
[2025-02-21T06:29:03.836+0000] {logging_mixin.py:188} INFO - [2025-02-21T06:29:03.836+0000] {dag.py:3823} INFO - Setting next_dagrun for latest_only_with_trigger to 2025-02-21 00:00:00+00:00, run_after=2025-02-21 04:00:00+00:00
[2025-02-21T06:29:03.932+0000] {processor.py:183} INFO - Processing /home/airflow/.local/lib/python3.8/site-packages/airflow/example_dags/example_latest_only_with_trigger.py took 0.350 seconds
[2025-02-21T06:29:34.119+0000] {processor.py:161} INFO - Started process (PID=784) to work on /home/airflow/.local/lib/python3.8/site-packages/airflow/example_dags/example_latest_only_with_trigger.py
[2025-02-21T06:29:34.123+0000] {processor.py:830} INFO - Processing file /home/airflow/.local/lib/python3.8/site-packages/airflow/example_dags/example_latest_only_with_trigger.py for tasks to queue
[2025-02-21T06:29:34.129+0000] {logging_mixin.py:188} INFO - [2025-02-21T06:29:34.128+0000] {dagbag.py:538} INFO - Filling up the DagBag from /home/airflow/.local/lib/python3.8/site-packages/airflow/example_dags/example_latest_only_with_trigger.py
[2025-02-21T06:29:34.147+0000] {processor.py:840} INFO - DAG(s) 'latest_only_with_trigger' retrieved from /home/airflow/.local/lib/python3.8/site-packages/airflow/example_dags/example_latest_only_with_trigger.py
[2025-02-21T06:29:34.212+0000] {logging_mixin.py:188} INFO - [2025-02-21T06:29:34.211+0000] {dag.py:3036} INFO - Sync 1 DAGs
[2025-02-21T06:29:34.363+0000] {logging_mixin.py:188} INFO - [2025-02-21T06:29:34.362+0000] {dag.py:3823} INFO - Setting next_dagrun for latest_only_with_trigger to 2025-02-21 00:00:00+00:00, run_after=2025-02-21 04:00:00+00:00
[2025-02-21T06:29:34.446+0000] {processor.py:183} INFO - Processing /home/airflow/.local/lib/python3.8/site-packages/airflow/example_dags/example_latest_only_with_trigger.py took 0.337 seconds
[2025-02-21T06:30:04.772+0000] {processor.py:161} INFO - Started process (PID=839) to work on /home/airflow/.local/lib/python3.8/site-packages/airflow/example_dags/example_latest_only_with_trigger.py
[2025-02-21T06:30:04.777+0000] {processor.py:830} INFO - Processing file /home/airflow/.local/lib/python3.8/site-packages/airflow/example_dags/example_latest_only_with_trigger.py for tasks to queue
[2025-02-21T06:30:04.788+0000] {logging_mixin.py:188} INFO - [2025-02-21T06:30:04.786+0000] {dagbag.py:538} INFO - Filling up the DagBag from /home/airflow/.local/lib/python3.8/site-packages/airflow/example_dags/example_latest_only_with_trigger.py
[2025-02-21T06:30:04.821+0000] {processor.py:840} INFO - DAG(s) 'latest_only_with_trigger' retrieved from /home/airflow/.local/lib/python3.8/site-packages/airflow/example_dags/example_latest_only_with_trigger.py
[2025-02-21T06:30:04.988+0000] {logging_mixin.py:188} INFO - [2025-02-21T06:30:04.987+0000] {dag.py:3036} INFO - Sync 1 DAGs
[2025-02-21T06:30:05.122+0000] {logging_mixin.py:188} INFO - [2025-02-21T06:30:05.120+0000] {dag.py:3823} INFO - Setting next_dagrun for latest_only_with_trigger to 2025-02-21 00:00:00+00:00, run_after=2025-02-21 04:00:00+00:00
[2025-02-21T06:30:05.303+0000] {processor.py:183} INFO - Processing /home/airflow/.local/lib/python3.8/site-packages/airflow/example_dags/example_latest_only_with_trigger.py took 0.548 seconds
[2025-02-21T06:30:35.731+0000] {processor.py:161} INFO - Started process (PID=894) to work on /home/airflow/.local/lib/python3.8/site-packages/airflow/example_dags/example_latest_only_with_trigger.py
[2025-02-21T06:30:35.735+0000] {processor.py:830} INFO - Processing file /home/airflow/.local/lib/python3.8/site-packages/airflow/example_dags/example_latest_only_with_trigger.py for tasks to queue
[2025-02-21T06:30:35.742+0000] {logging_mixin.py:188} INFO - [2025-02-21T06:30:35.741+0000] {dagbag.py:538} INFO - Filling up the DagBag from /home/airflow/.local/lib/python3.8/site-packages/airflow/example_dags/example_latest_only_with_trigger.py
[2025-02-21T06:30:35.778+0000] {processor.py:840} INFO - DAG(s) 'latest_only_with_trigger' retrieved from /home/airflow/.local/lib/python3.8/site-packages/airflow/example_dags/example_latest_only_with_trigger.py
[2025-02-21T06:30:35.863+0000] {logging_mixin.py:188} INFO - [2025-02-21T06:30:35.863+0000] {dag.py:3036} INFO - Sync 1 DAGs
[2025-02-21T06:30:35.932+0000] {logging_mixin.py:188} INFO - [2025-02-21T06:30:35.932+0000] {dag.py:3823} INFO - Setting next_dagrun for latest_only_with_trigger to 2025-02-21 00:00:00+00:00, run_after=2025-02-21 04:00:00+00:00
[2025-02-21T06:30:35.987+0000] {processor.py:183} INFO - Processing /home/airflow/.local/lib/python3.8/site-packages/airflow/example_dags/example_latest_only_with_trigger.py took 0.266 seconds
[2025-02-21T06:31:06.416+0000] {processor.py:161} INFO - Started process (PID=950) to work on /home/airflow/.local/lib/python3.8/site-packages/airflow/example_dags/example_latest_only_with_trigger.py
[2025-02-21T06:31:06.420+0000] {processor.py:830} INFO - Processing file /home/airflow/.local/lib/python3.8/site-packages/airflow/example_dags/example_latest_only_with_trigger.py for tasks to queue
[2025-02-21T06:31:06.424+0000] {logging_mixin.py:188} INFO - [2025-02-21T06:31:06.423+0000] {dagbag.py:538} INFO - Filling up the DagBag from /home/airflow/.local/lib/python3.8/site-packages/airflow/example_dags/example_latest_only_with_trigger.py
[2025-02-21T06:31:06.439+0000] {processor.py:840} INFO - DAG(s) 'latest_only_with_trigger' retrieved from /home/airflow/.local/lib/python3.8/site-packages/airflow/example_dags/example_latest_only_with_trigger.py
[2025-02-21T06:31:06.512+0000] {logging_mixin.py:188} INFO - [2025-02-21T06:31:06.512+0000] {dag.py:3036} INFO - Sync 1 DAGs
[2025-02-21T06:31:06.581+0000] {logging_mixin.py:188} INFO - [2025-02-21T06:31:06.581+0000] {dag.py:3823} INFO - Setting next_dagrun for latest_only_with_trigger to 2025-02-21 00:00:00+00:00, run_after=2025-02-21 04:00:00+00:00
[2025-02-21T06:31:06.644+0000] {processor.py:183} INFO - Processing /home/airflow/.local/lib/python3.8/site-packages/airflow/example_dags/example_latest_only_with_trigger.py took 0.241 seconds
[2025-02-21T06:31:36.993+0000] {processor.py:161} INFO - Started process (PID=1005) to work on /home/airflow/.local/lib/python3.8/site-packages/airflow/example_dags/example_latest_only_with_trigger.py
[2025-02-21T06:31:36.996+0000] {processor.py:830} INFO - Processing file /home/airflow/.local/lib/python3.8/site-packages/airflow/example_dags/example_latest_only_with_trigger.py for tasks to queue
[2025-02-21T06:31:37.003+0000] {logging_mixin.py:188} INFO - [2025-02-21T06:31:37.002+0000] {dagbag.py:538} INFO - Filling up the DagBag from /home/airflow/.local/lib/python3.8/site-packages/airflow/example_dags/example_latest_only_with_trigger.py
[2025-02-21T06:31:37.017+0000] {processor.py:840} INFO - DAG(s) 'latest_only_with_trigger' retrieved from /home/airflow/.local/lib/python3.8/site-packages/airflow/example_dags/example_latest_only_with_trigger.py
[2025-02-21T06:31:37.081+0000] {logging_mixin.py:188} INFO - [2025-02-21T06:31:37.080+0000] {dag.py:3036} INFO - Sync 1 DAGs
[2025-02-21T06:31:37.148+0000] {logging_mixin.py:188} INFO - [2025-02-21T06:31:37.145+0000] {dag.py:3823} INFO - Setting next_dagrun for latest_only_with_trigger to 2025-02-21 00:00:00+00:00, run_after=2025-02-21 04:00:00+00:00
[2025-02-21T06:31:37.242+0000] {processor.py:183} INFO - Processing /home/airflow/.local/lib/python3.8/site-packages/airflow/example_dags/example_latest_only_with_trigger.py took 0.258 seconds
[2025-02-21T06:32:07.376+0000] {processor.py:161} INFO - Started process (PID=1060) to work on /home/airflow/.local/lib/python3.8/site-packages/airflow/example_dags/example_latest_only_with_trigger.py
[2025-02-21T06:32:07.378+0000] {processor.py:830} INFO - Processing file /home/airflow/.local/lib/python3.8/site-packages/airflow/example_dags/example_latest_only_with_trigger.py for tasks to queue
[2025-02-21T06:32:07.384+0000] {logging_mixin.py:188} INFO - [2025-02-21T06:32:07.384+0000] {dagbag.py:538} INFO - Filling up the DagBag from /home/airflow/.local/lib/python3.8/site-packages/airflow/example_dags/example_latest_only_with_trigger.py
[2025-02-21T06:32:07.400+0000] {processor.py:840} INFO - DAG(s) 'latest_only_with_trigger' retrieved from /home/airflow/.local/lib/python3.8/site-packages/airflow/example_dags/example_latest_only_with_trigger.py
[2025-02-21T06:32:07.495+0000] {logging_mixin.py:188} INFO - [2025-02-21T06:32:07.495+0000] {dag.py:3036} INFO - Sync 1 DAGs
[2025-02-21T06:32:07.569+0000] {logging_mixin.py:188} INFO - [2025-02-21T06:32:07.569+0000] {dag.py:3823} INFO - Setting next_dagrun for latest_only_with_trigger to 2025-02-21 00:00:00+00:00, run_after=2025-02-21 04:00:00+00:00
[2025-02-21T06:32:07.633+0000] {processor.py:183} INFO - Processing /home/airflow/.local/lib/python3.8/site-packages/airflow/example_dags/example_latest_only_with_trigger.py took 0.265 seconds
[2025-02-21T06:32:38.026+0000] {processor.py:161} INFO - Started process (PID=1115) to work on /home/airflow/.local/lib/python3.8/site-packages/airflow/example_dags/example_latest_only_with_trigger.py
[2025-02-21T06:32:38.030+0000] {processor.py:830} INFO - Processing file /home/airflow/.local/lib/python3.8/site-packages/airflow/example_dags/example_latest_only_with_trigger.py for tasks to queue
[2025-02-21T06:32:38.037+0000] {logging_mixin.py:188} INFO - [2025-02-21T06:32:38.036+0000] {dagbag.py:538} INFO - Filling up the DagBag from /home/airflow/.local/lib/python3.8/site-packages/airflow/example_dags/example_latest_only_with_trigger.py
[2025-02-21T06:32:38.057+0000] {processor.py:840} INFO - DAG(s) 'latest_only_with_trigger' retrieved from /home/airflow/.local/lib/python3.8/site-packages/airflow/example_dags/example_latest_only_with_trigger.py
[2025-02-21T06:32:38.165+0000] {logging_mixin.py:188} INFO - [2025-02-21T06:32:38.165+0000] {dag.py:3036} INFO - Sync 1 DAGs
[2025-02-21T06:32:38.269+0000] {logging_mixin.py:188} INFO - [2025-02-21T06:32:38.268+0000] {dag.py:3823} INFO - Setting next_dagrun for latest_only_with_trigger to 2025-02-21 00:00:00+00:00, run_after=2025-02-21 04:00:00+00:00
[2025-02-21T06:32:38.349+0000] {processor.py:183} INFO - Processing /home/airflow/.local/lib/python3.8/site-packages/airflow/example_dags/example_latest_only_with_trigger.py took 0.333 seconds
[2025-02-21T06:33:09.176+0000] {processor.py:161} INFO - Started process (PID=1170) to work on /home/airflow/.local/lib/python3.8/site-packages/airflow/example_dags/example_latest_only_with_trigger.py
[2025-02-21T06:33:09.180+0000] {processor.py:830} INFO - Processing file /home/airflow/.local/lib/python3.8/site-packages/airflow/example_dags/example_latest_only_with_trigger.py for tasks to queue
[2025-02-21T06:33:09.186+0000] {logging_mixin.py:188} INFO - [2025-02-21T06:33:09.185+0000] {dagbag.py:538} INFO - Filling up the DagBag from /home/airflow/.local/lib/python3.8/site-packages/airflow/example_dags/example_latest_only_with_trigger.py
[2025-02-21T06:33:09.209+0000] {processor.py:840} INFO - DAG(s) 'latest_only_with_trigger' retrieved from /home/airflow/.local/lib/python3.8/site-packages/airflow/example_dags/example_latest_only_with_trigger.py
[2025-02-21T06:33:09.279+0000] {logging_mixin.py:188} INFO - [2025-02-21T06:33:09.278+0000] {dag.py:3036} INFO - Sync 1 DAGs
[2025-02-21T06:33:09.341+0000] {logging_mixin.py:188} INFO - [2025-02-21T06:33:09.340+0000] {dag.py:3823} INFO - Setting next_dagrun for latest_only_with_trigger to 2025-02-21 00:00:00+00:00, run_after=2025-02-21 04:00:00+00:00
[2025-02-21T06:33:09.399+0000] {processor.py:183} INFO - Processing /home/airflow/.local/lib/python3.8/site-packages/airflow/example_dags/example_latest_only_with_trigger.py took 0.229 seconds
[2025-02-21T06:33:39.767+0000] {processor.py:161} INFO - Started process (PID=1225) to work on /home/airflow/.local/lib/python3.8/site-packages/airflow/example_dags/example_latest_only_with_trigger.py
[2025-02-21T06:33:39.773+0000] {processor.py:830} INFO - Processing file /home/airflow/.local/lib/python3.8/site-packages/airflow/example_dags/example_latest_only_with_trigger.py for tasks to queue
[2025-02-21T06:33:39.796+0000] {logging_mixin.py:188} INFO - [2025-02-21T06:33:39.787+0000] {dagbag.py:538} INFO - Filling up the DagBag from /home/airflow/.local/lib/python3.8/site-packages/airflow/example_dags/example_latest_only_with_trigger.py
[2025-02-21T06:33:39.849+0000] {processor.py:840} INFO - DAG(s) 'latest_only_with_trigger' retrieved from /home/airflow/.local/lib/python3.8/site-packages/airflow/example_dags/example_latest_only_with_trigger.py
[2025-02-21T06:33:39.958+0000] {logging_mixin.py:188} INFO - [2025-02-21T06:33:39.957+0000] {dag.py:3036} INFO - Sync 1 DAGs
[2025-02-21T06:33:40.070+0000] {logging_mixin.py:188} INFO - [2025-02-21T06:33:40.070+0000] {dag.py:3823} INFO - Setting next_dagrun for latest_only_with_trigger to 2025-02-21 00:00:00+00:00, run_after=2025-02-21 04:00:00+00:00
[2025-02-21T06:33:40.110+0000] {processor.py:183} INFO - Processing /home/airflow/.local/lib/python3.8/site-packages/airflow/example_dags/example_latest_only_with_trigger.py took 0.371 seconds
[2025-02-21T06:34:10.446+0000] {processor.py:161} INFO - Started process (PID=1285) to work on /home/airflow/.local/lib/python3.8/site-packages/airflow/example_dags/example_latest_only_with_trigger.py
[2025-02-21T06:34:10.450+0000] {processor.py:830} INFO - Processing file /home/airflow/.local/lib/python3.8/site-packages/airflow/example_dags/example_latest_only_with_trigger.py for tasks to queue
[2025-02-21T06:34:10.454+0000] {logging_mixin.py:188} INFO - [2025-02-21T06:34:10.454+0000] {dagbag.py:538} INFO - Filling up the DagBag from /home/airflow/.local/lib/python3.8/site-packages/airflow/example_dags/example_latest_only_with_trigger.py
[2025-02-21T06:34:10.476+0000] {processor.py:840} INFO - DAG(s) 'latest_only_with_trigger' retrieved from /home/airflow/.local/lib/python3.8/site-packages/airflow/example_dags/example_latest_only_with_trigger.py
[2025-02-21T06:34:10.560+0000] {logging_mixin.py:188} INFO - [2025-02-21T06:34:10.560+0000] {dag.py:3036} INFO - Sync 1 DAGs
[2025-02-21T06:34:10.629+0000] {logging_mixin.py:188} INFO - [2025-02-21T06:34:10.628+0000] {dag.py:3823} INFO - Setting next_dagrun for latest_only_with_trigger to 2025-02-21 00:00:00+00:00, run_after=2025-02-21 04:00:00+00:00
[2025-02-21T06:34:10.920+0000] {processor.py:183} INFO - Processing /home/airflow/.local/lib/python3.8/site-packages/airflow/example_dags/example_latest_only_with_trigger.py took 0.482 seconds
[2025-02-21T06:34:41.294+0000] {processor.py:161} INFO - Started process (PID=1340) to work on /home/airflow/.local/lib/python3.8/site-packages/airflow/example_dags/example_latest_only_with_trigger.py
[2025-02-21T06:34:41.297+0000] {processor.py:830} INFO - Processing file /home/airflow/.local/lib/python3.8/site-packages/airflow/example_dags/example_latest_only_with_trigger.py for tasks to queue
[2025-02-21T06:34:41.303+0000] {logging_mixin.py:188} INFO - [2025-02-21T06:34:41.302+0000] {dagbag.py:538} INFO - Filling up the DagBag from /home/airflow/.local/lib/python3.8/site-packages/airflow/example_dags/example_latest_only_with_trigger.py
[2025-02-21T06:34:41.344+0000] {processor.py:840} INFO - DAG(s) 'latest_only_with_trigger' retrieved from /home/airflow/.local/lib/python3.8/site-packages/airflow/example_dags/example_latest_only_with_trigger.py
[2025-02-21T06:34:41.473+0000] {logging_mixin.py:188} INFO - [2025-02-21T06:34:41.473+0000] {dag.py:3036} INFO - Sync 1 DAGs
[2025-02-21T06:34:41.549+0000] {logging_mixin.py:188} INFO - [2025-02-21T06:34:41.548+0000] {dag.py:3823} INFO - Setting next_dagrun for latest_only_with_trigger to 2025-02-21 00:00:00+00:00, run_after=2025-02-21 04:00:00+00:00
[2025-02-21T06:34:41.636+0000] {processor.py:183} INFO - Processing /home/airflow/.local/lib/python3.8/site-packages/airflow/example_dags/example_latest_only_with_trigger.py took 0.354 seconds
[2025-02-21T06:35:12.106+0000] {processor.py:161} INFO - Started process (PID=1396) to work on /home/airflow/.local/lib/python3.8/site-packages/airflow/example_dags/example_latest_only_with_trigger.py
[2025-02-21T06:35:12.109+0000] {processor.py:830} INFO - Processing file /home/airflow/.local/lib/python3.8/site-packages/airflow/example_dags/example_latest_only_with_trigger.py for tasks to queue
[2025-02-21T06:35:12.113+0000] {logging_mixin.py:188} INFO - [2025-02-21T06:35:12.113+0000] {dagbag.py:538} INFO - Filling up the DagBag from /home/airflow/.local/lib/python3.8/site-packages/airflow/example_dags/example_latest_only_with_trigger.py
[2025-02-21T06:35:12.131+0000] {processor.py:840} INFO - DAG(s) 'latest_only_with_trigger' retrieved from /home/airflow/.local/lib/python3.8/site-packages/airflow/example_dags/example_latest_only_with_trigger.py
[2025-02-21T06:35:12.178+0000] {logging_mixin.py:188} INFO - [2025-02-21T06:35:12.178+0000] {dag.py:3036} INFO - Sync 1 DAGs
[2025-02-21T06:35:12.228+0000] {logging_mixin.py:188} INFO - [2025-02-21T06:35:12.228+0000] {dag.py:3823} INFO - Setting next_dagrun for latest_only_with_trigger to 2025-02-21 00:00:00+00:00, run_after=2025-02-21 04:00:00+00:00
[2025-02-21T06:35:12.270+0000] {processor.py:183} INFO - Processing /home/airflow/.local/lib/python3.8/site-packages/airflow/example_dags/example_latest_only_with_trigger.py took 0.175 seconds
[2025-02-21T06:35:42.996+0000] {processor.py:161} INFO - Started process (PID=1451) to work on /home/airflow/.local/lib/python3.8/site-packages/airflow/example_dags/example_latest_only_with_trigger.py
[2025-02-21T06:35:43.000+0000] {processor.py:830} INFO - Processing file /home/airflow/.local/lib/python3.8/site-packages/airflow/example_dags/example_latest_only_with_trigger.py for tasks to queue
[2025-02-21T06:35:43.007+0000] {logging_mixin.py:188} INFO - [2025-02-21T06:35:43.006+0000] {dagbag.py:538} INFO - Filling up the DagBag from /home/airflow/.local/lib/python3.8/site-packages/airflow/example_dags/example_latest_only_with_trigger.py
[2025-02-21T06:35:43.021+0000] {processor.py:840} INFO - DAG(s) 'latest_only_with_trigger' retrieved from /home/airflow/.local/lib/python3.8/site-packages/airflow/example_dags/example_latest_only_with_trigger.py
[2025-02-21T06:35:43.078+0000] {logging_mixin.py:188} INFO - [2025-02-21T06:35:43.078+0000] {dag.py:3036} INFO - Sync 1 DAGs
[2025-02-21T06:35:43.122+0000] {logging_mixin.py:188} INFO - [2025-02-21T06:35:43.121+0000] {dag.py:3823} INFO - Setting next_dagrun for latest_only_with_trigger to 2025-02-21 00:00:00+00:00, run_after=2025-02-21 04:00:00+00:00
[2025-02-21T06:35:43.189+0000] {processor.py:183} INFO - Processing /home/airflow/.local/lib/python3.8/site-packages/airflow/example_dags/example_latest_only_with_trigger.py took 0.201 seconds
[2025-02-21T06:36:14.088+0000] {processor.py:161} INFO - Started process (PID=1506) to work on /home/airflow/.local/lib/python3.8/site-packages/airflow/example_dags/example_latest_only_with_trigger.py
[2025-02-21T06:36:14.092+0000] {processor.py:830} INFO - Processing file /home/airflow/.local/lib/python3.8/site-packages/airflow/example_dags/example_latest_only_with_trigger.py for tasks to queue
[2025-02-21T06:36:14.098+0000] {logging_mixin.py:188} INFO - [2025-02-21T06:36:14.097+0000] {dagbag.py:538} INFO - Filling up the DagBag from /home/airflow/.local/lib/python3.8/site-packages/airflow/example_dags/example_latest_only_with_trigger.py
[2025-02-21T06:36:14.124+0000] {processor.py:840} INFO - DAG(s) 'latest_only_with_trigger' retrieved from /home/airflow/.local/lib/python3.8/site-packages/airflow/example_dags/example_latest_only_with_trigger.py
[2025-02-21T06:36:14.190+0000] {logging_mixin.py:188} INFO - [2025-02-21T06:36:14.190+0000] {dag.py:3036} INFO - Sync 1 DAGs
[2025-02-21T06:36:14.253+0000] {logging_mixin.py:188} INFO - [2025-02-21T06:36:14.252+0000] {dag.py:3823} INFO - Setting next_dagrun for latest_only_with_trigger to 2025-02-21 00:00:00+00:00, run_after=2025-02-21 04:00:00+00:00
[2025-02-21T06:36:14.322+0000] {processor.py:183} INFO - Processing /home/airflow/.local/lib/python3.8/site-packages/airflow/example_dags/example_latest_only_with_trigger.py took 0.245 seconds
[2025-02-21T06:36:44.836+0000] {processor.py:161} INFO - Started process (PID=1562) to work on /home/airflow/.local/lib/python3.8/site-packages/airflow/example_dags/example_latest_only_with_trigger.py
[2025-02-21T06:36:44.841+0000] {processor.py:830} INFO - Processing file /home/airflow/.local/lib/python3.8/site-packages/airflow/example_dags/example_latest_only_with_trigger.py for tasks to queue
[2025-02-21T06:36:44.847+0000] {logging_mixin.py:188} INFO - [2025-02-21T06:36:44.846+0000] {dagbag.py:538} INFO - Filling up the DagBag from /home/airflow/.local/lib/python3.8/site-packages/airflow/example_dags/example_latest_only_with_trigger.py
[2025-02-21T06:36:44.869+0000] {processor.py:840} INFO - DAG(s) 'latest_only_with_trigger' retrieved from /home/airflow/.local/lib/python3.8/site-packages/airflow/example_dags/example_latest_only_with_trigger.py
[2025-02-21T06:36:44.944+0000] {logging_mixin.py:188} INFO - [2025-02-21T06:36:44.943+0000] {dag.py:3036} INFO - Sync 1 DAGs
[2025-02-21T06:36:45.015+0000] {logging_mixin.py:188} INFO - [2025-02-21T06:36:45.015+0000] {dag.py:3823} INFO - Setting next_dagrun for latest_only_with_trigger to 2025-02-21 00:00:00+00:00, run_after=2025-02-21 04:00:00+00:00
[2025-02-21T06:36:45.084+0000] {processor.py:183} INFO - Processing /home/airflow/.local/lib/python3.8/site-packages/airflow/example_dags/example_latest_only_with_trigger.py took 0.261 seconds
[2025-02-21T06:37:15.297+0000] {processor.py:161} INFO - Started process (PID=1617) to work on /home/airflow/.local/lib/python3.8/site-packages/airflow/example_dags/example_latest_only_with_trigger.py
[2025-02-21T06:37:15.302+0000] {processor.py:830} INFO - Processing file /home/airflow/.local/lib/python3.8/site-packages/airflow/example_dags/example_latest_only_with_trigger.py for tasks to queue
[2025-02-21T06:37:15.315+0000] {logging_mixin.py:188} INFO - [2025-02-21T06:37:15.314+0000] {dagbag.py:538} INFO - Filling up the DagBag from /home/airflow/.local/lib/python3.8/site-packages/airflow/example_dags/example_latest_only_with_trigger.py
[2025-02-21T06:37:15.344+0000] {processor.py:840} INFO - DAG(s) 'latest_only_with_trigger' retrieved from /home/airflow/.local/lib/python3.8/site-packages/airflow/example_dags/example_latest_only_with_trigger.py
[2025-02-21T06:37:15.438+0000] {logging_mixin.py:188} INFO - [2025-02-21T06:37:15.437+0000] {dag.py:3036} INFO - Sync 1 DAGs
[2025-02-21T06:37:15.499+0000] {logging_mixin.py:188} INFO - [2025-02-21T06:37:15.498+0000] {dag.py:3823} INFO - Setting next_dagrun for latest_only_with_trigger to 2025-02-21 00:00:00+00:00, run_after=2025-02-21 04:00:00+00:00
[2025-02-21T06:37:15.561+0000] {processor.py:183} INFO - Processing /home/airflow/.local/lib/python3.8/site-packages/airflow/example_dags/example_latest_only_with_trigger.py took 0.276 seconds
[2025-02-21T06:37:45.682+0000] {processor.py:161} INFO - Started process (PID=1671) to work on /home/airflow/.local/lib/python3.8/site-packages/airflow/example_dags/example_latest_only_with_trigger.py
[2025-02-21T06:37:45.686+0000] {processor.py:830} INFO - Processing file /home/airflow/.local/lib/python3.8/site-packages/airflow/example_dags/example_latest_only_with_trigger.py for tasks to queue
[2025-02-21T06:37:45.694+0000] {logging_mixin.py:188} INFO - [2025-02-21T06:37:45.693+0000] {dagbag.py:538} INFO - Filling up the DagBag from /home/airflow/.local/lib/python3.8/site-packages/airflow/example_dags/example_latest_only_with_trigger.py
[2025-02-21T06:37:45.710+0000] {processor.py:840} INFO - DAG(s) 'latest_only_with_trigger' retrieved from /home/airflow/.local/lib/python3.8/site-packages/airflow/example_dags/example_latest_only_with_trigger.py
[2025-02-21T06:37:45.814+0000] {logging_mixin.py:188} INFO - [2025-02-21T06:37:45.813+0000] {dag.py:3036} INFO - Sync 1 DAGs
[2025-02-21T06:37:45.879+0000] {logging_mixin.py:188} INFO - [2025-02-21T06:37:45.878+0000] {dag.py:3823} INFO - Setting next_dagrun for latest_only_with_trigger to 2025-02-21 00:00:00+00:00, run_after=2025-02-21 04:00:00+00:00
[2025-02-21T06:37:45.964+0000] {processor.py:183} INFO - Processing /home/airflow/.local/lib/python3.8/site-packages/airflow/example_dags/example_latest_only_with_trigger.py took 0.299 seconds
[2025-02-21T06:38:16.119+0000] {processor.py:161} INFO - Started process (PID=1726) to work on /home/airflow/.local/lib/python3.8/site-packages/airflow/example_dags/example_latest_only_with_trigger.py
[2025-02-21T06:38:16.121+0000] {processor.py:830} INFO - Processing file /home/airflow/.local/lib/python3.8/site-packages/airflow/example_dags/example_latest_only_with_trigger.py for tasks to queue
[2025-02-21T06:38:16.130+0000] {logging_mixin.py:188} INFO - [2025-02-21T06:38:16.128+0000] {dagbag.py:538} INFO - Filling up the DagBag from /home/airflow/.local/lib/python3.8/site-packages/airflow/example_dags/example_latest_only_with_trigger.py
[2025-02-21T06:38:16.154+0000] {processor.py:840} INFO - DAG(s) 'latest_only_with_trigger' retrieved from /home/airflow/.local/lib/python3.8/site-packages/airflow/example_dags/example_latest_only_with_trigger.py
[2025-02-21T06:38:16.235+0000] {logging_mixin.py:188} INFO - [2025-02-21T06:38:16.234+0000] {dag.py:3036} INFO - Sync 1 DAGs
[2025-02-21T06:38:16.334+0000] {logging_mixin.py:188} INFO - [2025-02-21T06:38:16.334+0000] {dag.py:3823} INFO - Setting next_dagrun for latest_only_with_trigger to 2025-02-21 00:00:00+00:00, run_after=2025-02-21 04:00:00+00:00
[2025-02-21T06:38:16.388+0000] {processor.py:183} INFO - Processing /home/airflow/.local/lib/python3.8/site-packages/airflow/example_dags/example_latest_only_with_trigger.py took 0.279 seconds
[2025-02-21T06:38:47.275+0000] {processor.py:161} INFO - Started process (PID=1782) to work on /home/airflow/.local/lib/python3.8/site-packages/airflow/example_dags/example_latest_only_with_trigger.py
[2025-02-21T06:38:47.279+0000] {processor.py:830} INFO - Processing file /home/airflow/.local/lib/python3.8/site-packages/airflow/example_dags/example_latest_only_with_trigger.py for tasks to queue
[2025-02-21T06:38:47.287+0000] {logging_mixin.py:188} INFO - [2025-02-21T06:38:47.286+0000] {dagbag.py:538} INFO - Filling up the DagBag from /home/airflow/.local/lib/python3.8/site-packages/airflow/example_dags/example_latest_only_with_trigger.py
[2025-02-21T06:38:47.302+0000] {processor.py:840} INFO - DAG(s) 'latest_only_with_trigger' retrieved from /home/airflow/.local/lib/python3.8/site-packages/airflow/example_dags/example_latest_only_with_trigger.py
[2025-02-21T06:38:47.367+0000] {logging_mixin.py:188} INFO - [2025-02-21T06:38:47.367+0000] {dag.py:3036} INFO - Sync 1 DAGs
[2025-02-21T06:38:47.411+0000] {logging_mixin.py:188} INFO - [2025-02-21T06:38:47.411+0000] {dag.py:3823} INFO - Setting next_dagrun for latest_only_with_trigger to 2025-02-21 00:00:00+00:00, run_after=2025-02-21 04:00:00+00:00
[2025-02-21T06:38:47.457+0000] {processor.py:183} INFO - Processing /home/airflow/.local/lib/python3.8/site-packages/airflow/example_dags/example_latest_only_with_trigger.py took 0.197 seconds
[2025-02-21T06:39:17.861+0000] {processor.py:161} INFO - Started process (PID=1837) to work on /home/airflow/.local/lib/python3.8/site-packages/airflow/example_dags/example_latest_only_with_trigger.py
[2025-02-21T06:39:17.867+0000] {processor.py:830} INFO - Processing file /home/airflow/.local/lib/python3.8/site-packages/airflow/example_dags/example_latest_only_with_trigger.py for tasks to queue
[2025-02-21T06:39:17.879+0000] {logging_mixin.py:188} INFO - [2025-02-21T06:39:17.877+0000] {dagbag.py:538} INFO - Filling up the DagBag from /home/airflow/.local/lib/python3.8/site-packages/airflow/example_dags/example_latest_only_with_trigger.py
[2025-02-21T06:39:17.899+0000] {processor.py:840} INFO - DAG(s) 'latest_only_with_trigger' retrieved from /home/airflow/.local/lib/python3.8/site-packages/airflow/example_dags/example_latest_only_with_trigger.py
[2025-02-21T06:39:18.012+0000] {logging_mixin.py:188} INFO - [2025-02-21T06:39:18.011+0000] {dag.py:3036} INFO - Sync 1 DAGs
[2025-02-21T06:39:18.078+0000] {logging_mixin.py:188} INFO - [2025-02-21T06:39:18.077+0000] {dag.py:3823} INFO - Setting next_dagrun for latest_only_with_trigger to 2025-02-21 00:00:00+00:00, run_after=2025-02-21 04:00:00+00:00
[2025-02-21T06:39:18.125+0000] {processor.py:183} INFO - Processing /home/airflow/.local/lib/python3.8/site-packages/airflow/example_dags/example_latest_only_with_trigger.py took 0.279 seconds
[2025-02-21T06:39:48.543+0000] {processor.py:161} INFO - Started process (PID=1892) to work on /home/airflow/.local/lib/python3.8/site-packages/airflow/example_dags/example_latest_only_with_trigger.py
[2025-02-21T06:39:48.550+0000] {processor.py:830} INFO - Processing file /home/airflow/.local/lib/python3.8/site-packages/airflow/example_dags/example_latest_only_with_trigger.py for tasks to queue
[2025-02-21T06:39:48.558+0000] {logging_mixin.py:188} INFO - [2025-02-21T06:39:48.557+0000] {dagbag.py:538} INFO - Filling up the DagBag from /home/airflow/.local/lib/python3.8/site-packages/airflow/example_dags/example_latest_only_with_trigger.py
[2025-02-21T06:39:48.581+0000] {processor.py:840} INFO - DAG(s) 'latest_only_with_trigger' retrieved from /home/airflow/.local/lib/python3.8/site-packages/airflow/example_dags/example_latest_only_with_trigger.py
[2025-02-21T06:39:48.666+0000] {logging_mixin.py:188} INFO - [2025-02-21T06:39:48.665+0000] {dag.py:3036} INFO - Sync 1 DAGs
[2025-02-21T06:39:48.789+0000] {logging_mixin.py:188} INFO - [2025-02-21T06:39:48.788+0000] {dag.py:3823} INFO - Setting next_dagrun for latest_only_with_trigger to 2025-02-21 00:00:00+00:00, run_after=2025-02-21 04:00:00+00:00
[2025-02-21T06:39:48.871+0000] {processor.py:183} INFO - Processing /home/airflow/.local/lib/python3.8/site-packages/airflow/example_dags/example_latest_only_with_trigger.py took 0.343 seconds
[2025-02-21T06:40:19.472+0000] {processor.py:161} INFO - Started process (PID=1945) to work on /home/airflow/.local/lib/python3.8/site-packages/airflow/example_dags/example_latest_only_with_trigger.py
[2025-02-21T06:40:19.474+0000] {processor.py:830} INFO - Processing file /home/airflow/.local/lib/python3.8/site-packages/airflow/example_dags/example_latest_only_with_trigger.py for tasks to queue
[2025-02-21T06:40:19.479+0000] {logging_mixin.py:188} INFO - [2025-02-21T06:40:19.478+0000] {dagbag.py:538} INFO - Filling up the DagBag from /home/airflow/.local/lib/python3.8/site-packages/airflow/example_dags/example_latest_only_with_trigger.py
[2025-02-21T06:40:19.494+0000] {processor.py:840} INFO - DAG(s) 'latest_only_with_trigger' retrieved from /home/airflow/.local/lib/python3.8/site-packages/airflow/example_dags/example_latest_only_with_trigger.py
[2025-02-21T06:40:19.549+0000] {logging_mixin.py:188} INFO - [2025-02-21T06:40:19.549+0000] {dag.py:3036} INFO - Sync 1 DAGs
[2025-02-21T06:40:19.598+0000] {logging_mixin.py:188} INFO - [2025-02-21T06:40:19.598+0000] {dag.py:3823} INFO - Setting next_dagrun for latest_only_with_trigger to 2025-02-21 00:00:00+00:00, run_after=2025-02-21 04:00:00+00:00
[2025-02-21T06:40:19.643+0000] {processor.py:183} INFO - Processing /home/airflow/.local/lib/python3.8/site-packages/airflow/example_dags/example_latest_only_with_trigger.py took 0.178 seconds
[2025-02-21T06:40:50.796+0000] {processor.py:161} INFO - Started process (PID=2000) to work on /home/airflow/.local/lib/python3.8/site-packages/airflow/example_dags/example_latest_only_with_trigger.py
[2025-02-21T06:40:50.800+0000] {processor.py:830} INFO - Processing file /home/airflow/.local/lib/python3.8/site-packages/airflow/example_dags/example_latest_only_with_trigger.py for tasks to queue
[2025-02-21T06:40:50.805+0000] {logging_mixin.py:188} INFO - [2025-02-21T06:40:50.805+0000] {dagbag.py:538} INFO - Filling up the DagBag from /home/airflow/.local/lib/python3.8/site-packages/airflow/example_dags/example_latest_only_with_trigger.py
[2025-02-21T06:40:50.825+0000] {processor.py:840} INFO - DAG(s) 'latest_only_with_trigger' retrieved from /home/airflow/.local/lib/python3.8/site-packages/airflow/example_dags/example_latest_only_with_trigger.py
[2025-02-21T06:40:50.913+0000] {logging_mixin.py:188} INFO - [2025-02-21T06:40:50.913+0000] {dag.py:3036} INFO - Sync 1 DAGs
[2025-02-21T06:40:50.985+0000] {logging_mixin.py:188} INFO - [2025-02-21T06:40:50.984+0000] {dag.py:3823} INFO - Setting next_dagrun for latest_only_with_trigger to 2025-02-21 00:00:00+00:00, run_after=2025-02-21 04:00:00+00:00
[2025-02-21T06:40:51.039+0000] {processor.py:183} INFO - Processing /home/airflow/.local/lib/python3.8/site-packages/airflow/example_dags/example_latest_only_with_trigger.py took 0.259 seconds
[2025-02-21T06:41:21.306+0000] {processor.py:161} INFO - Started process (PID=2055) to work on /home/airflow/.local/lib/python3.8/site-packages/airflow/example_dags/example_latest_only_with_trigger.py
[2025-02-21T06:41:21.309+0000] {processor.py:830} INFO - Processing file /home/airflow/.local/lib/python3.8/site-packages/airflow/example_dags/example_latest_only_with_trigger.py for tasks to queue
[2025-02-21T06:41:21.314+0000] {logging_mixin.py:188} INFO - [2025-02-21T06:41:21.313+0000] {dagbag.py:538} INFO - Filling up the DagBag from /home/airflow/.local/lib/python3.8/site-packages/airflow/example_dags/example_latest_only_with_trigger.py
[2025-02-21T06:41:21.330+0000] {processor.py:840} INFO - DAG(s) 'latest_only_with_trigger' retrieved from /home/airflow/.local/lib/python3.8/site-packages/airflow/example_dags/example_latest_only_with_trigger.py
[2025-02-21T06:41:21.388+0000] {logging_mixin.py:188} INFO - [2025-02-21T06:41:21.387+0000] {dag.py:3036} INFO - Sync 1 DAGs
[2025-02-21T06:41:21.467+0000] {logging_mixin.py:188} INFO - [2025-02-21T06:41:21.467+0000] {dag.py:3823} INFO - Setting next_dagrun for latest_only_with_trigger to 2025-02-21 00:00:00+00:00, run_after=2025-02-21 04:00:00+00:00
[2025-02-21T06:41:21.546+0000] {processor.py:183} INFO - Processing /home/airflow/.local/lib/python3.8/site-packages/airflow/example_dags/example_latest_only_with_trigger.py took 0.246 seconds
[2025-02-21T06:41:51.998+0000] {processor.py:161} INFO - Started process (PID=2110) to work on /home/airflow/.local/lib/python3.8/site-packages/airflow/example_dags/example_latest_only_with_trigger.py
[2025-02-21T06:41:52.001+0000] {processor.py:830} INFO - Processing file /home/airflow/.local/lib/python3.8/site-packages/airflow/example_dags/example_latest_only_with_trigger.py for tasks to queue
[2025-02-21T06:41:52.006+0000] {logging_mixin.py:188} INFO - [2025-02-21T06:41:52.006+0000] {dagbag.py:538} INFO - Filling up the DagBag from /home/airflow/.local/lib/python3.8/site-packages/airflow/example_dags/example_latest_only_with_trigger.py
[2025-02-21T06:41:52.034+0000] {processor.py:840} INFO - DAG(s) 'latest_only_with_trigger' retrieved from /home/airflow/.local/lib/python3.8/site-packages/airflow/example_dags/example_latest_only_with_trigger.py
[2025-02-21T06:41:52.173+0000] {logging_mixin.py:188} INFO - [2025-02-21T06:41:52.173+0000] {dag.py:3036} INFO - Sync 1 DAGs
[2025-02-21T06:41:52.270+0000] {logging_mixin.py:188} INFO - [2025-02-21T06:41:52.268+0000] {dag.py:3823} INFO - Setting next_dagrun for latest_only_with_trigger to 2025-02-21 00:00:00+00:00, run_after=2025-02-21 04:00:00+00:00
[2025-02-21T06:41:52.314+0000] {processor.py:183} INFO - Processing /home/airflow/.local/lib/python3.8/site-packages/airflow/example_dags/example_latest_only_with_trigger.py took 0.327 seconds
[2025-02-21T06:42:23.408+0000] {processor.py:161} INFO - Started process (PID=2166) to work on /home/airflow/.local/lib/python3.8/site-packages/airflow/example_dags/example_latest_only_with_trigger.py
[2025-02-21T06:42:23.414+0000] {processor.py:830} INFO - Processing file /home/airflow/.local/lib/python3.8/site-packages/airflow/example_dags/example_latest_only_with_trigger.py for tasks to queue
[2025-02-21T06:42:23.424+0000] {logging_mixin.py:188} INFO - [2025-02-21T06:42:23.422+0000] {dagbag.py:538} INFO - Filling up the DagBag from /home/airflow/.local/lib/python3.8/site-packages/airflow/example_dags/example_latest_only_with_trigger.py
[2025-02-21T06:42:23.461+0000] {processor.py:840} INFO - DAG(s) 'latest_only_with_trigger' retrieved from /home/airflow/.local/lib/python3.8/site-packages/airflow/example_dags/example_latest_only_with_trigger.py
[2025-02-21T06:42:23.548+0000] {logging_mixin.py:188} INFO - [2025-02-21T06:42:23.547+0000] {dag.py:3036} INFO - Sync 1 DAGs
[2025-02-21T06:42:23.606+0000] {logging_mixin.py:188} INFO - [2025-02-21T06:42:23.606+0000] {dag.py:3823} INFO - Setting next_dagrun for latest_only_with_trigger to 2025-02-21 00:00:00+00:00, run_after=2025-02-21 04:00:00+00:00
[2025-02-21T06:42:23.689+0000] {processor.py:183} INFO - Processing /home/airflow/.local/lib/python3.8/site-packages/airflow/example_dags/example_latest_only_with_trigger.py took 0.294 seconds
[2025-02-21T06:42:54.634+0000] {processor.py:161} INFO - Started process (PID=2222) to work on /home/airflow/.local/lib/python3.8/site-packages/airflow/example_dags/example_latest_only_with_trigger.py
[2025-02-21T06:42:54.638+0000] {processor.py:830} INFO - Processing file /home/airflow/.local/lib/python3.8/site-packages/airflow/example_dags/example_latest_only_with_trigger.py for tasks to queue
[2025-02-21T06:42:54.645+0000] {logging_mixin.py:188} INFO - [2025-02-21T06:42:54.644+0000] {dagbag.py:538} INFO - Filling up the DagBag from /home/airflow/.local/lib/python3.8/site-packages/airflow/example_dags/example_latest_only_with_trigger.py
[2025-02-21T06:42:54.671+0000] {processor.py:840} INFO - DAG(s) 'latest_only_with_trigger' retrieved from /home/airflow/.local/lib/python3.8/site-packages/airflow/example_dags/example_latest_only_with_trigger.py
[2025-02-21T06:42:54.782+0000] {logging_mixin.py:188} INFO - [2025-02-21T06:42:54.782+0000] {dag.py:3036} INFO - Sync 1 DAGs
[2025-02-21T06:42:54.878+0000] {logging_mixin.py:188} INFO - [2025-02-21T06:42:54.877+0000] {dag.py:3823} INFO - Setting next_dagrun for latest_only_with_trigger to 2025-02-21 00:00:00+00:00, run_after=2025-02-21 04:00:00+00:00
[2025-02-21T06:42:54.964+0000] {processor.py:183} INFO - Processing /home/airflow/.local/lib/python3.8/site-packages/airflow/example_dags/example_latest_only_with_trigger.py took 0.350 seconds
[2025-02-21T06:43:25.335+0000] {processor.py:161} INFO - Started process (PID=2277) to work on /home/airflow/.local/lib/python3.8/site-packages/airflow/example_dags/example_latest_only_with_trigger.py
[2025-02-21T06:43:25.339+0000] {processor.py:830} INFO - Processing file /home/airflow/.local/lib/python3.8/site-packages/airflow/example_dags/example_latest_only_with_trigger.py for tasks to queue
[2025-02-21T06:43:25.345+0000] {logging_mixin.py:188} INFO - [2025-02-21T06:43:25.344+0000] {dagbag.py:538} INFO - Filling up the DagBag from /home/airflow/.local/lib/python3.8/site-packages/airflow/example_dags/example_latest_only_with_trigger.py
[2025-02-21T06:43:25.364+0000] {processor.py:840} INFO - DAG(s) 'latest_only_with_trigger' retrieved from /home/airflow/.local/lib/python3.8/site-packages/airflow/example_dags/example_latest_only_with_trigger.py
[2025-02-21T06:43:25.429+0000] {logging_mixin.py:188} INFO - [2025-02-21T06:43:25.429+0000] {dag.py:3036} INFO - Sync 1 DAGs
[2025-02-21T06:43:25.473+0000] {logging_mixin.py:188} INFO - [2025-02-21T06:43:25.472+0000] {dag.py:3823} INFO - Setting next_dagrun for latest_only_with_trigger to 2025-02-21 00:00:00+00:00, run_after=2025-02-21 04:00:00+00:00
[2025-02-21T06:43:25.522+0000] {processor.py:183} INFO - Processing /home/airflow/.local/lib/python3.8/site-packages/airflow/example_dags/example_latest_only_with_trigger.py took 0.200 seconds
[2025-02-21T06:43:55.901+0000] {processor.py:161} INFO - Started process (PID=2334) to work on /home/airflow/.local/lib/python3.8/site-packages/airflow/example_dags/example_latest_only_with_trigger.py
[2025-02-21T06:43:55.905+0000] {processor.py:830} INFO - Processing file /home/airflow/.local/lib/python3.8/site-packages/airflow/example_dags/example_latest_only_with_trigger.py for tasks to queue
[2025-02-21T06:43:55.915+0000] {logging_mixin.py:188} INFO - [2025-02-21T06:43:55.914+0000] {dagbag.py:538} INFO - Filling up the DagBag from /home/airflow/.local/lib/python3.8/site-packages/airflow/example_dags/example_latest_only_with_trigger.py
[2025-02-21T06:43:55.938+0000] {processor.py:840} INFO - DAG(s) 'latest_only_with_trigger' retrieved from /home/airflow/.local/lib/python3.8/site-packages/airflow/example_dags/example_latest_only_with_trigger.py
[2025-02-21T06:43:56.018+0000] {logging_mixin.py:188} INFO - [2025-02-21T06:43:56.017+0000] {dag.py:3036} INFO - Sync 1 DAGs
[2025-02-21T06:43:56.090+0000] {logging_mixin.py:188} INFO - [2025-02-21T06:43:56.090+0000] {dag.py:3823} INFO - Setting next_dagrun for latest_only_with_trigger to 2025-02-21 00:00:00+00:00, run_after=2025-02-21 04:00:00+00:00
[2025-02-21T06:43:56.164+0000] {processor.py:183} INFO - Processing /home/airflow/.local/lib/python3.8/site-packages/airflow/example_dags/example_latest_only_with_trigger.py took 0.274 seconds
[2025-02-21T06:44:26.388+0000] {processor.py:161} INFO - Started process (PID=2390) to work on /home/airflow/.local/lib/python3.8/site-packages/airflow/example_dags/example_latest_only_with_trigger.py
[2025-02-21T06:44:26.393+0000] {processor.py:830} INFO - Processing file /home/airflow/.local/lib/python3.8/site-packages/airflow/example_dags/example_latest_only_with_trigger.py for tasks to queue
[2025-02-21T06:44:26.404+0000] {logging_mixin.py:188} INFO - [2025-02-21T06:44:26.403+0000] {dagbag.py:538} INFO - Filling up the DagBag from /home/airflow/.local/lib/python3.8/site-packages/airflow/example_dags/example_latest_only_with_trigger.py
[2025-02-21T06:44:26.435+0000] {processor.py:840} INFO - DAG(s) 'latest_only_with_trigger' retrieved from /home/airflow/.local/lib/python3.8/site-packages/airflow/example_dags/example_latest_only_with_trigger.py
[2025-02-21T06:44:26.517+0000] {logging_mixin.py:188} INFO - [2025-02-21T06:44:26.516+0000] {dag.py:3036} INFO - Sync 1 DAGs
[2025-02-21T06:44:26.587+0000] {logging_mixin.py:188} INFO - [2025-02-21T06:44:26.586+0000] {dag.py:3823} INFO - Setting next_dagrun for latest_only_with_trigger to 2025-02-21 00:00:00+00:00, run_after=2025-02-21 04:00:00+00:00
[2025-02-21T06:44:26.632+0000] {processor.py:183} INFO - Processing /home/airflow/.local/lib/python3.8/site-packages/airflow/example_dags/example_latest_only_with_trigger.py took 0.260 seconds
[2025-02-21T06:44:57.440+0000] {processor.py:161} INFO - Started process (PID=2444) to work on /home/airflow/.local/lib/python3.8/site-packages/airflow/example_dags/example_latest_only_with_trigger.py
[2025-02-21T06:44:57.443+0000] {processor.py:830} INFO - Processing file /home/airflow/.local/lib/python3.8/site-packages/airflow/example_dags/example_latest_only_with_trigger.py for tasks to queue
[2025-02-21T06:44:57.452+0000] {logging_mixin.py:188} INFO - [2025-02-21T06:44:57.451+0000] {dagbag.py:538} INFO - Filling up the DagBag from /home/airflow/.local/lib/python3.8/site-packages/airflow/example_dags/example_latest_only_with_trigger.py
[2025-02-21T06:44:57.470+0000] {processor.py:840} INFO - DAG(s) 'latest_only_with_trigger' retrieved from /home/airflow/.local/lib/python3.8/site-packages/airflow/example_dags/example_latest_only_with_trigger.py
[2025-02-21T06:44:57.543+0000] {logging_mixin.py:188} INFO - [2025-02-21T06:44:57.542+0000] {dag.py:3036} INFO - Sync 1 DAGs
[2025-02-21T06:44:57.588+0000] {logging_mixin.py:188} INFO - [2025-02-21T06:44:57.588+0000] {dag.py:3823} INFO - Setting next_dagrun for latest_only_with_trigger to 2025-02-21 00:00:00+00:00, run_after=2025-02-21 04:00:00+00:00
[2025-02-21T06:44:57.652+0000] {processor.py:183} INFO - Processing /home/airflow/.local/lib/python3.8/site-packages/airflow/example_dags/example_latest_only_with_trigger.py took 0.219 seconds
[2025-02-21T06:45:28.023+0000] {processor.py:161} INFO - Started process (PID=2500) to work on /home/airflow/.local/lib/python3.8/site-packages/airflow/example_dags/example_latest_only_with_trigger.py
[2025-02-21T06:45:28.027+0000] {processor.py:830} INFO - Processing file /home/airflow/.local/lib/python3.8/site-packages/airflow/example_dags/example_latest_only_with_trigger.py for tasks to queue
[2025-02-21T06:45:28.033+0000] {logging_mixin.py:188} INFO - [2025-02-21T06:45:28.032+0000] {dagbag.py:538} INFO - Filling up the DagBag from /home/airflow/.local/lib/python3.8/site-packages/airflow/example_dags/example_latest_only_with_trigger.py
[2025-02-21T06:45:28.048+0000] {processor.py:840} INFO - DAG(s) 'latest_only_with_trigger' retrieved from /home/airflow/.local/lib/python3.8/site-packages/airflow/example_dags/example_latest_only_with_trigger.py
[2025-02-21T06:45:28.133+0000] {logging_mixin.py:188} INFO - [2025-02-21T06:45:28.133+0000] {dag.py:3036} INFO - Sync 1 DAGs
[2025-02-21T06:45:28.185+0000] {logging_mixin.py:188} INFO - [2025-02-21T06:45:28.184+0000] {dag.py:3823} INFO - Setting next_dagrun for latest_only_with_trigger to 2025-02-21 00:00:00+00:00, run_after=2025-02-21 04:00:00+00:00
[2025-02-21T06:45:28.245+0000] {processor.py:183} INFO - Processing /home/airflow/.local/lib/python3.8/site-packages/airflow/example_dags/example_latest_only_with_trigger.py took 0.229 seconds
[2025-02-21T06:45:58.558+0000] {processor.py:161} INFO - Started process (PID=2555) to work on /home/airflow/.local/lib/python3.8/site-packages/airflow/example_dags/example_latest_only_with_trigger.py
[2025-02-21T06:45:58.563+0000] {processor.py:830} INFO - Processing file /home/airflow/.local/lib/python3.8/site-packages/airflow/example_dags/example_latest_only_with_trigger.py for tasks to queue
[2025-02-21T06:45:58.572+0000] {logging_mixin.py:188} INFO - [2025-02-21T06:45:58.572+0000] {dagbag.py:538} INFO - Filling up the DagBag from /home/airflow/.local/lib/python3.8/site-packages/airflow/example_dags/example_latest_only_with_trigger.py
[2025-02-21T06:45:58.591+0000] {processor.py:840} INFO - DAG(s) 'latest_only_with_trigger' retrieved from /home/airflow/.local/lib/python3.8/site-packages/airflow/example_dags/example_latest_only_with_trigger.py
[2025-02-21T06:45:58.705+0000] {logging_mixin.py:188} INFO - [2025-02-21T06:45:58.705+0000] {dag.py:3036} INFO - Sync 1 DAGs
[2025-02-21T06:45:58.799+0000] {logging_mixin.py:188} INFO - [2025-02-21T06:45:58.799+0000] {dag.py:3823} INFO - Setting next_dagrun for latest_only_with_trigger to 2025-02-21 00:00:00+00:00, run_after=2025-02-21 04:00:00+00:00
[2025-02-21T06:45:59.244+0000] {processor.py:183} INFO - Processing /home/airflow/.local/lib/python3.8/site-packages/airflow/example_dags/example_latest_only_with_trigger.py took 0.696 seconds
[2025-02-21T06:46:30.156+0000] {processor.py:161} INFO - Started process (PID=2611) to work on /home/airflow/.local/lib/python3.8/site-packages/airflow/example_dags/example_latest_only_with_trigger.py
[2025-02-21T06:46:30.160+0000] {processor.py:830} INFO - Processing file /home/airflow/.local/lib/python3.8/site-packages/airflow/example_dags/example_latest_only_with_trigger.py for tasks to queue
[2025-02-21T06:46:30.167+0000] {logging_mixin.py:188} INFO - [2025-02-21T06:46:30.166+0000] {dagbag.py:538} INFO - Filling up the DagBag from /home/airflow/.local/lib/python3.8/site-packages/airflow/example_dags/example_latest_only_with_trigger.py
[2025-02-21T06:46:30.185+0000] {processor.py:840} INFO - DAG(s) 'latest_only_with_trigger' retrieved from /home/airflow/.local/lib/python3.8/site-packages/airflow/example_dags/example_latest_only_with_trigger.py
[2025-02-21T06:46:30.254+0000] {logging_mixin.py:188} INFO - [2025-02-21T06:46:30.253+0000] {dag.py:3036} INFO - Sync 1 DAGs
[2025-02-21T06:46:30.338+0000] {logging_mixin.py:188} INFO - [2025-02-21T06:46:30.337+0000] {dag.py:3823} INFO - Setting next_dagrun for latest_only_with_trigger to 2025-02-21 00:00:00+00:00, run_after=2025-02-21 04:00:00+00:00
[2025-02-21T06:46:30.447+0000] {processor.py:183} INFO - Processing /home/airflow/.local/lib/python3.8/site-packages/airflow/example_dags/example_latest_only_with_trigger.py took 0.301 seconds
[2025-02-21T06:47:00.929+0000] {processor.py:161} INFO - Started process (PID=2665) to work on /home/airflow/.local/lib/python3.8/site-packages/airflow/example_dags/example_latest_only_with_trigger.py
[2025-02-21T06:47:00.932+0000] {processor.py:830} INFO - Processing file /home/airflow/.local/lib/python3.8/site-packages/airflow/example_dags/example_latest_only_with_trigger.py for tasks to queue
[2025-02-21T06:47:00.937+0000] {logging_mixin.py:188} INFO - [2025-02-21T06:47:00.936+0000] {dagbag.py:538} INFO - Filling up the DagBag from /home/airflow/.local/lib/python3.8/site-packages/airflow/example_dags/example_latest_only_with_trigger.py
[2025-02-21T06:47:00.953+0000] {processor.py:840} INFO - DAG(s) 'latest_only_with_trigger' retrieved from /home/airflow/.local/lib/python3.8/site-packages/airflow/example_dags/example_latest_only_with_trigger.py
[2025-02-21T06:47:01.012+0000] {logging_mixin.py:188} INFO - [2025-02-21T06:47:01.012+0000] {dag.py:3036} INFO - Sync 1 DAGs
[2025-02-21T06:47:01.071+0000] {logging_mixin.py:188} INFO - [2025-02-21T06:47:01.071+0000] {dag.py:3823} INFO - Setting next_dagrun for latest_only_with_trigger to 2025-02-21 00:00:00+00:00, run_after=2025-02-21 04:00:00+00:00
[2025-02-21T06:47:01.130+0000] {processor.py:183} INFO - Processing /home/airflow/.local/lib/python3.8/site-packages/airflow/example_dags/example_latest_only_with_trigger.py took 0.208 seconds
[2025-02-21T06:47:31.599+0000] {processor.py:161} INFO - Started process (PID=2720) to work on /home/airflow/.local/lib/python3.8/site-packages/airflow/example_dags/example_latest_only_with_trigger.py
[2025-02-21T06:47:31.603+0000] {processor.py:830} INFO - Processing file /home/airflow/.local/lib/python3.8/site-packages/airflow/example_dags/example_latest_only_with_trigger.py for tasks to queue
[2025-02-21T06:47:31.608+0000] {logging_mixin.py:188} INFO - [2025-02-21T06:47:31.607+0000] {dagbag.py:538} INFO - Filling up the DagBag from /home/airflow/.local/lib/python3.8/site-packages/airflow/example_dags/example_latest_only_with_trigger.py
[2025-02-21T06:47:31.624+0000] {processor.py:840} INFO - DAG(s) 'latest_only_with_trigger' retrieved from /home/airflow/.local/lib/python3.8/site-packages/airflow/example_dags/example_latest_only_with_trigger.py
[2025-02-21T06:47:31.695+0000] {logging_mixin.py:188} INFO - [2025-02-21T06:47:31.695+0000] {dag.py:3036} INFO - Sync 1 DAGs
[2025-02-21T06:47:31.750+0000] {logging_mixin.py:188} INFO - [2025-02-21T06:47:31.749+0000] {dag.py:3823} INFO - Setting next_dagrun for latest_only_with_trigger to 2025-02-21 00:00:00+00:00, run_after=2025-02-21 04:00:00+00:00
[2025-02-21T06:47:31.808+0000] {processor.py:183} INFO - Processing /home/airflow/.local/lib/python3.8/site-packages/airflow/example_dags/example_latest_only_with_trigger.py took 0.218 seconds
