[2025-02-21T06:23:00.843+0000] {processor.py:161} INFO - Started process (PID=83) to work on /home/airflow/.local/lib/python3.8/site-packages/airflow/example_dags/example_python_operator.py
[2025-02-21T06:23:00.850+0000] {processor.py:830} INFO - Processing file /home/airflow/.local/lib/python3.8/site-packages/airflow/example_dags/example_python_operator.py for tasks to queue
[2025-02-21T06:23:00.879+0000] {logging_mixin.py:188} INFO - [2025-02-21T06:23:00.874+0000] {dagbag.py:538} INFO - Filling up the DagBag from /home/airflow/.local/lib/python3.8/site-packages/airflow/example_dags/example_python_operator.py
[2025-02-21T06:23:00.979+0000] {processor.py:840} INFO - DAG(s) 'example_python_operator' retrieved from /home/airflow/.local/lib/python3.8/site-packages/airflow/example_dags/example_python_operator.py
[2025-02-21T06:23:01.571+0000] {logging_mixin.py:188} INFO - [2025-02-21T06:23:01.570+0000] {dag.py:3036} INFO - Sync 1 DAGs
[2025-02-21T06:23:01.633+0000] {logging_mixin.py:188} INFO - [2025-02-21T06:23:01.632+0000] {dag.py:3823} INFO - Setting next_dagrun for example_python_operator to None, run_after=None
[2025-02-21T06:23:03.782+0000] {processor.py:183} INFO - Processing /home/airflow/.local/lib/python3.8/site-packages/airflow/example_dags/example_python_operator.py took 2.960 seconds
[2025-02-21T06:23:34.404+0000] {processor.py:161} INFO - Started process (PID=139) to work on /home/airflow/.local/lib/python3.8/site-packages/airflow/example_dags/example_python_operator.py
[2025-02-21T06:23:34.417+0000] {processor.py:830} INFO - Processing file /home/airflow/.local/lib/python3.8/site-packages/airflow/example_dags/example_python_operator.py for tasks to queue
[2025-02-21T06:23:34.424+0000] {logging_mixin.py:188} INFO - [2025-02-21T06:23:34.423+0000] {dagbag.py:538} INFO - Filling up the DagBag from /home/airflow/.local/lib/python3.8/site-packages/airflow/example_dags/example_python_operator.py
[2025-02-21T06:23:34.534+0000] {processor.py:840} INFO - DAG(s) 'example_python_operator' retrieved from /home/airflow/.local/lib/python3.8/site-packages/airflow/example_dags/example_python_operator.py
[2025-02-21T06:23:34.688+0000] {logging_mixin.py:188} INFO - [2025-02-21T06:23:34.688+0000] {dag.py:3036} INFO - Sync 1 DAGs
[2025-02-21T06:23:34.818+0000] {logging_mixin.py:188} INFO - [2025-02-21T06:23:34.817+0000] {dag.py:3823} INFO - Setting next_dagrun for example_python_operator to None, run_after=None
[2025-02-21T06:23:34.893+0000] {processor.py:183} INFO - Processing /home/airflow/.local/lib/python3.8/site-packages/airflow/example_dags/example_python_operator.py took 0.520 seconds
[2025-02-21T06:24:05.183+0000] {processor.py:161} INFO - Started process (PID=193) to work on /home/airflow/.local/lib/python3.8/site-packages/airflow/example_dags/example_python_operator.py
[2025-02-21T06:24:05.187+0000] {processor.py:830} INFO - Processing file /home/airflow/.local/lib/python3.8/site-packages/airflow/example_dags/example_python_operator.py for tasks to queue
[2025-02-21T06:24:05.193+0000] {logging_mixin.py:188} INFO - [2025-02-21T06:24:05.192+0000] {dagbag.py:538} INFO - Filling up the DagBag from /home/airflow/.local/lib/python3.8/site-packages/airflow/example_dags/example_python_operator.py
[2025-02-21T06:24:05.238+0000] {processor.py:840} INFO - DAG(s) 'example_python_operator' retrieved from /home/airflow/.local/lib/python3.8/site-packages/airflow/example_dags/example_python_operator.py
[2025-02-21T06:24:05.321+0000] {logging_mixin.py:188} INFO - [2025-02-21T06:24:05.321+0000] {dag.py:3036} INFO - Sync 1 DAGs
[2025-02-21T06:24:05.369+0000] {logging_mixin.py:188} INFO - [2025-02-21T06:24:05.369+0000] {dag.py:3823} INFO - Setting next_dagrun for example_python_operator to None, run_after=None
[2025-02-21T06:24:05.426+0000] {processor.py:183} INFO - Processing /home/airflow/.local/lib/python3.8/site-packages/airflow/example_dags/example_python_operator.py took 0.256 seconds
[2025-02-21T06:24:35.740+0000] {processor.py:161} INFO - Started process (PID=248) to work on /home/airflow/.local/lib/python3.8/site-packages/airflow/example_dags/example_python_operator.py
[2025-02-21T06:24:35.744+0000] {processor.py:830} INFO - Processing file /home/airflow/.local/lib/python3.8/site-packages/airflow/example_dags/example_python_operator.py for tasks to queue
[2025-02-21T06:24:35.767+0000] {logging_mixin.py:188} INFO - [2025-02-21T06:24:35.764+0000] {dagbag.py:538} INFO - Filling up the DagBag from /home/airflow/.local/lib/python3.8/site-packages/airflow/example_dags/example_python_operator.py
[2025-02-21T06:24:35.839+0000] {processor.py:840} INFO - DAG(s) 'example_python_operator' retrieved from /home/airflow/.local/lib/python3.8/site-packages/airflow/example_dags/example_python_operator.py
[2025-02-21T06:24:35.982+0000] {logging_mixin.py:188} INFO - [2025-02-21T06:24:35.982+0000] {dag.py:3036} INFO - Sync 1 DAGs
[2025-02-21T06:24:36.101+0000] {logging_mixin.py:188} INFO - [2025-02-21T06:24:36.100+0000] {dag.py:3823} INFO - Setting next_dagrun for example_python_operator to None, run_after=None
[2025-02-21T06:24:36.264+0000] {processor.py:183} INFO - Processing /home/airflow/.local/lib/python3.8/site-packages/airflow/example_dags/example_python_operator.py took 0.559 seconds
[2025-02-21T06:25:06.718+0000] {processor.py:161} INFO - Started process (PID=310) to work on /home/airflow/.local/lib/python3.8/site-packages/airflow/example_dags/example_python_operator.py
[2025-02-21T06:25:06.722+0000] {processor.py:830} INFO - Processing file /home/airflow/.local/lib/python3.8/site-packages/airflow/example_dags/example_python_operator.py for tasks to queue
[2025-02-21T06:25:06.728+0000] {logging_mixin.py:188} INFO - [2025-02-21T06:25:06.727+0000] {dagbag.py:538} INFO - Filling up the DagBag from /home/airflow/.local/lib/python3.8/site-packages/airflow/example_dags/example_python_operator.py
[2025-02-21T06:25:06.754+0000] {processor.py:840} INFO - DAG(s) 'example_python_operator' retrieved from /home/airflow/.local/lib/python3.8/site-packages/airflow/example_dags/example_python_operator.py
[2025-02-21T06:25:06.823+0000] {logging_mixin.py:188} INFO - [2025-02-21T06:25:06.822+0000] {dag.py:3036} INFO - Sync 1 DAGs
[2025-02-21T06:25:06.854+0000] {logging_mixin.py:188} INFO - [2025-02-21T06:25:06.853+0000] {dag.py:3823} INFO - Setting next_dagrun for example_python_operator to None, run_after=None
[2025-02-21T06:25:06.906+0000] {processor.py:183} INFO - Processing /home/airflow/.local/lib/python3.8/site-packages/airflow/example_dags/example_python_operator.py took 0.198 seconds
[2025-02-21T06:25:37.648+0000] {processor.py:161} INFO - Started process (PID=365) to work on /home/airflow/.local/lib/python3.8/site-packages/airflow/example_dags/example_python_operator.py
[2025-02-21T06:25:37.654+0000] {processor.py:830} INFO - Processing file /home/airflow/.local/lib/python3.8/site-packages/airflow/example_dags/example_python_operator.py for tasks to queue
[2025-02-21T06:25:37.662+0000] {logging_mixin.py:188} INFO - [2025-02-21T06:25:37.661+0000] {dagbag.py:538} INFO - Filling up the DagBag from /home/airflow/.local/lib/python3.8/site-packages/airflow/example_dags/example_python_operator.py
[2025-02-21T06:25:37.706+0000] {processor.py:840} INFO - DAG(s) 'example_python_operator' retrieved from /home/airflow/.local/lib/python3.8/site-packages/airflow/example_dags/example_python_operator.py
[2025-02-21T06:25:37.798+0000] {logging_mixin.py:188} INFO - [2025-02-21T06:25:37.797+0000] {dag.py:3036} INFO - Sync 1 DAGs
[2025-02-21T06:25:37.840+0000] {logging_mixin.py:188} INFO - [2025-02-21T06:25:37.840+0000] {dag.py:3823} INFO - Setting next_dagrun for example_python_operator to None, run_after=None
[2025-02-21T06:25:37.905+0000] {processor.py:183} INFO - Processing /home/airflow/.local/lib/python3.8/site-packages/airflow/example_dags/example_python_operator.py took 0.270 seconds
