[2025-02-21T06:23:12.970+0000] {processor.py:161} INFO - Started process (PID=110) to work on /home/airflow/.local/lib/python3.8/site-packages/airflow/example_dags/example_branch_day_of_week_operator.py
[2025-02-21T06:23:12.974+0000] {processor.py:830} INFO - Processing file /home/airflow/.local/lib/python3.8/site-packages/airflow/example_dags/example_branch_day_of_week_operator.py for tasks to queue
[2025-02-21T06:23:12.981+0000] {logging_mixin.py:188} INFO - [2025-02-21T06:23:12.980+0000] {dagbag.py:538} INFO - Filling up the DagBag from /home/airflow/.local/lib/python3.8/site-packages/airflow/example_dags/example_branch_day_of_week_operator.py
[2025-02-21T06:23:13.020+0000] {processor.py:840} INFO - DAG(s) 'example_weekday_branch_operator' retrieved from /home/airflow/.local/lib/python3.8/site-packages/airflow/example_dags/example_branch_day_of_week_operator.py
[2025-02-21T06:23:13.331+0000] {logging_mixin.py:188} INFO - [2025-02-21T06:23:13.330+0000] {dag.py:3036} INFO - Sync 1 DAGs
[2025-02-21T06:23:13.409+0000] {logging_mixin.py:188} INFO - [2025-02-21T06:23:13.409+0000] {dag.py:3823} INFO - Setting next_dagrun for example_weekday_branch_operator to 2025-02-20 00:00:00+00:00, run_after=2025-02-21 00:00:00+00:00
[2025-02-21T06:23:13.454+0000] {processor.py:183} INFO - Processing /home/airflow/.local/lib/python3.8/site-packages/airflow/example_dags/example_branch_day_of_week_operator.py took 0.497 seconds
[2025-02-21T06:23:44.714+0000] {processor.py:161} INFO - Started process (PID=164) to work on /home/airflow/.local/lib/python3.8/site-packages/airflow/example_dags/example_branch_day_of_week_operator.py
[2025-02-21T06:23:44.717+0000] {processor.py:830} INFO - Processing file /home/airflow/.local/lib/python3.8/site-packages/airflow/example_dags/example_branch_day_of_week_operator.py for tasks to queue
[2025-02-21T06:23:44.722+0000] {logging_mixin.py:188} INFO - [2025-02-21T06:23:44.722+0000] {dagbag.py:538} INFO - Filling up the DagBag from /home/airflow/.local/lib/python3.8/site-packages/airflow/example_dags/example_branch_day_of_week_operator.py
[2025-02-21T06:23:44.741+0000] {processor.py:840} INFO - DAG(s) 'example_weekday_branch_operator' retrieved from /home/airflow/.local/lib/python3.8/site-packages/airflow/example_dags/example_branch_day_of_week_operator.py
[2025-02-21T06:23:44.805+0000] {logging_mixin.py:188} INFO - [2025-02-21T06:23:44.805+0000] {dag.py:3036} INFO - Sync 1 DAGs
[2025-02-21T06:23:44.876+0000] {logging_mixin.py:188} INFO - [2025-02-21T06:23:44.876+0000] {dag.py:3823} INFO - Setting next_dagrun for example_weekday_branch_operator to 2025-02-20 00:00:00+00:00, run_after=2025-02-21 00:00:00+00:00
[2025-02-21T06:23:44.950+0000] {processor.py:183} INFO - Processing /home/airflow/.local/lib/python3.8/site-packages/airflow/example_dags/example_branch_day_of_week_operator.py took 0.253 seconds
[2025-02-21T06:24:15.107+0000] {processor.py:161} INFO - Started process (PID=219) to work on /home/airflow/.local/lib/python3.8/site-packages/airflow/example_dags/example_branch_day_of_week_operator.py
[2025-02-21T06:24:15.109+0000] {processor.py:830} INFO - Processing file /home/airflow/.local/lib/python3.8/site-packages/airflow/example_dags/example_branch_day_of_week_operator.py for tasks to queue
[2025-02-21T06:24:15.115+0000] {logging_mixin.py:188} INFO - [2025-02-21T06:24:15.114+0000] {dagbag.py:538} INFO - Filling up the DagBag from /home/airflow/.local/lib/python3.8/site-packages/airflow/example_dags/example_branch_day_of_week_operator.py
[2025-02-21T06:24:15.140+0000] {processor.py:840} INFO - DAG(s) 'example_weekday_branch_operator' retrieved from /home/airflow/.local/lib/python3.8/site-packages/airflow/example_dags/example_branch_day_of_week_operator.py
[2025-02-21T06:24:15.201+0000] {logging_mixin.py:188} INFO - [2025-02-21T06:24:15.200+0000] {dag.py:3036} INFO - Sync 1 DAGs
[2025-02-21T06:24:15.274+0000] {logging_mixin.py:188} INFO - [2025-02-21T06:24:15.272+0000] {dag.py:3823} INFO - Setting next_dagrun for example_weekday_branch_operator to 2025-02-20 00:00:00+00:00, run_after=2025-02-21 00:00:00+00:00
[2025-02-21T06:24:15.334+0000] {processor.py:183} INFO - Processing /home/airflow/.local/lib/python3.8/site-packages/airflow/example_dags/example_branch_day_of_week_operator.py took 0.238 seconds
[2025-02-21T06:24:46.175+0000] {processor.py:161} INFO - Started process (PID=275) to work on /home/airflow/.local/lib/python3.8/site-packages/airflow/example_dags/example_branch_day_of_week_operator.py
[2025-02-21T06:24:46.180+0000] {processor.py:830} INFO - Processing file /home/airflow/.local/lib/python3.8/site-packages/airflow/example_dags/example_branch_day_of_week_operator.py for tasks to queue
[2025-02-21T06:24:46.187+0000] {logging_mixin.py:188} INFO - [2025-02-21T06:24:46.186+0000] {dagbag.py:538} INFO - Filling up the DagBag from /home/airflow/.local/lib/python3.8/site-packages/airflow/example_dags/example_branch_day_of_week_operator.py
[2025-02-21T06:24:46.216+0000] {processor.py:840} INFO - DAG(s) 'example_weekday_branch_operator' retrieved from /home/airflow/.local/lib/python3.8/site-packages/airflow/example_dags/example_branch_day_of_week_operator.py
[2025-02-21T06:24:46.295+0000] {logging_mixin.py:188} INFO - [2025-02-21T06:24:46.293+0000] {dag.py:3036} INFO - Sync 1 DAGs
[2025-02-21T06:24:46.373+0000] {logging_mixin.py:188} INFO - [2025-02-21T06:24:46.372+0000] {dag.py:3823} INFO - Setting next_dagrun for example_weekday_branch_operator to 2025-02-20 00:00:00+00:00, run_after=2025-02-21 00:00:00+00:00
[2025-02-21T06:24:46.443+0000] {processor.py:183} INFO - Processing /home/airflow/.local/lib/python3.8/site-packages/airflow/example_dags/example_branch_day_of_week_operator.py took 0.279 seconds
[2025-02-21T06:25:16.570+0000] {processor.py:161} INFO - Started process (PID=330) to work on /home/airflow/.local/lib/python3.8/site-packages/airflow/example_dags/example_branch_day_of_week_operator.py
[2025-02-21T06:25:16.574+0000] {processor.py:830} INFO - Processing file /home/airflow/.local/lib/python3.8/site-packages/airflow/example_dags/example_branch_day_of_week_operator.py for tasks to queue
[2025-02-21T06:25:16.580+0000] {logging_mixin.py:188} INFO - [2025-02-21T06:25:16.580+0000] {dagbag.py:538} INFO - Filling up the DagBag from /home/airflow/.local/lib/python3.8/site-packages/airflow/example_dags/example_branch_day_of_week_operator.py
[2025-02-21T06:25:16.617+0000] {processor.py:840} INFO - DAG(s) 'example_weekday_branch_operator' retrieved from /home/airflow/.local/lib/python3.8/site-packages/airflow/example_dags/example_branch_day_of_week_operator.py
[2025-02-21T06:25:16.692+0000] {logging_mixin.py:188} INFO - [2025-02-21T06:25:16.691+0000] {dag.py:3036} INFO - Sync 1 DAGs
[2025-02-21T06:25:16.758+0000] {logging_mixin.py:188} INFO - [2025-02-21T06:25:16.757+0000] {dag.py:3823} INFO - Setting next_dagrun for example_weekday_branch_operator to 2025-02-20 00:00:00+00:00, run_after=2025-02-21 00:00:00+00:00
[2025-02-21T06:25:16.822+0000] {processor.py:183} INFO - Processing /home/airflow/.local/lib/python3.8/site-packages/airflow/example_dags/example_branch_day_of_week_operator.py took 0.262 seconds
[2025-02-21T06:25:47.211+0000] {processor.py:161} INFO - Started process (PID=385) to work on /home/airflow/.local/lib/python3.8/site-packages/airflow/example_dags/example_branch_day_of_week_operator.py
[2025-02-21T06:25:47.213+0000] {processor.py:830} INFO - Processing file /home/airflow/.local/lib/python3.8/site-packages/airflow/example_dags/example_branch_day_of_week_operator.py for tasks to queue
[2025-02-21T06:25:47.218+0000] {logging_mixin.py:188} INFO - [2025-02-21T06:25:47.217+0000] {dagbag.py:538} INFO - Filling up the DagBag from /home/airflow/.local/lib/python3.8/site-packages/airflow/example_dags/example_branch_day_of_week_operator.py
[2025-02-21T06:25:47.237+0000] {processor.py:840} INFO - DAG(s) 'example_weekday_branch_operator' retrieved from /home/airflow/.local/lib/python3.8/site-packages/airflow/example_dags/example_branch_day_of_week_operator.py
[2025-02-21T06:25:47.291+0000] {logging_mixin.py:188} INFO - [2025-02-21T06:25:47.290+0000] {dag.py:3036} INFO - Sync 1 DAGs
[2025-02-21T06:25:47.344+0000] {logging_mixin.py:188} INFO - [2025-02-21T06:25:47.344+0000] {dag.py:3823} INFO - Setting next_dagrun for example_weekday_branch_operator to 2025-02-20 00:00:00+00:00, run_after=2025-02-21 00:00:00+00:00
[2025-02-21T06:25:47.402+0000] {processor.py:183} INFO - Processing /home/airflow/.local/lib/python3.8/site-packages/airflow/example_dags/example_branch_day_of_week_operator.py took 0.200 seconds
