[2025-02-21T06:23:05.104+0000] {processor.py:161} INFO - Started process (PID=93) to work on /home/airflow/.local/lib/python3.8/site-packages/airflow/example_dags/example_branch_python_dop_operator_3.py
[2025-02-21T06:23:05.113+0000] {processor.py:830} INFO - Processing file /home/airflow/.local/lib/python3.8/site-packages/airflow/example_dags/example_branch_python_dop_operator_3.py for tasks to queue
[2025-02-21T06:23:05.130+0000] {logging_mixin.py:188} INFO - [2025-02-21T06:23:05.129+0000] {dagbag.py:538} INFO - Filling up the DagBag from /home/airflow/.local/lib/python3.8/site-packages/airflow/example_dags/example_branch_python_dop_operator_3.py
[2025-02-21T06:23:05.257+0000] {processor.py:840} INFO - DAG(s) 'example_branch_dop_operator_v3' retrieved from /home/airflow/.local/lib/python3.8/site-packages/airflow/example_dags/example_branch_python_dop_operator_3.py
[2025-02-21T06:23:05.899+0000] {logging_mixin.py:188} INFO - [2025-02-21T06:23:05.898+0000] {dag.py:3036} INFO - Sync 1 DAGs
[2025-02-21T06:23:05.980+0000] {logging_mixin.py:188} INFO - [2025-02-21T06:23:05.980+0000] {dag.py:3823} INFO - Setting next_dagrun for example_branch_dop_operator_v3 to 2025-02-21 06:22:00+00:00, run_after=2025-02-21 06:23:00+00:00
[2025-02-21T06:23:06.143+0000] {processor.py:183} INFO - Processing /home/airflow/.local/lib/python3.8/site-packages/airflow/example_dags/example_branch_python_dop_operator_3.py took 1.123 seconds
[2025-02-21T06:23:36.597+0000] {processor.py:161} INFO - Started process (PID=147) to work on /home/airflow/.local/lib/python3.8/site-packages/airflow/example_dags/example_branch_python_dop_operator_3.py
[2025-02-21T06:23:36.601+0000] {processor.py:830} INFO - Processing file /home/airflow/.local/lib/python3.8/site-packages/airflow/example_dags/example_branch_python_dop_operator_3.py for tasks to queue
[2025-02-21T06:23:36.608+0000] {logging_mixin.py:188} INFO - [2025-02-21T06:23:36.608+0000] {dagbag.py:538} INFO - Filling up the DagBag from /home/airflow/.local/lib/python3.8/site-packages/airflow/example_dags/example_branch_python_dop_operator_3.py
[2025-02-21T06:23:36.709+0000] {processor.py:840} INFO - DAG(s) 'example_branch_dop_operator_v3' retrieved from /home/airflow/.local/lib/python3.8/site-packages/airflow/example_dags/example_branch_python_dop_operator_3.py
[2025-02-21T06:23:36.829+0000] {logging_mixin.py:188} INFO - [2025-02-21T06:23:36.829+0000] {dag.py:3036} INFO - Sync 1 DAGs
[2025-02-21T06:23:36.909+0000] {logging_mixin.py:188} INFO - [2025-02-21T06:23:36.909+0000] {dag.py:3823} INFO - Setting next_dagrun for example_branch_dop_operator_v3 to 2025-02-21 06:22:00+00:00, run_after=2025-02-21 06:23:00+00:00
[2025-02-21T06:23:36.962+0000] {processor.py:183} INFO - Processing /home/airflow/.local/lib/python3.8/site-packages/airflow/example_dags/example_branch_python_dop_operator_3.py took 0.374 seconds
[2025-02-21T06:24:07.148+0000] {processor.py:161} INFO - Started process (PID=202) to work on /home/airflow/.local/lib/python3.8/site-packages/airflow/example_dags/example_branch_python_dop_operator_3.py
[2025-02-21T06:24:07.150+0000] {processor.py:830} INFO - Processing file /home/airflow/.local/lib/python3.8/site-packages/airflow/example_dags/example_branch_python_dop_operator_3.py for tasks to queue
[2025-02-21T06:24:07.154+0000] {logging_mixin.py:188} INFO - [2025-02-21T06:24:07.154+0000] {dagbag.py:538} INFO - Filling up the DagBag from /home/airflow/.local/lib/python3.8/site-packages/airflow/example_dags/example_branch_python_dop_operator_3.py
[2025-02-21T06:24:07.174+0000] {processor.py:840} INFO - DAG(s) 'example_branch_dop_operator_v3' retrieved from /home/airflow/.local/lib/python3.8/site-packages/airflow/example_dags/example_branch_python_dop_operator_3.py
[2025-02-21T06:24:07.230+0000] {logging_mixin.py:188} INFO - [2025-02-21T06:24:07.230+0000] {dag.py:3036} INFO - Sync 1 DAGs
[2025-02-21T06:24:07.311+0000] {logging_mixin.py:188} INFO - [2025-02-21T06:24:07.311+0000] {dag.py:3823} INFO - Setting next_dagrun for example_branch_dop_operator_v3 to 2025-02-21 06:23:00+00:00, run_after=2025-02-21 06:24:00+00:00
[2025-02-21T06:24:07.358+0000] {processor.py:183} INFO - Processing /home/airflow/.local/lib/python3.8/site-packages/airflow/example_dags/example_branch_python_dop_operator_3.py took 0.219 seconds
[2025-02-21T06:24:37.947+0000] {processor.py:161} INFO - Started process (PID=258) to work on /home/airflow/.local/lib/python3.8/site-packages/airflow/example_dags/example_branch_python_dop_operator_3.py
[2025-02-21T06:24:37.951+0000] {processor.py:830} INFO - Processing file /home/airflow/.local/lib/python3.8/site-packages/airflow/example_dags/example_branch_python_dop_operator_3.py for tasks to queue
[2025-02-21T06:24:37.958+0000] {logging_mixin.py:188} INFO - [2025-02-21T06:24:37.957+0000] {dagbag.py:538} INFO - Filling up the DagBag from /home/airflow/.local/lib/python3.8/site-packages/airflow/example_dags/example_branch_python_dop_operator_3.py
[2025-02-21T06:24:37.993+0000] {processor.py:840} INFO - DAG(s) 'example_branch_dop_operator_v3' retrieved from /home/airflow/.local/lib/python3.8/site-packages/airflow/example_dags/example_branch_python_dop_operator_3.py
[2025-02-21T06:24:38.068+0000] {logging_mixin.py:188} INFO - [2025-02-21T06:24:38.066+0000] {dag.py:3036} INFO - Sync 1 DAGs
[2025-02-21T06:24:38.181+0000] {logging_mixin.py:188} INFO - [2025-02-21T06:24:38.180+0000] {dag.py:3823} INFO - Setting next_dagrun for example_branch_dop_operator_v3 to 2025-02-21 06:23:00+00:00, run_after=2025-02-21 06:24:00+00:00
[2025-02-21T06:24:38.295+0000] {processor.py:183} INFO - Processing /home/airflow/.local/lib/python3.8/site-packages/airflow/example_dags/example_branch_python_dop_operator_3.py took 0.365 seconds
[2025-02-21T06:25:09.003+0000] {processor.py:161} INFO - Started process (PID=313) to work on /home/airflow/.local/lib/python3.8/site-packages/airflow/example_dags/example_branch_python_dop_operator_3.py
[2025-02-21T06:25:09.006+0000] {processor.py:830} INFO - Processing file /home/airflow/.local/lib/python3.8/site-packages/airflow/example_dags/example_branch_python_dop_operator_3.py for tasks to queue
[2025-02-21T06:25:09.011+0000] {logging_mixin.py:188} INFO - [2025-02-21T06:25:09.010+0000] {dagbag.py:538} INFO - Filling up the DagBag from /home/airflow/.local/lib/python3.8/site-packages/airflow/example_dags/example_branch_python_dop_operator_3.py
[2025-02-21T06:25:09.044+0000] {processor.py:840} INFO - DAG(s) 'example_branch_dop_operator_v3' retrieved from /home/airflow/.local/lib/python3.8/site-packages/airflow/example_dags/example_branch_python_dop_operator_3.py
[2025-02-21T06:25:09.108+0000] {logging_mixin.py:188} INFO - [2025-02-21T06:25:09.107+0000] {dag.py:3036} INFO - Sync 1 DAGs
[2025-02-21T06:25:09.183+0000] {logging_mixin.py:188} INFO - [2025-02-21T06:25:09.182+0000] {dag.py:3823} INFO - Setting next_dagrun for example_branch_dop_operator_v3 to 2025-02-21 06:24:00+00:00, run_after=2025-02-21 06:25:00+00:00
[2025-02-21T06:25:09.225+0000] {processor.py:183} INFO - Processing /home/airflow/.local/lib/python3.8/site-packages/airflow/example_dags/example_branch_python_dop_operator_3.py took 0.236 seconds
[2025-02-21T06:25:39.534+0000] {processor.py:161} INFO - Started process (PID=368) to work on /home/airflow/.local/lib/python3.8/site-packages/airflow/example_dags/example_branch_python_dop_operator_3.py
[2025-02-21T06:25:39.537+0000] {processor.py:830} INFO - Processing file /home/airflow/.local/lib/python3.8/site-packages/airflow/example_dags/example_branch_python_dop_operator_3.py for tasks to queue
[2025-02-21T06:25:39.543+0000] {logging_mixin.py:188} INFO - [2025-02-21T06:25:39.542+0000] {dagbag.py:538} INFO - Filling up the DagBag from /home/airflow/.local/lib/python3.8/site-packages/airflow/example_dags/example_branch_python_dop_operator_3.py
[2025-02-21T06:25:39.563+0000] {processor.py:840} INFO - DAG(s) 'example_branch_dop_operator_v3' retrieved from /home/airflow/.local/lib/python3.8/site-packages/airflow/example_dags/example_branch_python_dop_operator_3.py
[2025-02-21T06:25:39.637+0000] {logging_mixin.py:188} INFO - [2025-02-21T06:25:39.636+0000] {dag.py:3036} INFO - Sync 1 DAGs
[2025-02-21T06:25:39.721+0000] {logging_mixin.py:188} INFO - [2025-02-21T06:25:39.720+0000] {dag.py:3823} INFO - Setting next_dagrun for example_branch_dop_operator_v3 to 2025-02-21 06:24:00+00:00, run_after=2025-02-21 06:25:00+00:00
[2025-02-21T06:25:39.796+0000] {processor.py:183} INFO - Processing /home/airflow/.local/lib/python3.8/site-packages/airflow/example_dags/example_branch_python_dop_operator_3.py took 0.270 seconds
[2025-02-21T06:26:10.254+0000] {processor.py:161} INFO - Started process (PID=423) to work on /home/airflow/.local/lib/python3.8/site-packages/airflow/example_dags/example_branch_python_dop_operator_3.py
[2025-02-21T06:26:10.257+0000] {processor.py:830} INFO - Processing file /home/airflow/.local/lib/python3.8/site-packages/airflow/example_dags/example_branch_python_dop_operator_3.py for tasks to queue
[2025-02-21T06:26:10.268+0000] {logging_mixin.py:188} INFO - [2025-02-21T06:26:10.267+0000] {dagbag.py:538} INFO - Filling up the DagBag from /home/airflow/.local/lib/python3.8/site-packages/airflow/example_dags/example_branch_python_dop_operator_3.py
[2025-02-21T06:26:10.292+0000] {processor.py:840} INFO - DAG(s) 'example_branch_dop_operator_v3' retrieved from /home/airflow/.local/lib/python3.8/site-packages/airflow/example_dags/example_branch_python_dop_operator_3.py
[2025-02-21T06:26:10.352+0000] {logging_mixin.py:188} INFO - [2025-02-21T06:26:10.350+0000] {dag.py:3036} INFO - Sync 1 DAGs
[2025-02-21T06:26:10.434+0000] {logging_mixin.py:188} INFO - [2025-02-21T06:26:10.433+0000] {dag.py:3823} INFO - Setting next_dagrun for example_branch_dop_operator_v3 to 2025-02-21 06:25:00+00:00, run_after=2025-02-21 06:26:00+00:00
[2025-02-21T06:26:10.496+0000] {processor.py:183} INFO - Processing /home/airflow/.local/lib/python3.8/site-packages/airflow/example_dags/example_branch_python_dop_operator_3.py took 0.252 seconds
[2025-02-21T06:26:40.982+0000] {processor.py:161} INFO - Started process (PID=479) to work on /home/airflow/.local/lib/python3.8/site-packages/airflow/example_dags/example_branch_python_dop_operator_3.py
[2025-02-21T06:26:40.984+0000] {processor.py:830} INFO - Processing file /home/airflow/.local/lib/python3.8/site-packages/airflow/example_dags/example_branch_python_dop_operator_3.py for tasks to queue
[2025-02-21T06:26:40.996+0000] {logging_mixin.py:188} INFO - [2025-02-21T06:26:40.995+0000] {dagbag.py:538} INFO - Filling up the DagBag from /home/airflow/.local/lib/python3.8/site-packages/airflow/example_dags/example_branch_python_dop_operator_3.py
[2025-02-21T06:26:41.026+0000] {processor.py:840} INFO - DAG(s) 'example_branch_dop_operator_v3' retrieved from /home/airflow/.local/lib/python3.8/site-packages/airflow/example_dags/example_branch_python_dop_operator_3.py
[2025-02-21T06:26:41.097+0000] {logging_mixin.py:188} INFO - [2025-02-21T06:26:41.097+0000] {dag.py:3036} INFO - Sync 1 DAGs
[2025-02-21T06:26:41.163+0000] {logging_mixin.py:188} INFO - [2025-02-21T06:26:41.163+0000] {dag.py:3823} INFO - Setting next_dagrun for example_branch_dop_operator_v3 to 2025-02-21 06:25:00+00:00, run_after=2025-02-21 06:26:00+00:00
[2025-02-21T06:26:41.209+0000] {processor.py:183} INFO - Processing /home/airflow/.local/lib/python3.8/site-packages/airflow/example_dags/example_branch_python_dop_operator_3.py took 0.237 seconds
[2025-02-21T06:27:11.404+0000] {processor.py:161} INFO - Started process (PID=533) to work on /home/airflow/.local/lib/python3.8/site-packages/airflow/example_dags/example_branch_python_dop_operator_3.py
[2025-02-21T06:27:11.408+0000] {processor.py:830} INFO - Processing file /home/airflow/.local/lib/python3.8/site-packages/airflow/example_dags/example_branch_python_dop_operator_3.py for tasks to queue
[2025-02-21T06:27:11.414+0000] {logging_mixin.py:188} INFO - [2025-02-21T06:27:11.413+0000] {dagbag.py:538} INFO - Filling up the DagBag from /home/airflow/.local/lib/python3.8/site-packages/airflow/example_dags/example_branch_python_dop_operator_3.py
[2025-02-21T06:27:11.458+0000] {processor.py:840} INFO - DAG(s) 'example_branch_dop_operator_v3' retrieved from /home/airflow/.local/lib/python3.8/site-packages/airflow/example_dags/example_branch_python_dop_operator_3.py
[2025-02-21T06:27:11.533+0000] {logging_mixin.py:188} INFO - [2025-02-21T06:27:11.532+0000] {dag.py:3036} INFO - Sync 1 DAGs
[2025-02-21T06:27:11.605+0000] {logging_mixin.py:188} INFO - [2025-02-21T06:27:11.605+0000] {dag.py:3823} INFO - Setting next_dagrun for example_branch_dop_operator_v3 to 2025-02-21 06:26:00+00:00, run_after=2025-02-21 06:27:00+00:00
[2025-02-21T06:27:11.665+0000] {processor.py:183} INFO - Processing /home/airflow/.local/lib/python3.8/site-packages/airflow/example_dags/example_branch_python_dop_operator_3.py took 0.276 seconds
[2025-02-21T06:27:42.630+0000] {processor.py:161} INFO - Started process (PID=588) to work on /home/airflow/.local/lib/python3.8/site-packages/airflow/example_dags/example_branch_python_dop_operator_3.py
[2025-02-21T06:27:42.633+0000] {processor.py:830} INFO - Processing file /home/airflow/.local/lib/python3.8/site-packages/airflow/example_dags/example_branch_python_dop_operator_3.py for tasks to queue
[2025-02-21T06:27:42.639+0000] {logging_mixin.py:188} INFO - [2025-02-21T06:27:42.638+0000] {dagbag.py:538} INFO - Filling up the DagBag from /home/airflow/.local/lib/python3.8/site-packages/airflow/example_dags/example_branch_python_dop_operator_3.py
[2025-02-21T06:27:42.672+0000] {processor.py:840} INFO - DAG(s) 'example_branch_dop_operator_v3' retrieved from /home/airflow/.local/lib/python3.8/site-packages/airflow/example_dags/example_branch_python_dop_operator_3.py
[2025-02-21T06:27:42.730+0000] {logging_mixin.py:188} INFO - [2025-02-21T06:27:42.730+0000] {dag.py:3036} INFO - Sync 1 DAGs
[2025-02-21T06:27:42.855+0000] {logging_mixin.py:188} INFO - [2025-02-21T06:27:42.855+0000] {dag.py:3823} INFO - Setting next_dagrun for example_branch_dop_operator_v3 to 2025-02-21 06:26:00+00:00, run_after=2025-02-21 06:27:00+00:00
[2025-02-21T06:27:42.938+0000] {processor.py:183} INFO - Processing /home/airflow/.local/lib/python3.8/site-packages/airflow/example_dags/example_branch_python_dop_operator_3.py took 0.323 seconds
[2025-02-21T06:28:13.251+0000] {processor.py:161} INFO - Started process (PID=643) to work on /home/airflow/.local/lib/python3.8/site-packages/airflow/example_dags/example_branch_python_dop_operator_3.py
[2025-02-21T06:28:13.255+0000] {processor.py:830} INFO - Processing file /home/airflow/.local/lib/python3.8/site-packages/airflow/example_dags/example_branch_python_dop_operator_3.py for tasks to queue
[2025-02-21T06:28:13.261+0000] {logging_mixin.py:188} INFO - [2025-02-21T06:28:13.261+0000] {dagbag.py:538} INFO - Filling up the DagBag from /home/airflow/.local/lib/python3.8/site-packages/airflow/example_dags/example_branch_python_dop_operator_3.py
[2025-02-21T06:28:13.284+0000] {processor.py:840} INFO - DAG(s) 'example_branch_dop_operator_v3' retrieved from /home/airflow/.local/lib/python3.8/site-packages/airflow/example_dags/example_branch_python_dop_operator_3.py
[2025-02-21T06:28:13.342+0000] {logging_mixin.py:188} INFO - [2025-02-21T06:28:13.342+0000] {dag.py:3036} INFO - Sync 1 DAGs
[2025-02-21T06:28:13.423+0000] {logging_mixin.py:188} INFO - [2025-02-21T06:28:13.422+0000] {dag.py:3823} INFO - Setting next_dagrun for example_branch_dop_operator_v3 to 2025-02-21 06:27:00+00:00, run_after=2025-02-21 06:28:00+00:00
[2025-02-21T06:28:13.493+0000] {processor.py:183} INFO - Processing /home/airflow/.local/lib/python3.8/site-packages/airflow/example_dags/example_branch_python_dop_operator_3.py took 0.260 seconds
[2025-02-21T06:28:43.692+0000] {processor.py:161} INFO - Started process (PID=696) to work on /home/airflow/.local/lib/python3.8/site-packages/airflow/example_dags/example_branch_python_dop_operator_3.py
[2025-02-21T06:28:43.695+0000] {processor.py:830} INFO - Processing file /home/airflow/.local/lib/python3.8/site-packages/airflow/example_dags/example_branch_python_dop_operator_3.py for tasks to queue
[2025-02-21T06:28:43.702+0000] {logging_mixin.py:188} INFO - [2025-02-21T06:28:43.701+0000] {dagbag.py:538} INFO - Filling up the DagBag from /home/airflow/.local/lib/python3.8/site-packages/airflow/example_dags/example_branch_python_dop_operator_3.py
[2025-02-21T06:28:43.736+0000] {processor.py:840} INFO - DAG(s) 'example_branch_dop_operator_v3' retrieved from /home/airflow/.local/lib/python3.8/site-packages/airflow/example_dags/example_branch_python_dop_operator_3.py
[2025-02-21T06:28:43.804+0000] {logging_mixin.py:188} INFO - [2025-02-21T06:28:43.804+0000] {dag.py:3036} INFO - Sync 1 DAGs
[2025-02-21T06:28:43.904+0000] {logging_mixin.py:188} INFO - [2025-02-21T06:28:43.903+0000] {dag.py:3823} INFO - Setting next_dagrun for example_branch_dop_operator_v3 to 2025-02-21 06:27:00+00:00, run_after=2025-02-21 06:28:00+00:00
[2025-02-21T06:28:43.983+0000] {processor.py:183} INFO - Processing /home/airflow/.local/lib/python3.8/site-packages/airflow/example_dags/example_branch_python_dop_operator_3.py took 0.298 seconds
[2025-02-21T06:29:14.317+0000] {processor.py:161} INFO - Started process (PID=752) to work on /home/airflow/.local/lib/python3.8/site-packages/airflow/example_dags/example_branch_python_dop_operator_3.py
[2025-02-21T06:29:14.320+0000] {processor.py:830} INFO - Processing file /home/airflow/.local/lib/python3.8/site-packages/airflow/example_dags/example_branch_python_dop_operator_3.py for tasks to queue
[2025-02-21T06:29:14.329+0000] {logging_mixin.py:188} INFO - [2025-02-21T06:29:14.329+0000] {dagbag.py:538} INFO - Filling up the DagBag from /home/airflow/.local/lib/python3.8/site-packages/airflow/example_dags/example_branch_python_dop_operator_3.py
[2025-02-21T06:29:14.358+0000] {processor.py:840} INFO - DAG(s) 'example_branch_dop_operator_v3' retrieved from /home/airflow/.local/lib/python3.8/site-packages/airflow/example_dags/example_branch_python_dop_operator_3.py
[2025-02-21T06:29:14.416+0000] {logging_mixin.py:188} INFO - [2025-02-21T06:29:14.416+0000] {dag.py:3036} INFO - Sync 1 DAGs
[2025-02-21T06:29:14.500+0000] {logging_mixin.py:188} INFO - [2025-02-21T06:29:14.499+0000] {dag.py:3823} INFO - Setting next_dagrun for example_branch_dop_operator_v3 to 2025-02-21 06:28:00+00:00, run_after=2025-02-21 06:29:00+00:00
[2025-02-21T06:29:14.563+0000] {processor.py:183} INFO - Processing /home/airflow/.local/lib/python3.8/site-packages/airflow/example_dags/example_branch_python_dop_operator_3.py took 0.255 seconds
[2025-02-21T06:29:45.320+0000] {processor.py:161} INFO - Started process (PID=807) to work on /home/airflow/.local/lib/python3.8/site-packages/airflow/example_dags/example_branch_python_dop_operator_3.py
[2025-02-21T06:29:45.324+0000] {processor.py:830} INFO - Processing file /home/airflow/.local/lib/python3.8/site-packages/airflow/example_dags/example_branch_python_dop_operator_3.py for tasks to queue
[2025-02-21T06:29:45.334+0000] {logging_mixin.py:188} INFO - [2025-02-21T06:29:45.332+0000] {dagbag.py:538} INFO - Filling up the DagBag from /home/airflow/.local/lib/python3.8/site-packages/airflow/example_dags/example_branch_python_dop_operator_3.py
[2025-02-21T06:29:45.381+0000] {processor.py:840} INFO - DAG(s) 'example_branch_dop_operator_v3' retrieved from /home/airflow/.local/lib/python3.8/site-packages/airflow/example_dags/example_branch_python_dop_operator_3.py
[2025-02-21T06:29:45.484+0000] {logging_mixin.py:188} INFO - [2025-02-21T06:29:45.483+0000] {dag.py:3036} INFO - Sync 1 DAGs
[2025-02-21T06:29:45.588+0000] {logging_mixin.py:188} INFO - [2025-02-21T06:29:45.587+0000] {dag.py:3823} INFO - Setting next_dagrun for example_branch_dop_operator_v3 to 2025-02-21 06:28:00+00:00, run_after=2025-02-21 06:29:00+00:00
[2025-02-21T06:29:45.660+0000] {processor.py:183} INFO - Processing /home/airflow/.local/lib/python3.8/site-packages/airflow/example_dags/example_branch_python_dop_operator_3.py took 0.348 seconds
[2025-02-21T06:30:16.143+0000] {processor.py:161} INFO - Started process (PID=862) to work on /home/airflow/.local/lib/python3.8/site-packages/airflow/example_dags/example_branch_python_dop_operator_3.py
[2025-02-21T06:30:16.146+0000] {processor.py:830} INFO - Processing file /home/airflow/.local/lib/python3.8/site-packages/airflow/example_dags/example_branch_python_dop_operator_3.py for tasks to queue
[2025-02-21T06:30:16.152+0000] {logging_mixin.py:188} INFO - [2025-02-21T06:30:16.151+0000] {dagbag.py:538} INFO - Filling up the DagBag from /home/airflow/.local/lib/python3.8/site-packages/airflow/example_dags/example_branch_python_dop_operator_3.py
[2025-02-21T06:30:16.176+0000] {processor.py:840} INFO - DAG(s) 'example_branch_dop_operator_v3' retrieved from /home/airflow/.local/lib/python3.8/site-packages/airflow/example_dags/example_branch_python_dop_operator_3.py
[2025-02-21T06:30:16.233+0000] {logging_mixin.py:188} INFO - [2025-02-21T06:30:16.232+0000] {dag.py:3036} INFO - Sync 1 DAGs
[2025-02-21T06:30:16.311+0000] {logging_mixin.py:188} INFO - [2025-02-21T06:30:16.310+0000] {dag.py:3823} INFO - Setting next_dagrun for example_branch_dop_operator_v3 to 2025-02-21 06:29:00+00:00, run_after=2025-02-21 06:30:00+00:00
[2025-02-21T06:30:16.359+0000] {processor.py:183} INFO - Processing /home/airflow/.local/lib/python3.8/site-packages/airflow/example_dags/example_branch_python_dop_operator_3.py took 0.224 seconds
[2025-02-21T06:30:47.094+0000] {processor.py:161} INFO - Started process (PID=918) to work on /home/airflow/.local/lib/python3.8/site-packages/airflow/example_dags/example_branch_python_dop_operator_3.py
[2025-02-21T06:30:47.096+0000] {processor.py:830} INFO - Processing file /home/airflow/.local/lib/python3.8/site-packages/airflow/example_dags/example_branch_python_dop_operator_3.py for tasks to queue
[2025-02-21T06:30:47.101+0000] {logging_mixin.py:188} INFO - [2025-02-21T06:30:47.100+0000] {dagbag.py:538} INFO - Filling up the DagBag from /home/airflow/.local/lib/python3.8/site-packages/airflow/example_dags/example_branch_python_dop_operator_3.py
[2025-02-21T06:30:47.128+0000] {processor.py:840} INFO - DAG(s) 'example_branch_dop_operator_v3' retrieved from /home/airflow/.local/lib/python3.8/site-packages/airflow/example_dags/example_branch_python_dop_operator_3.py
[2025-02-21T06:30:47.206+0000] {logging_mixin.py:188} INFO - [2025-02-21T06:30:47.205+0000] {dag.py:3036} INFO - Sync 1 DAGs
[2025-02-21T06:30:47.300+0000] {logging_mixin.py:188} INFO - [2025-02-21T06:30:47.299+0000] {dag.py:3823} INFO - Setting next_dagrun for example_branch_dop_operator_v3 to 2025-02-21 06:29:00+00:00, run_after=2025-02-21 06:30:00+00:00
[2025-02-21T06:30:47.362+0000] {processor.py:183} INFO - Processing /home/airflow/.local/lib/python3.8/site-packages/airflow/example_dags/example_branch_python_dop_operator_3.py took 0.285 seconds
[2025-02-21T06:31:18.116+0000] {processor.py:161} INFO - Started process (PID=973) to work on /home/airflow/.local/lib/python3.8/site-packages/airflow/example_dags/example_branch_python_dop_operator_3.py
[2025-02-21T06:31:18.119+0000] {processor.py:830} INFO - Processing file /home/airflow/.local/lib/python3.8/site-packages/airflow/example_dags/example_branch_python_dop_operator_3.py for tasks to queue
[2025-02-21T06:31:18.125+0000] {logging_mixin.py:188} INFO - [2025-02-21T06:31:18.124+0000] {dagbag.py:538} INFO - Filling up the DagBag from /home/airflow/.local/lib/python3.8/site-packages/airflow/example_dags/example_branch_python_dop_operator_3.py
[2025-02-21T06:31:18.149+0000] {processor.py:840} INFO - DAG(s) 'example_branch_dop_operator_v3' retrieved from /home/airflow/.local/lib/python3.8/site-packages/airflow/example_dags/example_branch_python_dop_operator_3.py
[2025-02-21T06:31:18.199+0000] {logging_mixin.py:188} INFO - [2025-02-21T06:31:18.198+0000] {dag.py:3036} INFO - Sync 1 DAGs
[2025-02-21T06:31:18.278+0000] {logging_mixin.py:188} INFO - [2025-02-21T06:31:18.277+0000] {dag.py:3823} INFO - Setting next_dagrun for example_branch_dop_operator_v3 to 2025-02-21 06:30:00+00:00, run_after=2025-02-21 06:31:00+00:00
[2025-02-21T06:31:18.334+0000] {processor.py:183} INFO - Processing /home/airflow/.local/lib/python3.8/site-packages/airflow/example_dags/example_branch_python_dop_operator_3.py took 0.227 seconds
[2025-02-21T06:31:48.723+0000] {processor.py:161} INFO - Started process (PID=1026) to work on /home/airflow/.local/lib/python3.8/site-packages/airflow/example_dags/example_branch_python_dop_operator_3.py
[2025-02-21T06:31:48.726+0000] {processor.py:830} INFO - Processing file /home/airflow/.local/lib/python3.8/site-packages/airflow/example_dags/example_branch_python_dop_operator_3.py for tasks to queue
[2025-02-21T06:31:48.733+0000] {logging_mixin.py:188} INFO - [2025-02-21T06:31:48.731+0000] {dagbag.py:538} INFO - Filling up the DagBag from /home/airflow/.local/lib/python3.8/site-packages/airflow/example_dags/example_branch_python_dop_operator_3.py
[2025-02-21T06:31:48.758+0000] {processor.py:840} INFO - DAG(s) 'example_branch_dop_operator_v3' retrieved from /home/airflow/.local/lib/python3.8/site-packages/airflow/example_dags/example_branch_python_dop_operator_3.py
[2025-02-21T06:31:48.852+0000] {logging_mixin.py:188} INFO - [2025-02-21T06:31:48.851+0000] {dag.py:3036} INFO - Sync 1 DAGs
[2025-02-21T06:31:48.936+0000] {logging_mixin.py:188} INFO - [2025-02-21T06:31:48.935+0000] {dag.py:3823} INFO - Setting next_dagrun for example_branch_dop_operator_v3 to 2025-02-21 06:30:00+00:00, run_after=2025-02-21 06:31:00+00:00
[2025-02-21T06:31:48.984+0000] {processor.py:183} INFO - Processing /home/airflow/.local/lib/python3.8/site-packages/airflow/example_dags/example_branch_python_dop_operator_3.py took 0.267 seconds
[2025-02-21T06:32:19.156+0000] {processor.py:161} INFO - Started process (PID=1081) to work on /home/airflow/.local/lib/python3.8/site-packages/airflow/example_dags/example_branch_python_dop_operator_3.py
[2025-02-21T06:32:19.159+0000] {processor.py:830} INFO - Processing file /home/airflow/.local/lib/python3.8/site-packages/airflow/example_dags/example_branch_python_dop_operator_3.py for tasks to queue
[2025-02-21T06:32:19.168+0000] {logging_mixin.py:188} INFO - [2025-02-21T06:32:19.167+0000] {dagbag.py:538} INFO - Filling up the DagBag from /home/airflow/.local/lib/python3.8/site-packages/airflow/example_dags/example_branch_python_dop_operator_3.py
[2025-02-21T06:32:19.185+0000] {processor.py:840} INFO - DAG(s) 'example_branch_dop_operator_v3' retrieved from /home/airflow/.local/lib/python3.8/site-packages/airflow/example_dags/example_branch_python_dop_operator_3.py
[2025-02-21T06:32:19.261+0000] {logging_mixin.py:188} INFO - [2025-02-21T06:32:19.260+0000] {dag.py:3036} INFO - Sync 1 DAGs
[2025-02-21T06:32:19.345+0000] {logging_mixin.py:188} INFO - [2025-02-21T06:32:19.344+0000] {dag.py:3823} INFO - Setting next_dagrun for example_branch_dop_operator_v3 to 2025-02-21 06:31:00+00:00, run_after=2025-02-21 06:32:00+00:00
[2025-02-21T06:32:19.415+0000] {processor.py:183} INFO - Processing /home/airflow/.local/lib/python3.8/site-packages/airflow/example_dags/example_branch_python_dop_operator_3.py took 0.265 seconds
[2025-02-21T06:32:49.802+0000] {processor.py:161} INFO - Started process (PID=1136) to work on /home/airflow/.local/lib/python3.8/site-packages/airflow/example_dags/example_branch_python_dop_operator_3.py
[2025-02-21T06:32:49.805+0000] {processor.py:830} INFO - Processing file /home/airflow/.local/lib/python3.8/site-packages/airflow/example_dags/example_branch_python_dop_operator_3.py for tasks to queue
[2025-02-21T06:32:49.811+0000] {logging_mixin.py:188} INFO - [2025-02-21T06:32:49.810+0000] {dagbag.py:538} INFO - Filling up the DagBag from /home/airflow/.local/lib/python3.8/site-packages/airflow/example_dags/example_branch_python_dop_operator_3.py
[2025-02-21T06:32:49.839+0000] {processor.py:840} INFO - DAG(s) 'example_branch_dop_operator_v3' retrieved from /home/airflow/.local/lib/python3.8/site-packages/airflow/example_dags/example_branch_python_dop_operator_3.py
[2025-02-21T06:32:49.925+0000] {logging_mixin.py:188} INFO - [2025-02-21T06:32:49.925+0000] {dag.py:3036} INFO - Sync 1 DAGs
[2025-02-21T06:32:49.995+0000] {logging_mixin.py:188} INFO - [2025-02-21T06:32:49.995+0000] {dag.py:3823} INFO - Setting next_dagrun for example_branch_dop_operator_v3 to 2025-02-21 06:31:00+00:00, run_after=2025-02-21 06:32:00+00:00
[2025-02-21T06:32:50.055+0000] {processor.py:183} INFO - Processing /home/airflow/.local/lib/python3.8/site-packages/airflow/example_dags/example_branch_python_dop_operator_3.py took 0.266 seconds
[2025-02-21T06:33:20.531+0000] {processor.py:161} INFO - Started process (PID=1191) to work on /home/airflow/.local/lib/python3.8/site-packages/airflow/example_dags/example_branch_python_dop_operator_3.py
[2025-02-21T06:33:20.536+0000] {processor.py:830} INFO - Processing file /home/airflow/.local/lib/python3.8/site-packages/airflow/example_dags/example_branch_python_dop_operator_3.py for tasks to queue
[2025-02-21T06:33:20.542+0000] {logging_mixin.py:188} INFO - [2025-02-21T06:33:20.542+0000] {dagbag.py:538} INFO - Filling up the DagBag from /home/airflow/.local/lib/python3.8/site-packages/airflow/example_dags/example_branch_python_dop_operator_3.py
[2025-02-21T06:33:20.579+0000] {processor.py:840} INFO - DAG(s) 'example_branch_dop_operator_v3' retrieved from /home/airflow/.local/lib/python3.8/site-packages/airflow/example_dags/example_branch_python_dop_operator_3.py
[2025-02-21T06:33:20.669+0000] {logging_mixin.py:188} INFO - [2025-02-21T06:33:20.667+0000] {dag.py:3036} INFO - Sync 1 DAGs
[2025-02-21T06:33:20.777+0000] {logging_mixin.py:188} INFO - [2025-02-21T06:33:20.777+0000] {dag.py:3823} INFO - Setting next_dagrun for example_branch_dop_operator_v3 to 2025-02-21 06:32:00+00:00, run_after=2025-02-21 06:33:00+00:00
[2025-02-21T06:33:20.917+0000] {processor.py:183} INFO - Processing /home/airflow/.local/lib/python3.8/site-packages/airflow/example_dags/example_branch_python_dop_operator_3.py took 0.406 seconds
[2025-02-21T06:33:51.310+0000] {processor.py:161} INFO - Started process (PID=1246) to work on /home/airflow/.local/lib/python3.8/site-packages/airflow/example_dags/example_branch_python_dop_operator_3.py
[2025-02-21T06:33:51.314+0000] {processor.py:830} INFO - Processing file /home/airflow/.local/lib/python3.8/site-packages/airflow/example_dags/example_branch_python_dop_operator_3.py for tasks to queue
[2025-02-21T06:33:51.321+0000] {logging_mixin.py:188} INFO - [2025-02-21T06:33:51.320+0000] {dagbag.py:538} INFO - Filling up the DagBag from /home/airflow/.local/lib/python3.8/site-packages/airflow/example_dags/example_branch_python_dop_operator_3.py
[2025-02-21T06:33:51.365+0000] {processor.py:840} INFO - DAG(s) 'example_branch_dop_operator_v3' retrieved from /home/airflow/.local/lib/python3.8/site-packages/airflow/example_dags/example_branch_python_dop_operator_3.py
[2025-02-21T06:33:51.442+0000] {logging_mixin.py:188} INFO - [2025-02-21T06:33:51.442+0000] {dag.py:3036} INFO - Sync 1 DAGs
[2025-02-21T06:33:51.556+0000] {logging_mixin.py:188} INFO - [2025-02-21T06:33:51.555+0000] {dag.py:3823} INFO - Setting next_dagrun for example_branch_dop_operator_v3 to 2025-02-21 06:32:00+00:00, run_after=2025-02-21 06:33:00+00:00
[2025-02-21T06:33:51.594+0000] {processor.py:183} INFO - Processing /home/airflow/.local/lib/python3.8/site-packages/airflow/example_dags/example_branch_python_dop_operator_3.py took 0.296 seconds
[2025-02-21T06:34:21.883+0000] {processor.py:161} INFO - Started process (PID=1301) to work on /home/airflow/.local/lib/python3.8/site-packages/airflow/example_dags/example_branch_python_dop_operator_3.py
[2025-02-21T06:34:21.885+0000] {processor.py:830} INFO - Processing file /home/airflow/.local/lib/python3.8/site-packages/airflow/example_dags/example_branch_python_dop_operator_3.py for tasks to queue
[2025-02-21T06:34:21.890+0000] {logging_mixin.py:188} INFO - [2025-02-21T06:34:21.889+0000] {dagbag.py:538} INFO - Filling up the DagBag from /home/airflow/.local/lib/python3.8/site-packages/airflow/example_dags/example_branch_python_dop_operator_3.py
[2025-02-21T06:34:21.916+0000] {processor.py:840} INFO - DAG(s) 'example_branch_dop_operator_v3' retrieved from /home/airflow/.local/lib/python3.8/site-packages/airflow/example_dags/example_branch_python_dop_operator_3.py
[2025-02-21T06:34:21.975+0000] {logging_mixin.py:188} INFO - [2025-02-21T06:34:21.974+0000] {dag.py:3036} INFO - Sync 1 DAGs
[2025-02-21T06:34:22.146+0000] {logging_mixin.py:188} INFO - [2025-02-21T06:34:22.146+0000] {dag.py:3823} INFO - Setting next_dagrun for example_branch_dop_operator_v3 to 2025-02-21 06:33:00+00:00, run_after=2025-02-21 06:34:00+00:00
[2025-02-21T06:34:22.191+0000] {processor.py:183} INFO - Processing /home/airflow/.local/lib/python3.8/site-packages/airflow/example_dags/example_branch_python_dop_operator_3.py took 0.315 seconds
[2025-02-21T06:34:52.577+0000] {processor.py:161} INFO - Started process (PID=1356) to work on /home/airflow/.local/lib/python3.8/site-packages/airflow/example_dags/example_branch_python_dop_operator_3.py
[2025-02-21T06:34:52.583+0000] {processor.py:830} INFO - Processing file /home/airflow/.local/lib/python3.8/site-packages/airflow/example_dags/example_branch_python_dop_operator_3.py for tasks to queue
[2025-02-21T06:34:52.588+0000] {logging_mixin.py:188} INFO - [2025-02-21T06:34:52.588+0000] {dagbag.py:538} INFO - Filling up the DagBag from /home/airflow/.local/lib/python3.8/site-packages/airflow/example_dags/example_branch_python_dop_operator_3.py
[2025-02-21T06:34:52.610+0000] {processor.py:840} INFO - DAG(s) 'example_branch_dop_operator_v3' retrieved from /home/airflow/.local/lib/python3.8/site-packages/airflow/example_dags/example_branch_python_dop_operator_3.py
[2025-02-21T06:34:52.675+0000] {logging_mixin.py:188} INFO - [2025-02-21T06:34:52.674+0000] {dag.py:3036} INFO - Sync 1 DAGs
[2025-02-21T06:34:52.759+0000] {logging_mixin.py:188} INFO - [2025-02-21T06:34:52.758+0000] {dag.py:3823} INFO - Setting next_dagrun for example_branch_dop_operator_v3 to 2025-02-21 06:33:00+00:00, run_after=2025-02-21 06:34:00+00:00
[2025-02-21T06:34:52.888+0000] {processor.py:183} INFO - Processing /home/airflow/.local/lib/python3.8/site-packages/airflow/example_dags/example_branch_python_dop_operator_3.py took 0.323 seconds
[2025-02-21T06:35:23.312+0000] {processor.py:161} INFO - Started process (PID=1412) to work on /home/airflow/.local/lib/python3.8/site-packages/airflow/example_dags/example_branch_python_dop_operator_3.py
[2025-02-21T06:35:23.315+0000] {processor.py:830} INFO - Processing file /home/airflow/.local/lib/python3.8/site-packages/airflow/example_dags/example_branch_python_dop_operator_3.py for tasks to queue
[2025-02-21T06:35:23.322+0000] {logging_mixin.py:188} INFO - [2025-02-21T06:35:23.321+0000] {dagbag.py:538} INFO - Filling up the DagBag from /home/airflow/.local/lib/python3.8/site-packages/airflow/example_dags/example_branch_python_dop_operator_3.py
[2025-02-21T06:35:23.357+0000] {processor.py:840} INFO - DAG(s) 'example_branch_dop_operator_v3' retrieved from /home/airflow/.local/lib/python3.8/site-packages/airflow/example_dags/example_branch_python_dop_operator_3.py
[2025-02-21T06:35:23.426+0000] {logging_mixin.py:188} INFO - [2025-02-21T06:35:23.425+0000] {dag.py:3036} INFO - Sync 1 DAGs
[2025-02-21T06:35:23.512+0000] {logging_mixin.py:188} INFO - [2025-02-21T06:35:23.511+0000] {dag.py:3823} INFO - Setting next_dagrun for example_branch_dop_operator_v3 to 2025-02-21 06:34:00+00:00, run_after=2025-02-21 06:35:00+00:00
[2025-02-21T06:35:23.637+0000] {processor.py:183} INFO - Processing /home/airflow/.local/lib/python3.8/site-packages/airflow/example_dags/example_branch_python_dop_operator_3.py took 0.333 seconds
[2025-02-21T06:35:54.029+0000] {processor.py:161} INFO - Started process (PID=1467) to work on /home/airflow/.local/lib/python3.8/site-packages/airflow/example_dags/example_branch_python_dop_operator_3.py
[2025-02-21T06:35:54.032+0000] {processor.py:830} INFO - Processing file /home/airflow/.local/lib/python3.8/site-packages/airflow/example_dags/example_branch_python_dop_operator_3.py for tasks to queue
[2025-02-21T06:35:54.035+0000] {logging_mixin.py:188} INFO - [2025-02-21T06:35:54.035+0000] {dagbag.py:538} INFO - Filling up the DagBag from /home/airflow/.local/lib/python3.8/site-packages/airflow/example_dags/example_branch_python_dop_operator_3.py
[2025-02-21T06:35:54.064+0000] {processor.py:840} INFO - DAG(s) 'example_branch_dop_operator_v3' retrieved from /home/airflow/.local/lib/python3.8/site-packages/airflow/example_dags/example_branch_python_dop_operator_3.py
[2025-02-21T06:35:54.123+0000] {logging_mixin.py:188} INFO - [2025-02-21T06:35:54.122+0000] {dag.py:3036} INFO - Sync 1 DAGs
[2025-02-21T06:35:54.181+0000] {logging_mixin.py:188} INFO - [2025-02-21T06:35:54.181+0000] {dag.py:3823} INFO - Setting next_dagrun for example_branch_dop_operator_v3 to 2025-02-21 06:34:00+00:00, run_after=2025-02-21 06:35:00+00:00
[2025-02-21T06:35:54.224+0000] {processor.py:183} INFO - Processing /home/airflow/.local/lib/python3.8/site-packages/airflow/example_dags/example_branch_python_dop_operator_3.py took 0.202 seconds
[2025-02-21T06:36:25.171+0000] {processor.py:161} INFO - Started process (PID=1522) to work on /home/airflow/.local/lib/python3.8/site-packages/airflow/example_dags/example_branch_python_dop_operator_3.py
[2025-02-21T06:36:25.176+0000] {processor.py:830} INFO - Processing file /home/airflow/.local/lib/python3.8/site-packages/airflow/example_dags/example_branch_python_dop_operator_3.py for tasks to queue
[2025-02-21T06:36:25.191+0000] {logging_mixin.py:188} INFO - [2025-02-21T06:36:25.190+0000] {dagbag.py:538} INFO - Filling up the DagBag from /home/airflow/.local/lib/python3.8/site-packages/airflow/example_dags/example_branch_python_dop_operator_3.py
[2025-02-21T06:36:25.235+0000] {processor.py:840} INFO - DAG(s) 'example_branch_dop_operator_v3' retrieved from /home/airflow/.local/lib/python3.8/site-packages/airflow/example_dags/example_branch_python_dop_operator_3.py
[2025-02-21T06:36:25.307+0000] {logging_mixin.py:188} INFO - [2025-02-21T06:36:25.307+0000] {dag.py:3036} INFO - Sync 1 DAGs
[2025-02-21T06:36:25.377+0000] {logging_mixin.py:188} INFO - [2025-02-21T06:36:25.376+0000] {dag.py:3823} INFO - Setting next_dagrun for example_branch_dop_operator_v3 to 2025-02-21 06:35:00+00:00, run_after=2025-02-21 06:36:00+00:00
[2025-02-21T06:36:25.430+0000] {processor.py:183} INFO - Processing /home/airflow/.local/lib/python3.8/site-packages/airflow/example_dags/example_branch_python_dop_operator_3.py took 0.280 seconds
[2025-02-21T06:36:56.183+0000] {processor.py:161} INFO - Started process (PID=1578) to work on /home/airflow/.local/lib/python3.8/site-packages/airflow/example_dags/example_branch_python_dop_operator_3.py
[2025-02-21T06:36:56.187+0000] {processor.py:830} INFO - Processing file /home/airflow/.local/lib/python3.8/site-packages/airflow/example_dags/example_branch_python_dop_operator_3.py for tasks to queue
[2025-02-21T06:36:56.193+0000] {logging_mixin.py:188} INFO - [2025-02-21T06:36:56.193+0000] {dagbag.py:538} INFO - Filling up the DagBag from /home/airflow/.local/lib/python3.8/site-packages/airflow/example_dags/example_branch_python_dop_operator_3.py
[2025-02-21T06:36:56.217+0000] {processor.py:840} INFO - DAG(s) 'example_branch_dop_operator_v3' retrieved from /home/airflow/.local/lib/python3.8/site-packages/airflow/example_dags/example_branch_python_dop_operator_3.py
[2025-02-21T06:36:56.324+0000] {logging_mixin.py:188} INFO - [2025-02-21T06:36:56.324+0000] {dag.py:3036} INFO - Sync 1 DAGs
[2025-02-21T06:36:56.413+0000] {logging_mixin.py:188} INFO - [2025-02-21T06:36:56.413+0000] {dag.py:3823} INFO - Setting next_dagrun for example_branch_dop_operator_v3 to 2025-02-21 06:35:00+00:00, run_after=2025-02-21 06:36:00+00:00
[2025-02-21T06:36:56.494+0000] {processor.py:183} INFO - Processing /home/airflow/.local/lib/python3.8/site-packages/airflow/example_dags/example_branch_python_dop_operator_3.py took 0.320 seconds
[2025-02-21T06:37:26.772+0000] {processor.py:161} INFO - Started process (PID=1633) to work on /home/airflow/.local/lib/python3.8/site-packages/airflow/example_dags/example_branch_python_dop_operator_3.py
[2025-02-21T06:37:26.776+0000] {processor.py:830} INFO - Processing file /home/airflow/.local/lib/python3.8/site-packages/airflow/example_dags/example_branch_python_dop_operator_3.py for tasks to queue
[2025-02-21T06:37:26.782+0000] {logging_mixin.py:188} INFO - [2025-02-21T06:37:26.781+0000] {dagbag.py:538} INFO - Filling up the DagBag from /home/airflow/.local/lib/python3.8/site-packages/airflow/example_dags/example_branch_python_dop_operator_3.py
[2025-02-21T06:37:26.823+0000] {processor.py:840} INFO - DAG(s) 'example_branch_dop_operator_v3' retrieved from /home/airflow/.local/lib/python3.8/site-packages/airflow/example_dags/example_branch_python_dop_operator_3.py
[2025-02-21T06:37:26.883+0000] {logging_mixin.py:188} INFO - [2025-02-21T06:37:26.882+0000] {dag.py:3036} INFO - Sync 1 DAGs
[2025-02-21T06:37:26.950+0000] {logging_mixin.py:188} INFO - [2025-02-21T06:37:26.949+0000] {dag.py:3823} INFO - Setting next_dagrun for example_branch_dop_operator_v3 to 2025-02-21 06:36:00+00:00, run_after=2025-02-21 06:37:00+00:00
[2025-02-21T06:37:27.024+0000] {processor.py:183} INFO - Processing /home/airflow/.local/lib/python3.8/site-packages/airflow/example_dags/example_branch_python_dop_operator_3.py took 0.263 seconds
[2025-02-21T06:37:57.889+0000] {processor.py:161} INFO - Started process (PID=1688) to work on /home/airflow/.local/lib/python3.8/site-packages/airflow/example_dags/example_branch_python_dop_operator_3.py
[2025-02-21T06:37:57.893+0000] {processor.py:830} INFO - Processing file /home/airflow/.local/lib/python3.8/site-packages/airflow/example_dags/example_branch_python_dop_operator_3.py for tasks to queue
[2025-02-21T06:37:57.899+0000] {logging_mixin.py:188} INFO - [2025-02-21T06:37:57.898+0000] {dagbag.py:538} INFO - Filling up the DagBag from /home/airflow/.local/lib/python3.8/site-packages/airflow/example_dags/example_branch_python_dop_operator_3.py
[2025-02-21T06:37:57.944+0000] {processor.py:840} INFO - DAG(s) 'example_branch_dop_operator_v3' retrieved from /home/airflow/.local/lib/python3.8/site-packages/airflow/example_dags/example_branch_python_dop_operator_3.py
[2025-02-21T06:37:58.059+0000] {logging_mixin.py:188} INFO - [2025-02-21T06:37:58.059+0000] {dag.py:3036} INFO - Sync 1 DAGs
[2025-02-21T06:37:58.286+0000] {logging_mixin.py:188} INFO - [2025-02-21T06:37:58.286+0000] {dag.py:3823} INFO - Setting next_dagrun for example_branch_dop_operator_v3 to 2025-02-21 06:36:00+00:00, run_after=2025-02-21 06:37:00+00:00
[2025-02-21T06:37:58.380+0000] {processor.py:183} INFO - Processing /home/airflow/.local/lib/python3.8/site-packages/airflow/example_dags/example_branch_python_dop_operator_3.py took 0.499 seconds
[2025-02-21T06:38:28.907+0000] {processor.py:161} INFO - Started process (PID=1743) to work on /home/airflow/.local/lib/python3.8/site-packages/airflow/example_dags/example_branch_python_dop_operator_3.py
[2025-02-21T06:38:28.940+0000] {processor.py:830} INFO - Processing file /home/airflow/.local/lib/python3.8/site-packages/airflow/example_dags/example_branch_python_dop_operator_3.py for tasks to queue
[2025-02-21T06:38:28.957+0000] {logging_mixin.py:188} INFO - [2025-02-21T06:38:28.955+0000] {dagbag.py:538} INFO - Filling up the DagBag from /home/airflow/.local/lib/python3.8/site-packages/airflow/example_dags/example_branch_python_dop_operator_3.py
[2025-02-21T06:38:29.062+0000] {processor.py:840} INFO - DAG(s) 'example_branch_dop_operator_v3' retrieved from /home/airflow/.local/lib/python3.8/site-packages/airflow/example_dags/example_branch_python_dop_operator_3.py
[2025-02-21T06:38:29.185+0000] {logging_mixin.py:188} INFO - [2025-02-21T06:38:29.184+0000] {dag.py:3036} INFO - Sync 1 DAGs
[2025-02-21T06:38:29.258+0000] {logging_mixin.py:188} INFO - [2025-02-21T06:38:29.258+0000] {dag.py:3823} INFO - Setting next_dagrun for example_branch_dop_operator_v3 to 2025-02-21 06:37:00+00:00, run_after=2025-02-21 06:38:00+00:00
[2025-02-21T06:38:29.327+0000] {processor.py:183} INFO - Processing /home/airflow/.local/lib/python3.8/site-packages/airflow/example_dags/example_branch_python_dop_operator_3.py took 0.429 seconds
[2025-02-21T06:38:59.608+0000] {processor.py:161} INFO - Started process (PID=1798) to work on /home/airflow/.local/lib/python3.8/site-packages/airflow/example_dags/example_branch_python_dop_operator_3.py
[2025-02-21T06:38:59.611+0000] {processor.py:830} INFO - Processing file /home/airflow/.local/lib/python3.8/site-packages/airflow/example_dags/example_branch_python_dop_operator_3.py for tasks to queue
[2025-02-21T06:38:59.620+0000] {logging_mixin.py:188} INFO - [2025-02-21T06:38:59.620+0000] {dagbag.py:538} INFO - Filling up the DagBag from /home/airflow/.local/lib/python3.8/site-packages/airflow/example_dags/example_branch_python_dop_operator_3.py
[2025-02-21T06:38:59.660+0000] {processor.py:840} INFO - DAG(s) 'example_branch_dop_operator_v3' retrieved from /home/airflow/.local/lib/python3.8/site-packages/airflow/example_dags/example_branch_python_dop_operator_3.py
[2025-02-21T06:38:59.776+0000] {logging_mixin.py:188} INFO - [2025-02-21T06:38:59.775+0000] {dag.py:3036} INFO - Sync 1 DAGs
[2025-02-21T06:38:59.872+0000] {logging_mixin.py:188} INFO - [2025-02-21T06:38:59.872+0000] {dag.py:3823} INFO - Setting next_dagrun for example_branch_dop_operator_v3 to 2025-02-21 06:37:00+00:00, run_after=2025-02-21 06:38:00+00:00
[2025-02-21T06:38:59.938+0000] {processor.py:183} INFO - Processing /home/airflow/.local/lib/python3.8/site-packages/airflow/example_dags/example_branch_python_dop_operator_3.py took 0.338 seconds
[2025-02-21T06:39:30.101+0000] {processor.py:161} INFO - Started process (PID=1853) to work on /home/airflow/.local/lib/python3.8/site-packages/airflow/example_dags/example_branch_python_dop_operator_3.py
[2025-02-21T06:39:30.105+0000] {processor.py:830} INFO - Processing file /home/airflow/.local/lib/python3.8/site-packages/airflow/example_dags/example_branch_python_dop_operator_3.py for tasks to queue
[2025-02-21T06:39:30.114+0000] {logging_mixin.py:188} INFO - [2025-02-21T06:39:30.112+0000] {dagbag.py:538} INFO - Filling up the DagBag from /home/airflow/.local/lib/python3.8/site-packages/airflow/example_dags/example_branch_python_dop_operator_3.py
[2025-02-21T06:39:30.189+0000] {processor.py:840} INFO - DAG(s) 'example_branch_dop_operator_v3' retrieved from /home/airflow/.local/lib/python3.8/site-packages/airflow/example_dags/example_branch_python_dop_operator_3.py
[2025-02-21T06:39:30.267+0000] {logging_mixin.py:188} INFO - [2025-02-21T06:39:30.267+0000] {dag.py:3036} INFO - Sync 1 DAGs
[2025-02-21T06:39:30.371+0000] {logging_mixin.py:188} INFO - [2025-02-21T06:39:30.370+0000] {dag.py:3823} INFO - Setting next_dagrun for example_branch_dop_operator_v3 to 2025-02-21 06:38:00+00:00, run_after=2025-02-21 06:39:00+00:00
[2025-02-21T06:39:30.425+0000] {processor.py:183} INFO - Processing /home/airflow/.local/lib/python3.8/site-packages/airflow/example_dags/example_branch_python_dop_operator_3.py took 0.349 seconds
[2025-02-21T06:40:01.346+0000] {processor.py:161} INFO - Started process (PID=1908) to work on /home/airflow/.local/lib/python3.8/site-packages/airflow/example_dags/example_branch_python_dop_operator_3.py
[2025-02-21T06:40:01.349+0000] {processor.py:830} INFO - Processing file /home/airflow/.local/lib/python3.8/site-packages/airflow/example_dags/example_branch_python_dop_operator_3.py for tasks to queue
[2025-02-21T06:40:01.356+0000] {logging_mixin.py:188} INFO - [2025-02-21T06:40:01.355+0000] {dagbag.py:538} INFO - Filling up the DagBag from /home/airflow/.local/lib/python3.8/site-packages/airflow/example_dags/example_branch_python_dop_operator_3.py
[2025-02-21T06:40:01.383+0000] {processor.py:840} INFO - DAG(s) 'example_branch_dop_operator_v3' retrieved from /home/airflow/.local/lib/python3.8/site-packages/airflow/example_dags/example_branch_python_dop_operator_3.py
[2025-02-21T06:40:01.474+0000] {logging_mixin.py:188} INFO - [2025-02-21T06:40:01.473+0000] {dag.py:3036} INFO - Sync 1 DAGs
[2025-02-21T06:40:01.583+0000] {logging_mixin.py:188} INFO - [2025-02-21T06:40:01.582+0000] {dag.py:3823} INFO - Setting next_dagrun for example_branch_dop_operator_v3 to 2025-02-21 06:39:00+00:00, run_after=2025-02-21 06:40:00+00:00
[2025-02-21T06:40:01.636+0000] {processor.py:183} INFO - Processing /home/airflow/.local/lib/python3.8/site-packages/airflow/example_dags/example_branch_python_dop_operator_3.py took 0.301 seconds
[2025-02-21T06:40:32.097+0000] {processor.py:161} INFO - Started process (PID=1963) to work on /home/airflow/.local/lib/python3.8/site-packages/airflow/example_dags/example_branch_python_dop_operator_3.py
[2025-02-21T06:40:32.126+0000] {processor.py:830} INFO - Processing file /home/airflow/.local/lib/python3.8/site-packages/airflow/example_dags/example_branch_python_dop_operator_3.py for tasks to queue
[2025-02-21T06:40:32.141+0000] {logging_mixin.py:188} INFO - [2025-02-21T06:40:32.140+0000] {dagbag.py:538} INFO - Filling up the DagBag from /home/airflow/.local/lib/python3.8/site-packages/airflow/example_dags/example_branch_python_dop_operator_3.py
[2025-02-21T06:40:32.163+0000] {processor.py:840} INFO - DAG(s) 'example_branch_dop_operator_v3' retrieved from /home/airflow/.local/lib/python3.8/site-packages/airflow/example_dags/example_branch_python_dop_operator_3.py
[2025-02-21T06:40:32.244+0000] {logging_mixin.py:188} INFO - [2025-02-21T06:40:32.242+0000] {dag.py:3036} INFO - Sync 1 DAGs
[2025-02-21T06:40:32.363+0000] {logging_mixin.py:188} INFO - [2025-02-21T06:40:32.362+0000] {dag.py:3823} INFO - Setting next_dagrun for example_branch_dop_operator_v3 to 2025-02-21 06:39:00+00:00, run_after=2025-02-21 06:40:00+00:00
[2025-02-21T06:40:32.416+0000] {processor.py:183} INFO - Processing /home/airflow/.local/lib/python3.8/site-packages/airflow/example_dags/example_branch_python_dop_operator_3.py took 0.338 seconds
[2025-02-21T06:41:02.569+0000] {processor.py:161} INFO - Started process (PID=2018) to work on /home/airflow/.local/lib/python3.8/site-packages/airflow/example_dags/example_branch_python_dop_operator_3.py
[2025-02-21T06:41:02.572+0000] {processor.py:830} INFO - Processing file /home/airflow/.local/lib/python3.8/site-packages/airflow/example_dags/example_branch_python_dop_operator_3.py for tasks to queue
[2025-02-21T06:41:02.579+0000] {logging_mixin.py:188} INFO - [2025-02-21T06:41:02.578+0000] {dagbag.py:538} INFO - Filling up the DagBag from /home/airflow/.local/lib/python3.8/site-packages/airflow/example_dags/example_branch_python_dop_operator_3.py
[2025-02-21T06:41:02.597+0000] {processor.py:840} INFO - DAG(s) 'example_branch_dop_operator_v3' retrieved from /home/airflow/.local/lib/python3.8/site-packages/airflow/example_dags/example_branch_python_dop_operator_3.py
[2025-02-21T06:41:02.653+0000] {logging_mixin.py:188} INFO - [2025-02-21T06:41:02.653+0000] {dag.py:3036} INFO - Sync 1 DAGs
[2025-02-21T06:41:02.721+0000] {logging_mixin.py:188} INFO - [2025-02-21T06:41:02.720+0000] {dag.py:3823} INFO - Setting next_dagrun for example_branch_dop_operator_v3 to 2025-02-21 06:40:00+00:00, run_after=2025-02-21 06:41:00+00:00
[2025-02-21T06:41:02.772+0000] {processor.py:183} INFO - Processing /home/airflow/.local/lib/python3.8/site-packages/airflow/example_dags/example_branch_python_dop_operator_3.py took 0.213 seconds
[2025-02-21T06:41:33.707+0000] {processor.py:161} INFO - Started process (PID=2073) to work on /home/airflow/.local/lib/python3.8/site-packages/airflow/example_dags/example_branch_python_dop_operator_3.py
[2025-02-21T06:41:33.711+0000] {processor.py:830} INFO - Processing file /home/airflow/.local/lib/python3.8/site-packages/airflow/example_dags/example_branch_python_dop_operator_3.py for tasks to queue
[2025-02-21T06:41:33.717+0000] {logging_mixin.py:188} INFO - [2025-02-21T06:41:33.716+0000] {dagbag.py:538} INFO - Filling up the DagBag from /home/airflow/.local/lib/python3.8/site-packages/airflow/example_dags/example_branch_python_dop_operator_3.py
[2025-02-21T06:41:33.745+0000] {processor.py:840} INFO - DAG(s) 'example_branch_dop_operator_v3' retrieved from /home/airflow/.local/lib/python3.8/site-packages/airflow/example_dags/example_branch_python_dop_operator_3.py
[2025-02-21T06:41:33.850+0000] {logging_mixin.py:188} INFO - [2025-02-21T06:41:33.844+0000] {dag.py:3036} INFO - Sync 1 DAGs
[2025-02-21T06:41:33.994+0000] {logging_mixin.py:188} INFO - [2025-02-21T06:41:33.992+0000] {dag.py:3823} INFO - Setting next_dagrun for example_branch_dop_operator_v3 to 2025-02-21 06:40:00+00:00, run_after=2025-02-21 06:41:00+00:00
[2025-02-21T06:41:34.105+0000] {processor.py:183} INFO - Processing /home/airflow/.local/lib/python3.8/site-packages/airflow/example_dags/example_branch_python_dop_operator_3.py took 0.409 seconds
[2025-02-21T06:42:04.693+0000] {processor.py:161} INFO - Started process (PID=2127) to work on /home/airflow/.local/lib/python3.8/site-packages/airflow/example_dags/example_branch_python_dop_operator_3.py
[2025-02-21T06:42:04.698+0000] {processor.py:830} INFO - Processing file /home/airflow/.local/lib/python3.8/site-packages/airflow/example_dags/example_branch_python_dop_operator_3.py for tasks to queue
[2025-02-21T06:42:04.705+0000] {logging_mixin.py:188} INFO - [2025-02-21T06:42:04.704+0000] {dagbag.py:538} INFO - Filling up the DagBag from /home/airflow/.local/lib/python3.8/site-packages/airflow/example_dags/example_branch_python_dop_operator_3.py
[2025-02-21T06:42:04.744+0000] {processor.py:840} INFO - DAG(s) 'example_branch_dop_operator_v3' retrieved from /home/airflow/.local/lib/python3.8/site-packages/airflow/example_dags/example_branch_python_dop_operator_3.py
[2025-02-21T06:42:04.816+0000] {logging_mixin.py:188} INFO - [2025-02-21T06:42:04.816+0000] {dag.py:3036} INFO - Sync 1 DAGs
[2025-02-21T06:42:04.896+0000] {logging_mixin.py:188} INFO - [2025-02-21T06:42:04.895+0000] {dag.py:3823} INFO - Setting next_dagrun for example_branch_dop_operator_v3 to 2025-02-21 06:41:00+00:00, run_after=2025-02-21 06:42:00+00:00
[2025-02-21T06:42:04.957+0000] {processor.py:183} INFO - Processing /home/airflow/.local/lib/python3.8/site-packages/airflow/example_dags/example_branch_python_dop_operator_3.py took 0.269 seconds
[2025-02-21T06:42:35.462+0000] {processor.py:161} INFO - Started process (PID=2183) to work on /home/airflow/.local/lib/python3.8/site-packages/airflow/example_dags/example_branch_python_dop_operator_3.py
[2025-02-21T06:42:35.464+0000] {processor.py:830} INFO - Processing file /home/airflow/.local/lib/python3.8/site-packages/airflow/example_dags/example_branch_python_dop_operator_3.py for tasks to queue
[2025-02-21T06:42:35.471+0000] {logging_mixin.py:188} INFO - [2025-02-21T06:42:35.470+0000] {dagbag.py:538} INFO - Filling up the DagBag from /home/airflow/.local/lib/python3.8/site-packages/airflow/example_dags/example_branch_python_dop_operator_3.py
[2025-02-21T06:42:35.498+0000] {processor.py:840} INFO - DAG(s) 'example_branch_dop_operator_v3' retrieved from /home/airflow/.local/lib/python3.8/site-packages/airflow/example_dags/example_branch_python_dop_operator_3.py
[2025-02-21T06:42:35.570+0000] {logging_mixin.py:188} INFO - [2025-02-21T06:42:35.566+0000] {dag.py:3036} INFO - Sync 1 DAGs
[2025-02-21T06:42:35.643+0000] {logging_mixin.py:188} INFO - [2025-02-21T06:42:35.642+0000] {dag.py:3823} INFO - Setting next_dagrun for example_branch_dop_operator_v3 to 2025-02-21 06:41:00+00:00, run_after=2025-02-21 06:42:00+00:00
[2025-02-21T06:42:35.735+0000] {processor.py:183} INFO - Processing /home/airflow/.local/lib/python3.8/site-packages/airflow/example_dags/example_branch_python_dop_operator_3.py took 0.282 seconds
[2025-02-21T06:43:06.081+0000] {processor.py:161} INFO - Started process (PID=2238) to work on /home/airflow/.local/lib/python3.8/site-packages/airflow/example_dags/example_branch_python_dop_operator_3.py
[2025-02-21T06:43:06.086+0000] {processor.py:830} INFO - Processing file /home/airflow/.local/lib/python3.8/site-packages/airflow/example_dags/example_branch_python_dop_operator_3.py for tasks to queue
[2025-02-21T06:43:06.103+0000] {logging_mixin.py:188} INFO - [2025-02-21T06:43:06.100+0000] {dagbag.py:538} INFO - Filling up the DagBag from /home/airflow/.local/lib/python3.8/site-packages/airflow/example_dags/example_branch_python_dop_operator_3.py
[2025-02-21T06:43:06.174+0000] {processor.py:840} INFO - DAG(s) 'example_branch_dop_operator_v3' retrieved from /home/airflow/.local/lib/python3.8/site-packages/airflow/example_dags/example_branch_python_dop_operator_3.py
[2025-02-21T06:43:06.286+0000] {logging_mixin.py:188} INFO - [2025-02-21T06:43:06.286+0000] {dag.py:3036} INFO - Sync 1 DAGs
[2025-02-21T06:43:06.395+0000] {logging_mixin.py:188} INFO - [2025-02-21T06:43:06.394+0000] {dag.py:3823} INFO - Setting next_dagrun for example_branch_dop_operator_v3 to 2025-02-21 06:42:00+00:00, run_after=2025-02-21 06:43:00+00:00
[2025-02-21T06:43:06.481+0000] {processor.py:183} INFO - Processing /home/airflow/.local/lib/python3.8/site-packages/airflow/example_dags/example_branch_python_dop_operator_3.py took 0.434 seconds
[2025-02-21T06:43:37.372+0000] {processor.py:161} INFO - Started process (PID=2294) to work on /home/airflow/.local/lib/python3.8/site-packages/airflow/example_dags/example_branch_python_dop_operator_3.py
[2025-02-21T06:43:37.381+0000] {processor.py:830} INFO - Processing file /home/airflow/.local/lib/python3.8/site-packages/airflow/example_dags/example_branch_python_dop_operator_3.py for tasks to queue
[2025-02-21T06:43:37.390+0000] {logging_mixin.py:188} INFO - [2025-02-21T06:43:37.389+0000] {dagbag.py:538} INFO - Filling up the DagBag from /home/airflow/.local/lib/python3.8/site-packages/airflow/example_dags/example_branch_python_dop_operator_3.py
[2025-02-21T06:43:37.430+0000] {processor.py:840} INFO - DAG(s) 'example_branch_dop_operator_v3' retrieved from /home/airflow/.local/lib/python3.8/site-packages/airflow/example_dags/example_branch_python_dop_operator_3.py
[2025-02-21T06:43:37.530+0000] {logging_mixin.py:188} INFO - [2025-02-21T06:43:37.530+0000] {dag.py:3036} INFO - Sync 1 DAGs
[2025-02-21T06:43:37.601+0000] {logging_mixin.py:188} INFO - [2025-02-21T06:43:37.600+0000] {dag.py:3823} INFO - Setting next_dagrun for example_branch_dop_operator_v3 to 2025-02-21 06:42:00+00:00, run_after=2025-02-21 06:43:00+00:00
[2025-02-21T06:43:37.658+0000] {processor.py:183} INFO - Processing /home/airflow/.local/lib/python3.8/site-packages/airflow/example_dags/example_branch_python_dop_operator_3.py took 0.298 seconds
[2025-02-21T06:44:08.125+0000] {processor.py:161} INFO - Started process (PID=2351) to work on /home/airflow/.local/lib/python3.8/site-packages/airflow/example_dags/example_branch_python_dop_operator_3.py
[2025-02-21T06:44:08.129+0000] {processor.py:830} INFO - Processing file /home/airflow/.local/lib/python3.8/site-packages/airflow/example_dags/example_branch_python_dop_operator_3.py for tasks to queue
[2025-02-21T06:44:08.136+0000] {logging_mixin.py:188} INFO - [2025-02-21T06:44:08.135+0000] {dagbag.py:538} INFO - Filling up the DagBag from /home/airflow/.local/lib/python3.8/site-packages/airflow/example_dags/example_branch_python_dop_operator_3.py
[2025-02-21T06:44:08.170+0000] {processor.py:840} INFO - DAG(s) 'example_branch_dop_operator_v3' retrieved from /home/airflow/.local/lib/python3.8/site-packages/airflow/example_dags/example_branch_python_dop_operator_3.py
[2025-02-21T06:44:08.272+0000] {logging_mixin.py:188} INFO - [2025-02-21T06:44:08.271+0000] {dag.py:3036} INFO - Sync 1 DAGs
[2025-02-21T06:44:08.363+0000] {logging_mixin.py:188} INFO - [2025-02-21T06:44:08.362+0000] {dag.py:3823} INFO - Setting next_dagrun for example_branch_dop_operator_v3 to 2025-02-21 06:43:00+00:00, run_after=2025-02-21 06:44:00+00:00
[2025-02-21T06:44:08.469+0000] {processor.py:183} INFO - Processing /home/airflow/.local/lib/python3.8/site-packages/airflow/example_dags/example_branch_python_dop_operator_3.py took 0.358 seconds
[2025-02-21T06:44:38.751+0000] {processor.py:161} INFO - Started process (PID=2407) to work on /home/airflow/.local/lib/python3.8/site-packages/airflow/example_dags/example_branch_python_dop_operator_3.py
[2025-02-21T06:44:38.756+0000] {processor.py:830} INFO - Processing file /home/airflow/.local/lib/python3.8/site-packages/airflow/example_dags/example_branch_python_dop_operator_3.py for tasks to queue
[2025-02-21T06:44:38.769+0000] {logging_mixin.py:188} INFO - [2025-02-21T06:44:38.769+0000] {dagbag.py:538} INFO - Filling up the DagBag from /home/airflow/.local/lib/python3.8/site-packages/airflow/example_dags/example_branch_python_dop_operator_3.py
[2025-02-21T06:44:38.817+0000] {processor.py:840} INFO - DAG(s) 'example_branch_dop_operator_v3' retrieved from /home/airflow/.local/lib/python3.8/site-packages/airflow/example_dags/example_branch_python_dop_operator_3.py
[2025-02-21T06:44:38.887+0000] {logging_mixin.py:188} INFO - [2025-02-21T06:44:38.885+0000] {dag.py:3036} INFO - Sync 1 DAGs
[2025-02-21T06:44:38.961+0000] {logging_mixin.py:188} INFO - [2025-02-21T06:44:38.960+0000] {dag.py:3823} INFO - Setting next_dagrun for example_branch_dop_operator_v3 to 2025-02-21 06:43:00+00:00, run_after=2025-02-21 06:44:00+00:00
[2025-02-21T06:44:39.036+0000] {processor.py:183} INFO - Processing /home/airflow/.local/lib/python3.8/site-packages/airflow/example_dags/example_branch_python_dop_operator_3.py took 0.293 seconds
[2025-02-21T06:45:09.617+0000] {processor.py:161} INFO - Started process (PID=2461) to work on /home/airflow/.local/lib/python3.8/site-packages/airflow/example_dags/example_branch_python_dop_operator_3.py
[2025-02-21T06:45:09.626+0000] {processor.py:830} INFO - Processing file /home/airflow/.local/lib/python3.8/site-packages/airflow/example_dags/example_branch_python_dop_operator_3.py for tasks to queue
[2025-02-21T06:45:09.632+0000] {logging_mixin.py:188} INFO - [2025-02-21T06:45:09.631+0000] {dagbag.py:538} INFO - Filling up the DagBag from /home/airflow/.local/lib/python3.8/site-packages/airflow/example_dags/example_branch_python_dop_operator_3.py
[2025-02-21T06:45:09.662+0000] {processor.py:840} INFO - DAG(s) 'example_branch_dop_operator_v3' retrieved from /home/airflow/.local/lib/python3.8/site-packages/airflow/example_dags/example_branch_python_dop_operator_3.py
[2025-02-21T06:45:09.742+0000] {logging_mixin.py:188} INFO - [2025-02-21T06:45:09.741+0000] {dag.py:3036} INFO - Sync 1 DAGs
[2025-02-21T06:45:09.839+0000] {logging_mixin.py:188} INFO - [2025-02-21T06:45:09.839+0000] {dag.py:3823} INFO - Setting next_dagrun for example_branch_dop_operator_v3 to 2025-02-21 06:44:00+00:00, run_after=2025-02-21 06:45:00+00:00
[2025-02-21T06:45:09.924+0000] {processor.py:183} INFO - Processing /home/airflow/.local/lib/python3.8/site-packages/airflow/example_dags/example_branch_python_dop_operator_3.py took 0.316 seconds
[2025-02-21T06:45:40.383+0000] {processor.py:161} INFO - Started process (PID=2517) to work on /home/airflow/.local/lib/python3.8/site-packages/airflow/example_dags/example_branch_python_dop_operator_3.py
[2025-02-21T06:45:40.387+0000] {processor.py:830} INFO - Processing file /home/airflow/.local/lib/python3.8/site-packages/airflow/example_dags/example_branch_python_dop_operator_3.py for tasks to queue
[2025-02-21T06:45:40.394+0000] {logging_mixin.py:188} INFO - [2025-02-21T06:45:40.393+0000] {dagbag.py:538} INFO - Filling up the DagBag from /home/airflow/.local/lib/python3.8/site-packages/airflow/example_dags/example_branch_python_dop_operator_3.py
[2025-02-21T06:45:40.418+0000] {processor.py:840} INFO - DAG(s) 'example_branch_dop_operator_v3' retrieved from /home/airflow/.local/lib/python3.8/site-packages/airflow/example_dags/example_branch_python_dop_operator_3.py
[2025-02-21T06:45:40.495+0000] {logging_mixin.py:188} INFO - [2025-02-21T06:45:40.494+0000] {dag.py:3036} INFO - Sync 1 DAGs
[2025-02-21T06:45:40.568+0000] {logging_mixin.py:188} INFO - [2025-02-21T06:45:40.568+0000] {dag.py:3823} INFO - Setting next_dagrun for example_branch_dop_operator_v3 to 2025-02-21 06:44:00+00:00, run_after=2025-02-21 06:45:00+00:00
[2025-02-21T06:45:40.632+0000] {processor.py:183} INFO - Processing /home/airflow/.local/lib/python3.8/site-packages/airflow/example_dags/example_branch_python_dop_operator_3.py took 0.260 seconds
[2025-02-21T06:46:11.413+0000] {processor.py:161} INFO - Started process (PID=2570) to work on /home/airflow/.local/lib/python3.8/site-packages/airflow/example_dags/example_branch_python_dop_operator_3.py
[2025-02-21T06:46:11.418+0000] {processor.py:830} INFO - Processing file /home/airflow/.local/lib/python3.8/site-packages/airflow/example_dags/example_branch_python_dop_operator_3.py for tasks to queue
[2025-02-21T06:46:11.423+0000] {logging_mixin.py:188} INFO - [2025-02-21T06:46:11.422+0000] {dagbag.py:538} INFO - Filling up the DagBag from /home/airflow/.local/lib/python3.8/site-packages/airflow/example_dags/example_branch_python_dop_operator_3.py
[2025-02-21T06:46:11.457+0000] {processor.py:840} INFO - DAG(s) 'example_branch_dop_operator_v3' retrieved from /home/airflow/.local/lib/python3.8/site-packages/airflow/example_dags/example_branch_python_dop_operator_3.py
[2025-02-21T06:46:11.558+0000] {logging_mixin.py:188} INFO - [2025-02-21T06:46:11.558+0000] {dag.py:3036} INFO - Sync 1 DAGs
[2025-02-21T06:46:11.661+0000] {logging_mixin.py:188} INFO - [2025-02-21T06:46:11.661+0000] {dag.py:3823} INFO - Setting next_dagrun for example_branch_dop_operator_v3 to 2025-02-21 06:45:00+00:00, run_after=2025-02-21 06:46:00+00:00
[2025-02-21T06:46:11.781+0000] {processor.py:183} INFO - Processing /home/airflow/.local/lib/python3.8/site-packages/airflow/example_dags/example_branch_python_dop_operator_3.py took 0.377 seconds
[2025-02-21T06:46:42.206+0000] {processor.py:161} INFO - Started process (PID=2625) to work on /home/airflow/.local/lib/python3.8/site-packages/airflow/example_dags/example_branch_python_dop_operator_3.py
[2025-02-21T06:46:42.210+0000] {processor.py:830} INFO - Processing file /home/airflow/.local/lib/python3.8/site-packages/airflow/example_dags/example_branch_python_dop_operator_3.py for tasks to queue
[2025-02-21T06:46:42.215+0000] {logging_mixin.py:188} INFO - [2025-02-21T06:46:42.215+0000] {dagbag.py:538} INFO - Filling up the DagBag from /home/airflow/.local/lib/python3.8/site-packages/airflow/example_dags/example_branch_python_dop_operator_3.py
[2025-02-21T06:46:42.248+0000] {processor.py:840} INFO - DAG(s) 'example_branch_dop_operator_v3' retrieved from /home/airflow/.local/lib/python3.8/site-packages/airflow/example_dags/example_branch_python_dop_operator_3.py
[2025-02-21T06:46:42.323+0000] {logging_mixin.py:188} INFO - [2025-02-21T06:46:42.322+0000] {dag.py:3036} INFO - Sync 1 DAGs
[2025-02-21T06:46:42.865+0000] {logging_mixin.py:188} INFO - [2025-02-21T06:46:42.864+0000] {dag.py:3823} INFO - Setting next_dagrun for example_branch_dop_operator_v3 to 2025-02-21 06:45:00+00:00, run_after=2025-02-21 06:46:00+00:00
[2025-02-21T06:46:42.949+0000] {processor.py:183} INFO - Processing /home/airflow/.local/lib/python3.8/site-packages/airflow/example_dags/example_branch_python_dop_operator_3.py took 0.754 seconds
[2025-02-21T06:47:13.381+0000] {processor.py:161} INFO - Started process (PID=2680) to work on /home/airflow/.local/lib/python3.8/site-packages/airflow/example_dags/example_branch_python_dop_operator_3.py
[2025-02-21T06:47:13.385+0000] {processor.py:830} INFO - Processing file /home/airflow/.local/lib/python3.8/site-packages/airflow/example_dags/example_branch_python_dop_operator_3.py for tasks to queue
[2025-02-21T06:47:13.390+0000] {logging_mixin.py:188} INFO - [2025-02-21T06:47:13.389+0000] {dagbag.py:538} INFO - Filling up the DagBag from /home/airflow/.local/lib/python3.8/site-packages/airflow/example_dags/example_branch_python_dop_operator_3.py
[2025-02-21T06:47:13.418+0000] {processor.py:840} INFO - DAG(s) 'example_branch_dop_operator_v3' retrieved from /home/airflow/.local/lib/python3.8/site-packages/airflow/example_dags/example_branch_python_dop_operator_3.py
[2025-02-21T06:47:13.478+0000] {logging_mixin.py:188} INFO - [2025-02-21T06:47:13.477+0000] {dag.py:3036} INFO - Sync 1 DAGs
[2025-02-21T06:47:13.565+0000] {logging_mixin.py:188} INFO - [2025-02-21T06:47:13.564+0000] {dag.py:3823} INFO - Setting next_dagrun for example_branch_dop_operator_v3 to 2025-02-21 06:46:00+00:00, run_after=2025-02-21 06:47:00+00:00
[2025-02-21T06:47:13.989+0000] {processor.py:183} INFO - Processing /home/airflow/.local/lib/python3.8/site-packages/airflow/example_dags/example_branch_python_dop_operator_3.py took 0.622 seconds
