[2025-02-21T06:22:59.182+0000] {processor.py:161} INFO - Started process (PID=79) to work on /home/airflow/.local/lib/python3.8/site-packages/airflow/example_dags/example_branch_datetime_operator.py
[2025-02-21T06:22:59.187+0000] {processor.py:830} INFO - Processing file /home/airflow/.local/lib/python3.8/site-packages/airflow/example_dags/example_branch_datetime_operator.py for tasks to queue
[2025-02-21T06:22:59.191+0000] {logging_mixin.py:188} INFO - [2025-02-21T06:22:59.190+0000] {dagbag.py:538} INFO - Filling up the DagBag from /home/airflow/.local/lib/python3.8/site-packages/airflow/example_dags/example_branch_datetime_operator.py
[2025-02-21T06:22:59.224+0000] {processor.py:840} INFO - DAG(s) 'example_branch_datetime_operator_3', 'example_branch_datetime_operator', 'example_branch_datetime_operator_2' retrieved from /home/airflow/.local/lib/python3.8/site-packages/airflow/example_dags/example_branch_datetime_operator.py
[2025-02-21T06:22:59.889+0000] {logging_mixin.py:188} INFO - [2025-02-21T06:22:59.888+0000] {dag.py:3036} INFO - Sync 3 DAGs
[2025-02-21T06:22:59.969+0000] {logging_mixin.py:188} INFO - [2025-02-21T06:22:59.968+0000] {dag.py:3823} INFO - Setting next_dagrun for example_branch_datetime_operator to 2025-02-20 00:00:00+00:00, run_after=2025-02-21 00:00:00+00:00
[2025-02-21T06:22:59.991+0000] {logging_mixin.py:188} INFO - [2025-02-21T06:22:59.991+0000] {dag.py:3823} INFO - Setting next_dagrun for example_branch_datetime_operator_2 to 2025-02-20 00:00:00+00:00, run_after=2025-02-21 00:00:00+00:00
[2025-02-21T06:22:59.997+0000] {logging_mixin.py:188} INFO - [2025-02-21T06:22:59.997+0000] {dag.py:3823} INFO - Setting next_dagrun for example_branch_datetime_operator_3 to 2025-02-20 00:00:00+00:00, run_after=2025-02-21 00:00:00+00:00
[2025-02-21T06:23:00.070+0000] {processor.py:183} INFO - Processing /home/airflow/.local/lib/python3.8/site-packages/airflow/example_dags/example_branch_datetime_operator.py took 0.894 seconds
[2025-02-21T06:23:30.350+0000] {processor.py:161} INFO - Started process (PID=135) to work on /home/airflow/.local/lib/python3.8/site-packages/airflow/example_dags/example_branch_datetime_operator.py
[2025-02-21T06:23:30.353+0000] {processor.py:830} INFO - Processing file /home/airflow/.local/lib/python3.8/site-packages/airflow/example_dags/example_branch_datetime_operator.py for tasks to queue
[2025-02-21T06:23:30.357+0000] {logging_mixin.py:188} INFO - [2025-02-21T06:23:30.356+0000] {dagbag.py:538} INFO - Filling up the DagBag from /home/airflow/.local/lib/python3.8/site-packages/airflow/example_dags/example_branch_datetime_operator.py
[2025-02-21T06:23:30.384+0000] {processor.py:840} INFO - DAG(s) 'example_branch_datetime_operator_3', 'example_branch_datetime_operator', 'example_branch_datetime_operator_2' retrieved from /home/airflow/.local/lib/python3.8/site-packages/airflow/example_dags/example_branch_datetime_operator.py
[2025-02-21T06:23:30.465+0000] {logging_mixin.py:188} INFO - [2025-02-21T06:23:30.465+0000] {dag.py:3036} INFO - Sync 3 DAGs
[2025-02-21T06:23:30.556+0000] {logging_mixin.py:188} INFO - [2025-02-21T06:23:30.555+0000] {dag.py:3823} INFO - Setting next_dagrun for example_branch_datetime_operator to 2025-02-20 00:00:00+00:00, run_after=2025-02-21 00:00:00+00:00
[2025-02-21T06:23:30.572+0000] {logging_mixin.py:188} INFO - [2025-02-21T06:23:30.572+0000] {dag.py:3823} INFO - Setting next_dagrun for example_branch_datetime_operator_2 to 2025-02-20 00:00:00+00:00, run_after=2025-02-21 00:00:00+00:00
[2025-02-21T06:23:30.582+0000] {logging_mixin.py:188} INFO - [2025-02-21T06:23:30.582+0000] {dag.py:3823} INFO - Setting next_dagrun for example_branch_datetime_operator_3 to 2025-02-20 00:00:00+00:00, run_after=2025-02-21 00:00:00+00:00
[2025-02-21T06:23:30.624+0000] {processor.py:183} INFO - Processing /home/airflow/.local/lib/python3.8/site-packages/airflow/example_dags/example_branch_datetime_operator.py took 0.283 seconds
[2025-02-21T06:24:00.964+0000] {processor.py:161} INFO - Started process (PID=189) to work on /home/airflow/.local/lib/python3.8/site-packages/airflow/example_dags/example_branch_datetime_operator.py
[2025-02-21T06:24:00.968+0000] {processor.py:830} INFO - Processing file /home/airflow/.local/lib/python3.8/site-packages/airflow/example_dags/example_branch_datetime_operator.py for tasks to queue
[2025-02-21T06:24:00.976+0000] {logging_mixin.py:188} INFO - [2025-02-21T06:24:00.974+0000] {dagbag.py:538} INFO - Filling up the DagBag from /home/airflow/.local/lib/python3.8/site-packages/airflow/example_dags/example_branch_datetime_operator.py
[2025-02-21T06:24:01.031+0000] {processor.py:840} INFO - DAG(s) 'example_branch_datetime_operator_3', 'example_branch_datetime_operator_2', 'example_branch_datetime_operator' retrieved from /home/airflow/.local/lib/python3.8/site-packages/airflow/example_dags/example_branch_datetime_operator.py
[2025-02-21T06:24:01.144+0000] {logging_mixin.py:188} INFO - [2025-02-21T06:24:01.143+0000] {dag.py:3036} INFO - Sync 3 DAGs
[2025-02-21T06:24:01.216+0000] {logging_mixin.py:188} INFO - [2025-02-21T06:24:01.216+0000] {dag.py:3823} INFO - Setting next_dagrun for example_branch_datetime_operator to 2025-02-20 00:00:00+00:00, run_after=2025-02-21 00:00:00+00:00
[2025-02-21T06:24:01.232+0000] {logging_mixin.py:188} INFO - [2025-02-21T06:24:01.231+0000] {dag.py:3823} INFO - Setting next_dagrun for example_branch_datetime_operator_2 to 2025-02-20 00:00:00+00:00, run_after=2025-02-21 00:00:00+00:00
[2025-02-21T06:24:01.242+0000] {logging_mixin.py:188} INFO - [2025-02-21T06:24:01.242+0000] {dag.py:3823} INFO - Setting next_dagrun for example_branch_datetime_operator_3 to 2025-02-20 00:00:00+00:00, run_after=2025-02-21 00:00:00+00:00
[2025-02-21T06:24:01.297+0000] {processor.py:183} INFO - Processing /home/airflow/.local/lib/python3.8/site-packages/airflow/example_dags/example_branch_datetime_operator.py took 0.342 seconds
[2025-02-21T06:24:31.427+0000] {processor.py:161} INFO - Started process (PID=244) to work on /home/airflow/.local/lib/python3.8/site-packages/airflow/example_dags/example_branch_datetime_operator.py
[2025-02-21T06:24:31.431+0000] {processor.py:830} INFO - Processing file /home/airflow/.local/lib/python3.8/site-packages/airflow/example_dags/example_branch_datetime_operator.py for tasks to queue
[2025-02-21T06:24:31.437+0000] {logging_mixin.py:188} INFO - [2025-02-21T06:24:31.436+0000] {dagbag.py:538} INFO - Filling up the DagBag from /home/airflow/.local/lib/python3.8/site-packages/airflow/example_dags/example_branch_datetime_operator.py
[2025-02-21T06:24:31.465+0000] {processor.py:840} INFO - DAG(s) 'example_branch_datetime_operator', 'example_branch_datetime_operator_2', 'example_branch_datetime_operator_3' retrieved from /home/airflow/.local/lib/python3.8/site-packages/airflow/example_dags/example_branch_datetime_operator.py
[2025-02-21T06:24:31.549+0000] {logging_mixin.py:188} INFO - [2025-02-21T06:24:31.548+0000] {dag.py:3036} INFO - Sync 3 DAGs
[2025-02-21T06:24:31.609+0000] {logging_mixin.py:188} INFO - [2025-02-21T06:24:31.609+0000] {dag.py:3823} INFO - Setting next_dagrun for example_branch_datetime_operator to 2025-02-20 00:00:00+00:00, run_after=2025-02-21 00:00:00+00:00
[2025-02-21T06:24:31.625+0000] {logging_mixin.py:188} INFO - [2025-02-21T06:24:31.625+0000] {dag.py:3823} INFO - Setting next_dagrun for example_branch_datetime_operator_2 to 2025-02-20 00:00:00+00:00, run_after=2025-02-21 00:00:00+00:00
[2025-02-21T06:24:31.632+0000] {logging_mixin.py:188} INFO - [2025-02-21T06:24:31.632+0000] {dag.py:3823} INFO - Setting next_dagrun for example_branch_datetime_operator_3 to 2025-02-20 00:00:00+00:00, run_after=2025-02-21 00:00:00+00:00
[2025-02-21T06:24:31.685+0000] {processor.py:183} INFO - Processing /home/airflow/.local/lib/python3.8/site-packages/airflow/example_dags/example_branch_datetime_operator.py took 0.268 seconds
[2025-02-21T06:25:01.838+0000] {processor.py:161} INFO - Started process (PID=299) to work on /home/airflow/.local/lib/python3.8/site-packages/airflow/example_dags/example_branch_datetime_operator.py
[2025-02-21T06:25:01.842+0000] {processor.py:830} INFO - Processing file /home/airflow/.local/lib/python3.8/site-packages/airflow/example_dags/example_branch_datetime_operator.py for tasks to queue
[2025-02-21T06:25:01.847+0000] {logging_mixin.py:188} INFO - [2025-02-21T06:25:01.846+0000] {dagbag.py:538} INFO - Filling up the DagBag from /home/airflow/.local/lib/python3.8/site-packages/airflow/example_dags/example_branch_datetime_operator.py
[2025-02-21T06:25:01.877+0000] {processor.py:840} INFO - DAG(s) 'example_branch_datetime_operator_3', 'example_branch_datetime_operator_2', 'example_branch_datetime_operator' retrieved from /home/airflow/.local/lib/python3.8/site-packages/airflow/example_dags/example_branch_datetime_operator.py
[2025-02-21T06:25:01.957+0000] {logging_mixin.py:188} INFO - [2025-02-21T06:25:01.956+0000] {dag.py:3036} INFO - Sync 3 DAGs
[2025-02-21T06:25:02.034+0000] {logging_mixin.py:188} INFO - [2025-02-21T06:25:02.034+0000] {dag.py:3823} INFO - Setting next_dagrun for example_branch_datetime_operator to 2025-02-20 00:00:00+00:00, run_after=2025-02-21 00:00:00+00:00
[2025-02-21T06:25:02.051+0000] {logging_mixin.py:188} INFO - [2025-02-21T06:25:02.050+0000] {dag.py:3823} INFO - Setting next_dagrun for example_branch_datetime_operator_2 to 2025-02-20 00:00:00+00:00, run_after=2025-02-21 00:00:00+00:00
[2025-02-21T06:25:02.064+0000] {logging_mixin.py:188} INFO - [2025-02-21T06:25:02.064+0000] {dag.py:3823} INFO - Setting next_dagrun for example_branch_datetime_operator_3 to 2025-02-20 00:00:00+00:00, run_after=2025-02-21 00:00:00+00:00
[2025-02-21T06:25:02.108+0000] {processor.py:183} INFO - Processing /home/airflow/.local/lib/python3.8/site-packages/airflow/example_dags/example_branch_datetime_operator.py took 0.282 seconds
[2025-02-21T06:25:32.287+0000] {processor.py:161} INFO - Started process (PID=354) to work on /home/airflow/.local/lib/python3.8/site-packages/airflow/example_dags/example_branch_datetime_operator.py
[2025-02-21T06:25:32.291+0000] {processor.py:830} INFO - Processing file /home/airflow/.local/lib/python3.8/site-packages/airflow/example_dags/example_branch_datetime_operator.py for tasks to queue
[2025-02-21T06:25:32.305+0000] {logging_mixin.py:188} INFO - [2025-02-21T06:25:32.304+0000] {dagbag.py:538} INFO - Filling up the DagBag from /home/airflow/.local/lib/python3.8/site-packages/airflow/example_dags/example_branch_datetime_operator.py
[2025-02-21T06:25:32.337+0000] {processor.py:840} INFO - DAG(s) 'example_branch_datetime_operator_2', 'example_branch_datetime_operator', 'example_branch_datetime_operator_3' retrieved from /home/airflow/.local/lib/python3.8/site-packages/airflow/example_dags/example_branch_datetime_operator.py
[2025-02-21T06:25:32.443+0000] {logging_mixin.py:188} INFO - [2025-02-21T06:25:32.443+0000] {dag.py:3036} INFO - Sync 3 DAGs
[2025-02-21T06:25:32.534+0000] {logging_mixin.py:188} INFO - [2025-02-21T06:25:32.533+0000] {dag.py:3823} INFO - Setting next_dagrun for example_branch_datetime_operator to 2025-02-20 00:00:00+00:00, run_after=2025-02-21 00:00:00+00:00
[2025-02-21T06:25:32.553+0000] {logging_mixin.py:188} INFO - [2025-02-21T06:25:32.552+0000] {dag.py:3823} INFO - Setting next_dagrun for example_branch_datetime_operator_2 to 2025-02-20 00:00:00+00:00, run_after=2025-02-21 00:00:00+00:00
[2025-02-21T06:25:32.561+0000] {logging_mixin.py:188} INFO - [2025-02-21T06:25:32.561+0000] {dag.py:3823} INFO - Setting next_dagrun for example_branch_datetime_operator_3 to 2025-02-20 00:00:00+00:00, run_after=2025-02-21 00:00:00+00:00
[2025-02-21T06:25:32.606+0000] {processor.py:183} INFO - Processing /home/airflow/.local/lib/python3.8/site-packages/airflow/example_dags/example_branch_datetime_operator.py took 0.338 seconds
