[2025-02-21T06:22:59.290+0000] {processor.py:161} INFO - Started process (PID=80) to work on /home/airflow/.local/lib/python3.8/site-packages/airflow/example_dags/example_params_trigger_ui.py
[2025-02-21T06:22:59.302+0000] {processor.py:830} INFO - Processing file /home/airflow/.local/lib/python3.8/site-packages/airflow/example_dags/example_params_trigger_ui.py for tasks to queue
[2025-02-21T06:22:59.349+0000] {logging_mixin.py:188} INFO - [2025-02-21T06:22:59.346+0000] {dagbag.py:538} INFO - Filling up the DagBag from /home/airflow/.local/lib/python3.8/site-packages/airflow/example_dags/example_params_trigger_ui.py
[2025-02-21T06:22:59.519+0000] {processor.py:840} INFO - DAG(s) 'example_params_trigger_ui' retrieved from /home/airflow/.local/lib/python3.8/site-packages/airflow/example_dags/example_params_trigger_ui.py
[2025-02-21T06:23:00.082+0000] {logging_mixin.py:188} INFO - [2025-02-21T06:23:00.081+0000] {dag.py:3036} INFO - Sync 1 DAGs
[2025-02-21T06:23:00.108+0000] {logging_mixin.py:188} INFO - [2025-02-21T06:23:00.107+0000] {dag.py:3823} INFO - Setting next_dagrun for example_params_trigger_ui to None, run_after=None
[2025-02-21T06:23:00.161+0000] {processor.py:183} INFO - Processing /home/airflow/.local/lib/python3.8/site-packages/airflow/example_dags/example_params_trigger_ui.py took 0.920 seconds
[2025-02-21T06:23:30.458+0000] {processor.py:161} INFO - Started process (PID=136) to work on /home/airflow/.local/lib/python3.8/site-packages/airflow/example_dags/example_params_trigger_ui.py
[2025-02-21T06:23:30.461+0000] {processor.py:830} INFO - Processing file /home/airflow/.local/lib/python3.8/site-packages/airflow/example_dags/example_params_trigger_ui.py for tasks to queue
[2025-02-21T06:23:30.465+0000] {logging_mixin.py:188} INFO - [2025-02-21T06:23:30.465+0000] {dagbag.py:538} INFO - Filling up the DagBag from /home/airflow/.local/lib/python3.8/site-packages/airflow/example_dags/example_params_trigger_ui.py
[2025-02-21T06:23:30.526+0000] {processor.py:840} INFO - DAG(s) 'example_params_trigger_ui' retrieved from /home/airflow/.local/lib/python3.8/site-packages/airflow/example_dags/example_params_trigger_ui.py
[2025-02-21T06:23:30.664+0000] {logging_mixin.py:188} INFO - [2025-02-21T06:23:30.664+0000] {dag.py:3036} INFO - Sync 1 DAGs
[2025-02-21T06:23:30.695+0000] {logging_mixin.py:188} INFO - [2025-02-21T06:23:30.694+0000] {dag.py:3823} INFO - Setting next_dagrun for example_params_trigger_ui to None, run_after=None
[2025-02-21T06:23:30.753+0000] {processor.py:183} INFO - Processing /home/airflow/.local/lib/python3.8/site-packages/airflow/example_dags/example_params_trigger_ui.py took 0.303 seconds
[2025-02-21T06:24:01.138+0000] {processor.py:161} INFO - Started process (PID=190) to work on /home/airflow/.local/lib/python3.8/site-packages/airflow/example_dags/example_params_trigger_ui.py
[2025-02-21T06:24:01.141+0000] {processor.py:830} INFO - Processing file /home/airflow/.local/lib/python3.8/site-packages/airflow/example_dags/example_params_trigger_ui.py for tasks to queue
[2025-02-21T06:24:01.147+0000] {logging_mixin.py:188} INFO - [2025-02-21T06:24:01.146+0000] {dagbag.py:538} INFO - Filling up the DagBag from /home/airflow/.local/lib/python3.8/site-packages/airflow/example_dags/example_params_trigger_ui.py
[2025-02-21T06:24:01.184+0000] {processor.py:840} INFO - DAG(s) 'example_params_trigger_ui' retrieved from /home/airflow/.local/lib/python3.8/site-packages/airflow/example_dags/example_params_trigger_ui.py
[2025-02-21T06:24:01.333+0000] {logging_mixin.py:188} INFO - [2025-02-21T06:24:01.333+0000] {dag.py:3036} INFO - Sync 1 DAGs
[2025-02-21T06:24:01.366+0000] {logging_mixin.py:188} INFO - [2025-02-21T06:24:01.365+0000] {dag.py:3823} INFO - Setting next_dagrun for example_params_trigger_ui to None, run_after=None
[2025-02-21T06:24:01.431+0000] {processor.py:183} INFO - Processing /home/airflow/.local/lib/python3.8/site-packages/airflow/example_dags/example_params_trigger_ui.py took 0.306 seconds
[2025-02-21T06:24:31.795+0000] {processor.py:161} INFO - Started process (PID=245) to work on /home/airflow/.local/lib/python3.8/site-packages/airflow/example_dags/example_params_trigger_ui.py
[2025-02-21T06:24:31.798+0000] {processor.py:830} INFO - Processing file /home/airflow/.local/lib/python3.8/site-packages/airflow/example_dags/example_params_trigger_ui.py for tasks to queue
[2025-02-21T06:24:31.802+0000] {logging_mixin.py:188} INFO - [2025-02-21T06:24:31.802+0000] {dagbag.py:538} INFO - Filling up the DagBag from /home/airflow/.local/lib/python3.8/site-packages/airflow/example_dags/example_params_trigger_ui.py
[2025-02-21T06:24:31.842+0000] {processor.py:840} INFO - DAG(s) 'example_params_trigger_ui' retrieved from /home/airflow/.local/lib/python3.8/site-packages/airflow/example_dags/example_params_trigger_ui.py
[2025-02-21T06:24:31.993+0000] {logging_mixin.py:188} INFO - [2025-02-21T06:24:31.993+0000] {dag.py:3036} INFO - Sync 1 DAGs
[2025-02-21T06:24:32.020+0000] {logging_mixin.py:188} INFO - [2025-02-21T06:24:32.020+0000] {dag.py:3823} INFO - Setting next_dagrun for example_params_trigger_ui to None, run_after=None
[2025-02-21T06:24:32.064+0000] {processor.py:183} INFO - Processing /home/airflow/.local/lib/python3.8/site-packages/airflow/example_dags/example_params_trigger_ui.py took 0.277 seconds
[2025-02-21T06:25:02.224+0000] {processor.py:161} INFO - Started process (PID=301) to work on /home/airflow/.local/lib/python3.8/site-packages/airflow/example_dags/example_params_trigger_ui.py
[2025-02-21T06:25:02.230+0000] {processor.py:830} INFO - Processing file /home/airflow/.local/lib/python3.8/site-packages/airflow/example_dags/example_params_trigger_ui.py for tasks to queue
[2025-02-21T06:25:02.235+0000] {logging_mixin.py:188} INFO - [2025-02-21T06:25:02.234+0000] {dagbag.py:538} INFO - Filling up the DagBag from /home/airflow/.local/lib/python3.8/site-packages/airflow/example_dags/example_params_trigger_ui.py
[2025-02-21T06:25:02.272+0000] {processor.py:840} INFO - DAG(s) 'example_params_trigger_ui' retrieved from /home/airflow/.local/lib/python3.8/site-packages/airflow/example_dags/example_params_trigger_ui.py
[2025-02-21T06:25:02.464+0000] {logging_mixin.py:188} INFO - [2025-02-21T06:25:02.464+0000] {dag.py:3036} INFO - Sync 1 DAGs
[2025-02-21T06:25:02.507+0000] {logging_mixin.py:188} INFO - [2025-02-21T06:25:02.507+0000] {dag.py:3823} INFO - Setting next_dagrun for example_params_trigger_ui to None, run_after=None
[2025-02-21T06:25:02.586+0000] {processor.py:183} INFO - Processing /home/airflow/.local/lib/python3.8/site-packages/airflow/example_dags/example_params_trigger_ui.py took 0.372 seconds
[2025-02-21T06:25:32.733+0000] {processor.py:161} INFO - Started process (PID=356) to work on /home/airflow/.local/lib/python3.8/site-packages/airflow/example_dags/example_params_trigger_ui.py
[2025-02-21T06:25:32.738+0000] {processor.py:830} INFO - Processing file /home/airflow/.local/lib/python3.8/site-packages/airflow/example_dags/example_params_trigger_ui.py for tasks to queue
[2025-02-21T06:25:32.745+0000] {logging_mixin.py:188} INFO - [2025-02-21T06:25:32.744+0000] {dagbag.py:538} INFO - Filling up the DagBag from /home/airflow/.local/lib/python3.8/site-packages/airflow/example_dags/example_params_trigger_ui.py
[2025-02-21T06:25:32.779+0000] {processor.py:840} INFO - DAG(s) 'example_params_trigger_ui' retrieved from /home/airflow/.local/lib/python3.8/site-packages/airflow/example_dags/example_params_trigger_ui.py
[2025-02-21T06:25:32.914+0000] {logging_mixin.py:188} INFO - [2025-02-21T06:25:32.913+0000] {dag.py:3036} INFO - Sync 1 DAGs
[2025-02-21T06:25:32.951+0000] {logging_mixin.py:188} INFO - [2025-02-21T06:25:32.950+0000] {dag.py:3823} INFO - Setting next_dagrun for example_params_trigger_ui to None, run_after=None
[2025-02-21T06:25:33.002+0000] {processor.py:183} INFO - Processing /home/airflow/.local/lib/python3.8/site-packages/airflow/example_dags/example_params_trigger_ui.py took 0.278 seconds
