[2025-02-21T06:23:11.156+0000] {processor.py:161} INFO - Started process (PID=105) to work on /home/airflow/.local/lib/python3.8/site-packages/airflow/example_dags/example_external_task_marker_dag.py
[2025-02-21T06:23:11.159+0000] {processor.py:830} INFO - Processing file /home/airflow/.local/lib/python3.8/site-packages/airflow/example_dags/example_external_task_marker_dag.py for tasks to queue
[2025-02-21T06:23:11.168+0000] {logging_mixin.py:188} INFO - [2025-02-21T06:23:11.166+0000] {dagbag.py:538} INFO - Filling up the DagBag from /home/airflow/.local/lib/python3.8/site-packages/airflow/example_dags/example_external_task_marker_dag.py
[2025-02-21T06:23:11.192+0000] {processor.py:840} INFO - DAG(s) 'example_external_task_marker_parent', 'example_external_task_marker_child' retrieved from /home/airflow/.local/lib/python3.8/site-packages/airflow/example_dags/example_external_task_marker_dag.py
[2025-02-21T06:23:11.539+0000] {logging_mixin.py:188} INFO - [2025-02-21T06:23:11.538+0000] {dag.py:3036} INFO - Sync 2 DAGs
[2025-02-21T06:23:11.578+0000] {logging_mixin.py:188} INFO - [2025-02-21T06:23:11.578+0000] {dag.py:3823} INFO - Setting next_dagrun for example_external_task_marker_child to None, run_after=None
[2025-02-21T06:23:11.586+0000] {logging_mixin.py:188} INFO - [2025-02-21T06:23:11.586+0000] {dag.py:3823} INFO - Setting next_dagrun for example_external_task_marker_parent to None, run_after=None
[2025-02-21T06:23:11.659+0000] {processor.py:183} INFO - Processing /home/airflow/.local/lib/python3.8/site-packages/airflow/example_dags/example_external_task_marker_dag.py took 0.514 seconds
[2025-02-21T06:23:41.862+0000] {processor.py:161} INFO - Started process (PID=159) to work on /home/airflow/.local/lib/python3.8/site-packages/airflow/example_dags/example_external_task_marker_dag.py
[2025-02-21T06:23:41.867+0000] {processor.py:830} INFO - Processing file /home/airflow/.local/lib/python3.8/site-packages/airflow/example_dags/example_external_task_marker_dag.py for tasks to queue
[2025-02-21T06:23:41.874+0000] {logging_mixin.py:188} INFO - [2025-02-21T06:23:41.873+0000] {dagbag.py:538} INFO - Filling up the DagBag from /home/airflow/.local/lib/python3.8/site-packages/airflow/example_dags/example_external_task_marker_dag.py
[2025-02-21T06:23:41.890+0000] {processor.py:840} INFO - DAG(s) 'example_external_task_marker_child', 'example_external_task_marker_parent' retrieved from /home/airflow/.local/lib/python3.8/site-packages/airflow/example_dags/example_external_task_marker_dag.py
[2025-02-21T06:23:41.967+0000] {logging_mixin.py:188} INFO - [2025-02-21T06:23:41.966+0000] {dag.py:3036} INFO - Sync 2 DAGs
[2025-02-21T06:23:42.008+0000] {logging_mixin.py:188} INFO - [2025-02-21T06:23:42.007+0000] {dag.py:3823} INFO - Setting next_dagrun for example_external_task_marker_child to None, run_after=None
[2025-02-21T06:23:42.032+0000] {logging_mixin.py:188} INFO - [2025-02-21T06:23:42.031+0000] {dag.py:3823} INFO - Setting next_dagrun for example_external_task_marker_parent to None, run_after=None
[2025-02-21T06:23:42.101+0000] {processor.py:183} INFO - Processing /home/airflow/.local/lib/python3.8/site-packages/airflow/example_dags/example_external_task_marker_dag.py took 0.253 seconds
[2025-02-21T06:24:12.308+0000] {processor.py:161} INFO - Started process (PID=214) to work on /home/airflow/.local/lib/python3.8/site-packages/airflow/example_dags/example_external_task_marker_dag.py
[2025-02-21T06:24:12.314+0000] {processor.py:830} INFO - Processing file /home/airflow/.local/lib/python3.8/site-packages/airflow/example_dags/example_external_task_marker_dag.py for tasks to queue
[2025-02-21T06:24:12.320+0000] {logging_mixin.py:188} INFO - [2025-02-21T06:24:12.320+0000] {dagbag.py:538} INFO - Filling up the DagBag from /home/airflow/.local/lib/python3.8/site-packages/airflow/example_dags/example_external_task_marker_dag.py
[2025-02-21T06:24:12.337+0000] {processor.py:840} INFO - DAG(s) 'example_external_task_marker_parent', 'example_external_task_marker_child' retrieved from /home/airflow/.local/lib/python3.8/site-packages/airflow/example_dags/example_external_task_marker_dag.py
[2025-02-21T06:24:12.410+0000] {logging_mixin.py:188} INFO - [2025-02-21T06:24:12.410+0000] {dag.py:3036} INFO - Sync 2 DAGs
[2025-02-21T06:24:12.440+0000] {logging_mixin.py:188} INFO - [2025-02-21T06:24:12.440+0000] {dag.py:3823} INFO - Setting next_dagrun for example_external_task_marker_child to None, run_after=None
[2025-02-21T06:24:12.451+0000] {logging_mixin.py:188} INFO - [2025-02-21T06:24:12.450+0000] {dag.py:3823} INFO - Setting next_dagrun for example_external_task_marker_parent to None, run_after=None
[2025-02-21T06:24:12.496+0000] {processor.py:183} INFO - Processing /home/airflow/.local/lib/python3.8/site-packages/airflow/example_dags/example_external_task_marker_dag.py took 0.198 seconds
[2025-02-21T06:24:42.610+0000] {processor.py:161} INFO - Started process (PID=270) to work on /home/airflow/.local/lib/python3.8/site-packages/airflow/example_dags/example_external_task_marker_dag.py
[2025-02-21T06:24:42.614+0000] {processor.py:830} INFO - Processing file /home/airflow/.local/lib/python3.8/site-packages/airflow/example_dags/example_external_task_marker_dag.py for tasks to queue
[2025-02-21T06:24:42.621+0000] {logging_mixin.py:188} INFO - [2025-02-21T06:24:42.620+0000] {dagbag.py:538} INFO - Filling up the DagBag from /home/airflow/.local/lib/python3.8/site-packages/airflow/example_dags/example_external_task_marker_dag.py
[2025-02-21T06:24:42.643+0000] {processor.py:840} INFO - DAG(s) 'example_external_task_marker_parent', 'example_external_task_marker_child' retrieved from /home/airflow/.local/lib/python3.8/site-packages/airflow/example_dags/example_external_task_marker_dag.py
[2025-02-21T06:24:42.729+0000] {logging_mixin.py:188} INFO - [2025-02-21T06:24:42.728+0000] {dag.py:3036} INFO - Sync 2 DAGs
[2025-02-21T06:24:42.784+0000] {logging_mixin.py:188} INFO - [2025-02-21T06:24:42.783+0000] {dag.py:3823} INFO - Setting next_dagrun for example_external_task_marker_child to None, run_after=None
[2025-02-21T06:24:42.798+0000] {logging_mixin.py:188} INFO - [2025-02-21T06:24:42.797+0000] {dag.py:3823} INFO - Setting next_dagrun for example_external_task_marker_parent to None, run_after=None
[2025-02-21T06:24:42.849+0000] {processor.py:183} INFO - Processing /home/airflow/.local/lib/python3.8/site-packages/airflow/example_dags/example_external_task_marker_dag.py took 0.248 seconds
[2025-02-21T06:25:13.330+0000] {processor.py:161} INFO - Started process (PID=325) to work on /home/airflow/.local/lib/python3.8/site-packages/airflow/example_dags/example_external_task_marker_dag.py
[2025-02-21T06:25:13.335+0000] {processor.py:830} INFO - Processing file /home/airflow/.local/lib/python3.8/site-packages/airflow/example_dags/example_external_task_marker_dag.py for tasks to queue
[2025-02-21T06:25:13.344+0000] {logging_mixin.py:188} INFO - [2025-02-21T06:25:13.343+0000] {dagbag.py:538} INFO - Filling up the DagBag from /home/airflow/.local/lib/python3.8/site-packages/airflow/example_dags/example_external_task_marker_dag.py
[2025-02-21T06:25:13.372+0000] {processor.py:840} INFO - DAG(s) 'example_external_task_marker_child', 'example_external_task_marker_parent' retrieved from /home/airflow/.local/lib/python3.8/site-packages/airflow/example_dags/example_external_task_marker_dag.py
[2025-02-21T06:25:13.464+0000] {logging_mixin.py:188} INFO - [2025-02-21T06:25:13.463+0000] {dag.py:3036} INFO - Sync 2 DAGs
[2025-02-21T06:25:13.506+0000] {logging_mixin.py:188} INFO - [2025-02-21T06:25:13.505+0000] {dag.py:3823} INFO - Setting next_dagrun for example_external_task_marker_child to None, run_after=None
[2025-02-21T06:25:13.520+0000] {logging_mixin.py:188} INFO - [2025-02-21T06:25:13.519+0000] {dag.py:3823} INFO - Setting next_dagrun for example_external_task_marker_parent to None, run_after=None
[2025-02-21T06:25:13.584+0000] {processor.py:183} INFO - Processing /home/airflow/.local/lib/python3.8/site-packages/airflow/example_dags/example_external_task_marker_dag.py took 0.267 seconds
[2025-02-21T06:25:44.472+0000] {processor.py:161} INFO - Started process (PID=380) to work on /home/airflow/.local/lib/python3.8/site-packages/airflow/example_dags/example_external_task_marker_dag.py
[2025-02-21T06:25:44.476+0000] {processor.py:830} INFO - Processing file /home/airflow/.local/lib/python3.8/site-packages/airflow/example_dags/example_external_task_marker_dag.py for tasks to queue
[2025-02-21T06:25:44.483+0000] {logging_mixin.py:188} INFO - [2025-02-21T06:25:44.482+0000] {dagbag.py:538} INFO - Filling up the DagBag from /home/airflow/.local/lib/python3.8/site-packages/airflow/example_dags/example_external_task_marker_dag.py
[2025-02-21T06:25:44.513+0000] {processor.py:840} INFO - DAG(s) 'example_external_task_marker_parent', 'example_external_task_marker_child' retrieved from /home/airflow/.local/lib/python3.8/site-packages/airflow/example_dags/example_external_task_marker_dag.py
[2025-02-21T06:25:44.596+0000] {logging_mixin.py:188} INFO - [2025-02-21T06:25:44.595+0000] {dag.py:3036} INFO - Sync 2 DAGs
[2025-02-21T06:25:44.629+0000] {logging_mixin.py:188} INFO - [2025-02-21T06:25:44.628+0000] {dag.py:3823} INFO - Setting next_dagrun for example_external_task_marker_child to None, run_after=None
[2025-02-21T06:25:44.638+0000] {logging_mixin.py:188} INFO - [2025-02-21T06:25:44.637+0000] {dag.py:3823} INFO - Setting next_dagrun for example_external_task_marker_parent to None, run_after=None
[2025-02-21T06:25:44.694+0000] {processor.py:183} INFO - Processing /home/airflow/.local/lib/python3.8/site-packages/airflow/example_dags/example_external_task_marker_dag.py took 0.234 seconds
[2025-02-21T06:26:15.688+0000] {processor.py:161} INFO - Started process (PID=435) to work on /home/airflow/.local/lib/python3.8/site-packages/airflow/example_dags/example_external_task_marker_dag.py
[2025-02-21T06:26:15.691+0000] {processor.py:830} INFO - Processing file /home/airflow/.local/lib/python3.8/site-packages/airflow/example_dags/example_external_task_marker_dag.py for tasks to queue
[2025-02-21T06:26:15.699+0000] {logging_mixin.py:188} INFO - [2025-02-21T06:26:15.697+0000] {dagbag.py:538} INFO - Filling up the DagBag from /home/airflow/.local/lib/python3.8/site-packages/airflow/example_dags/example_external_task_marker_dag.py
[2025-02-21T06:26:15.717+0000] {processor.py:840} INFO - DAG(s) 'example_external_task_marker_child', 'example_external_task_marker_parent' retrieved from /home/airflow/.local/lib/python3.8/site-packages/airflow/example_dags/example_external_task_marker_dag.py
[2025-02-21T06:26:15.790+0000] {logging_mixin.py:188} INFO - [2025-02-21T06:26:15.790+0000] {dag.py:3036} INFO - Sync 2 DAGs
[2025-02-21T06:26:15.832+0000] {logging_mixin.py:188} INFO - [2025-02-21T06:26:15.831+0000] {dag.py:3823} INFO - Setting next_dagrun for example_external_task_marker_child to None, run_after=None
[2025-02-21T06:26:15.843+0000] {logging_mixin.py:188} INFO - [2025-02-21T06:26:15.842+0000] {dag.py:3823} INFO - Setting next_dagrun for example_external_task_marker_parent to None, run_after=None
[2025-02-21T06:26:15.889+0000] {processor.py:183} INFO - Processing /home/airflow/.local/lib/python3.8/site-packages/airflow/example_dags/example_external_task_marker_dag.py took 0.210 seconds
[2025-02-21T06:26:46.057+0000] {processor.py:161} INFO - Started process (PID=491) to work on /home/airflow/.local/lib/python3.8/site-packages/airflow/example_dags/example_external_task_marker_dag.py
[2025-02-21T06:26:46.061+0000] {processor.py:830} INFO - Processing file /home/airflow/.local/lib/python3.8/site-packages/airflow/example_dags/example_external_task_marker_dag.py for tasks to queue
[2025-02-21T06:26:46.066+0000] {logging_mixin.py:188} INFO - [2025-02-21T06:26:46.066+0000] {dagbag.py:538} INFO - Filling up the DagBag from /home/airflow/.local/lib/python3.8/site-packages/airflow/example_dags/example_external_task_marker_dag.py
[2025-02-21T06:26:46.084+0000] {processor.py:840} INFO - DAG(s) 'example_external_task_marker_child', 'example_external_task_marker_parent' retrieved from /home/airflow/.local/lib/python3.8/site-packages/airflow/example_dags/example_external_task_marker_dag.py
[2025-02-21T06:26:46.159+0000] {logging_mixin.py:188} INFO - [2025-02-21T06:26:46.158+0000] {dag.py:3036} INFO - Sync 2 DAGs
[2025-02-21T06:26:46.198+0000] {logging_mixin.py:188} INFO - [2025-02-21T06:26:46.198+0000] {dag.py:3823} INFO - Setting next_dagrun for example_external_task_marker_child to None, run_after=None
[2025-02-21T06:26:46.212+0000] {logging_mixin.py:188} INFO - [2025-02-21T06:26:46.212+0000] {dag.py:3823} INFO - Setting next_dagrun for example_external_task_marker_parent to None, run_after=None
[2025-02-21T06:26:46.270+0000] {processor.py:183} INFO - Processing /home/airflow/.local/lib/python3.8/site-packages/airflow/example_dags/example_external_task_marker_dag.py took 0.227 seconds
[2025-02-21T06:27:17.105+0000] {processor.py:161} INFO - Started process (PID=545) to work on /home/airflow/.local/lib/python3.8/site-packages/airflow/example_dags/example_external_task_marker_dag.py
[2025-02-21T06:27:17.108+0000] {processor.py:830} INFO - Processing file /home/airflow/.local/lib/python3.8/site-packages/airflow/example_dags/example_external_task_marker_dag.py for tasks to queue
[2025-02-21T06:27:17.113+0000] {logging_mixin.py:188} INFO - [2025-02-21T06:27:17.112+0000] {dagbag.py:538} INFO - Filling up the DagBag from /home/airflow/.local/lib/python3.8/site-packages/airflow/example_dags/example_external_task_marker_dag.py
[2025-02-21T06:27:17.126+0000] {processor.py:840} INFO - DAG(s) 'example_external_task_marker_child', 'example_external_task_marker_parent' retrieved from /home/airflow/.local/lib/python3.8/site-packages/airflow/example_dags/example_external_task_marker_dag.py
[2025-02-21T06:27:17.191+0000] {logging_mixin.py:188} INFO - [2025-02-21T06:27:17.190+0000] {dag.py:3036} INFO - Sync 2 DAGs
[2025-02-21T06:27:17.223+0000] {logging_mixin.py:188} INFO - [2025-02-21T06:27:17.222+0000] {dag.py:3823} INFO - Setting next_dagrun for example_external_task_marker_child to None, run_after=None
[2025-02-21T06:27:17.236+0000] {logging_mixin.py:188} INFO - [2025-02-21T06:27:17.235+0000] {dag.py:3823} INFO - Setting next_dagrun for example_external_task_marker_parent to None, run_after=None
[2025-02-21T06:27:17.298+0000] {processor.py:183} INFO - Processing /home/airflow/.local/lib/python3.8/site-packages/airflow/example_dags/example_external_task_marker_dag.py took 0.202 seconds
[2025-02-21T06:27:47.705+0000] {processor.py:161} INFO - Started process (PID=600) to work on /home/airflow/.local/lib/python3.8/site-packages/airflow/example_dags/example_external_task_marker_dag.py
[2025-02-21T06:27:47.712+0000] {processor.py:830} INFO - Processing file /home/airflow/.local/lib/python3.8/site-packages/airflow/example_dags/example_external_task_marker_dag.py for tasks to queue
[2025-02-21T06:27:47.722+0000] {logging_mixin.py:188} INFO - [2025-02-21T06:27:47.720+0000] {dagbag.py:538} INFO - Filling up the DagBag from /home/airflow/.local/lib/python3.8/site-packages/airflow/example_dags/example_external_task_marker_dag.py
[2025-02-21T06:27:47.741+0000] {processor.py:840} INFO - DAG(s) 'example_external_task_marker_child', 'example_external_task_marker_parent' retrieved from /home/airflow/.local/lib/python3.8/site-packages/airflow/example_dags/example_external_task_marker_dag.py
[2025-02-21T06:27:47.827+0000] {logging_mixin.py:188} INFO - [2025-02-21T06:27:47.826+0000] {dag.py:3036} INFO - Sync 2 DAGs
[2025-02-21T06:27:47.859+0000] {logging_mixin.py:188} INFO - [2025-02-21T06:27:47.859+0000] {dag.py:3823} INFO - Setting next_dagrun for example_external_task_marker_child to None, run_after=None
[2025-02-21T06:27:47.868+0000] {logging_mixin.py:188} INFO - [2025-02-21T06:27:47.868+0000] {dag.py:3823} INFO - Setting next_dagrun for example_external_task_marker_parent to None, run_after=None
[2025-02-21T06:27:47.921+0000] {processor.py:183} INFO - Processing /home/airflow/.local/lib/python3.8/site-packages/airflow/example_dags/example_external_task_marker_dag.py took 0.227 seconds
[2025-02-21T06:28:19.082+0000] {processor.py:161} INFO - Started process (PID=655) to work on /home/airflow/.local/lib/python3.8/site-packages/airflow/example_dags/example_external_task_marker_dag.py
[2025-02-21T06:28:19.085+0000] {processor.py:830} INFO - Processing file /home/airflow/.local/lib/python3.8/site-packages/airflow/example_dags/example_external_task_marker_dag.py for tasks to queue
[2025-02-21T06:28:19.091+0000] {logging_mixin.py:188} INFO - [2025-02-21T06:28:19.091+0000] {dagbag.py:538} INFO - Filling up the DagBag from /home/airflow/.local/lib/python3.8/site-packages/airflow/example_dags/example_external_task_marker_dag.py
[2025-02-21T06:28:19.117+0000] {processor.py:840} INFO - DAG(s) 'example_external_task_marker_child', 'example_external_task_marker_parent' retrieved from /home/airflow/.local/lib/python3.8/site-packages/airflow/example_dags/example_external_task_marker_dag.py
[2025-02-21T06:28:19.194+0000] {logging_mixin.py:188} INFO - [2025-02-21T06:28:19.193+0000] {dag.py:3036} INFO - Sync 2 DAGs
[2025-02-21T06:28:19.224+0000] {logging_mixin.py:188} INFO - [2025-02-21T06:28:19.223+0000] {dag.py:3823} INFO - Setting next_dagrun for example_external_task_marker_child to None, run_after=None
[2025-02-21T06:28:19.237+0000] {logging_mixin.py:188} INFO - [2025-02-21T06:28:19.237+0000] {dag.py:3823} INFO - Setting next_dagrun for example_external_task_marker_parent to None, run_after=None
[2025-02-21T06:28:19.290+0000] {processor.py:183} INFO - Processing /home/airflow/.local/lib/python3.8/site-packages/airflow/example_dags/example_external_task_marker_dag.py took 0.216 seconds
[2025-02-21T06:28:49.556+0000] {processor.py:161} INFO - Started process (PID=709) to work on /home/airflow/.local/lib/python3.8/site-packages/airflow/example_dags/example_external_task_marker_dag.py
[2025-02-21T06:28:49.559+0000] {processor.py:830} INFO - Processing file /home/airflow/.local/lib/python3.8/site-packages/airflow/example_dags/example_external_task_marker_dag.py for tasks to queue
[2025-02-21T06:28:49.564+0000] {logging_mixin.py:188} INFO - [2025-02-21T06:28:49.563+0000] {dagbag.py:538} INFO - Filling up the DagBag from /home/airflow/.local/lib/python3.8/site-packages/airflow/example_dags/example_external_task_marker_dag.py
[2025-02-21T06:28:49.581+0000] {processor.py:840} INFO - DAG(s) 'example_external_task_marker_parent', 'example_external_task_marker_child' retrieved from /home/airflow/.local/lib/python3.8/site-packages/airflow/example_dags/example_external_task_marker_dag.py
[2025-02-21T06:28:49.666+0000] {logging_mixin.py:188} INFO - [2025-02-21T06:28:49.666+0000] {dag.py:3036} INFO - Sync 2 DAGs
[2025-02-21T06:28:49.699+0000] {logging_mixin.py:188} INFO - [2025-02-21T06:28:49.698+0000] {dag.py:3823} INFO - Setting next_dagrun for example_external_task_marker_child to None, run_after=None
[2025-02-21T06:28:49.708+0000] {logging_mixin.py:188} INFO - [2025-02-21T06:28:49.708+0000] {dag.py:3823} INFO - Setting next_dagrun for example_external_task_marker_parent to None, run_after=None
[2025-02-21T06:28:49.753+0000] {processor.py:183} INFO - Processing /home/airflow/.local/lib/python3.8/site-packages/airflow/example_dags/example_external_task_marker_dag.py took 0.204 seconds
[2025-02-21T06:29:20.397+0000] {processor.py:161} INFO - Started process (PID=764) to work on /home/airflow/.local/lib/python3.8/site-packages/airflow/example_dags/example_external_task_marker_dag.py
[2025-02-21T06:29:20.404+0000] {processor.py:830} INFO - Processing file /home/airflow/.local/lib/python3.8/site-packages/airflow/example_dags/example_external_task_marker_dag.py for tasks to queue
[2025-02-21T06:29:20.409+0000] {logging_mixin.py:188} INFO - [2025-02-21T06:29:20.408+0000] {dagbag.py:538} INFO - Filling up the DagBag from /home/airflow/.local/lib/python3.8/site-packages/airflow/example_dags/example_external_task_marker_dag.py
[2025-02-21T06:29:20.429+0000] {processor.py:840} INFO - DAG(s) 'example_external_task_marker_parent', 'example_external_task_marker_child' retrieved from /home/airflow/.local/lib/python3.8/site-packages/airflow/example_dags/example_external_task_marker_dag.py
[2025-02-21T06:29:20.532+0000] {logging_mixin.py:188} INFO - [2025-02-21T06:29:20.531+0000] {dag.py:3036} INFO - Sync 2 DAGs
[2025-02-21T06:29:20.588+0000] {logging_mixin.py:188} INFO - [2025-02-21T06:29:20.587+0000] {dag.py:3823} INFO - Setting next_dagrun for example_external_task_marker_child to None, run_after=None
[2025-02-21T06:29:20.602+0000] {logging_mixin.py:188} INFO - [2025-02-21T06:29:20.600+0000] {dag.py:3823} INFO - Setting next_dagrun for example_external_task_marker_parent to None, run_after=None
[2025-02-21T06:29:20.670+0000] {processor.py:183} INFO - Processing /home/airflow/.local/lib/python3.8/site-packages/airflow/example_dags/example_external_task_marker_dag.py took 0.283 seconds
[2025-02-21T06:29:51.305+0000] {processor.py:161} INFO - Started process (PID=819) to work on /home/airflow/.local/lib/python3.8/site-packages/airflow/example_dags/example_external_task_marker_dag.py
[2025-02-21T06:29:51.308+0000] {processor.py:830} INFO - Processing file /home/airflow/.local/lib/python3.8/site-packages/airflow/example_dags/example_external_task_marker_dag.py for tasks to queue
[2025-02-21T06:29:51.313+0000] {logging_mixin.py:188} INFO - [2025-02-21T06:29:51.313+0000] {dagbag.py:538} INFO - Filling up the DagBag from /home/airflow/.local/lib/python3.8/site-packages/airflow/example_dags/example_external_task_marker_dag.py
[2025-02-21T06:29:51.333+0000] {processor.py:840} INFO - DAG(s) 'example_external_task_marker_child', 'example_external_task_marker_parent' retrieved from /home/airflow/.local/lib/python3.8/site-packages/airflow/example_dags/example_external_task_marker_dag.py
[2025-02-21T06:29:51.413+0000] {logging_mixin.py:188} INFO - [2025-02-21T06:29:51.412+0000] {dag.py:3036} INFO - Sync 2 DAGs
[2025-02-21T06:29:51.441+0000] {logging_mixin.py:188} INFO - [2025-02-21T06:29:51.440+0000] {dag.py:3823} INFO - Setting next_dagrun for example_external_task_marker_child to None, run_after=None
[2025-02-21T06:29:51.452+0000] {logging_mixin.py:188} INFO - [2025-02-21T06:29:51.451+0000] {dag.py:3823} INFO - Setting next_dagrun for example_external_task_marker_parent to None, run_after=None
[2025-02-21T06:29:51.522+0000] {processor.py:183} INFO - Processing /home/airflow/.local/lib/python3.8/site-packages/airflow/example_dags/example_external_task_marker_dag.py took 0.224 seconds
[2025-02-21T06:30:21.692+0000] {processor.py:161} INFO - Started process (PID=874) to work on /home/airflow/.local/lib/python3.8/site-packages/airflow/example_dags/example_external_task_marker_dag.py
[2025-02-21T06:30:21.698+0000] {processor.py:830} INFO - Processing file /home/airflow/.local/lib/python3.8/site-packages/airflow/example_dags/example_external_task_marker_dag.py for tasks to queue
[2025-02-21T06:30:21.704+0000] {logging_mixin.py:188} INFO - [2025-02-21T06:30:21.704+0000] {dagbag.py:538} INFO - Filling up the DagBag from /home/airflow/.local/lib/python3.8/site-packages/airflow/example_dags/example_external_task_marker_dag.py
[2025-02-21T06:30:21.717+0000] {processor.py:840} INFO - DAG(s) 'example_external_task_marker_child', 'example_external_task_marker_parent' retrieved from /home/airflow/.local/lib/python3.8/site-packages/airflow/example_dags/example_external_task_marker_dag.py
[2025-02-21T06:30:21.795+0000] {logging_mixin.py:188} INFO - [2025-02-21T06:30:21.794+0000] {dag.py:3036} INFO - Sync 2 DAGs
[2025-02-21T06:30:21.837+0000] {logging_mixin.py:188} INFO - [2025-02-21T06:30:21.837+0000] {dag.py:3823} INFO - Setting next_dagrun for example_external_task_marker_child to None, run_after=None
[2025-02-21T06:30:21.847+0000] {logging_mixin.py:188} INFO - [2025-02-21T06:30:21.847+0000] {dag.py:3823} INFO - Setting next_dagrun for example_external_task_marker_parent to None, run_after=None
[2025-02-21T06:30:21.909+0000] {processor.py:183} INFO - Processing /home/airflow/.local/lib/python3.8/site-packages/airflow/example_dags/example_external_task_marker_dag.py took 0.229 seconds
[2025-02-21T06:30:52.432+0000] {processor.py:161} INFO - Started process (PID=929) to work on /home/airflow/.local/lib/python3.8/site-packages/airflow/example_dags/example_external_task_marker_dag.py
[2025-02-21T06:30:52.435+0000] {processor.py:830} INFO - Processing file /home/airflow/.local/lib/python3.8/site-packages/airflow/example_dags/example_external_task_marker_dag.py for tasks to queue
[2025-02-21T06:30:52.440+0000] {logging_mixin.py:188} INFO - [2025-02-21T06:30:52.439+0000] {dagbag.py:538} INFO - Filling up the DagBag from /home/airflow/.local/lib/python3.8/site-packages/airflow/example_dags/example_external_task_marker_dag.py
[2025-02-21T06:30:52.454+0000] {processor.py:840} INFO - DAG(s) 'example_external_task_marker_parent', 'example_external_task_marker_child' retrieved from /home/airflow/.local/lib/python3.8/site-packages/airflow/example_dags/example_external_task_marker_dag.py
[2025-02-21T06:30:52.509+0000] {logging_mixin.py:188} INFO - [2025-02-21T06:30:52.509+0000] {dag.py:3036} INFO - Sync 2 DAGs
[2025-02-21T06:30:52.541+0000] {logging_mixin.py:188} INFO - [2025-02-21T06:30:52.541+0000] {dag.py:3823} INFO - Setting next_dagrun for example_external_task_marker_child to None, run_after=None
[2025-02-21T06:30:52.549+0000] {logging_mixin.py:188} INFO - [2025-02-21T06:30:52.549+0000] {dag.py:3823} INFO - Setting next_dagrun for example_external_task_marker_parent to None, run_after=None
[2025-02-21T06:30:52.588+0000] {processor.py:183} INFO - Processing /home/airflow/.local/lib/python3.8/site-packages/airflow/example_dags/example_external_task_marker_dag.py took 0.163 seconds
[2025-02-21T06:31:23.496+0000] {processor.py:161} INFO - Started process (PID=984) to work on /home/airflow/.local/lib/python3.8/site-packages/airflow/example_dags/example_external_task_marker_dag.py
[2025-02-21T06:31:23.502+0000] {processor.py:830} INFO - Processing file /home/airflow/.local/lib/python3.8/site-packages/airflow/example_dags/example_external_task_marker_dag.py for tasks to queue
[2025-02-21T06:31:23.507+0000] {logging_mixin.py:188} INFO - [2025-02-21T06:31:23.506+0000] {dagbag.py:538} INFO - Filling up the DagBag from /home/airflow/.local/lib/python3.8/site-packages/airflow/example_dags/example_external_task_marker_dag.py
[2025-02-21T06:31:23.534+0000] {processor.py:840} INFO - DAG(s) 'example_external_task_marker_child', 'example_external_task_marker_parent' retrieved from /home/airflow/.local/lib/python3.8/site-packages/airflow/example_dags/example_external_task_marker_dag.py
[2025-02-21T06:31:23.608+0000] {logging_mixin.py:188} INFO - [2025-02-21T06:31:23.608+0000] {dag.py:3036} INFO - Sync 2 DAGs
[2025-02-21T06:31:23.642+0000] {logging_mixin.py:188} INFO - [2025-02-21T06:31:23.641+0000] {dag.py:3823} INFO - Setting next_dagrun for example_external_task_marker_child to None, run_after=None
[2025-02-21T06:31:23.649+0000] {logging_mixin.py:188} INFO - [2025-02-21T06:31:23.649+0000] {dag.py:3823} INFO - Setting next_dagrun for example_external_task_marker_parent to None, run_after=None
[2025-02-21T06:31:23.697+0000] {processor.py:183} INFO - Processing /home/airflow/.local/lib/python3.8/site-packages/airflow/example_dags/example_external_task_marker_dag.py took 0.210 seconds
[2025-02-21T06:31:54.271+0000] {processor.py:161} INFO - Started process (PID=1040) to work on /home/airflow/.local/lib/python3.8/site-packages/airflow/example_dags/example_external_task_marker_dag.py
[2025-02-21T06:31:54.274+0000] {processor.py:830} INFO - Processing file /home/airflow/.local/lib/python3.8/site-packages/airflow/example_dags/example_external_task_marker_dag.py for tasks to queue
[2025-02-21T06:31:54.278+0000] {logging_mixin.py:188} INFO - [2025-02-21T06:31:54.278+0000] {dagbag.py:538} INFO - Filling up the DagBag from /home/airflow/.local/lib/python3.8/site-packages/airflow/example_dags/example_external_task_marker_dag.py
[2025-02-21T06:31:54.294+0000] {processor.py:840} INFO - DAG(s) 'example_external_task_marker_parent', 'example_external_task_marker_child' retrieved from /home/airflow/.local/lib/python3.8/site-packages/airflow/example_dags/example_external_task_marker_dag.py
[2025-02-21T06:31:54.363+0000] {logging_mixin.py:188} INFO - [2025-02-21T06:31:54.362+0000] {dag.py:3036} INFO - Sync 2 DAGs
[2025-02-21T06:31:54.418+0000] {logging_mixin.py:188} INFO - [2025-02-21T06:31:54.417+0000] {dag.py:3823} INFO - Setting next_dagrun for example_external_task_marker_child to None, run_after=None
[2025-02-21T06:31:54.440+0000] {logging_mixin.py:188} INFO - [2025-02-21T06:31:54.439+0000] {dag.py:3823} INFO - Setting next_dagrun for example_external_task_marker_parent to None, run_after=None
[2025-02-21T06:31:54.535+0000] {processor.py:183} INFO - Processing /home/airflow/.local/lib/python3.8/site-packages/airflow/example_dags/example_external_task_marker_dag.py took 0.275 seconds
[2025-02-21T06:32:25.651+0000] {processor.py:161} INFO - Started process (PID=1095) to work on /home/airflow/.local/lib/python3.8/site-packages/airflow/example_dags/example_external_task_marker_dag.py
[2025-02-21T06:32:25.656+0000] {processor.py:830} INFO - Processing file /home/airflow/.local/lib/python3.8/site-packages/airflow/example_dags/example_external_task_marker_dag.py for tasks to queue
[2025-02-21T06:32:25.667+0000] {logging_mixin.py:188} INFO - [2025-02-21T06:32:25.666+0000] {dagbag.py:538} INFO - Filling up the DagBag from /home/airflow/.local/lib/python3.8/site-packages/airflow/example_dags/example_external_task_marker_dag.py
[2025-02-21T06:32:25.695+0000] {processor.py:840} INFO - DAG(s) 'example_external_task_marker_parent', 'example_external_task_marker_child' retrieved from /home/airflow/.local/lib/python3.8/site-packages/airflow/example_dags/example_external_task_marker_dag.py
[2025-02-21T06:32:25.790+0000] {logging_mixin.py:188} INFO - [2025-02-21T06:32:25.789+0000] {dag.py:3036} INFO - Sync 2 DAGs
[2025-02-21T06:32:25.840+0000] {logging_mixin.py:188} INFO - [2025-02-21T06:32:25.840+0000] {dag.py:3823} INFO - Setting next_dagrun for example_external_task_marker_child to None, run_after=None
[2025-02-21T06:32:25.871+0000] {logging_mixin.py:188} INFO - [2025-02-21T06:32:25.870+0000] {dag.py:3823} INFO - Setting next_dagrun for example_external_task_marker_parent to None, run_after=None
[2025-02-21T06:32:25.948+0000] {processor.py:183} INFO - Processing /home/airflow/.local/lib/python3.8/site-packages/airflow/example_dags/example_external_task_marker_dag.py took 0.309 seconds
[2025-02-21T06:32:56.356+0000] {processor.py:161} INFO - Started process (PID=1150) to work on /home/airflow/.local/lib/python3.8/site-packages/airflow/example_dags/example_external_task_marker_dag.py
[2025-02-21T06:32:56.359+0000] {processor.py:830} INFO - Processing file /home/airflow/.local/lib/python3.8/site-packages/airflow/example_dags/example_external_task_marker_dag.py for tasks to queue
[2025-02-21T06:32:56.363+0000] {logging_mixin.py:188} INFO - [2025-02-21T06:32:56.363+0000] {dagbag.py:538} INFO - Filling up the DagBag from /home/airflow/.local/lib/python3.8/site-packages/airflow/example_dags/example_external_task_marker_dag.py
[2025-02-21T06:32:56.382+0000] {processor.py:840} INFO - DAG(s) 'example_external_task_marker_child', 'example_external_task_marker_parent' retrieved from /home/airflow/.local/lib/python3.8/site-packages/airflow/example_dags/example_external_task_marker_dag.py
[2025-02-21T06:32:56.456+0000] {logging_mixin.py:188} INFO - [2025-02-21T06:32:56.456+0000] {dag.py:3036} INFO - Sync 2 DAGs
[2025-02-21T06:32:56.497+0000] {logging_mixin.py:188} INFO - [2025-02-21T06:32:56.497+0000] {dag.py:3823} INFO - Setting next_dagrun for example_external_task_marker_child to None, run_after=None
[2025-02-21T06:32:56.507+0000] {logging_mixin.py:188} INFO - [2025-02-21T06:32:56.507+0000] {dag.py:3823} INFO - Setting next_dagrun for example_external_task_marker_parent to None, run_after=None
[2025-02-21T06:32:56.569+0000] {processor.py:183} INFO - Processing /home/airflow/.local/lib/python3.8/site-packages/airflow/example_dags/example_external_task_marker_dag.py took 0.224 seconds
[2025-02-21T06:33:26.856+0000] {processor.py:161} INFO - Started process (PID=1205) to work on /home/airflow/.local/lib/python3.8/site-packages/airflow/example_dags/example_external_task_marker_dag.py
[2025-02-21T06:33:26.870+0000] {processor.py:830} INFO - Processing file /home/airflow/.local/lib/python3.8/site-packages/airflow/example_dags/example_external_task_marker_dag.py for tasks to queue
[2025-02-21T06:33:26.876+0000] {logging_mixin.py:188} INFO - [2025-02-21T06:33:26.875+0000] {dagbag.py:538} INFO - Filling up the DagBag from /home/airflow/.local/lib/python3.8/site-packages/airflow/example_dags/example_external_task_marker_dag.py
[2025-02-21T06:33:26.895+0000] {processor.py:840} INFO - DAG(s) 'example_external_task_marker_parent', 'example_external_task_marker_child' retrieved from /home/airflow/.local/lib/python3.8/site-packages/airflow/example_dags/example_external_task_marker_dag.py
[2025-02-21T06:33:26.976+0000] {logging_mixin.py:188} INFO - [2025-02-21T06:33:26.976+0000] {dag.py:3036} INFO - Sync 2 DAGs
[2025-02-21T06:33:27.016+0000] {logging_mixin.py:188} INFO - [2025-02-21T06:33:27.016+0000] {dag.py:3823} INFO - Setting next_dagrun for example_external_task_marker_child to None, run_after=None
[2025-02-21T06:33:27.029+0000] {logging_mixin.py:188} INFO - [2025-02-21T06:33:27.028+0000] {dag.py:3823} INFO - Setting next_dagrun for example_external_task_marker_parent to None, run_after=None
[2025-02-21T06:33:27.080+0000] {processor.py:183} INFO - Processing /home/airflow/.local/lib/python3.8/site-packages/airflow/example_dags/example_external_task_marker_dag.py took 0.235 seconds
[2025-02-21T06:33:57.619+0000] {processor.py:161} INFO - Started process (PID=1260) to work on /home/airflow/.local/lib/python3.8/site-packages/airflow/example_dags/example_external_task_marker_dag.py
[2025-02-21T06:33:57.623+0000] {processor.py:830} INFO - Processing file /home/airflow/.local/lib/python3.8/site-packages/airflow/example_dags/example_external_task_marker_dag.py for tasks to queue
[2025-02-21T06:33:57.630+0000] {logging_mixin.py:188} INFO - [2025-02-21T06:33:57.629+0000] {dagbag.py:538} INFO - Filling up the DagBag from /home/airflow/.local/lib/python3.8/site-packages/airflow/example_dags/example_external_task_marker_dag.py
[2025-02-21T06:33:57.653+0000] {processor.py:840} INFO - DAG(s) 'example_external_task_marker_child', 'example_external_task_marker_parent' retrieved from /home/airflow/.local/lib/python3.8/site-packages/airflow/example_dags/example_external_task_marker_dag.py
[2025-02-21T06:33:57.750+0000] {logging_mixin.py:188} INFO - [2025-02-21T06:33:57.749+0000] {dag.py:3036} INFO - Sync 2 DAGs
[2025-02-21T06:33:57.786+0000] {logging_mixin.py:188} INFO - [2025-02-21T06:33:57.785+0000] {dag.py:3823} INFO - Setting next_dagrun for example_external_task_marker_child to None, run_after=None
[2025-02-21T06:33:57.796+0000] {logging_mixin.py:188} INFO - [2025-02-21T06:33:57.795+0000] {dag.py:3823} INFO - Setting next_dagrun for example_external_task_marker_parent to None, run_after=None
[2025-02-21T06:33:57.846+0000] {processor.py:183} INFO - Processing /home/airflow/.local/lib/python3.8/site-packages/airflow/example_dags/example_external_task_marker_dag.py took 0.240 seconds
[2025-02-21T06:34:29.148+0000] {processor.py:161} INFO - Started process (PID=1315) to work on /home/airflow/.local/lib/python3.8/site-packages/airflow/example_dags/example_external_task_marker_dag.py
[2025-02-21T06:34:29.151+0000] {processor.py:830} INFO - Processing file /home/airflow/.local/lib/python3.8/site-packages/airflow/example_dags/example_external_task_marker_dag.py for tasks to queue
[2025-02-21T06:34:29.157+0000] {logging_mixin.py:188} INFO - [2025-02-21T06:34:29.156+0000] {dagbag.py:538} INFO - Filling up the DagBag from /home/airflow/.local/lib/python3.8/site-packages/airflow/example_dags/example_external_task_marker_dag.py
[2025-02-21T06:34:29.172+0000] {processor.py:840} INFO - DAG(s) 'example_external_task_marker_child', 'example_external_task_marker_parent' retrieved from /home/airflow/.local/lib/python3.8/site-packages/airflow/example_dags/example_external_task_marker_dag.py
[2025-02-21T06:34:29.266+0000] {logging_mixin.py:188} INFO - [2025-02-21T06:34:29.265+0000] {dag.py:3036} INFO - Sync 2 DAGs
[2025-02-21T06:34:29.308+0000] {logging_mixin.py:188} INFO - [2025-02-21T06:34:29.308+0000] {dag.py:3823} INFO - Setting next_dagrun for example_external_task_marker_child to None, run_after=None
[2025-02-21T06:34:29.322+0000] {logging_mixin.py:188} INFO - [2025-02-21T06:34:29.322+0000] {dag.py:3823} INFO - Setting next_dagrun for example_external_task_marker_parent to None, run_after=None
[2025-02-21T06:34:29.388+0000] {processor.py:183} INFO - Processing /home/airflow/.local/lib/python3.8/site-packages/airflow/example_dags/example_external_task_marker_dag.py took 0.251 seconds
[2025-02-21T06:35:00.132+0000] {processor.py:161} INFO - Started process (PID=1370) to work on /home/airflow/.local/lib/python3.8/site-packages/airflow/example_dags/example_external_task_marker_dag.py
[2025-02-21T06:35:00.135+0000] {processor.py:830} INFO - Processing file /home/airflow/.local/lib/python3.8/site-packages/airflow/example_dags/example_external_task_marker_dag.py for tasks to queue
[2025-02-21T06:35:00.140+0000] {logging_mixin.py:188} INFO - [2025-02-21T06:35:00.140+0000] {dagbag.py:538} INFO - Filling up the DagBag from /home/airflow/.local/lib/python3.8/site-packages/airflow/example_dags/example_external_task_marker_dag.py
[2025-02-21T06:35:00.154+0000] {processor.py:840} INFO - DAG(s) 'example_external_task_marker_parent', 'example_external_task_marker_child' retrieved from /home/airflow/.local/lib/python3.8/site-packages/airflow/example_dags/example_external_task_marker_dag.py
[2025-02-21T06:35:00.216+0000] {logging_mixin.py:188} INFO - [2025-02-21T06:35:00.215+0000] {dag.py:3036} INFO - Sync 2 DAGs
[2025-02-21T06:35:00.253+0000] {logging_mixin.py:188} INFO - [2025-02-21T06:35:00.253+0000] {dag.py:3823} INFO - Setting next_dagrun for example_external_task_marker_child to None, run_after=None
[2025-02-21T06:35:00.262+0000] {logging_mixin.py:188} INFO - [2025-02-21T06:35:00.261+0000] {dag.py:3823} INFO - Setting next_dagrun for example_external_task_marker_parent to None, run_after=None
[2025-02-21T06:35:00.304+0000] {processor.py:183} INFO - Processing /home/airflow/.local/lib/python3.8/site-packages/airflow/example_dags/example_external_task_marker_dag.py took 0.180 seconds
[2025-02-21T06:35:31.434+0000] {processor.py:161} INFO - Started process (PID=1426) to work on /home/airflow/.local/lib/python3.8/site-packages/airflow/example_dags/example_external_task_marker_dag.py
[2025-02-21T06:35:31.440+0000] {processor.py:830} INFO - Processing file /home/airflow/.local/lib/python3.8/site-packages/airflow/example_dags/example_external_task_marker_dag.py for tasks to queue
[2025-02-21T06:35:31.446+0000] {logging_mixin.py:188} INFO - [2025-02-21T06:35:31.445+0000] {dagbag.py:538} INFO - Filling up the DagBag from /home/airflow/.local/lib/python3.8/site-packages/airflow/example_dags/example_external_task_marker_dag.py
[2025-02-21T06:35:31.467+0000] {processor.py:840} INFO - DAG(s) 'example_external_task_marker_child', 'example_external_task_marker_parent' retrieved from /home/airflow/.local/lib/python3.8/site-packages/airflow/example_dags/example_external_task_marker_dag.py
[2025-02-21T06:35:31.558+0000] {logging_mixin.py:188} INFO - [2025-02-21T06:35:31.558+0000] {dag.py:3036} INFO - Sync 2 DAGs
[2025-02-21T06:35:31.599+0000] {logging_mixin.py:188} INFO - [2025-02-21T06:35:31.598+0000] {dag.py:3823} INFO - Setting next_dagrun for example_external_task_marker_child to None, run_after=None
[2025-02-21T06:35:31.611+0000] {logging_mixin.py:188} INFO - [2025-02-21T06:35:31.610+0000] {dag.py:3823} INFO - Setting next_dagrun for example_external_task_marker_parent to None, run_after=None
[2025-02-21T06:35:31.668+0000] {processor.py:183} INFO - Processing /home/airflow/.local/lib/python3.8/site-packages/airflow/example_dags/example_external_task_marker_dag.py took 0.246 seconds
[2025-02-21T06:36:02.036+0000] {processor.py:161} INFO - Started process (PID=1481) to work on /home/airflow/.local/lib/python3.8/site-packages/airflow/example_dags/example_external_task_marker_dag.py
[2025-02-21T06:36:02.040+0000] {processor.py:830} INFO - Processing file /home/airflow/.local/lib/python3.8/site-packages/airflow/example_dags/example_external_task_marker_dag.py for tasks to queue
[2025-02-21T06:36:02.046+0000] {logging_mixin.py:188} INFO - [2025-02-21T06:36:02.045+0000] {dagbag.py:538} INFO - Filling up the DagBag from /home/airflow/.local/lib/python3.8/site-packages/airflow/example_dags/example_external_task_marker_dag.py
[2025-02-21T06:36:02.063+0000] {processor.py:840} INFO - DAG(s) 'example_external_task_marker_child', 'example_external_task_marker_parent' retrieved from /home/airflow/.local/lib/python3.8/site-packages/airflow/example_dags/example_external_task_marker_dag.py
[2025-02-21T06:36:02.140+0000] {logging_mixin.py:188} INFO - [2025-02-21T06:36:02.139+0000] {dag.py:3036} INFO - Sync 2 DAGs
[2025-02-21T06:36:02.181+0000] {logging_mixin.py:188} INFO - [2025-02-21T06:36:02.179+0000] {dag.py:3823} INFO - Setting next_dagrun for example_external_task_marker_child to None, run_after=None
[2025-02-21T06:36:02.195+0000] {logging_mixin.py:188} INFO - [2025-02-21T06:36:02.194+0000] {dag.py:3823} INFO - Setting next_dagrun for example_external_task_marker_parent to None, run_after=None
[2025-02-21T06:36:02.258+0000] {processor.py:183} INFO - Processing /home/airflow/.local/lib/python3.8/site-packages/airflow/example_dags/example_external_task_marker_dag.py took 0.232 seconds
[2025-02-21T06:36:32.432+0000] {processor.py:161} INFO - Started process (PID=1534) to work on /home/airflow/.local/lib/python3.8/site-packages/airflow/example_dags/example_external_task_marker_dag.py
[2025-02-21T06:36:32.434+0000] {processor.py:830} INFO - Processing file /home/airflow/.local/lib/python3.8/site-packages/airflow/example_dags/example_external_task_marker_dag.py for tasks to queue
[2025-02-21T06:36:32.438+0000] {logging_mixin.py:188} INFO - [2025-02-21T06:36:32.438+0000] {dagbag.py:538} INFO - Filling up the DagBag from /home/airflow/.local/lib/python3.8/site-packages/airflow/example_dags/example_external_task_marker_dag.py
[2025-02-21T06:36:32.465+0000] {processor.py:840} INFO - DAG(s) 'example_external_task_marker_parent', 'example_external_task_marker_child' retrieved from /home/airflow/.local/lib/python3.8/site-packages/airflow/example_dags/example_external_task_marker_dag.py
[2025-02-21T06:36:32.565+0000] {logging_mixin.py:188} INFO - [2025-02-21T06:36:32.565+0000] {dag.py:3036} INFO - Sync 2 DAGs
[2025-02-21T06:36:32.632+0000] {logging_mixin.py:188} INFO - [2025-02-21T06:36:32.632+0000] {dag.py:3823} INFO - Setting next_dagrun for example_external_task_marker_child to None, run_after=None
[2025-02-21T06:36:32.650+0000] {logging_mixin.py:188} INFO - [2025-02-21T06:36:32.650+0000] {dag.py:3823} INFO - Setting next_dagrun for example_external_task_marker_parent to None, run_after=None
[2025-02-21T06:36:32.740+0000] {processor.py:183} INFO - Processing /home/airflow/.local/lib/python3.8/site-packages/airflow/example_dags/example_external_task_marker_dag.py took 0.316 seconds
[2025-02-21T06:37:03.420+0000] {processor.py:161} INFO - Started process (PID=1590) to work on /home/airflow/.local/lib/python3.8/site-packages/airflow/example_dags/example_external_task_marker_dag.py
[2025-02-21T06:37:03.424+0000] {processor.py:830} INFO - Processing file /home/airflow/.local/lib/python3.8/site-packages/airflow/example_dags/example_external_task_marker_dag.py for tasks to queue
[2025-02-21T06:37:03.431+0000] {logging_mixin.py:188} INFO - [2025-02-21T06:37:03.430+0000] {dagbag.py:538} INFO - Filling up the DagBag from /home/airflow/.local/lib/python3.8/site-packages/airflow/example_dags/example_external_task_marker_dag.py
[2025-02-21T06:37:03.451+0000] {processor.py:840} INFO - DAG(s) 'example_external_task_marker_child', 'example_external_task_marker_parent' retrieved from /home/airflow/.local/lib/python3.8/site-packages/airflow/example_dags/example_external_task_marker_dag.py
[2025-02-21T06:37:03.531+0000] {logging_mixin.py:188} INFO - [2025-02-21T06:37:03.531+0000] {dag.py:3036} INFO - Sync 2 DAGs
[2025-02-21T06:37:03.572+0000] {logging_mixin.py:188} INFO - [2025-02-21T06:37:03.572+0000] {dag.py:3823} INFO - Setting next_dagrun for example_external_task_marker_child to None, run_after=None
[2025-02-21T06:37:03.581+0000] {logging_mixin.py:188} INFO - [2025-02-21T06:37:03.580+0000] {dag.py:3823} INFO - Setting next_dagrun for example_external_task_marker_parent to None, run_after=None
[2025-02-21T06:37:03.634+0000] {processor.py:183} INFO - Processing /home/airflow/.local/lib/python3.8/site-packages/airflow/example_dags/example_external_task_marker_dag.py took 0.236 seconds
[2025-02-21T06:37:34.079+0000] {processor.py:161} INFO - Started process (PID=1645) to work on /home/airflow/.local/lib/python3.8/site-packages/airflow/example_dags/example_external_task_marker_dag.py
[2025-02-21T06:37:34.087+0000] {processor.py:830} INFO - Processing file /home/airflow/.local/lib/python3.8/site-packages/airflow/example_dags/example_external_task_marker_dag.py for tasks to queue
[2025-02-21T06:37:34.093+0000] {logging_mixin.py:188} INFO - [2025-02-21T06:37:34.092+0000] {dagbag.py:538} INFO - Filling up the DagBag from /home/airflow/.local/lib/python3.8/site-packages/airflow/example_dags/example_external_task_marker_dag.py
[2025-02-21T06:37:34.106+0000] {processor.py:840} INFO - DAG(s) 'example_external_task_marker_child', 'example_external_task_marker_parent' retrieved from /home/airflow/.local/lib/python3.8/site-packages/airflow/example_dags/example_external_task_marker_dag.py
[2025-02-21T06:37:34.170+0000] {logging_mixin.py:188} INFO - [2025-02-21T06:37:34.170+0000] {dag.py:3036} INFO - Sync 2 DAGs
[2025-02-21T06:37:34.197+0000] {logging_mixin.py:188} INFO - [2025-02-21T06:37:34.196+0000] {dag.py:3823} INFO - Setting next_dagrun for example_external_task_marker_child to None, run_after=None
[2025-02-21T06:37:34.216+0000] {logging_mixin.py:188} INFO - [2025-02-21T06:37:34.216+0000] {dag.py:3823} INFO - Setting next_dagrun for example_external_task_marker_parent to None, run_after=None
[2025-02-21T06:37:34.304+0000] {processor.py:183} INFO - Processing /home/airflow/.local/lib/python3.8/site-packages/airflow/example_dags/example_external_task_marker_dag.py took 0.239 seconds
[2025-02-21T06:38:04.688+0000] {processor.py:161} INFO - Started process (PID=1700) to work on /home/airflow/.local/lib/python3.8/site-packages/airflow/example_dags/example_external_task_marker_dag.py
[2025-02-21T06:38:04.693+0000] {processor.py:830} INFO - Processing file /home/airflow/.local/lib/python3.8/site-packages/airflow/example_dags/example_external_task_marker_dag.py for tasks to queue
[2025-02-21T06:38:04.706+0000] {logging_mixin.py:188} INFO - [2025-02-21T06:38:04.705+0000] {dagbag.py:538} INFO - Filling up the DagBag from /home/airflow/.local/lib/python3.8/site-packages/airflow/example_dags/example_external_task_marker_dag.py
[2025-02-21T06:38:04.727+0000] {processor.py:840} INFO - DAG(s) 'example_external_task_marker_child', 'example_external_task_marker_parent' retrieved from /home/airflow/.local/lib/python3.8/site-packages/airflow/example_dags/example_external_task_marker_dag.py
[2025-02-21T06:38:04.826+0000] {logging_mixin.py:188} INFO - [2025-02-21T06:38:04.826+0000] {dag.py:3036} INFO - Sync 2 DAGs
[2025-02-21T06:38:04.866+0000] {logging_mixin.py:188} INFO - [2025-02-21T06:38:04.865+0000] {dag.py:3823} INFO - Setting next_dagrun for example_external_task_marker_child to None, run_after=None
[2025-02-21T06:38:04.881+0000] {logging_mixin.py:188} INFO - [2025-02-21T06:38:04.881+0000] {dag.py:3823} INFO - Setting next_dagrun for example_external_task_marker_parent to None, run_after=None
[2025-02-21T06:38:04.948+0000] {processor.py:183} INFO - Processing /home/airflow/.local/lib/python3.8/site-packages/airflow/example_dags/example_external_task_marker_dag.py took 0.267 seconds
[2025-02-21T06:38:35.284+0000] {processor.py:161} INFO - Started process (PID=1755) to work on /home/airflow/.local/lib/python3.8/site-packages/airflow/example_dags/example_external_task_marker_dag.py
[2025-02-21T06:38:35.288+0000] {processor.py:830} INFO - Processing file /home/airflow/.local/lib/python3.8/site-packages/airflow/example_dags/example_external_task_marker_dag.py for tasks to queue
[2025-02-21T06:38:35.297+0000] {logging_mixin.py:188} INFO - [2025-02-21T06:38:35.296+0000] {dagbag.py:538} INFO - Filling up the DagBag from /home/airflow/.local/lib/python3.8/site-packages/airflow/example_dags/example_external_task_marker_dag.py
[2025-02-21T06:38:35.312+0000] {processor.py:840} INFO - DAG(s) 'example_external_task_marker_parent', 'example_external_task_marker_child' retrieved from /home/airflow/.local/lib/python3.8/site-packages/airflow/example_dags/example_external_task_marker_dag.py
[2025-02-21T06:38:35.382+0000] {logging_mixin.py:188} INFO - [2025-02-21T06:38:35.381+0000] {dag.py:3036} INFO - Sync 2 DAGs
[2025-02-21T06:38:35.414+0000] {logging_mixin.py:188} INFO - [2025-02-21T06:38:35.414+0000] {dag.py:3823} INFO - Setting next_dagrun for example_external_task_marker_child to None, run_after=None
[2025-02-21T06:38:35.426+0000] {logging_mixin.py:188} INFO - [2025-02-21T06:38:35.425+0000] {dag.py:3823} INFO - Setting next_dagrun for example_external_task_marker_parent to None, run_after=None
[2025-02-21T06:38:35.485+0000] {processor.py:183} INFO - Processing /home/airflow/.local/lib/python3.8/site-packages/airflow/example_dags/example_external_task_marker_dag.py took 0.214 seconds
[2025-02-21T06:39:06.068+0000] {processor.py:161} INFO - Started process (PID=1810) to work on /home/airflow/.local/lib/python3.8/site-packages/airflow/example_dags/example_external_task_marker_dag.py
[2025-02-21T06:39:06.071+0000] {processor.py:830} INFO - Processing file /home/airflow/.local/lib/python3.8/site-packages/airflow/example_dags/example_external_task_marker_dag.py for tasks to queue
[2025-02-21T06:39:06.082+0000] {logging_mixin.py:188} INFO - [2025-02-21T06:39:06.081+0000] {dagbag.py:538} INFO - Filling up the DagBag from /home/airflow/.local/lib/python3.8/site-packages/airflow/example_dags/example_external_task_marker_dag.py
[2025-02-21T06:39:06.136+0000] {processor.py:840} INFO - DAG(s) 'example_external_task_marker_parent', 'example_external_task_marker_child' retrieved from /home/airflow/.local/lib/python3.8/site-packages/airflow/example_dags/example_external_task_marker_dag.py
[2025-02-21T06:39:06.306+0000] {logging_mixin.py:188} INFO - [2025-02-21T06:39:06.305+0000] {dag.py:3036} INFO - Sync 2 DAGs
[2025-02-21T06:39:06.344+0000] {logging_mixin.py:188} INFO - [2025-02-21T06:39:06.344+0000] {dag.py:3823} INFO - Setting next_dagrun for example_external_task_marker_child to None, run_after=None
[2025-02-21T06:39:06.357+0000] {logging_mixin.py:188} INFO - [2025-02-21T06:39:06.357+0000] {dag.py:3823} INFO - Setting next_dagrun for example_external_task_marker_parent to None, run_after=None
[2025-02-21T06:39:06.415+0000] {processor.py:183} INFO - Processing /home/airflow/.local/lib/python3.8/site-packages/airflow/example_dags/example_external_task_marker_dag.py took 0.356 seconds
[2025-02-21T06:39:36.681+0000] {processor.py:161} INFO - Started process (PID=1865) to work on /home/airflow/.local/lib/python3.8/site-packages/airflow/example_dags/example_external_task_marker_dag.py
[2025-02-21T06:39:36.689+0000] {processor.py:830} INFO - Processing file /home/airflow/.local/lib/python3.8/site-packages/airflow/example_dags/example_external_task_marker_dag.py for tasks to queue
[2025-02-21T06:39:36.700+0000] {logging_mixin.py:188} INFO - [2025-02-21T06:39:36.699+0000] {dagbag.py:538} INFO - Filling up the DagBag from /home/airflow/.local/lib/python3.8/site-packages/airflow/example_dags/example_external_task_marker_dag.py
[2025-02-21T06:39:36.723+0000] {processor.py:840} INFO - DAG(s) 'example_external_task_marker_parent', 'example_external_task_marker_child' retrieved from /home/airflow/.local/lib/python3.8/site-packages/airflow/example_dags/example_external_task_marker_dag.py
[2025-02-21T06:39:36.839+0000] {logging_mixin.py:188} INFO - [2025-02-21T06:39:36.838+0000] {dag.py:3036} INFO - Sync 2 DAGs
[2025-02-21T06:39:36.888+0000] {logging_mixin.py:188} INFO - [2025-02-21T06:39:36.887+0000] {dag.py:3823} INFO - Setting next_dagrun for example_external_task_marker_child to None, run_after=None
[2025-02-21T06:39:36.911+0000] {logging_mixin.py:188} INFO - [2025-02-21T06:39:36.911+0000] {dag.py:3823} INFO - Setting next_dagrun for example_external_task_marker_parent to None, run_after=None
[2025-02-21T06:39:36.980+0000] {processor.py:183} INFO - Processing /home/airflow/.local/lib/python3.8/site-packages/airflow/example_dags/example_external_task_marker_dag.py took 0.345 seconds
[2025-02-21T06:40:07.798+0000] {processor.py:161} INFO - Started process (PID=1920) to work on /home/airflow/.local/lib/python3.8/site-packages/airflow/example_dags/example_external_task_marker_dag.py
[2025-02-21T06:40:07.805+0000] {processor.py:830} INFO - Processing file /home/airflow/.local/lib/python3.8/site-packages/airflow/example_dags/example_external_task_marker_dag.py for tasks to queue
[2025-02-21T06:40:07.815+0000] {logging_mixin.py:188} INFO - [2025-02-21T06:40:07.814+0000] {dagbag.py:538} INFO - Filling up the DagBag from /home/airflow/.local/lib/python3.8/site-packages/airflow/example_dags/example_external_task_marker_dag.py
[2025-02-21T06:40:07.847+0000] {processor.py:840} INFO - DAG(s) 'example_external_task_marker_parent', 'example_external_task_marker_child' retrieved from /home/airflow/.local/lib/python3.8/site-packages/airflow/example_dags/example_external_task_marker_dag.py
[2025-02-21T06:40:08.008+0000] {logging_mixin.py:188} INFO - [2025-02-21T06:40:08.007+0000] {dag.py:3036} INFO - Sync 2 DAGs
[2025-02-21T06:40:08.071+0000] {logging_mixin.py:188} INFO - [2025-02-21T06:40:08.070+0000] {dag.py:3823} INFO - Setting next_dagrun for example_external_task_marker_child to None, run_after=None
[2025-02-21T06:40:08.090+0000] {logging_mixin.py:188} INFO - [2025-02-21T06:40:08.088+0000] {dag.py:3823} INFO - Setting next_dagrun for example_external_task_marker_parent to None, run_after=None
[2025-02-21T06:40:08.154+0000] {processor.py:183} INFO - Processing /home/airflow/.local/lib/python3.8/site-packages/airflow/example_dags/example_external_task_marker_dag.py took 0.375 seconds
[2025-02-21T06:40:38.677+0000] {processor.py:161} INFO - Started process (PID=1975) to work on /home/airflow/.local/lib/python3.8/site-packages/airflow/example_dags/example_external_task_marker_dag.py
[2025-02-21T06:40:38.687+0000] {processor.py:830} INFO - Processing file /home/airflow/.local/lib/python3.8/site-packages/airflow/example_dags/example_external_task_marker_dag.py for tasks to queue
[2025-02-21T06:40:38.699+0000] {logging_mixin.py:188} INFO - [2025-02-21T06:40:38.698+0000] {dagbag.py:538} INFO - Filling up the DagBag from /home/airflow/.local/lib/python3.8/site-packages/airflow/example_dags/example_external_task_marker_dag.py
[2025-02-21T06:40:38.724+0000] {processor.py:840} INFO - DAG(s) 'example_external_task_marker_parent', 'example_external_task_marker_child' retrieved from /home/airflow/.local/lib/python3.8/site-packages/airflow/example_dags/example_external_task_marker_dag.py
[2025-02-21T06:40:38.859+0000] {logging_mixin.py:188} INFO - [2025-02-21T06:40:38.853+0000] {dag.py:3036} INFO - Sync 2 DAGs
[2025-02-21T06:40:38.936+0000] {logging_mixin.py:188} INFO - [2025-02-21T06:40:38.935+0000] {dag.py:3823} INFO - Setting next_dagrun for example_external_task_marker_child to None, run_after=None
[2025-02-21T06:40:38.957+0000] {logging_mixin.py:188} INFO - [2025-02-21T06:40:38.956+0000] {dag.py:3823} INFO - Setting next_dagrun for example_external_task_marker_parent to None, run_after=None
[2025-02-21T06:40:39.052+0000] {processor.py:183} INFO - Processing /home/airflow/.local/lib/python3.8/site-packages/airflow/example_dags/example_external_task_marker_dag.py took 0.390 seconds
[2025-02-21T06:41:09.283+0000] {processor.py:161} INFO - Started process (PID=2030) to work on /home/airflow/.local/lib/python3.8/site-packages/airflow/example_dags/example_external_task_marker_dag.py
[2025-02-21T06:41:09.286+0000] {processor.py:830} INFO - Processing file /home/airflow/.local/lib/python3.8/site-packages/airflow/example_dags/example_external_task_marker_dag.py for tasks to queue
[2025-02-21T06:41:09.290+0000] {logging_mixin.py:188} INFO - [2025-02-21T06:41:09.290+0000] {dagbag.py:538} INFO - Filling up the DagBag from /home/airflow/.local/lib/python3.8/site-packages/airflow/example_dags/example_external_task_marker_dag.py
[2025-02-21T06:41:09.306+0000] {processor.py:840} INFO - DAG(s) 'example_external_task_marker_parent', 'example_external_task_marker_child' retrieved from /home/airflow/.local/lib/python3.8/site-packages/airflow/example_dags/example_external_task_marker_dag.py
[2025-02-21T06:41:09.372+0000] {logging_mixin.py:188} INFO - [2025-02-21T06:41:09.372+0000] {dag.py:3036} INFO - Sync 2 DAGs
[2025-02-21T06:41:09.444+0000] {logging_mixin.py:188} INFO - [2025-02-21T06:41:09.443+0000] {dag.py:3823} INFO - Setting next_dagrun for example_external_task_marker_child to None, run_after=None
[2025-02-21T06:41:09.465+0000] {logging_mixin.py:188} INFO - [2025-02-21T06:41:09.464+0000] {dag.py:3823} INFO - Setting next_dagrun for example_external_task_marker_parent to None, run_after=None
[2025-02-21T06:41:09.552+0000] {processor.py:183} INFO - Processing /home/airflow/.local/lib/python3.8/site-packages/airflow/example_dags/example_external_task_marker_dag.py took 0.278 seconds
[2025-02-21T06:41:39.983+0000] {processor.py:161} INFO - Started process (PID=2085) to work on /home/airflow/.local/lib/python3.8/site-packages/airflow/example_dags/example_external_task_marker_dag.py
[2025-02-21T06:41:39.986+0000] {processor.py:830} INFO - Processing file /home/airflow/.local/lib/python3.8/site-packages/airflow/example_dags/example_external_task_marker_dag.py for tasks to queue
[2025-02-21T06:41:40.004+0000] {logging_mixin.py:188} INFO - [2025-02-21T06:41:40.003+0000] {dagbag.py:538} INFO - Filling up the DagBag from /home/airflow/.local/lib/python3.8/site-packages/airflow/example_dags/example_external_task_marker_dag.py
[2025-02-21T06:41:40.042+0000] {processor.py:840} INFO - DAG(s) 'example_external_task_marker_child', 'example_external_task_marker_parent' retrieved from /home/airflow/.local/lib/python3.8/site-packages/airflow/example_dags/example_external_task_marker_dag.py
[2025-02-21T06:41:40.152+0000] {logging_mixin.py:188} INFO - [2025-02-21T06:41:40.151+0000] {dag.py:3036} INFO - Sync 2 DAGs
[2025-02-21T06:41:40.196+0000] {logging_mixin.py:188} INFO - [2025-02-21T06:41:40.195+0000] {dag.py:3823} INFO - Setting next_dagrun for example_external_task_marker_child to None, run_after=None
[2025-02-21T06:41:40.219+0000] {logging_mixin.py:188} INFO - [2025-02-21T06:41:40.218+0000] {dag.py:3823} INFO - Setting next_dagrun for example_external_task_marker_parent to None, run_after=None
[2025-02-21T06:41:40.298+0000] {processor.py:183} INFO - Processing /home/airflow/.local/lib/python3.8/site-packages/airflow/example_dags/example_external_task_marker_dag.py took 0.325 seconds
[2025-02-21T06:42:10.686+0000] {processor.py:161} INFO - Started process (PID=2140) to work on /home/airflow/.local/lib/python3.8/site-packages/airflow/example_dags/example_external_task_marker_dag.py
[2025-02-21T06:42:10.698+0000] {processor.py:830} INFO - Processing file /home/airflow/.local/lib/python3.8/site-packages/airflow/example_dags/example_external_task_marker_dag.py for tasks to queue
[2025-02-21T06:42:10.713+0000] {logging_mixin.py:188} INFO - [2025-02-21T06:42:10.713+0000] {dagbag.py:538} INFO - Filling up the DagBag from /home/airflow/.local/lib/python3.8/site-packages/airflow/example_dags/example_external_task_marker_dag.py
[2025-02-21T06:42:10.742+0000] {processor.py:840} INFO - DAG(s) 'example_external_task_marker_child', 'example_external_task_marker_parent' retrieved from /home/airflow/.local/lib/python3.8/site-packages/airflow/example_dags/example_external_task_marker_dag.py
[2025-02-21T06:42:10.794+0000] {logging_mixin.py:188} INFO - [2025-02-21T06:42:10.793+0000] {dag.py:3036} INFO - Sync 2 DAGs
[2025-02-21T06:42:10.825+0000] {logging_mixin.py:188} INFO - [2025-02-21T06:42:10.824+0000] {dag.py:3823} INFO - Setting next_dagrun for example_external_task_marker_child to None, run_after=None
[2025-02-21T06:42:10.837+0000] {logging_mixin.py:188} INFO - [2025-02-21T06:42:10.836+0000] {dag.py:3823} INFO - Setting next_dagrun for example_external_task_marker_parent to None, run_after=None
[2025-02-21T06:42:10.870+0000] {processor.py:183} INFO - Processing /home/airflow/.local/lib/python3.8/site-packages/airflow/example_dags/example_external_task_marker_dag.py took 0.197 seconds
[2025-02-21T06:42:41.323+0000] {processor.py:161} INFO - Started process (PID=2196) to work on /home/airflow/.local/lib/python3.8/site-packages/airflow/example_dags/example_external_task_marker_dag.py
[2025-02-21T06:42:41.327+0000] {processor.py:830} INFO - Processing file /home/airflow/.local/lib/python3.8/site-packages/airflow/example_dags/example_external_task_marker_dag.py for tasks to queue
[2025-02-21T06:42:41.336+0000] {logging_mixin.py:188} INFO - [2025-02-21T06:42:41.334+0000] {dagbag.py:538} INFO - Filling up the DagBag from /home/airflow/.local/lib/python3.8/site-packages/airflow/example_dags/example_external_task_marker_dag.py
[2025-02-21T06:42:41.358+0000] {processor.py:840} INFO - DAG(s) 'example_external_task_marker_parent', 'example_external_task_marker_child' retrieved from /home/airflow/.local/lib/python3.8/site-packages/airflow/example_dags/example_external_task_marker_dag.py
[2025-02-21T06:42:41.427+0000] {logging_mixin.py:188} INFO - [2025-02-21T06:42:41.427+0000] {dag.py:3036} INFO - Sync 2 DAGs
[2025-02-21T06:42:41.451+0000] {logging_mixin.py:188} INFO - [2025-02-21T06:42:41.451+0000] {dag.py:3823} INFO - Setting next_dagrun for example_external_task_marker_child to None, run_after=None
[2025-02-21T06:42:41.463+0000] {logging_mixin.py:188} INFO - [2025-02-21T06:42:41.462+0000] {dag.py:3823} INFO - Setting next_dagrun for example_external_task_marker_parent to None, run_after=None
[2025-02-21T06:42:41.524+0000] {processor.py:183} INFO - Processing /home/airflow/.local/lib/python3.8/site-packages/airflow/example_dags/example_external_task_marker_dag.py took 0.215 seconds
[2025-02-21T06:43:11.814+0000] {processor.py:161} INFO - Started process (PID=2252) to work on /home/airflow/.local/lib/python3.8/site-packages/airflow/example_dags/example_external_task_marker_dag.py
[2025-02-21T06:43:11.819+0000] {processor.py:830} INFO - Processing file /home/airflow/.local/lib/python3.8/site-packages/airflow/example_dags/example_external_task_marker_dag.py for tasks to queue
[2025-02-21T06:43:11.825+0000] {logging_mixin.py:188} INFO - [2025-02-21T06:43:11.824+0000] {dagbag.py:538} INFO - Filling up the DagBag from /home/airflow/.local/lib/python3.8/site-packages/airflow/example_dags/example_external_task_marker_dag.py
[2025-02-21T06:43:11.850+0000] {processor.py:840} INFO - DAG(s) 'example_external_task_marker_child', 'example_external_task_marker_parent' retrieved from /home/airflow/.local/lib/python3.8/site-packages/airflow/example_dags/example_external_task_marker_dag.py
[2025-02-21T06:43:11.964+0000] {logging_mixin.py:188} INFO - [2025-02-21T06:43:11.964+0000] {dag.py:3036} INFO - Sync 2 DAGs
[2025-02-21T06:43:12.000+0000] {logging_mixin.py:188} INFO - [2025-02-21T06:43:11.999+0000] {dag.py:3823} INFO - Setting next_dagrun for example_external_task_marker_child to None, run_after=None
[2025-02-21T06:43:12.021+0000] {logging_mixin.py:188} INFO - [2025-02-21T06:43:12.021+0000] {dag.py:3823} INFO - Setting next_dagrun for example_external_task_marker_parent to None, run_after=None
[2025-02-21T06:43:12.096+0000] {processor.py:183} INFO - Processing /home/airflow/.local/lib/python3.8/site-packages/airflow/example_dags/example_external_task_marker_dag.py took 0.290 seconds
[2025-02-21T06:43:42.440+0000] {processor.py:161} INFO - Started process (PID=2307) to work on /home/airflow/.local/lib/python3.8/site-packages/airflow/example_dags/example_external_task_marker_dag.py
[2025-02-21T06:43:42.443+0000] {processor.py:830} INFO - Processing file /home/airflow/.local/lib/python3.8/site-packages/airflow/example_dags/example_external_task_marker_dag.py for tasks to queue
[2025-02-21T06:43:42.449+0000] {logging_mixin.py:188} INFO - [2025-02-21T06:43:42.448+0000] {dagbag.py:538} INFO - Filling up the DagBag from /home/airflow/.local/lib/python3.8/site-packages/airflow/example_dags/example_external_task_marker_dag.py
[2025-02-21T06:43:42.467+0000] {processor.py:840} INFO - DAG(s) 'example_external_task_marker_child', 'example_external_task_marker_parent' retrieved from /home/airflow/.local/lib/python3.8/site-packages/airflow/example_dags/example_external_task_marker_dag.py
[2025-02-21T06:43:42.562+0000] {logging_mixin.py:188} INFO - [2025-02-21T06:43:42.562+0000] {dag.py:3036} INFO - Sync 2 DAGs
[2025-02-21T06:43:42.590+0000] {logging_mixin.py:188} INFO - [2025-02-21T06:43:42.589+0000] {dag.py:3823} INFO - Setting next_dagrun for example_external_task_marker_child to None, run_after=None
[2025-02-21T06:43:42.600+0000] {logging_mixin.py:188} INFO - [2025-02-21T06:43:42.599+0000] {dag.py:3823} INFO - Setting next_dagrun for example_external_task_marker_parent to None, run_after=None
[2025-02-21T06:43:42.654+0000] {processor.py:183} INFO - Processing /home/airflow/.local/lib/python3.8/site-packages/airflow/example_dags/example_external_task_marker_dag.py took 0.225 seconds
[2025-02-21T06:44:12.957+0000] {processor.py:161} INFO - Started process (PID=2364) to work on /home/airflow/.local/lib/python3.8/site-packages/airflow/example_dags/example_external_task_marker_dag.py
[2025-02-21T06:44:12.961+0000] {processor.py:830} INFO - Processing file /home/airflow/.local/lib/python3.8/site-packages/airflow/example_dags/example_external_task_marker_dag.py for tasks to queue
[2025-02-21T06:44:12.966+0000] {logging_mixin.py:188} INFO - [2025-02-21T06:44:12.965+0000] {dagbag.py:538} INFO - Filling up the DagBag from /home/airflow/.local/lib/python3.8/site-packages/airflow/example_dags/example_external_task_marker_dag.py
[2025-02-21T06:44:12.984+0000] {processor.py:840} INFO - DAG(s) 'example_external_task_marker_parent', 'example_external_task_marker_child' retrieved from /home/airflow/.local/lib/python3.8/site-packages/airflow/example_dags/example_external_task_marker_dag.py
[2025-02-21T06:44:13.085+0000] {logging_mixin.py:188} INFO - [2025-02-21T06:44:13.084+0000] {dag.py:3036} INFO - Sync 2 DAGs
[2025-02-21T06:44:13.114+0000] {logging_mixin.py:188} INFO - [2025-02-21T06:44:13.114+0000] {dag.py:3823} INFO - Setting next_dagrun for example_external_task_marker_child to None, run_after=None
[2025-02-21T06:44:13.123+0000] {logging_mixin.py:188} INFO - [2025-02-21T06:44:13.123+0000] {dag.py:3823} INFO - Setting next_dagrun for example_external_task_marker_parent to None, run_after=None
[2025-02-21T06:44:13.159+0000] {processor.py:183} INFO - Processing /home/airflow/.local/lib/python3.8/site-packages/airflow/example_dags/example_external_task_marker_dag.py took 0.213 seconds
[2025-02-21T06:44:43.550+0000] {processor.py:161} INFO - Started process (PID=2420) to work on /home/airflow/.local/lib/python3.8/site-packages/airflow/example_dags/example_external_task_marker_dag.py
[2025-02-21T06:44:43.553+0000] {processor.py:830} INFO - Processing file /home/airflow/.local/lib/python3.8/site-packages/airflow/example_dags/example_external_task_marker_dag.py for tasks to queue
[2025-02-21T06:44:43.558+0000] {logging_mixin.py:188} INFO - [2025-02-21T06:44:43.558+0000] {dagbag.py:538} INFO - Filling up the DagBag from /home/airflow/.local/lib/python3.8/site-packages/airflow/example_dags/example_external_task_marker_dag.py
[2025-02-21T06:44:43.578+0000] {processor.py:840} INFO - DAG(s) 'example_external_task_marker_parent', 'example_external_task_marker_child' retrieved from /home/airflow/.local/lib/python3.8/site-packages/airflow/example_dags/example_external_task_marker_dag.py
[2025-02-21T06:44:43.640+0000] {logging_mixin.py:188} INFO - [2025-02-21T06:44:43.639+0000] {dag.py:3036} INFO - Sync 2 DAGs
[2025-02-21T06:44:43.681+0000] {logging_mixin.py:188} INFO - [2025-02-21T06:44:43.680+0000] {dag.py:3823} INFO - Setting next_dagrun for example_external_task_marker_child to None, run_after=None
[2025-02-21T06:44:43.697+0000] {logging_mixin.py:188} INFO - [2025-02-21T06:44:43.696+0000] {dag.py:3823} INFO - Setting next_dagrun for example_external_task_marker_parent to None, run_after=None
[2025-02-21T06:44:43.756+0000] {processor.py:183} INFO - Processing /home/airflow/.local/lib/python3.8/site-packages/airflow/example_dags/example_external_task_marker_dag.py took 0.221 seconds
[2025-02-21T06:45:14.969+0000] {processor.py:161} INFO - Started process (PID=2474) to work on /home/airflow/.local/lib/python3.8/site-packages/airflow/example_dags/example_external_task_marker_dag.py
[2025-02-21T06:45:14.982+0000] {processor.py:830} INFO - Processing file /home/airflow/.local/lib/python3.8/site-packages/airflow/example_dags/example_external_task_marker_dag.py for tasks to queue
[2025-02-21T06:45:14.989+0000] {logging_mixin.py:188} INFO - [2025-02-21T06:45:14.988+0000] {dagbag.py:538} INFO - Filling up the DagBag from /home/airflow/.local/lib/python3.8/site-packages/airflow/example_dags/example_external_task_marker_dag.py
[2025-02-21T06:45:15.025+0000] {processor.py:840} INFO - DAG(s) 'example_external_task_marker_child', 'example_external_task_marker_parent' retrieved from /home/airflow/.local/lib/python3.8/site-packages/airflow/example_dags/example_external_task_marker_dag.py
[2025-02-21T06:45:15.120+0000] {logging_mixin.py:188} INFO - [2025-02-21T06:45:15.119+0000] {dag.py:3036} INFO - Sync 2 DAGs
[2025-02-21T06:45:15.162+0000] {logging_mixin.py:188} INFO - [2025-02-21T06:45:15.162+0000] {dag.py:3823} INFO - Setting next_dagrun for example_external_task_marker_child to None, run_after=None
[2025-02-21T06:45:15.178+0000] {logging_mixin.py:188} INFO - [2025-02-21T06:45:15.176+0000] {dag.py:3823} INFO - Setting next_dagrun for example_external_task_marker_parent to None, run_after=None
[2025-02-21T06:45:15.228+0000] {processor.py:183} INFO - Processing /home/airflow/.local/lib/python3.8/site-packages/airflow/example_dags/example_external_task_marker_dag.py took 0.267 seconds
[2025-02-21T06:45:45.427+0000] {processor.py:161} INFO - Started process (PID=2535) to work on /home/airflow/.local/lib/python3.8/site-packages/airflow/example_dags/example_external_task_marker_dag.py
[2025-02-21T06:45:45.432+0000] {processor.py:830} INFO - Processing file /home/airflow/.local/lib/python3.8/site-packages/airflow/example_dags/example_external_task_marker_dag.py for tasks to queue
[2025-02-21T06:45:45.439+0000] {logging_mixin.py:188} INFO - [2025-02-21T06:45:45.438+0000] {dagbag.py:538} INFO - Filling up the DagBag from /home/airflow/.local/lib/python3.8/site-packages/airflow/example_dags/example_external_task_marker_dag.py
[2025-02-21T06:45:45.457+0000] {processor.py:840} INFO - DAG(s) 'example_external_task_marker_parent', 'example_external_task_marker_child' retrieved from /home/airflow/.local/lib/python3.8/site-packages/airflow/example_dags/example_external_task_marker_dag.py
[2025-02-21T06:45:45.525+0000] {logging_mixin.py:188} INFO - [2025-02-21T06:45:45.524+0000] {dag.py:3036} INFO - Sync 2 DAGs
[2025-02-21T06:45:45.557+0000] {logging_mixin.py:188} INFO - [2025-02-21T06:45:45.557+0000] {dag.py:3823} INFO - Setting next_dagrun for example_external_task_marker_child to None, run_after=None
[2025-02-21T06:45:45.602+0000] {logging_mixin.py:188} INFO - [2025-02-21T06:45:45.601+0000] {dag.py:3823} INFO - Setting next_dagrun for example_external_task_marker_parent to None, run_after=None
[2025-02-21T06:45:45.773+0000] {processor.py:183} INFO - Processing /home/airflow/.local/lib/python3.8/site-packages/airflow/example_dags/example_external_task_marker_dag.py took 0.370 seconds
[2025-02-21T06:46:16.896+0000] {processor.py:161} INFO - Started process (PID=2590) to work on /home/airflow/.local/lib/python3.8/site-packages/airflow/example_dags/example_external_task_marker_dag.py
[2025-02-21T06:46:16.915+0000] {processor.py:830} INFO - Processing file /home/airflow/.local/lib/python3.8/site-packages/airflow/example_dags/example_external_task_marker_dag.py for tasks to queue
[2025-02-21T06:46:16.929+0000] {logging_mixin.py:188} INFO - [2025-02-21T06:46:16.928+0000] {dagbag.py:538} INFO - Filling up the DagBag from /home/airflow/.local/lib/python3.8/site-packages/airflow/example_dags/example_external_task_marker_dag.py
[2025-02-21T06:46:17.013+0000] {processor.py:840} INFO - DAG(s) 'example_external_task_marker_child', 'example_external_task_marker_parent' retrieved from /home/airflow/.local/lib/python3.8/site-packages/airflow/example_dags/example_external_task_marker_dag.py
[2025-02-21T06:46:17.224+0000] {logging_mixin.py:188} INFO - [2025-02-21T06:46:17.223+0000] {dag.py:3036} INFO - Sync 2 DAGs
[2025-02-21T06:46:17.314+0000] {logging_mixin.py:188} INFO - [2025-02-21T06:46:17.313+0000] {dag.py:3823} INFO - Setting next_dagrun for example_external_task_marker_child to None, run_after=None
[2025-02-21T06:46:17.340+0000] {logging_mixin.py:188} INFO - [2025-02-21T06:46:17.339+0000] {dag.py:3823} INFO - Setting next_dagrun for example_external_task_marker_parent to None, run_after=None
[2025-02-21T06:46:17.450+0000] {processor.py:183} INFO - Processing /home/airflow/.local/lib/python3.8/site-packages/airflow/example_dags/example_external_task_marker_dag.py took 0.624 seconds
[2025-02-21T06:46:48.074+0000] {processor.py:161} INFO - Started process (PID=2645) to work on /home/airflow/.local/lib/python3.8/site-packages/airflow/example_dags/example_external_task_marker_dag.py
[2025-02-21T06:46:48.092+0000] {processor.py:830} INFO - Processing file /home/airflow/.local/lib/python3.8/site-packages/airflow/example_dags/example_external_task_marker_dag.py for tasks to queue
[2025-02-21T06:46:48.112+0000] {logging_mixin.py:188} INFO - [2025-02-21T06:46:48.112+0000] {dagbag.py:538} INFO - Filling up the DagBag from /home/airflow/.local/lib/python3.8/site-packages/airflow/example_dags/example_external_task_marker_dag.py
[2025-02-21T06:46:48.171+0000] {processor.py:840} INFO - DAG(s) 'example_external_task_marker_parent', 'example_external_task_marker_child' retrieved from /home/airflow/.local/lib/python3.8/site-packages/airflow/example_dags/example_external_task_marker_dag.py
[2025-02-21T06:46:48.268+0000] {logging_mixin.py:188} INFO - [2025-02-21T06:46:48.267+0000] {dag.py:3036} INFO - Sync 2 DAGs
[2025-02-21T06:46:48.301+0000] {logging_mixin.py:188} INFO - [2025-02-21T06:46:48.300+0000] {dag.py:3823} INFO - Setting next_dagrun for example_external_task_marker_child to None, run_after=None
[2025-02-21T06:46:48.314+0000] {logging_mixin.py:188} INFO - [2025-02-21T06:46:48.313+0000] {dag.py:3823} INFO - Setting next_dagrun for example_external_task_marker_parent to None, run_after=None
[2025-02-21T06:46:48.406+0000] {processor.py:183} INFO - Processing /home/airflow/.local/lib/python3.8/site-packages/airflow/example_dags/example_external_task_marker_dag.py took 0.356 seconds
[2025-02-21T06:47:18.760+0000] {processor.py:161} INFO - Started process (PID=2700) to work on /home/airflow/.local/lib/python3.8/site-packages/airflow/example_dags/example_external_task_marker_dag.py
[2025-02-21T06:47:18.765+0000] {processor.py:830} INFO - Processing file /home/airflow/.local/lib/python3.8/site-packages/airflow/example_dags/example_external_task_marker_dag.py for tasks to queue
[2025-02-21T06:47:18.773+0000] {logging_mixin.py:188} INFO - [2025-02-21T06:47:18.772+0000] {dagbag.py:538} INFO - Filling up the DagBag from /home/airflow/.local/lib/python3.8/site-packages/airflow/example_dags/example_external_task_marker_dag.py
[2025-02-21T06:47:18.793+0000] {processor.py:840} INFO - DAG(s) 'example_external_task_marker_parent', 'example_external_task_marker_child' retrieved from /home/airflow/.local/lib/python3.8/site-packages/airflow/example_dags/example_external_task_marker_dag.py
[2025-02-21T06:47:18.900+0000] {logging_mixin.py:188} INFO - [2025-02-21T06:47:18.900+0000] {dag.py:3036} INFO - Sync 2 DAGs
[2025-02-21T06:47:18.949+0000] {logging_mixin.py:188} INFO - [2025-02-21T06:47:18.949+0000] {dag.py:3823} INFO - Setting next_dagrun for example_external_task_marker_child to None, run_after=None
[2025-02-21T06:47:18.965+0000] {logging_mixin.py:188} INFO - [2025-02-21T06:47:18.964+0000] {dag.py:3823} INFO - Setting next_dagrun for example_external_task_marker_parent to None, run_after=None
[2025-02-21T06:47:19.423+0000] {processor.py:183} INFO - Processing /home/airflow/.local/lib/python3.8/site-packages/airflow/example_dags/example_external_task_marker_dag.py took 0.675 seconds
