[2025-02-21T06:22:55.144+0000] {processor.py:161} INFO - Started process (PID=72) to work on /home/airflow/.local/lib/python3.8/site-packages/airflow/example_dags/example_sensor_decorator.py
[2025-02-21T06:22:55.149+0000] {processor.py:830} INFO - Processing file /home/airflow/.local/lib/python3.8/site-packages/airflow/example_dags/example_sensor_decorator.py for tasks to queue
[2025-02-21T06:22:55.155+0000] {logging_mixin.py:188} INFO - [2025-02-21T06:22:55.155+0000] {dagbag.py:538} INFO - Filling up the DagBag from /home/airflow/.local/lib/python3.8/site-packages/airflow/example_dags/example_sensor_decorator.py
[2025-02-21T06:22:55.207+0000] {processor.py:840} INFO - DAG(s) 'example_sensor_decorator' retrieved from /home/airflow/.local/lib/python3.8/site-packages/airflow/example_dags/example_sensor_decorator.py
[2025-02-21T06:22:55.717+0000] {logging_mixin.py:188} INFO - [2025-02-21T06:22:55.716+0000] {dag.py:3036} INFO - Sync 1 DAGs
[2025-02-21T06:22:55.737+0000] {logging_mixin.py:188} INFO - [2025-02-21T06:22:55.736+0000] {dag.py:3823} INFO - Setting next_dagrun for example_sensor_decorator to None, run_after=None
[2025-02-21T06:22:55.806+0000] {processor.py:183} INFO - Processing /home/airflow/.local/lib/python3.8/site-packages/airflow/example_dags/example_sensor_decorator.py took 0.671 seconds
[2025-02-21T06:23:26.547+0000] {processor.py:161} INFO - Started process (PID=128) to work on /home/airflow/.local/lib/python3.8/site-packages/airflow/example_dags/example_sensor_decorator.py
[2025-02-21T06:23:26.551+0000] {processor.py:830} INFO - Processing file /home/airflow/.local/lib/python3.8/site-packages/airflow/example_dags/example_sensor_decorator.py for tasks to queue
[2025-02-21T06:23:26.559+0000] {logging_mixin.py:188} INFO - [2025-02-21T06:23:26.557+0000] {dagbag.py:538} INFO - Filling up the DagBag from /home/airflow/.local/lib/python3.8/site-packages/airflow/example_dags/example_sensor_decorator.py
[2025-02-21T06:23:26.582+0000] {processor.py:840} INFO - DAG(s) 'example_sensor_decorator' retrieved from /home/airflow/.local/lib/python3.8/site-packages/airflow/example_dags/example_sensor_decorator.py
[2025-02-21T06:23:26.634+0000] {logging_mixin.py:188} INFO - [2025-02-21T06:23:26.634+0000] {dag.py:3036} INFO - Sync 1 DAGs
[2025-02-21T06:23:26.708+0000] {logging_mixin.py:188} INFO - [2025-02-21T06:23:26.707+0000] {dag.py:3823} INFO - Setting next_dagrun for example_sensor_decorator to None, run_after=None
[2025-02-21T06:23:26.790+0000] {processor.py:183} INFO - Processing /home/airflow/.local/lib/python3.8/site-packages/airflow/example_dags/example_sensor_decorator.py took 0.251 seconds
[2025-02-21T06:23:57.290+0000] {processor.py:161} INFO - Started process (PID=182) to work on /home/airflow/.local/lib/python3.8/site-packages/airflow/example_dags/example_sensor_decorator.py
[2025-02-21T06:23:57.293+0000] {processor.py:830} INFO - Processing file /home/airflow/.local/lib/python3.8/site-packages/airflow/example_dags/example_sensor_decorator.py for tasks to queue
[2025-02-21T06:23:57.299+0000] {logging_mixin.py:188} INFO - [2025-02-21T06:23:57.298+0000] {dagbag.py:538} INFO - Filling up the DagBag from /home/airflow/.local/lib/python3.8/site-packages/airflow/example_dags/example_sensor_decorator.py
[2025-02-21T06:23:57.321+0000] {processor.py:840} INFO - DAG(s) 'example_sensor_decorator' retrieved from /home/airflow/.local/lib/python3.8/site-packages/airflow/example_dags/example_sensor_decorator.py
[2025-02-21T06:23:57.383+0000] {logging_mixin.py:188} INFO - [2025-02-21T06:23:57.383+0000] {dag.py:3036} INFO - Sync 1 DAGs
[2025-02-21T06:23:57.426+0000] {logging_mixin.py:188} INFO - [2025-02-21T06:23:57.425+0000] {dag.py:3823} INFO - Setting next_dagrun for example_sensor_decorator to None, run_after=None
[2025-02-21T06:23:57.482+0000] {processor.py:183} INFO - Processing /home/airflow/.local/lib/python3.8/site-packages/airflow/example_dags/example_sensor_decorator.py took 0.201 seconds
[2025-02-21T06:24:27.689+0000] {processor.py:161} INFO - Started process (PID=236) to work on /home/airflow/.local/lib/python3.8/site-packages/airflow/example_dags/example_sensor_decorator.py
[2025-02-21T06:24:27.693+0000] {processor.py:830} INFO - Processing file /home/airflow/.local/lib/python3.8/site-packages/airflow/example_dags/example_sensor_decorator.py for tasks to queue
[2025-02-21T06:24:27.700+0000] {logging_mixin.py:188} INFO - [2025-02-21T06:24:27.699+0000] {dagbag.py:538} INFO - Filling up the DagBag from /home/airflow/.local/lib/python3.8/site-packages/airflow/example_dags/example_sensor_decorator.py
[2025-02-21T06:24:27.717+0000] {processor.py:840} INFO - DAG(s) 'example_sensor_decorator' retrieved from /home/airflow/.local/lib/python3.8/site-packages/airflow/example_dags/example_sensor_decorator.py
[2025-02-21T06:24:27.783+0000] {logging_mixin.py:188} INFO - [2025-02-21T06:24:27.782+0000] {dag.py:3036} INFO - Sync 1 DAGs
[2025-02-21T06:24:27.843+0000] {logging_mixin.py:188} INFO - [2025-02-21T06:24:27.842+0000] {dag.py:3823} INFO - Setting next_dagrun for example_sensor_decorator to None, run_after=None
[2025-02-21T06:24:27.903+0000] {processor.py:183} INFO - Processing /home/airflow/.local/lib/python3.8/site-packages/airflow/example_dags/example_sensor_decorator.py took 0.237 seconds
[2025-02-21T06:24:58.073+0000] {processor.py:161} INFO - Started process (PID=292) to work on /home/airflow/.local/lib/python3.8/site-packages/airflow/example_dags/example_sensor_decorator.py
[2025-02-21T06:24:58.086+0000] {processor.py:830} INFO - Processing file /home/airflow/.local/lib/python3.8/site-packages/airflow/example_dags/example_sensor_decorator.py for tasks to queue
[2025-02-21T06:24:58.093+0000] {logging_mixin.py:188} INFO - [2025-02-21T06:24:58.092+0000] {dagbag.py:538} INFO - Filling up the DagBag from /home/airflow/.local/lib/python3.8/site-packages/airflow/example_dags/example_sensor_decorator.py
[2025-02-21T06:24:58.118+0000] {processor.py:840} INFO - DAG(s) 'example_sensor_decorator' retrieved from /home/airflow/.local/lib/python3.8/site-packages/airflow/example_dags/example_sensor_decorator.py
[2025-02-21T06:24:58.234+0000] {logging_mixin.py:188} INFO - [2025-02-21T06:24:58.233+0000] {dag.py:3036} INFO - Sync 1 DAGs
[2025-02-21T06:24:58.264+0000] {logging_mixin.py:188} INFO - [2025-02-21T06:24:58.264+0000] {dag.py:3823} INFO - Setting next_dagrun for example_sensor_decorator to None, run_after=None
[2025-02-21T06:24:58.359+0000] {processor.py:183} INFO - Processing /home/airflow/.local/lib/python3.8/site-packages/airflow/example_dags/example_sensor_decorator.py took 0.299 seconds
[2025-02-21T06:25:29.207+0000] {processor.py:161} INFO - Started process (PID=347) to work on /home/airflow/.local/lib/python3.8/site-packages/airflow/example_dags/example_sensor_decorator.py
[2025-02-21T06:25:29.209+0000] {processor.py:830} INFO - Processing file /home/airflow/.local/lib/python3.8/site-packages/airflow/example_dags/example_sensor_decorator.py for tasks to queue
[2025-02-21T06:25:29.216+0000] {logging_mixin.py:188} INFO - [2025-02-21T06:25:29.215+0000] {dagbag.py:538} INFO - Filling up the DagBag from /home/airflow/.local/lib/python3.8/site-packages/airflow/example_dags/example_sensor_decorator.py
[2025-02-21T06:25:29.238+0000] {processor.py:840} INFO - DAG(s) 'example_sensor_decorator' retrieved from /home/airflow/.local/lib/python3.8/site-packages/airflow/example_dags/example_sensor_decorator.py
[2025-02-21T06:25:29.304+0000] {logging_mixin.py:188} INFO - [2025-02-21T06:25:29.304+0000] {dag.py:3036} INFO - Sync 1 DAGs
[2025-02-21T06:25:29.333+0000] {logging_mixin.py:188} INFO - [2025-02-21T06:25:29.333+0000] {dag.py:3823} INFO - Setting next_dagrun for example_sensor_decorator to None, run_after=None
[2025-02-21T06:25:29.373+0000] {processor.py:183} INFO - Processing /home/airflow/.local/lib/python3.8/site-packages/airflow/example_dags/example_sensor_decorator.py took 0.178 seconds
[2025-02-21T06:26:00.470+0000] {processor.py:161} INFO - Started process (PID=403) to work on /home/airflow/.local/lib/python3.8/site-packages/airflow/example_dags/example_sensor_decorator.py
[2025-02-21T06:26:00.477+0000] {processor.py:830} INFO - Processing file /home/airflow/.local/lib/python3.8/site-packages/airflow/example_dags/example_sensor_decorator.py for tasks to queue
[2025-02-21T06:26:00.484+0000] {logging_mixin.py:188} INFO - [2025-02-21T06:26:00.483+0000] {dagbag.py:538} INFO - Filling up the DagBag from /home/airflow/.local/lib/python3.8/site-packages/airflow/example_dags/example_sensor_decorator.py
[2025-02-21T06:26:00.512+0000] {processor.py:840} INFO - DAG(s) 'example_sensor_decorator' retrieved from /home/airflow/.local/lib/python3.8/site-packages/airflow/example_dags/example_sensor_decorator.py
[2025-02-21T06:26:00.596+0000] {logging_mixin.py:188} INFO - [2025-02-21T06:26:00.595+0000] {dag.py:3036} INFO - Sync 1 DAGs
[2025-02-21T06:26:00.653+0000] {logging_mixin.py:188} INFO - [2025-02-21T06:26:00.653+0000] {dag.py:3823} INFO - Setting next_dagrun for example_sensor_decorator to None, run_after=None
[2025-02-21T06:26:00.738+0000] {processor.py:183} INFO - Processing /home/airflow/.local/lib/python3.8/site-packages/airflow/example_dags/example_sensor_decorator.py took 0.280 seconds
[2025-02-21T06:26:30.926+0000] {processor.py:161} INFO - Started process (PID=456) to work on /home/airflow/.local/lib/python3.8/site-packages/airflow/example_dags/example_sensor_decorator.py
[2025-02-21T06:26:30.930+0000] {processor.py:830} INFO - Processing file /home/airflow/.local/lib/python3.8/site-packages/airflow/example_dags/example_sensor_decorator.py for tasks to queue
[2025-02-21T06:26:30.936+0000] {logging_mixin.py:188} INFO - [2025-02-21T06:26:30.935+0000] {dagbag.py:538} INFO - Filling up the DagBag from /home/airflow/.local/lib/python3.8/site-packages/airflow/example_dags/example_sensor_decorator.py
[2025-02-21T06:26:30.953+0000] {processor.py:840} INFO - DAG(s) 'example_sensor_decorator' retrieved from /home/airflow/.local/lib/python3.8/site-packages/airflow/example_dags/example_sensor_decorator.py
[2025-02-21T06:26:31.019+0000] {logging_mixin.py:188} INFO - [2025-02-21T06:26:31.019+0000] {dag.py:3036} INFO - Sync 1 DAGs
[2025-02-21T06:26:31.056+0000] {logging_mixin.py:188} INFO - [2025-02-21T06:26:31.055+0000] {dag.py:3823} INFO - Setting next_dagrun for example_sensor_decorator to None, run_after=None
[2025-02-21T06:26:31.106+0000] {processor.py:183} INFO - Processing /home/airflow/.local/lib/python3.8/site-packages/airflow/example_dags/example_sensor_decorator.py took 0.190 seconds
[2025-02-21T06:27:01.435+0000] {processor.py:161} INFO - Started process (PID=512) to work on /home/airflow/.local/lib/python3.8/site-packages/airflow/example_dags/example_sensor_decorator.py
[2025-02-21T06:27:01.438+0000] {processor.py:830} INFO - Processing file /home/airflow/.local/lib/python3.8/site-packages/airflow/example_dags/example_sensor_decorator.py for tasks to queue
[2025-02-21T06:27:01.443+0000] {logging_mixin.py:188} INFO - [2025-02-21T06:27:01.443+0000] {dagbag.py:538} INFO - Filling up the DagBag from /home/airflow/.local/lib/python3.8/site-packages/airflow/example_dags/example_sensor_decorator.py
[2025-02-21T06:27:01.461+0000] {processor.py:840} INFO - DAG(s) 'example_sensor_decorator' retrieved from /home/airflow/.local/lib/python3.8/site-packages/airflow/example_dags/example_sensor_decorator.py
[2025-02-21T06:27:01.531+0000] {logging_mixin.py:188} INFO - [2025-02-21T06:27:01.530+0000] {dag.py:3036} INFO - Sync 1 DAGs
[2025-02-21T06:27:01.566+0000] {logging_mixin.py:188} INFO - [2025-02-21T06:27:01.565+0000] {dag.py:3823} INFO - Setting next_dagrun for example_sensor_decorator to None, run_after=None
[2025-02-21T06:27:01.627+0000] {processor.py:183} INFO - Processing /home/airflow/.local/lib/python3.8/site-packages/airflow/example_dags/example_sensor_decorator.py took 0.201 seconds
[2025-02-21T06:27:31.834+0000] {processor.py:161} INFO - Started process (PID=566) to work on /home/airflow/.local/lib/python3.8/site-packages/airflow/example_dags/example_sensor_decorator.py
[2025-02-21T06:27:31.837+0000] {processor.py:830} INFO - Processing file /home/airflow/.local/lib/python3.8/site-packages/airflow/example_dags/example_sensor_decorator.py for tasks to queue
[2025-02-21T06:27:31.843+0000] {logging_mixin.py:188} INFO - [2025-02-21T06:27:31.843+0000] {dagbag.py:538} INFO - Filling up the DagBag from /home/airflow/.local/lib/python3.8/site-packages/airflow/example_dags/example_sensor_decorator.py
[2025-02-21T06:27:31.858+0000] {processor.py:840} INFO - DAG(s) 'example_sensor_decorator' retrieved from /home/airflow/.local/lib/python3.8/site-packages/airflow/example_dags/example_sensor_decorator.py
[2025-02-21T06:27:31.919+0000] {logging_mixin.py:188} INFO - [2025-02-21T06:27:31.919+0000] {dag.py:3036} INFO - Sync 1 DAGs
[2025-02-21T06:27:31.965+0000] {logging_mixin.py:188} INFO - [2025-02-21T06:27:31.964+0000] {dag.py:3823} INFO - Setting next_dagrun for example_sensor_decorator to None, run_after=None
[2025-02-21T06:27:32.036+0000] {processor.py:183} INFO - Processing /home/airflow/.local/lib/python3.8/site-packages/airflow/example_dags/example_sensor_decorator.py took 0.210 seconds
[2025-02-21T06:28:02.419+0000] {processor.py:161} INFO - Started process (PID=621) to work on /home/airflow/.local/lib/python3.8/site-packages/airflow/example_dags/example_sensor_decorator.py
[2025-02-21T06:28:02.422+0000] {processor.py:830} INFO - Processing file /home/airflow/.local/lib/python3.8/site-packages/airflow/example_dags/example_sensor_decorator.py for tasks to queue
[2025-02-21T06:28:02.428+0000] {logging_mixin.py:188} INFO - [2025-02-21T06:28:02.427+0000] {dagbag.py:538} INFO - Filling up the DagBag from /home/airflow/.local/lib/python3.8/site-packages/airflow/example_dags/example_sensor_decorator.py
[2025-02-21T06:28:02.444+0000] {processor.py:840} INFO - DAG(s) 'example_sensor_decorator' retrieved from /home/airflow/.local/lib/python3.8/site-packages/airflow/example_dags/example_sensor_decorator.py
[2025-02-21T06:28:02.531+0000] {logging_mixin.py:188} INFO - [2025-02-21T06:28:02.530+0000] {dag.py:3036} INFO - Sync 1 DAGs
[2025-02-21T06:28:02.572+0000] {logging_mixin.py:188} INFO - [2025-02-21T06:28:02.571+0000] {dag.py:3823} INFO - Setting next_dagrun for example_sensor_decorator to None, run_after=None
[2025-02-21T06:28:02.651+0000] {processor.py:183} INFO - Processing /home/airflow/.local/lib/python3.8/site-packages/airflow/example_dags/example_sensor_decorator.py took 0.242 seconds
[2025-02-21T06:28:33.419+0000] {processor.py:161} INFO - Started process (PID=676) to work on /home/airflow/.local/lib/python3.8/site-packages/airflow/example_dags/example_sensor_decorator.py
[2025-02-21T06:28:33.423+0000] {processor.py:830} INFO - Processing file /home/airflow/.local/lib/python3.8/site-packages/airflow/example_dags/example_sensor_decorator.py for tasks to queue
[2025-02-21T06:28:33.428+0000] {logging_mixin.py:188} INFO - [2025-02-21T06:28:33.428+0000] {dagbag.py:538} INFO - Filling up the DagBag from /home/airflow/.local/lib/python3.8/site-packages/airflow/example_dags/example_sensor_decorator.py
[2025-02-21T06:28:33.450+0000] {processor.py:840} INFO - DAG(s) 'example_sensor_decorator' retrieved from /home/airflow/.local/lib/python3.8/site-packages/airflow/example_dags/example_sensor_decorator.py
[2025-02-21T06:28:33.514+0000] {logging_mixin.py:188} INFO - [2025-02-21T06:28:33.513+0000] {dag.py:3036} INFO - Sync 1 DAGs
[2025-02-21T06:28:33.555+0000] {logging_mixin.py:188} INFO - [2025-02-21T06:28:33.554+0000] {dag.py:3823} INFO - Setting next_dagrun for example_sensor_decorator to None, run_after=None
[2025-02-21T06:28:33.624+0000] {processor.py:183} INFO - Processing /home/airflow/.local/lib/python3.8/site-packages/airflow/example_dags/example_sensor_decorator.py took 0.218 seconds
[2025-02-21T06:29:04.109+0000] {processor.py:161} INFO - Started process (PID=730) to work on /home/airflow/.local/lib/python3.8/site-packages/airflow/example_dags/example_sensor_decorator.py
[2025-02-21T06:29:04.115+0000] {processor.py:830} INFO - Processing file /home/airflow/.local/lib/python3.8/site-packages/airflow/example_dags/example_sensor_decorator.py for tasks to queue
[2025-02-21T06:29:04.122+0000] {logging_mixin.py:188} INFO - [2025-02-21T06:29:04.121+0000] {dagbag.py:538} INFO - Filling up the DagBag from /home/airflow/.local/lib/python3.8/site-packages/airflow/example_dags/example_sensor_decorator.py
[2025-02-21T06:29:04.149+0000] {processor.py:840} INFO - DAG(s) 'example_sensor_decorator' retrieved from /home/airflow/.local/lib/python3.8/site-packages/airflow/example_dags/example_sensor_decorator.py
[2025-02-21T06:29:04.214+0000] {logging_mixin.py:188} INFO - [2025-02-21T06:29:04.214+0000] {dag.py:3036} INFO - Sync 1 DAGs
[2025-02-21T06:29:04.251+0000] {logging_mixin.py:188} INFO - [2025-02-21T06:29:04.251+0000] {dag.py:3823} INFO - Setting next_dagrun for example_sensor_decorator to None, run_after=None
[2025-02-21T06:29:04.299+0000] {processor.py:183} INFO - Processing /home/airflow/.local/lib/python3.8/site-packages/airflow/example_dags/example_sensor_decorator.py took 0.208 seconds
[2025-02-21T06:29:34.748+0000] {processor.py:161} INFO - Started process (PID=785) to work on /home/airflow/.local/lib/python3.8/site-packages/airflow/example_dags/example_sensor_decorator.py
[2025-02-21T06:29:34.754+0000] {processor.py:830} INFO - Processing file /home/airflow/.local/lib/python3.8/site-packages/airflow/example_dags/example_sensor_decorator.py for tasks to queue
[2025-02-21T06:29:34.771+0000] {logging_mixin.py:188} INFO - [2025-02-21T06:29:34.770+0000] {dagbag.py:538} INFO - Filling up the DagBag from /home/airflow/.local/lib/python3.8/site-packages/airflow/example_dags/example_sensor_decorator.py
[2025-02-21T06:29:34.799+0000] {processor.py:840} INFO - DAG(s) 'example_sensor_decorator' retrieved from /home/airflow/.local/lib/python3.8/site-packages/airflow/example_dags/example_sensor_decorator.py
[2025-02-21T06:29:34.974+0000] {logging_mixin.py:188} INFO - [2025-02-21T06:29:34.973+0000] {dag.py:3036} INFO - Sync 1 DAGs
[2025-02-21T06:29:35.023+0000] {logging_mixin.py:188} INFO - [2025-02-21T06:29:35.021+0000] {dag.py:3823} INFO - Setting next_dagrun for example_sensor_decorator to None, run_after=None
[2025-02-21T06:29:35.237+0000] {processor.py:183} INFO - Processing /home/airflow/.local/lib/python3.8/site-packages/airflow/example_dags/example_sensor_decorator.py took 0.503 seconds
[2025-02-21T06:30:05.539+0000] {processor.py:161} INFO - Started process (PID=840) to work on /home/airflow/.local/lib/python3.8/site-packages/airflow/example_dags/example_sensor_decorator.py
[2025-02-21T06:30:05.542+0000] {processor.py:830} INFO - Processing file /home/airflow/.local/lib/python3.8/site-packages/airflow/example_dags/example_sensor_decorator.py for tasks to queue
[2025-02-21T06:30:05.551+0000] {logging_mixin.py:188} INFO - [2025-02-21T06:30:05.550+0000] {dagbag.py:538} INFO - Filling up the DagBag from /home/airflow/.local/lib/python3.8/site-packages/airflow/example_dags/example_sensor_decorator.py
[2025-02-21T06:30:05.571+0000] {processor.py:840} INFO - DAG(s) 'example_sensor_decorator' retrieved from /home/airflow/.local/lib/python3.8/site-packages/airflow/example_dags/example_sensor_decorator.py
[2025-02-21T06:30:05.700+0000] {logging_mixin.py:188} INFO - [2025-02-21T06:30:05.698+0000] {dag.py:3036} INFO - Sync 1 DAGs
[2025-02-21T06:30:05.739+0000] {logging_mixin.py:188} INFO - [2025-02-21T06:30:05.739+0000] {dag.py:3823} INFO - Setting next_dagrun for example_sensor_decorator to None, run_after=None
[2025-02-21T06:30:05.814+0000] {processor.py:183} INFO - Processing /home/airflow/.local/lib/python3.8/site-packages/airflow/example_dags/example_sensor_decorator.py took 0.282 seconds
[2025-02-21T06:30:36.212+0000] {processor.py:161} INFO - Started process (PID=895) to work on /home/airflow/.local/lib/python3.8/site-packages/airflow/example_dags/example_sensor_decorator.py
[2025-02-21T06:30:36.215+0000] {processor.py:830} INFO - Processing file /home/airflow/.local/lib/python3.8/site-packages/airflow/example_dags/example_sensor_decorator.py for tasks to queue
[2025-02-21T06:30:36.221+0000] {logging_mixin.py:188} INFO - [2025-02-21T06:30:36.220+0000] {dagbag.py:538} INFO - Filling up the DagBag from /home/airflow/.local/lib/python3.8/site-packages/airflow/example_dags/example_sensor_decorator.py
[2025-02-21T06:30:36.241+0000] {processor.py:840} INFO - DAG(s) 'example_sensor_decorator' retrieved from /home/airflow/.local/lib/python3.8/site-packages/airflow/example_dags/example_sensor_decorator.py
[2025-02-21T06:30:36.307+0000] {logging_mixin.py:188} INFO - [2025-02-21T06:30:36.307+0000] {dag.py:3036} INFO - Sync 1 DAGs
[2025-02-21T06:30:36.356+0000] {logging_mixin.py:188} INFO - [2025-02-21T06:30:36.355+0000] {dag.py:3823} INFO - Setting next_dagrun for example_sensor_decorator to None, run_after=None
[2025-02-21T06:30:36.431+0000] {processor.py:183} INFO - Processing /home/airflow/.local/lib/python3.8/site-packages/airflow/example_dags/example_sensor_decorator.py took 0.232 seconds
[2025-02-21T06:31:06.877+0000] {processor.py:161} INFO - Started process (PID=951) to work on /home/airflow/.local/lib/python3.8/site-packages/airflow/example_dags/example_sensor_decorator.py
[2025-02-21T06:31:06.898+0000] {processor.py:830} INFO - Processing file /home/airflow/.local/lib/python3.8/site-packages/airflow/example_dags/example_sensor_decorator.py for tasks to queue
[2025-02-21T06:31:06.909+0000] {logging_mixin.py:188} INFO - [2025-02-21T06:31:06.909+0000] {dagbag.py:538} INFO - Filling up the DagBag from /home/airflow/.local/lib/python3.8/site-packages/airflow/example_dags/example_sensor_decorator.py
[2025-02-21T06:31:06.928+0000] {processor.py:840} INFO - DAG(s) 'example_sensor_decorator' retrieved from /home/airflow/.local/lib/python3.8/site-packages/airflow/example_dags/example_sensor_decorator.py
[2025-02-21T06:31:06.981+0000] {logging_mixin.py:188} INFO - [2025-02-21T06:31:06.981+0000] {dag.py:3036} INFO - Sync 1 DAGs
[2025-02-21T06:31:07.014+0000] {logging_mixin.py:188} INFO - [2025-02-21T06:31:07.013+0000] {dag.py:3823} INFO - Setting next_dagrun for example_sensor_decorator to None, run_after=None
[2025-02-21T06:31:07.111+0000] {processor.py:183} INFO - Processing /home/airflow/.local/lib/python3.8/site-packages/airflow/example_dags/example_sensor_decorator.py took 0.279 seconds
[2025-02-21T06:31:37.393+0000] {processor.py:161} INFO - Started process (PID=1006) to work on /home/airflow/.local/lib/python3.8/site-packages/airflow/example_dags/example_sensor_decorator.py
[2025-02-21T06:31:37.404+0000] {processor.py:830} INFO - Processing file /home/airflow/.local/lib/python3.8/site-packages/airflow/example_dags/example_sensor_decorator.py for tasks to queue
[2025-02-21T06:31:37.414+0000] {logging_mixin.py:188} INFO - [2025-02-21T06:31:37.413+0000] {dagbag.py:538} INFO - Filling up the DagBag from /home/airflow/.local/lib/python3.8/site-packages/airflow/example_dags/example_sensor_decorator.py
[2025-02-21T06:31:37.433+0000] {processor.py:840} INFO - DAG(s) 'example_sensor_decorator' retrieved from /home/airflow/.local/lib/python3.8/site-packages/airflow/example_dags/example_sensor_decorator.py
[2025-02-21T06:31:37.503+0000] {logging_mixin.py:188} INFO - [2025-02-21T06:31:37.503+0000] {dag.py:3036} INFO - Sync 1 DAGs
[2025-02-21T06:31:37.540+0000] {logging_mixin.py:188} INFO - [2025-02-21T06:31:37.538+0000] {dag.py:3823} INFO - Setting next_dagrun for example_sensor_decorator to None, run_after=None
[2025-02-21T06:31:37.645+0000] {processor.py:183} INFO - Processing /home/airflow/.local/lib/python3.8/site-packages/airflow/example_dags/example_sensor_decorator.py took 0.266 seconds
[2025-02-21T06:32:08.922+0000] {processor.py:161} INFO - Started process (PID=1061) to work on /home/airflow/.local/lib/python3.8/site-packages/airflow/example_dags/example_sensor_decorator.py
[2025-02-21T06:32:08.927+0000] {processor.py:830} INFO - Processing file /home/airflow/.local/lib/python3.8/site-packages/airflow/example_dags/example_sensor_decorator.py for tasks to queue
[2025-02-21T06:32:08.934+0000] {logging_mixin.py:188} INFO - [2025-02-21T06:32:08.933+0000] {dagbag.py:538} INFO - Filling up the DagBag from /home/airflow/.local/lib/python3.8/site-packages/airflow/example_dags/example_sensor_decorator.py
[2025-02-21T06:32:08.966+0000] {processor.py:840} INFO - DAG(s) 'example_sensor_decorator' retrieved from /home/airflow/.local/lib/python3.8/site-packages/airflow/example_dags/example_sensor_decorator.py
[2025-02-21T06:32:09.073+0000] {logging_mixin.py:188} INFO - [2025-02-21T06:32:09.072+0000] {dag.py:3036} INFO - Sync 1 DAGs
[2025-02-21T06:32:09.123+0000] {logging_mixin.py:188} INFO - [2025-02-21T06:32:09.123+0000] {dag.py:3823} INFO - Setting next_dagrun for example_sensor_decorator to None, run_after=None
[2025-02-21T06:32:09.230+0000] {processor.py:183} INFO - Processing /home/airflow/.local/lib/python3.8/site-packages/airflow/example_dags/example_sensor_decorator.py took 0.323 seconds
[2025-02-21T06:32:39.558+0000] {processor.py:161} INFO - Started process (PID=1116) to work on /home/airflow/.local/lib/python3.8/site-packages/airflow/example_dags/example_sensor_decorator.py
[2025-02-21T06:32:39.561+0000] {processor.py:830} INFO - Processing file /home/airflow/.local/lib/python3.8/site-packages/airflow/example_dags/example_sensor_decorator.py for tasks to queue
[2025-02-21T06:32:39.568+0000] {logging_mixin.py:188} INFO - [2025-02-21T06:32:39.567+0000] {dagbag.py:538} INFO - Filling up the DagBag from /home/airflow/.local/lib/python3.8/site-packages/airflow/example_dags/example_sensor_decorator.py
[2025-02-21T06:32:39.584+0000] {processor.py:840} INFO - DAG(s) 'example_sensor_decorator' retrieved from /home/airflow/.local/lib/python3.8/site-packages/airflow/example_dags/example_sensor_decorator.py
[2025-02-21T06:32:39.720+0000] {logging_mixin.py:188} INFO - [2025-02-21T06:32:39.719+0000] {dag.py:3036} INFO - Sync 1 DAGs
[2025-02-21T06:32:39.764+0000] {logging_mixin.py:188} INFO - [2025-02-21T06:32:39.764+0000] {dag.py:3823} INFO - Setting next_dagrun for example_sensor_decorator to None, run_after=None
[2025-02-21T06:32:39.820+0000] {processor.py:183} INFO - Processing /home/airflow/.local/lib/python3.8/site-packages/airflow/example_dags/example_sensor_decorator.py took 0.274 seconds
[2025-02-21T06:33:10.364+0000] {processor.py:161} INFO - Started process (PID=1177) to work on /home/airflow/.local/lib/python3.8/site-packages/airflow/example_dags/example_sensor_decorator.py
[2025-02-21T06:33:10.378+0000] {processor.py:830} INFO - Processing file /home/airflow/.local/lib/python3.8/site-packages/airflow/example_dags/example_sensor_decorator.py for tasks to queue
[2025-02-21T06:33:10.396+0000] {logging_mixin.py:188} INFO - [2025-02-21T06:33:10.392+0000] {dagbag.py:538} INFO - Filling up the DagBag from /home/airflow/.local/lib/python3.8/site-packages/airflow/example_dags/example_sensor_decorator.py
[2025-02-21T06:33:10.484+0000] {processor.py:840} INFO - DAG(s) 'example_sensor_decorator' retrieved from /home/airflow/.local/lib/python3.8/site-packages/airflow/example_dags/example_sensor_decorator.py
[2025-02-21T06:33:10.612+0000] {logging_mixin.py:188} INFO - [2025-02-21T06:33:10.611+0000] {dag.py:3036} INFO - Sync 1 DAGs
[2025-02-21T06:33:10.660+0000] {logging_mixin.py:188} INFO - [2025-02-21T06:33:10.659+0000] {dag.py:3823} INFO - Setting next_dagrun for example_sensor_decorator to None, run_after=None
[2025-02-21T06:33:10.722+0000] {processor.py:183} INFO - Processing /home/airflow/.local/lib/python3.8/site-packages/airflow/example_dags/example_sensor_decorator.py took 0.369 seconds
[2025-02-21T06:33:41.230+0000] {processor.py:161} INFO - Started process (PID=1232) to work on /home/airflow/.local/lib/python3.8/site-packages/airflow/example_dags/example_sensor_decorator.py
[2025-02-21T06:33:41.238+0000] {processor.py:830} INFO - Processing file /home/airflow/.local/lib/python3.8/site-packages/airflow/example_dags/example_sensor_decorator.py for tasks to queue
[2025-02-21T06:33:41.247+0000] {logging_mixin.py:188} INFO - [2025-02-21T06:33:41.246+0000] {dagbag.py:538} INFO - Filling up the DagBag from /home/airflow/.local/lib/python3.8/site-packages/airflow/example_dags/example_sensor_decorator.py
[2025-02-21T06:33:41.272+0000] {processor.py:840} INFO - DAG(s) 'example_sensor_decorator' retrieved from /home/airflow/.local/lib/python3.8/site-packages/airflow/example_dags/example_sensor_decorator.py
[2025-02-21T06:33:41.368+0000] {logging_mixin.py:188} INFO - [2025-02-21T06:33:41.366+0000] {dag.py:3036} INFO - Sync 1 DAGs
[2025-02-21T06:33:41.423+0000] {logging_mixin.py:188} INFO - [2025-02-21T06:33:41.422+0000] {dag.py:3823} INFO - Setting next_dagrun for example_sensor_decorator to None, run_after=None
[2025-02-21T06:33:41.481+0000] {processor.py:183} INFO - Processing /home/airflow/.local/lib/python3.8/site-packages/airflow/example_dags/example_sensor_decorator.py took 0.262 seconds
[2025-02-21T06:34:11.629+0000] {processor.py:161} INFO - Started process (PID=1287) to work on /home/airflow/.local/lib/python3.8/site-packages/airflow/example_dags/example_sensor_decorator.py
[2025-02-21T06:34:11.632+0000] {processor.py:830} INFO - Processing file /home/airflow/.local/lib/python3.8/site-packages/airflow/example_dags/example_sensor_decorator.py for tasks to queue
[2025-02-21T06:34:11.637+0000] {logging_mixin.py:188} INFO - [2025-02-21T06:34:11.637+0000] {dagbag.py:538} INFO - Filling up the DagBag from /home/airflow/.local/lib/python3.8/site-packages/airflow/example_dags/example_sensor_decorator.py
[2025-02-21T06:34:11.650+0000] {processor.py:840} INFO - DAG(s) 'example_sensor_decorator' retrieved from /home/airflow/.local/lib/python3.8/site-packages/airflow/example_dags/example_sensor_decorator.py
[2025-02-21T06:34:11.702+0000] {logging_mixin.py:188} INFO - [2025-02-21T06:34:11.702+0000] {dag.py:3036} INFO - Sync 1 DAGs
[2025-02-21T06:34:11.733+0000] {logging_mixin.py:188} INFO - [2025-02-21T06:34:11.733+0000] {dag.py:3823} INFO - Setting next_dagrun for example_sensor_decorator to None, run_after=None
[2025-02-21T06:34:11.775+0000] {processor.py:183} INFO - Processing /home/airflow/.local/lib/python3.8/site-packages/airflow/example_dags/example_sensor_decorator.py took 0.155 seconds
[2025-02-21T06:34:42.363+0000] {processor.py:161} INFO - Started process (PID=1342) to work on /home/airflow/.local/lib/python3.8/site-packages/airflow/example_dags/example_sensor_decorator.py
[2025-02-21T06:34:42.366+0000] {processor.py:830} INFO - Processing file /home/airflow/.local/lib/python3.8/site-packages/airflow/example_dags/example_sensor_decorator.py for tasks to queue
[2025-02-21T06:34:42.370+0000] {logging_mixin.py:188} INFO - [2025-02-21T06:34:42.370+0000] {dagbag.py:538} INFO - Filling up the DagBag from /home/airflow/.local/lib/python3.8/site-packages/airflow/example_dags/example_sensor_decorator.py
[2025-02-21T06:34:42.383+0000] {processor.py:840} INFO - DAG(s) 'example_sensor_decorator' retrieved from /home/airflow/.local/lib/python3.8/site-packages/airflow/example_dags/example_sensor_decorator.py
[2025-02-21T06:34:42.448+0000] {logging_mixin.py:188} INFO - [2025-02-21T06:34:42.447+0000] {dag.py:3036} INFO - Sync 1 DAGs
[2025-02-21T06:34:42.506+0000] {logging_mixin.py:188} INFO - [2025-02-21T06:34:42.504+0000] {dag.py:3823} INFO - Setting next_dagrun for example_sensor_decorator to None, run_after=None
[2025-02-21T06:34:42.691+0000] {processor.py:183} INFO - Processing /home/airflow/.local/lib/python3.8/site-packages/airflow/example_dags/example_sensor_decorator.py took 0.336 seconds
[2025-02-21T06:35:13.193+0000] {processor.py:161} INFO - Started process (PID=1397) to work on /home/airflow/.local/lib/python3.8/site-packages/airflow/example_dags/example_sensor_decorator.py
[2025-02-21T06:35:13.202+0000] {processor.py:830} INFO - Processing file /home/airflow/.local/lib/python3.8/site-packages/airflow/example_dags/example_sensor_decorator.py for tasks to queue
[2025-02-21T06:35:13.210+0000] {logging_mixin.py:188} INFO - [2025-02-21T06:35:13.209+0000] {dagbag.py:538} INFO - Filling up the DagBag from /home/airflow/.local/lib/python3.8/site-packages/airflow/example_dags/example_sensor_decorator.py
[2025-02-21T06:35:13.230+0000] {processor.py:840} INFO - DAG(s) 'example_sensor_decorator' retrieved from /home/airflow/.local/lib/python3.8/site-packages/airflow/example_dags/example_sensor_decorator.py
[2025-02-21T06:35:13.334+0000] {logging_mixin.py:188} INFO - [2025-02-21T06:35:13.334+0000] {dag.py:3036} INFO - Sync 1 DAGs
[2025-02-21T06:35:13.395+0000] {logging_mixin.py:188} INFO - [2025-02-21T06:35:13.394+0000] {dag.py:3823} INFO - Setting next_dagrun for example_sensor_decorator to None, run_after=None
[2025-02-21T06:35:13.469+0000] {processor.py:183} INFO - Processing /home/airflow/.local/lib/python3.8/site-packages/airflow/example_dags/example_sensor_decorator.py took 0.287 seconds
[2025-02-21T06:35:44.136+0000] {processor.py:161} INFO - Started process (PID=1452) to work on /home/airflow/.local/lib/python3.8/site-packages/airflow/example_dags/example_sensor_decorator.py
[2025-02-21T06:35:44.144+0000] {processor.py:830} INFO - Processing file /home/airflow/.local/lib/python3.8/site-packages/airflow/example_dags/example_sensor_decorator.py for tasks to queue
[2025-02-21T06:35:44.150+0000] {logging_mixin.py:188} INFO - [2025-02-21T06:35:44.149+0000] {dagbag.py:538} INFO - Filling up the DagBag from /home/airflow/.local/lib/python3.8/site-packages/airflow/example_dags/example_sensor_decorator.py
[2025-02-21T06:35:44.169+0000] {processor.py:840} INFO - DAG(s) 'example_sensor_decorator' retrieved from /home/airflow/.local/lib/python3.8/site-packages/airflow/example_dags/example_sensor_decorator.py
[2025-02-21T06:35:44.227+0000] {logging_mixin.py:188} INFO - [2025-02-21T06:35:44.227+0000] {dag.py:3036} INFO - Sync 1 DAGs
[2025-02-21T06:35:44.280+0000] {logging_mixin.py:188} INFO - [2025-02-21T06:35:44.280+0000] {dag.py:3823} INFO - Setting next_dagrun for example_sensor_decorator to None, run_after=None
[2025-02-21T06:35:44.332+0000] {processor.py:183} INFO - Processing /home/airflow/.local/lib/python3.8/site-packages/airflow/example_dags/example_sensor_decorator.py took 0.222 seconds
[2025-02-21T06:36:14.463+0000] {processor.py:161} INFO - Started process (PID=1507) to work on /home/airflow/.local/lib/python3.8/site-packages/airflow/example_dags/example_sensor_decorator.py
[2025-02-21T06:36:14.466+0000] {processor.py:830} INFO - Processing file /home/airflow/.local/lib/python3.8/site-packages/airflow/example_dags/example_sensor_decorator.py for tasks to queue
[2025-02-21T06:36:14.474+0000] {logging_mixin.py:188} INFO - [2025-02-21T06:36:14.473+0000] {dagbag.py:538} INFO - Filling up the DagBag from /home/airflow/.local/lib/python3.8/site-packages/airflow/example_dags/example_sensor_decorator.py
[2025-02-21T06:36:14.496+0000] {processor.py:840} INFO - DAG(s) 'example_sensor_decorator' retrieved from /home/airflow/.local/lib/python3.8/site-packages/airflow/example_dags/example_sensor_decorator.py
[2025-02-21T06:36:14.572+0000] {logging_mixin.py:188} INFO - [2025-02-21T06:36:14.571+0000] {dag.py:3036} INFO - Sync 1 DAGs
[2025-02-21T06:36:14.619+0000] {logging_mixin.py:188} INFO - [2025-02-21T06:36:14.618+0000] {dag.py:3823} INFO - Setting next_dagrun for example_sensor_decorator to None, run_after=None
[2025-02-21T06:36:14.675+0000] {processor.py:183} INFO - Processing /home/airflow/.local/lib/python3.8/site-packages/airflow/example_dags/example_sensor_decorator.py took 0.221 seconds
[2025-02-21T06:36:44.842+0000] {processor.py:161} INFO - Started process (PID=1563) to work on /home/airflow/.local/lib/python3.8/site-packages/airflow/example_dags/example_sensor_decorator.py
[2025-02-21T06:36:44.846+0000] {processor.py:830} INFO - Processing file /home/airflow/.local/lib/python3.8/site-packages/airflow/example_dags/example_sensor_decorator.py for tasks to queue
[2025-02-21T06:36:44.852+0000] {logging_mixin.py:188} INFO - [2025-02-21T06:36:44.851+0000] {dagbag.py:538} INFO - Filling up the DagBag from /home/airflow/.local/lib/python3.8/site-packages/airflow/example_dags/example_sensor_decorator.py
[2025-02-21T06:36:44.872+0000] {processor.py:840} INFO - DAG(s) 'example_sensor_decorator' retrieved from /home/airflow/.local/lib/python3.8/site-packages/airflow/example_dags/example_sensor_decorator.py
[2025-02-21T06:36:44.940+0000] {logging_mixin.py:188} INFO - [2025-02-21T06:36:44.939+0000] {dag.py:3036} INFO - Sync 1 DAGs
[2025-02-21T06:36:44.979+0000] {logging_mixin.py:188} INFO - [2025-02-21T06:36:44.978+0000] {dag.py:3823} INFO - Setting next_dagrun for example_sensor_decorator to None, run_after=None
[2025-02-21T06:36:45.047+0000] {processor.py:183} INFO - Processing /home/airflow/.local/lib/python3.8/site-packages/airflow/example_dags/example_sensor_decorator.py took 0.222 seconds
[2025-02-21T06:37:15.696+0000] {processor.py:161} INFO - Started process (PID=1618) to work on /home/airflow/.local/lib/python3.8/site-packages/airflow/example_dags/example_sensor_decorator.py
[2025-02-21T06:37:15.700+0000] {processor.py:830} INFO - Processing file /home/airflow/.local/lib/python3.8/site-packages/airflow/example_dags/example_sensor_decorator.py for tasks to queue
[2025-02-21T06:37:15.704+0000] {logging_mixin.py:188} INFO - [2025-02-21T06:37:15.704+0000] {dagbag.py:538} INFO - Filling up the DagBag from /home/airflow/.local/lib/python3.8/site-packages/airflow/example_dags/example_sensor_decorator.py
[2025-02-21T06:37:15.719+0000] {processor.py:840} INFO - DAG(s) 'example_sensor_decorator' retrieved from /home/airflow/.local/lib/python3.8/site-packages/airflow/example_dags/example_sensor_decorator.py
[2025-02-21T06:37:15.807+0000] {logging_mixin.py:188} INFO - [2025-02-21T06:37:15.807+0000] {dag.py:3036} INFO - Sync 1 DAGs
[2025-02-21T06:37:15.885+0000] {logging_mixin.py:188} INFO - [2025-02-21T06:37:15.883+0000] {dag.py:3823} INFO - Setting next_dagrun for example_sensor_decorator to None, run_after=None
[2025-02-21T06:37:15.943+0000] {processor.py:183} INFO - Processing /home/airflow/.local/lib/python3.8/site-packages/airflow/example_dags/example_sensor_decorator.py took 0.256 seconds
[2025-02-21T06:37:46.577+0000] {processor.py:161} INFO - Started process (PID=1673) to work on /home/airflow/.local/lib/python3.8/site-packages/airflow/example_dags/example_sensor_decorator.py
[2025-02-21T06:37:46.583+0000] {processor.py:830} INFO - Processing file /home/airflow/.local/lib/python3.8/site-packages/airflow/example_dags/example_sensor_decorator.py for tasks to queue
[2025-02-21T06:37:46.592+0000] {logging_mixin.py:188} INFO - [2025-02-21T06:37:46.591+0000] {dagbag.py:538} INFO - Filling up the DagBag from /home/airflow/.local/lib/python3.8/site-packages/airflow/example_dags/example_sensor_decorator.py
[2025-02-21T06:37:46.616+0000] {processor.py:840} INFO - DAG(s) 'example_sensor_decorator' retrieved from /home/airflow/.local/lib/python3.8/site-packages/airflow/example_dags/example_sensor_decorator.py
[2025-02-21T06:37:46.707+0000] {logging_mixin.py:188} INFO - [2025-02-21T06:37:46.706+0000] {dag.py:3036} INFO - Sync 1 DAGs
[2025-02-21T06:37:46.752+0000] {logging_mixin.py:188} INFO - [2025-02-21T06:37:46.748+0000] {dag.py:3823} INFO - Setting next_dagrun for example_sensor_decorator to None, run_after=None
[2025-02-21T06:37:46.843+0000] {processor.py:183} INFO - Processing /home/airflow/.local/lib/python3.8/site-packages/airflow/example_dags/example_sensor_decorator.py took 0.276 seconds
[2025-02-21T06:38:17.671+0000] {processor.py:161} INFO - Started process (PID=1728) to work on /home/airflow/.local/lib/python3.8/site-packages/airflow/example_dags/example_sensor_decorator.py
[2025-02-21T06:38:17.675+0000] {processor.py:830} INFO - Processing file /home/airflow/.local/lib/python3.8/site-packages/airflow/example_dags/example_sensor_decorator.py for tasks to queue
[2025-02-21T06:38:17.681+0000] {logging_mixin.py:188} INFO - [2025-02-21T06:38:17.681+0000] {dagbag.py:538} INFO - Filling up the DagBag from /home/airflow/.local/lib/python3.8/site-packages/airflow/example_dags/example_sensor_decorator.py
[2025-02-21T06:38:17.701+0000] {processor.py:840} INFO - DAG(s) 'example_sensor_decorator' retrieved from /home/airflow/.local/lib/python3.8/site-packages/airflow/example_dags/example_sensor_decorator.py
[2025-02-21T06:38:17.787+0000] {logging_mixin.py:188} INFO - [2025-02-21T06:38:17.784+0000] {dag.py:3036} INFO - Sync 1 DAGs
[2025-02-21T06:38:17.821+0000] {logging_mixin.py:188} INFO - [2025-02-21T06:38:17.821+0000] {dag.py:3823} INFO - Setting next_dagrun for example_sensor_decorator to None, run_after=None
[2025-02-21T06:38:17.893+0000] {processor.py:183} INFO - Processing /home/airflow/.local/lib/python3.8/site-packages/airflow/example_dags/example_sensor_decorator.py took 0.236 seconds
[2025-02-21T06:38:48.301+0000] {processor.py:161} INFO - Started process (PID=1783) to work on /home/airflow/.local/lib/python3.8/site-packages/airflow/example_dags/example_sensor_decorator.py
[2025-02-21T06:38:48.306+0000] {processor.py:830} INFO - Processing file /home/airflow/.local/lib/python3.8/site-packages/airflow/example_dags/example_sensor_decorator.py for tasks to queue
[2025-02-21T06:38:48.312+0000] {logging_mixin.py:188} INFO - [2025-02-21T06:38:48.311+0000] {dagbag.py:538} INFO - Filling up the DagBag from /home/airflow/.local/lib/python3.8/site-packages/airflow/example_dags/example_sensor_decorator.py
[2025-02-21T06:38:48.329+0000] {processor.py:840} INFO - DAG(s) 'example_sensor_decorator' retrieved from /home/airflow/.local/lib/python3.8/site-packages/airflow/example_dags/example_sensor_decorator.py
[2025-02-21T06:38:48.399+0000] {logging_mixin.py:188} INFO - [2025-02-21T06:38:48.398+0000] {dag.py:3036} INFO - Sync 1 DAGs
[2025-02-21T06:38:48.432+0000] {logging_mixin.py:188} INFO - [2025-02-21T06:38:48.432+0000] {dag.py:3823} INFO - Setting next_dagrun for example_sensor_decorator to None, run_after=None
[2025-02-21T06:38:48.482+0000] {processor.py:183} INFO - Processing /home/airflow/.local/lib/python3.8/site-packages/airflow/example_dags/example_sensor_decorator.py took 0.192 seconds
[2025-02-21T06:39:18.808+0000] {processor.py:161} INFO - Started process (PID=1838) to work on /home/airflow/.local/lib/python3.8/site-packages/airflow/example_dags/example_sensor_decorator.py
[2025-02-21T06:39:18.811+0000] {processor.py:830} INFO - Processing file /home/airflow/.local/lib/python3.8/site-packages/airflow/example_dags/example_sensor_decorator.py for tasks to queue
[2025-02-21T06:39:18.817+0000] {logging_mixin.py:188} INFO - [2025-02-21T06:39:18.816+0000] {dagbag.py:538} INFO - Filling up the DagBag from /home/airflow/.local/lib/python3.8/site-packages/airflow/example_dags/example_sensor_decorator.py
[2025-02-21T06:39:18.834+0000] {processor.py:840} INFO - DAG(s) 'example_sensor_decorator' retrieved from /home/airflow/.local/lib/python3.8/site-packages/airflow/example_dags/example_sensor_decorator.py
[2025-02-21T06:39:18.914+0000] {logging_mixin.py:188} INFO - [2025-02-21T06:39:18.913+0000] {dag.py:3036} INFO - Sync 1 DAGs
[2025-02-21T06:39:18.957+0000] {logging_mixin.py:188} INFO - [2025-02-21T06:39:18.956+0000] {dag.py:3823} INFO - Setting next_dagrun for example_sensor_decorator to None, run_after=None
[2025-02-21T06:39:19.030+0000] {processor.py:183} INFO - Processing /home/airflow/.local/lib/python3.8/site-packages/airflow/example_dags/example_sensor_decorator.py took 0.231 seconds
[2025-02-21T06:39:49.938+0000] {processor.py:161} INFO - Started process (PID=1893) to work on /home/airflow/.local/lib/python3.8/site-packages/airflow/example_dags/example_sensor_decorator.py
[2025-02-21T06:39:49.940+0000] {processor.py:830} INFO - Processing file /home/airflow/.local/lib/python3.8/site-packages/airflow/example_dags/example_sensor_decorator.py for tasks to queue
[2025-02-21T06:39:49.945+0000] {logging_mixin.py:188} INFO - [2025-02-21T06:39:49.945+0000] {dagbag.py:538} INFO - Filling up the DagBag from /home/airflow/.local/lib/python3.8/site-packages/airflow/example_dags/example_sensor_decorator.py
[2025-02-21T06:39:49.961+0000] {processor.py:840} INFO - DAG(s) 'example_sensor_decorator' retrieved from /home/airflow/.local/lib/python3.8/site-packages/airflow/example_dags/example_sensor_decorator.py
[2025-02-21T06:39:50.018+0000] {logging_mixin.py:188} INFO - [2025-02-21T06:39:50.017+0000] {dag.py:3036} INFO - Sync 1 DAGs
[2025-02-21T06:39:50.065+0000] {logging_mixin.py:188} INFO - [2025-02-21T06:39:50.065+0000] {dag.py:3823} INFO - Setting next_dagrun for example_sensor_decorator to None, run_after=None
[2025-02-21T06:39:50.115+0000] {processor.py:183} INFO - Processing /home/airflow/.local/lib/python3.8/site-packages/airflow/example_dags/example_sensor_decorator.py took 0.184 seconds
[2025-02-21T06:40:20.587+0000] {processor.py:161} INFO - Started process (PID=1948) to work on /home/airflow/.local/lib/python3.8/site-packages/airflow/example_dags/example_sensor_decorator.py
[2025-02-21T06:40:20.591+0000] {processor.py:830} INFO - Processing file /home/airflow/.local/lib/python3.8/site-packages/airflow/example_dags/example_sensor_decorator.py for tasks to queue
[2025-02-21T06:40:20.599+0000] {logging_mixin.py:188} INFO - [2025-02-21T06:40:20.598+0000] {dagbag.py:538} INFO - Filling up the DagBag from /home/airflow/.local/lib/python3.8/site-packages/airflow/example_dags/example_sensor_decorator.py
[2025-02-21T06:40:20.632+0000] {processor.py:840} INFO - DAG(s) 'example_sensor_decorator' retrieved from /home/airflow/.local/lib/python3.8/site-packages/airflow/example_dags/example_sensor_decorator.py
[2025-02-21T06:40:20.706+0000] {logging_mixin.py:188} INFO - [2025-02-21T06:40:20.705+0000] {dag.py:3036} INFO - Sync 1 DAGs
[2025-02-21T06:40:20.741+0000] {logging_mixin.py:188} INFO - [2025-02-21T06:40:20.741+0000] {dag.py:3823} INFO - Setting next_dagrun for example_sensor_decorator to None, run_after=None
[2025-02-21T06:40:20.819+0000] {processor.py:183} INFO - Processing /home/airflow/.local/lib/python3.8/site-packages/airflow/example_dags/example_sensor_decorator.py took 0.241 seconds
[2025-02-21T06:40:51.212+0000] {processor.py:161} INFO - Started process (PID=2001) to work on /home/airflow/.local/lib/python3.8/site-packages/airflow/example_dags/example_sensor_decorator.py
[2025-02-21T06:40:51.216+0000] {processor.py:830} INFO - Processing file /home/airflow/.local/lib/python3.8/site-packages/airflow/example_dags/example_sensor_decorator.py for tasks to queue
[2025-02-21T06:40:51.223+0000] {logging_mixin.py:188} INFO - [2025-02-21T06:40:51.223+0000] {dagbag.py:538} INFO - Filling up the DagBag from /home/airflow/.local/lib/python3.8/site-packages/airflow/example_dags/example_sensor_decorator.py
[2025-02-21T06:40:51.242+0000] {processor.py:840} INFO - DAG(s) 'example_sensor_decorator' retrieved from /home/airflow/.local/lib/python3.8/site-packages/airflow/example_dags/example_sensor_decorator.py
[2025-02-21T06:40:51.293+0000] {logging_mixin.py:188} INFO - [2025-02-21T06:40:51.293+0000] {dag.py:3036} INFO - Sync 1 DAGs
[2025-02-21T06:40:51.326+0000] {logging_mixin.py:188} INFO - [2025-02-21T06:40:51.326+0000] {dag.py:3823} INFO - Setting next_dagrun for example_sensor_decorator to None, run_after=None
[2025-02-21T06:40:51.372+0000] {processor.py:183} INFO - Processing /home/airflow/.local/lib/python3.8/site-packages/airflow/example_dags/example_sensor_decorator.py took 0.178 seconds
[2025-02-21T06:41:21.858+0000] {processor.py:161} INFO - Started process (PID=2056) to work on /home/airflow/.local/lib/python3.8/site-packages/airflow/example_dags/example_sensor_decorator.py
[2025-02-21T06:41:21.866+0000] {processor.py:830} INFO - Processing file /home/airflow/.local/lib/python3.8/site-packages/airflow/example_dags/example_sensor_decorator.py for tasks to queue
[2025-02-21T06:41:21.872+0000] {logging_mixin.py:188} INFO - [2025-02-21T06:41:21.871+0000] {dagbag.py:538} INFO - Filling up the DagBag from /home/airflow/.local/lib/python3.8/site-packages/airflow/example_dags/example_sensor_decorator.py
[2025-02-21T06:41:21.902+0000] {processor.py:840} INFO - DAG(s) 'example_sensor_decorator' retrieved from /home/airflow/.local/lib/python3.8/site-packages/airflow/example_dags/example_sensor_decorator.py
[2025-02-21T06:41:21.986+0000] {logging_mixin.py:188} INFO - [2025-02-21T06:41:21.986+0000] {dag.py:3036} INFO - Sync 1 DAGs
[2025-02-21T06:41:22.027+0000] {logging_mixin.py:188} INFO - [2025-02-21T06:41:22.026+0000] {dag.py:3823} INFO - Setting next_dagrun for example_sensor_decorator to None, run_after=None
[2025-02-21T06:41:22.117+0000] {processor.py:183} INFO - Processing /home/airflow/.local/lib/python3.8/site-packages/airflow/example_dags/example_sensor_decorator.py took 0.272 seconds
[2025-02-21T06:41:52.449+0000] {processor.py:161} INFO - Started process (PID=2111) to work on /home/airflow/.local/lib/python3.8/site-packages/airflow/example_dags/example_sensor_decorator.py
[2025-02-21T06:41:52.453+0000] {processor.py:830} INFO - Processing file /home/airflow/.local/lib/python3.8/site-packages/airflow/example_dags/example_sensor_decorator.py for tasks to queue
[2025-02-21T06:41:52.458+0000] {logging_mixin.py:188} INFO - [2025-02-21T06:41:52.457+0000] {dagbag.py:538} INFO - Filling up the DagBag from /home/airflow/.local/lib/python3.8/site-packages/airflow/example_dags/example_sensor_decorator.py
[2025-02-21T06:41:52.473+0000] {processor.py:840} INFO - DAG(s) 'example_sensor_decorator' retrieved from /home/airflow/.local/lib/python3.8/site-packages/airflow/example_dags/example_sensor_decorator.py
[2025-02-21T06:41:52.538+0000] {logging_mixin.py:188} INFO - [2025-02-21T06:41:52.538+0000] {dag.py:3036} INFO - Sync 1 DAGs
[2025-02-21T06:41:52.565+0000] {logging_mixin.py:188} INFO - [2025-02-21T06:41:52.565+0000] {dag.py:3823} INFO - Setting next_dagrun for example_sensor_decorator to None, run_after=None
[2025-02-21T06:41:52.613+0000] {processor.py:183} INFO - Processing /home/airflow/.local/lib/python3.8/site-packages/airflow/example_dags/example_sensor_decorator.py took 0.178 seconds
[2025-02-21T06:42:23.408+0000] {processor.py:161} INFO - Started process (PID=2167) to work on /home/airflow/.local/lib/python3.8/site-packages/airflow/example_dags/example_sensor_decorator.py
[2025-02-21T06:42:23.414+0000] {processor.py:830} INFO - Processing file /home/airflow/.local/lib/python3.8/site-packages/airflow/example_dags/example_sensor_decorator.py for tasks to queue
[2025-02-21T06:42:23.424+0000] {logging_mixin.py:188} INFO - [2025-02-21T06:42:23.422+0000] {dagbag.py:538} INFO - Filling up the DagBag from /home/airflow/.local/lib/python3.8/site-packages/airflow/example_dags/example_sensor_decorator.py
[2025-02-21T06:42:23.450+0000] {processor.py:840} INFO - DAG(s) 'example_sensor_decorator' retrieved from /home/airflow/.local/lib/python3.8/site-packages/airflow/example_dags/example_sensor_decorator.py
[2025-02-21T06:42:23.545+0000] {logging_mixin.py:188} INFO - [2025-02-21T06:42:23.544+0000] {dag.py:3036} INFO - Sync 1 DAGs
[2025-02-21T06:42:23.579+0000] {logging_mixin.py:188} INFO - [2025-02-21T06:42:23.578+0000] {dag.py:3823} INFO - Setting next_dagrun for example_sensor_decorator to None, run_after=None
[2025-02-21T06:42:23.635+0000] {processor.py:183} INFO - Processing /home/airflow/.local/lib/python3.8/site-packages/airflow/example_dags/example_sensor_decorator.py took 0.239 seconds
[2025-02-21T06:42:54.626+0000] {processor.py:161} INFO - Started process (PID=2223) to work on /home/airflow/.local/lib/python3.8/site-packages/airflow/example_dags/example_sensor_decorator.py
[2025-02-21T06:42:54.630+0000] {processor.py:830} INFO - Processing file /home/airflow/.local/lib/python3.8/site-packages/airflow/example_dags/example_sensor_decorator.py for tasks to queue
[2025-02-21T06:42:54.636+0000] {logging_mixin.py:188} INFO - [2025-02-21T06:42:54.635+0000] {dagbag.py:538} INFO - Filling up the DagBag from /home/airflow/.local/lib/python3.8/site-packages/airflow/example_dags/example_sensor_decorator.py
[2025-02-21T06:42:54.660+0000] {processor.py:840} INFO - DAG(s) 'example_sensor_decorator' retrieved from /home/airflow/.local/lib/python3.8/site-packages/airflow/example_dags/example_sensor_decorator.py
[2025-02-21T06:42:54.761+0000] {logging_mixin.py:188} INFO - [2025-02-21T06:42:54.761+0000] {dag.py:3036} INFO - Sync 1 DAGs
[2025-02-21T06:42:54.811+0000] {logging_mixin.py:188} INFO - [2025-02-21T06:42:54.809+0000] {dag.py:3823} INFO - Setting next_dagrun for example_sensor_decorator to None, run_after=None
[2025-02-21T06:42:54.914+0000] {processor.py:183} INFO - Processing /home/airflow/.local/lib/python3.8/site-packages/airflow/example_dags/example_sensor_decorator.py took 0.302 seconds
[2025-02-21T06:43:25.335+0000] {processor.py:161} INFO - Started process (PID=2278) to work on /home/airflow/.local/lib/python3.8/site-packages/airflow/example_dags/example_sensor_decorator.py
[2025-02-21T06:43:25.340+0000] {processor.py:830} INFO - Processing file /home/airflow/.local/lib/python3.8/site-packages/airflow/example_dags/example_sensor_decorator.py for tasks to queue
[2025-02-21T06:43:25.347+0000] {logging_mixin.py:188} INFO - [2025-02-21T06:43:25.346+0000] {dagbag.py:538} INFO - Filling up the DagBag from /home/airflow/.local/lib/python3.8/site-packages/airflow/example_dags/example_sensor_decorator.py
[2025-02-21T06:43:25.366+0000] {processor.py:840} INFO - DAG(s) 'example_sensor_decorator' retrieved from /home/airflow/.local/lib/python3.8/site-packages/airflow/example_dags/example_sensor_decorator.py
[2025-02-21T06:43:25.418+0000] {logging_mixin.py:188} INFO - [2025-02-21T06:43:25.418+0000] {dag.py:3036} INFO - Sync 1 DAGs
[2025-02-21T06:43:25.445+0000] {logging_mixin.py:188} INFO - [2025-02-21T06:43:25.444+0000] {dag.py:3823} INFO - Setting next_dagrun for example_sensor_decorator to None, run_after=None
[2025-02-21T06:43:25.491+0000] {processor.py:183} INFO - Processing /home/airflow/.local/lib/python3.8/site-packages/airflow/example_dags/example_sensor_decorator.py took 0.169 seconds
[2025-02-21T06:43:55.901+0000] {processor.py:161} INFO - Started process (PID=2335) to work on /home/airflow/.local/lib/python3.8/site-packages/airflow/example_dags/example_sensor_decorator.py
[2025-02-21T06:43:55.905+0000] {processor.py:830} INFO - Processing file /home/airflow/.local/lib/python3.8/site-packages/airflow/example_dags/example_sensor_decorator.py for tasks to queue
[2025-02-21T06:43:55.915+0000] {logging_mixin.py:188} INFO - [2025-02-21T06:43:55.914+0000] {dagbag.py:538} INFO - Filling up the DagBag from /home/airflow/.local/lib/python3.8/site-packages/airflow/example_dags/example_sensor_decorator.py
[2025-02-21T06:43:55.932+0000] {processor.py:840} INFO - DAG(s) 'example_sensor_decorator' retrieved from /home/airflow/.local/lib/python3.8/site-packages/airflow/example_dags/example_sensor_decorator.py
[2025-02-21T06:43:55.999+0000] {logging_mixin.py:188} INFO - [2025-02-21T06:43:55.999+0000] {dag.py:3036} INFO - Sync 1 DAGs
[2025-02-21T06:43:56.045+0000] {logging_mixin.py:188} INFO - [2025-02-21T06:43:56.045+0000] {dag.py:3823} INFO - Setting next_dagrun for example_sensor_decorator to None, run_after=None
[2025-02-21T06:43:56.134+0000] {processor.py:183} INFO - Processing /home/airflow/.local/lib/python3.8/site-packages/airflow/example_dags/example_sensor_decorator.py took 0.241 seconds
[2025-02-21T06:44:26.397+0000] {processor.py:161} INFO - Started process (PID=2391) to work on /home/airflow/.local/lib/python3.8/site-packages/airflow/example_dags/example_sensor_decorator.py
[2025-02-21T06:44:26.402+0000] {processor.py:830} INFO - Processing file /home/airflow/.local/lib/python3.8/site-packages/airflow/example_dags/example_sensor_decorator.py for tasks to queue
[2025-02-21T06:44:26.413+0000] {logging_mixin.py:188} INFO - [2025-02-21T06:44:26.413+0000] {dagbag.py:538} INFO - Filling up the DagBag from /home/airflow/.local/lib/python3.8/site-packages/airflow/example_dags/example_sensor_decorator.py
[2025-02-21T06:44:26.439+0000] {processor.py:840} INFO - DAG(s) 'example_sensor_decorator' retrieved from /home/airflow/.local/lib/python3.8/site-packages/airflow/example_dags/example_sensor_decorator.py
[2025-02-21T06:44:26.523+0000] {logging_mixin.py:188} INFO - [2025-02-21T06:44:26.522+0000] {dag.py:3036} INFO - Sync 1 DAGs
[2025-02-21T06:44:26.562+0000] {logging_mixin.py:188} INFO - [2025-02-21T06:44:26.562+0000] {dag.py:3823} INFO - Setting next_dagrun for example_sensor_decorator to None, run_after=None
[2025-02-21T06:44:26.637+0000] {processor.py:183} INFO - Processing /home/airflow/.local/lib/python3.8/site-packages/airflow/example_dags/example_sensor_decorator.py took 0.261 seconds
[2025-02-21T06:44:57.437+0000] {processor.py:161} INFO - Started process (PID=2445) to work on /home/airflow/.local/lib/python3.8/site-packages/airflow/example_dags/example_sensor_decorator.py
[2025-02-21T06:44:57.441+0000] {processor.py:830} INFO - Processing file /home/airflow/.local/lib/python3.8/site-packages/airflow/example_dags/example_sensor_decorator.py for tasks to queue
[2025-02-21T06:44:57.447+0000] {logging_mixin.py:188} INFO - [2025-02-21T06:44:57.446+0000] {dagbag.py:538} INFO - Filling up the DagBag from /home/airflow/.local/lib/python3.8/site-packages/airflow/example_dags/example_sensor_decorator.py
[2025-02-21T06:44:57.471+0000] {processor.py:840} INFO - DAG(s) 'example_sensor_decorator' retrieved from /home/airflow/.local/lib/python3.8/site-packages/airflow/example_dags/example_sensor_decorator.py
[2025-02-21T06:44:57.539+0000] {logging_mixin.py:188} INFO - [2025-02-21T06:44:57.536+0000] {dag.py:3036} INFO - Sync 1 DAGs
[2025-02-21T06:44:57.568+0000] {logging_mixin.py:188} INFO - [2025-02-21T06:44:57.568+0000] {dag.py:3823} INFO - Setting next_dagrun for example_sensor_decorator to None, run_after=None
[2025-02-21T06:44:57.616+0000] {processor.py:183} INFO - Processing /home/airflow/.local/lib/python3.8/site-packages/airflow/example_dags/example_sensor_decorator.py took 0.188 seconds
[2025-02-21T06:45:28.031+0000] {processor.py:161} INFO - Started process (PID=2501) to work on /home/airflow/.local/lib/python3.8/site-packages/airflow/example_dags/example_sensor_decorator.py
[2025-02-21T06:45:28.035+0000] {processor.py:830} INFO - Processing file /home/airflow/.local/lib/python3.8/site-packages/airflow/example_dags/example_sensor_decorator.py for tasks to queue
[2025-02-21T06:45:28.042+0000] {logging_mixin.py:188} INFO - [2025-02-21T06:45:28.041+0000] {dagbag.py:538} INFO - Filling up the DagBag from /home/airflow/.local/lib/python3.8/site-packages/airflow/example_dags/example_sensor_decorator.py
[2025-02-21T06:45:28.058+0000] {processor.py:840} INFO - DAG(s) 'example_sensor_decorator' retrieved from /home/airflow/.local/lib/python3.8/site-packages/airflow/example_dags/example_sensor_decorator.py
[2025-02-21T06:45:28.130+0000] {logging_mixin.py:188} INFO - [2025-02-21T06:45:28.129+0000] {dag.py:3036} INFO - Sync 1 DAGs
[2025-02-21T06:45:28.171+0000] {logging_mixin.py:188} INFO - [2025-02-21T06:45:28.170+0000] {dag.py:3823} INFO - Setting next_dagrun for example_sensor_decorator to None, run_after=None
[2025-02-21T06:45:28.231+0000] {processor.py:183} INFO - Processing /home/airflow/.local/lib/python3.8/site-packages/airflow/example_dags/example_sensor_decorator.py took 0.214 seconds
[2025-02-21T06:45:58.554+0000] {processor.py:161} INFO - Started process (PID=2556) to work on /home/airflow/.local/lib/python3.8/site-packages/airflow/example_dags/example_sensor_decorator.py
[2025-02-21T06:45:58.557+0000] {processor.py:830} INFO - Processing file /home/airflow/.local/lib/python3.8/site-packages/airflow/example_dags/example_sensor_decorator.py for tasks to queue
[2025-02-21T06:45:58.565+0000] {logging_mixin.py:188} INFO - [2025-02-21T06:45:58.564+0000] {dagbag.py:538} INFO - Filling up the DagBag from /home/airflow/.local/lib/python3.8/site-packages/airflow/example_dags/example_sensor_decorator.py
[2025-02-21T06:45:58.590+0000] {processor.py:840} INFO - DAG(s) 'example_sensor_decorator' retrieved from /home/airflow/.local/lib/python3.8/site-packages/airflow/example_dags/example_sensor_decorator.py
[2025-02-21T06:45:58.673+0000] {logging_mixin.py:188} INFO - [2025-02-21T06:45:58.672+0000] {dag.py:3036} INFO - Sync 1 DAGs
[2025-02-21T06:45:58.745+0000] {logging_mixin.py:188} INFO - [2025-02-21T06:45:58.742+0000] {dag.py:3823} INFO - Setting next_dagrun for example_sensor_decorator to None, run_after=None
[2025-02-21T06:45:58.868+0000] {processor.py:183} INFO - Processing /home/airflow/.local/lib/python3.8/site-packages/airflow/example_dags/example_sensor_decorator.py took 0.330 seconds
[2025-02-21T06:46:29.532+0000] {processor.py:161} INFO - Started process (PID=2610) to work on /home/airflow/.local/lib/python3.8/site-packages/airflow/example_dags/example_sensor_decorator.py
[2025-02-21T06:46:29.550+0000] {processor.py:830} INFO - Processing file /home/airflow/.local/lib/python3.8/site-packages/airflow/example_dags/example_sensor_decorator.py for tasks to queue
[2025-02-21T06:46:29.574+0000] {logging_mixin.py:188} INFO - [2025-02-21T06:46:29.568+0000] {dagbag.py:538} INFO - Filling up the DagBag from /home/airflow/.local/lib/python3.8/site-packages/airflow/example_dags/example_sensor_decorator.py
[2025-02-21T06:46:29.601+0000] {processor.py:840} INFO - DAG(s) 'example_sensor_decorator' retrieved from /home/airflow/.local/lib/python3.8/site-packages/airflow/example_dags/example_sensor_decorator.py
[2025-02-21T06:46:29.700+0000] {logging_mixin.py:188} INFO - [2025-02-21T06:46:29.699+0000] {dag.py:3036} INFO - Sync 1 DAGs
[2025-02-21T06:46:29.773+0000] {logging_mixin.py:188} INFO - [2025-02-21T06:46:29.772+0000] {dag.py:3823} INFO - Setting next_dagrun for example_sensor_decorator to None, run_after=None
[2025-02-21T06:46:29.910+0000] {processor.py:183} INFO - Processing /home/airflow/.local/lib/python3.8/site-packages/airflow/example_dags/example_sensor_decorator.py took 0.392 seconds
[2025-02-21T06:47:00.931+0000] {processor.py:161} INFO - Started process (PID=2666) to work on /home/airflow/.local/lib/python3.8/site-packages/airflow/example_dags/example_sensor_decorator.py
[2025-02-21T06:47:00.934+0000] {processor.py:830} INFO - Processing file /home/airflow/.local/lib/python3.8/site-packages/airflow/example_dags/example_sensor_decorator.py for tasks to queue
[2025-02-21T06:47:00.940+0000] {logging_mixin.py:188} INFO - [2025-02-21T06:47:00.939+0000] {dagbag.py:538} INFO - Filling up the DagBag from /home/airflow/.local/lib/python3.8/site-packages/airflow/example_dags/example_sensor_decorator.py
[2025-02-21T06:47:00.958+0000] {processor.py:840} INFO - DAG(s) 'example_sensor_decorator' retrieved from /home/airflow/.local/lib/python3.8/site-packages/airflow/example_dags/example_sensor_decorator.py
[2025-02-21T06:47:01.010+0000] {logging_mixin.py:188} INFO - [2025-02-21T06:47:01.009+0000] {dag.py:3036} INFO - Sync 1 DAGs
[2025-02-21T06:47:01.045+0000] {logging_mixin.py:188} INFO - [2025-02-21T06:47:01.044+0000] {dag.py:3823} INFO - Setting next_dagrun for example_sensor_decorator to None, run_after=None
[2025-02-21T06:47:01.116+0000] {processor.py:183} INFO - Processing /home/airflow/.local/lib/python3.8/site-packages/airflow/example_dags/example_sensor_decorator.py took 0.194 seconds
[2025-02-21T06:47:31.610+0000] {processor.py:161} INFO - Started process (PID=2721) to work on /home/airflow/.local/lib/python3.8/site-packages/airflow/example_dags/example_sensor_decorator.py
[2025-02-21T06:47:31.613+0000] {processor.py:830} INFO - Processing file /home/airflow/.local/lib/python3.8/site-packages/airflow/example_dags/example_sensor_decorator.py for tasks to queue
[2025-02-21T06:47:31.620+0000] {logging_mixin.py:188} INFO - [2025-02-21T06:47:31.619+0000] {dagbag.py:538} INFO - Filling up the DagBag from /home/airflow/.local/lib/python3.8/site-packages/airflow/example_dags/example_sensor_decorator.py
[2025-02-21T06:47:31.639+0000] {processor.py:840} INFO - DAG(s) 'example_sensor_decorator' retrieved from /home/airflow/.local/lib/python3.8/site-packages/airflow/example_dags/example_sensor_decorator.py
[2025-02-21T06:47:31.703+0000] {logging_mixin.py:188} INFO - [2025-02-21T06:47:31.703+0000] {dag.py:3036} INFO - Sync 1 DAGs
[2025-02-21T06:47:31.740+0000] {logging_mixin.py:188} INFO - [2025-02-21T06:47:31.739+0000] {dag.py:3823} INFO - Setting next_dagrun for example_sensor_decorator to None, run_after=None
[2025-02-21T06:47:31.791+0000] {processor.py:183} INFO - Processing /home/airflow/.local/lib/python3.8/site-packages/airflow/example_dags/example_sensor_decorator.py took 0.196 seconds
