[2025-02-21T06:23:05.346+0000] {processor.py:161} INFO - Started process (PID=94) to work on /home/airflow/.local/lib/python3.8/site-packages/airflow/example_dags/example_branch_labels.py
[2025-02-21T06:23:05.357+0000] {processor.py:830} INFO - Processing file /home/airflow/.local/lib/python3.8/site-packages/airflow/example_dags/example_branch_labels.py for tasks to queue
[2025-02-21T06:23:05.368+0000] {logging_mixin.py:188} INFO - [2025-02-21T06:23:05.364+0000] {dagbag.py:538} INFO - Filling up the DagBag from /home/airflow/.local/lib/python3.8/site-packages/airflow/example_dags/example_branch_labels.py
[2025-02-21T06:23:05.476+0000] {processor.py:840} INFO - DAG(s) 'example_branch_labels' retrieved from /home/airflow/.local/lib/python3.8/site-packages/airflow/example_dags/example_branch_labels.py
[2025-02-21T06:23:06.183+0000] {logging_mixin.py:188} INFO - [2025-02-21T06:23:06.183+0000] {dag.py:3036} INFO - Sync 1 DAGs
[2025-02-21T06:23:06.323+0000] {logging_mixin.py:188} INFO - [2025-02-21T06:23:06.322+0000] {dag.py:3823} INFO - Setting next_dagrun for example_branch_labels to 2025-02-20 00:00:00+00:00, run_after=2025-02-21 00:00:00+00:00
[2025-02-21T06:23:06.429+0000] {processor.py:183} INFO - Processing /home/airflow/.local/lib/python3.8/site-packages/airflow/example_dags/example_branch_labels.py took 1.093 seconds
[2025-02-21T06:23:37.113+0000] {processor.py:161} INFO - Started process (PID=148) to work on /home/airflow/.local/lib/python3.8/site-packages/airflow/example_dags/example_branch_labels.py
[2025-02-21T06:23:37.116+0000] {processor.py:830} INFO - Processing file /home/airflow/.local/lib/python3.8/site-packages/airflow/example_dags/example_branch_labels.py for tasks to queue
[2025-02-21T06:23:37.122+0000] {logging_mixin.py:188} INFO - [2025-02-21T06:23:37.121+0000] {dagbag.py:538} INFO - Filling up the DagBag from /home/airflow/.local/lib/python3.8/site-packages/airflow/example_dags/example_branch_labels.py
[2025-02-21T06:23:37.144+0000] {processor.py:840} INFO - DAG(s) 'example_branch_labels' retrieved from /home/airflow/.local/lib/python3.8/site-packages/airflow/example_dags/example_branch_labels.py
[2025-02-21T06:23:37.218+0000] {logging_mixin.py:188} INFO - [2025-02-21T06:23:37.217+0000] {dag.py:3036} INFO - Sync 1 DAGs
[2025-02-21T06:23:37.290+0000] {logging_mixin.py:188} INFO - [2025-02-21T06:23:37.290+0000] {dag.py:3823} INFO - Setting next_dagrun for example_branch_labels to 2025-02-20 00:00:00+00:00, run_after=2025-02-21 00:00:00+00:00
[2025-02-21T06:23:37.333+0000] {processor.py:183} INFO - Processing /home/airflow/.local/lib/python3.8/site-packages/airflow/example_dags/example_branch_labels.py took 0.228 seconds
[2025-02-21T06:24:07.558+0000] {processor.py:161} INFO - Started process (PID=203) to work on /home/airflow/.local/lib/python3.8/site-packages/airflow/example_dags/example_branch_labels.py
[2025-02-21T06:24:07.563+0000] {processor.py:830} INFO - Processing file /home/airflow/.local/lib/python3.8/site-packages/airflow/example_dags/example_branch_labels.py for tasks to queue
[2025-02-21T06:24:07.571+0000] {logging_mixin.py:188} INFO - [2025-02-21T06:24:07.570+0000] {dagbag.py:538} INFO - Filling up the DagBag from /home/airflow/.local/lib/python3.8/site-packages/airflow/example_dags/example_branch_labels.py
[2025-02-21T06:24:07.601+0000] {processor.py:840} INFO - DAG(s) 'example_branch_labels' retrieved from /home/airflow/.local/lib/python3.8/site-packages/airflow/example_dags/example_branch_labels.py
[2025-02-21T06:24:07.685+0000] {logging_mixin.py:188} INFO - [2025-02-21T06:24:07.684+0000] {dag.py:3036} INFO - Sync 1 DAGs
[2025-02-21T06:24:07.778+0000] {logging_mixin.py:188} INFO - [2025-02-21T06:24:07.777+0000] {dag.py:3823} INFO - Setting next_dagrun for example_branch_labels to 2025-02-20 00:00:00+00:00, run_after=2025-02-21 00:00:00+00:00
[2025-02-21T06:24:07.839+0000] {processor.py:183} INFO - Processing /home/airflow/.local/lib/python3.8/site-packages/airflow/example_dags/example_branch_labels.py took 0.295 seconds
[2025-02-21T06:24:38.340+0000] {processor.py:161} INFO - Started process (PID=259) to work on /home/airflow/.local/lib/python3.8/site-packages/airflow/example_dags/example_branch_labels.py
[2025-02-21T06:24:38.345+0000] {processor.py:830} INFO - Processing file /home/airflow/.local/lib/python3.8/site-packages/airflow/example_dags/example_branch_labels.py for tasks to queue
[2025-02-21T06:24:38.367+0000] {logging_mixin.py:188} INFO - [2025-02-21T06:24:38.366+0000] {dagbag.py:538} INFO - Filling up the DagBag from /home/airflow/.local/lib/python3.8/site-packages/airflow/example_dags/example_branch_labels.py
[2025-02-21T06:24:38.397+0000] {processor.py:840} INFO - DAG(s) 'example_branch_labels' retrieved from /home/airflow/.local/lib/python3.8/site-packages/airflow/example_dags/example_branch_labels.py
[2025-02-21T06:24:38.500+0000] {logging_mixin.py:188} INFO - [2025-02-21T06:24:38.500+0000] {dag.py:3036} INFO - Sync 1 DAGs
[2025-02-21T06:24:38.591+0000] {logging_mixin.py:188} INFO - [2025-02-21T06:24:38.590+0000] {dag.py:3823} INFO - Setting next_dagrun for example_branch_labels to 2025-02-20 00:00:00+00:00, run_after=2025-02-21 00:00:00+00:00
[2025-02-21T06:24:38.667+0000] {processor.py:183} INFO - Processing /home/airflow/.local/lib/python3.8/site-packages/airflow/example_dags/example_branch_labels.py took 0.339 seconds
[2025-02-21T06:25:09.007+0000] {processor.py:161} INFO - Started process (PID=314) to work on /home/airflow/.local/lib/python3.8/site-packages/airflow/example_dags/example_branch_labels.py
[2025-02-21T06:25:09.010+0000] {processor.py:830} INFO - Processing file /home/airflow/.local/lib/python3.8/site-packages/airflow/example_dags/example_branch_labels.py for tasks to queue
[2025-02-21T06:25:09.015+0000] {logging_mixin.py:188} INFO - [2025-02-21T06:25:09.015+0000] {dagbag.py:538} INFO - Filling up the DagBag from /home/airflow/.local/lib/python3.8/site-packages/airflow/example_dags/example_branch_labels.py
[2025-02-21T06:25:09.049+0000] {processor.py:840} INFO - DAG(s) 'example_branch_labels' retrieved from /home/airflow/.local/lib/python3.8/site-packages/airflow/example_dags/example_branch_labels.py
[2025-02-21T06:25:09.119+0000] {logging_mixin.py:188} INFO - [2025-02-21T06:25:09.117+0000] {dag.py:3036} INFO - Sync 1 DAGs
[2025-02-21T06:25:09.175+0000] {logging_mixin.py:188} INFO - [2025-02-21T06:25:09.174+0000] {dag.py:3823} INFO - Setting next_dagrun for example_branch_labels to 2025-02-20 00:00:00+00:00, run_after=2025-02-21 00:00:00+00:00
[2025-02-21T06:25:09.225+0000] {processor.py:183} INFO - Processing /home/airflow/.local/lib/python3.8/site-packages/airflow/example_dags/example_branch_labels.py took 0.236 seconds
[2025-02-21T06:25:39.544+0000] {processor.py:161} INFO - Started process (PID=369) to work on /home/airflow/.local/lib/python3.8/site-packages/airflow/example_dags/example_branch_labels.py
[2025-02-21T06:25:39.548+0000] {processor.py:830} INFO - Processing file /home/airflow/.local/lib/python3.8/site-packages/airflow/example_dags/example_branch_labels.py for tasks to queue
[2025-02-21T06:25:39.556+0000] {logging_mixin.py:188} INFO - [2025-02-21T06:25:39.555+0000] {dagbag.py:538} INFO - Filling up the DagBag from /home/airflow/.local/lib/python3.8/site-packages/airflow/example_dags/example_branch_labels.py
[2025-02-21T06:25:39.575+0000] {processor.py:840} INFO - DAG(s) 'example_branch_labels' retrieved from /home/airflow/.local/lib/python3.8/site-packages/airflow/example_dags/example_branch_labels.py
[2025-02-21T06:25:39.637+0000] {logging_mixin.py:188} INFO - [2025-02-21T06:25:39.636+0000] {dag.py:3036} INFO - Sync 1 DAGs
[2025-02-21T06:25:39.706+0000] {logging_mixin.py:188} INFO - [2025-02-21T06:25:39.705+0000] {dag.py:3823} INFO - Setting next_dagrun for example_branch_labels to 2025-02-20 00:00:00+00:00, run_after=2025-02-21 00:00:00+00:00
[2025-02-21T06:25:39.808+0000] {processor.py:183} INFO - Processing /home/airflow/.local/lib/python3.8/site-packages/airflow/example_dags/example_branch_labels.py took 0.277 seconds
[2025-02-21T06:26:10.259+0000] {processor.py:161} INFO - Started process (PID=424) to work on /home/airflow/.local/lib/python3.8/site-packages/airflow/example_dags/example_branch_labels.py
[2025-02-21T06:26:10.262+0000] {processor.py:830} INFO - Processing file /home/airflow/.local/lib/python3.8/site-packages/airflow/example_dags/example_branch_labels.py for tasks to queue
[2025-02-21T06:26:10.269+0000] {logging_mixin.py:188} INFO - [2025-02-21T06:26:10.268+0000] {dagbag.py:538} INFO - Filling up the DagBag from /home/airflow/.local/lib/python3.8/site-packages/airflow/example_dags/example_branch_labels.py
[2025-02-21T06:26:10.288+0000] {processor.py:840} INFO - DAG(s) 'example_branch_labels' retrieved from /home/airflow/.local/lib/python3.8/site-packages/airflow/example_dags/example_branch_labels.py
[2025-02-21T06:26:10.362+0000] {logging_mixin.py:188} INFO - [2025-02-21T06:26:10.361+0000] {dag.py:3036} INFO - Sync 1 DAGs
[2025-02-21T06:26:10.417+0000] {logging_mixin.py:188} INFO - [2025-02-21T06:26:10.416+0000] {dag.py:3823} INFO - Setting next_dagrun for example_branch_labels to 2025-02-20 00:00:00+00:00, run_after=2025-02-21 00:00:00+00:00
[2025-02-21T06:26:10.467+0000] {processor.py:183} INFO - Processing /home/airflow/.local/lib/python3.8/site-packages/airflow/example_dags/example_branch_labels.py took 0.220 seconds
[2025-02-21T06:26:40.975+0000] {processor.py:161} INFO - Started process (PID=480) to work on /home/airflow/.local/lib/python3.8/site-packages/airflow/example_dags/example_branch_labels.py
[2025-02-21T06:26:40.982+0000] {processor.py:830} INFO - Processing file /home/airflow/.local/lib/python3.8/site-packages/airflow/example_dags/example_branch_labels.py for tasks to queue
[2025-02-21T06:26:40.997+0000] {logging_mixin.py:188} INFO - [2025-02-21T06:26:40.996+0000] {dagbag.py:538} INFO - Filling up the DagBag from /home/airflow/.local/lib/python3.8/site-packages/airflow/example_dags/example_branch_labels.py
[2025-02-21T06:26:41.030+0000] {processor.py:840} INFO - DAG(s) 'example_branch_labels' retrieved from /home/airflow/.local/lib/python3.8/site-packages/airflow/example_dags/example_branch_labels.py
[2025-02-21T06:26:41.094+0000] {logging_mixin.py:188} INFO - [2025-02-21T06:26:41.093+0000] {dag.py:3036} INFO - Sync 1 DAGs
[2025-02-21T06:26:41.156+0000] {logging_mixin.py:188} INFO - [2025-02-21T06:26:41.156+0000] {dag.py:3823} INFO - Setting next_dagrun for example_branch_labels to 2025-02-20 00:00:00+00:00, run_after=2025-02-21 00:00:00+00:00
[2025-02-21T06:26:41.210+0000] {processor.py:183} INFO - Processing /home/airflow/.local/lib/python3.8/site-packages/airflow/example_dags/example_branch_labels.py took 0.243 seconds
[2025-02-21T06:27:11.805+0000] {processor.py:161} INFO - Started process (PID=534) to work on /home/airflow/.local/lib/python3.8/site-packages/airflow/example_dags/example_branch_labels.py
[2025-02-21T06:27:11.807+0000] {processor.py:830} INFO - Processing file /home/airflow/.local/lib/python3.8/site-packages/airflow/example_dags/example_branch_labels.py for tasks to queue
[2025-02-21T06:27:11.812+0000] {logging_mixin.py:188} INFO - [2025-02-21T06:27:11.812+0000] {dagbag.py:538} INFO - Filling up the DagBag from /home/airflow/.local/lib/python3.8/site-packages/airflow/example_dags/example_branch_labels.py
[2025-02-21T06:27:11.831+0000] {processor.py:840} INFO - DAG(s) 'example_branch_labels' retrieved from /home/airflow/.local/lib/python3.8/site-packages/airflow/example_dags/example_branch_labels.py
[2025-02-21T06:27:11.881+0000] {logging_mixin.py:188} INFO - [2025-02-21T06:27:11.880+0000] {dag.py:3036} INFO - Sync 1 DAGs
[2025-02-21T06:27:11.938+0000] {logging_mixin.py:188} INFO - [2025-02-21T06:27:11.938+0000] {dag.py:3823} INFO - Setting next_dagrun for example_branch_labels to 2025-02-20 00:00:00+00:00, run_after=2025-02-21 00:00:00+00:00
[2025-02-21T06:27:11.998+0000] {processor.py:183} INFO - Processing /home/airflow/.local/lib/python3.8/site-packages/airflow/example_dags/example_branch_labels.py took 0.200 seconds
[2025-02-21T06:27:43.065+0000] {processor.py:161} INFO - Started process (PID=589) to work on /home/airflow/.local/lib/python3.8/site-packages/airflow/example_dags/example_branch_labels.py
[2025-02-21T06:27:43.068+0000] {processor.py:830} INFO - Processing file /home/airflow/.local/lib/python3.8/site-packages/airflow/example_dags/example_branch_labels.py for tasks to queue
[2025-02-21T06:27:43.075+0000] {logging_mixin.py:188} INFO - [2025-02-21T06:27:43.075+0000] {dagbag.py:538} INFO - Filling up the DagBag from /home/airflow/.local/lib/python3.8/site-packages/airflow/example_dags/example_branch_labels.py
[2025-02-21T06:27:43.103+0000] {processor.py:840} INFO - DAG(s) 'example_branch_labels' retrieved from /home/airflow/.local/lib/python3.8/site-packages/airflow/example_dags/example_branch_labels.py
[2025-02-21T06:27:43.176+0000] {logging_mixin.py:188} INFO - [2025-02-21T06:27:43.176+0000] {dag.py:3036} INFO - Sync 1 DAGs
[2025-02-21T06:27:43.242+0000] {logging_mixin.py:188} INFO - [2025-02-21T06:27:43.241+0000] {dag.py:3823} INFO - Setting next_dagrun for example_branch_labels to 2025-02-20 00:00:00+00:00, run_after=2025-02-21 00:00:00+00:00
[2025-02-21T06:27:43.287+0000] {processor.py:183} INFO - Processing /home/airflow/.local/lib/python3.8/site-packages/airflow/example_dags/example_branch_labels.py took 0.229 seconds
[2025-02-21T06:28:13.620+0000] {processor.py:161} INFO - Started process (PID=644) to work on /home/airflow/.local/lib/python3.8/site-packages/airflow/example_dags/example_branch_labels.py
[2025-02-21T06:28:13.625+0000] {processor.py:830} INFO - Processing file /home/airflow/.local/lib/python3.8/site-packages/airflow/example_dags/example_branch_labels.py for tasks to queue
[2025-02-21T06:28:13.631+0000] {logging_mixin.py:188} INFO - [2025-02-21T06:28:13.630+0000] {dagbag.py:538} INFO - Filling up the DagBag from /home/airflow/.local/lib/python3.8/site-packages/airflow/example_dags/example_branch_labels.py
[2025-02-21T06:28:13.671+0000] {processor.py:840} INFO - DAG(s) 'example_branch_labels' retrieved from /home/airflow/.local/lib/python3.8/site-packages/airflow/example_dags/example_branch_labels.py
[2025-02-21T06:28:13.748+0000] {logging_mixin.py:188} INFO - [2025-02-21T06:28:13.746+0000] {dag.py:3036} INFO - Sync 1 DAGs
[2025-02-21T06:28:13.832+0000] {logging_mixin.py:188} INFO - [2025-02-21T06:28:13.832+0000] {dag.py:3823} INFO - Setting next_dagrun for example_branch_labels to 2025-02-20 00:00:00+00:00, run_after=2025-02-21 00:00:00+00:00
[2025-02-21T06:28:13.912+0000] {processor.py:183} INFO - Processing /home/airflow/.local/lib/python3.8/site-packages/airflow/example_dags/example_branch_labels.py took 0.302 seconds
[2025-02-21T06:28:44.149+0000] {processor.py:161} INFO - Started process (PID=698) to work on /home/airflow/.local/lib/python3.8/site-packages/airflow/example_dags/example_branch_labels.py
[2025-02-21T06:28:44.153+0000] {processor.py:830} INFO - Processing file /home/airflow/.local/lib/python3.8/site-packages/airflow/example_dags/example_branch_labels.py for tasks to queue
[2025-02-21T06:28:44.159+0000] {logging_mixin.py:188} INFO - [2025-02-21T06:28:44.158+0000] {dagbag.py:538} INFO - Filling up the DagBag from /home/airflow/.local/lib/python3.8/site-packages/airflow/example_dags/example_branch_labels.py
[2025-02-21T06:28:44.194+0000] {processor.py:840} INFO - DAG(s) 'example_branch_labels' retrieved from /home/airflow/.local/lib/python3.8/site-packages/airflow/example_dags/example_branch_labels.py
[2025-02-21T06:28:44.284+0000] {logging_mixin.py:188} INFO - [2025-02-21T06:28:44.283+0000] {dag.py:3036} INFO - Sync 1 DAGs
[2025-02-21T06:28:44.366+0000] {logging_mixin.py:188} INFO - [2025-02-21T06:28:44.365+0000] {dag.py:3823} INFO - Setting next_dagrun for example_branch_labels to 2025-02-20 00:00:00+00:00, run_after=2025-02-21 00:00:00+00:00
[2025-02-21T06:28:44.430+0000] {processor.py:183} INFO - Processing /home/airflow/.local/lib/python3.8/site-packages/airflow/example_dags/example_branch_labels.py took 0.290 seconds
[2025-02-21T06:29:14.691+0000] {processor.py:161} INFO - Started process (PID=753) to work on /home/airflow/.local/lib/python3.8/site-packages/airflow/example_dags/example_branch_labels.py
[2025-02-21T06:29:14.696+0000] {processor.py:830} INFO - Processing file /home/airflow/.local/lib/python3.8/site-packages/airflow/example_dags/example_branch_labels.py for tasks to queue
[2025-02-21T06:29:14.714+0000] {logging_mixin.py:188} INFO - [2025-02-21T06:29:14.712+0000] {dagbag.py:538} INFO - Filling up the DagBag from /home/airflow/.local/lib/python3.8/site-packages/airflow/example_dags/example_branch_labels.py
[2025-02-21T06:29:14.747+0000] {processor.py:840} INFO - DAG(s) 'example_branch_labels' retrieved from /home/airflow/.local/lib/python3.8/site-packages/airflow/example_dags/example_branch_labels.py
[2025-02-21T06:29:14.831+0000] {logging_mixin.py:188} INFO - [2025-02-21T06:29:14.831+0000] {dag.py:3036} INFO - Sync 1 DAGs
[2025-02-21T06:29:14.943+0000] {logging_mixin.py:188} INFO - [2025-02-21T06:29:14.942+0000] {dag.py:3823} INFO - Setting next_dagrun for example_branch_labels to 2025-02-20 00:00:00+00:00, run_after=2025-02-21 00:00:00+00:00
[2025-02-21T06:29:15.025+0000] {processor.py:183} INFO - Processing /home/airflow/.local/lib/python3.8/site-packages/airflow/example_dags/example_branch_labels.py took 0.345 seconds
[2025-02-21T06:29:45.785+0000] {processor.py:161} INFO - Started process (PID=808) to work on /home/airflow/.local/lib/python3.8/site-packages/airflow/example_dags/example_branch_labels.py
[2025-02-21T06:29:45.791+0000] {processor.py:830} INFO - Processing file /home/airflow/.local/lib/python3.8/site-packages/airflow/example_dags/example_branch_labels.py for tasks to queue
[2025-02-21T06:29:45.802+0000] {logging_mixin.py:188} INFO - [2025-02-21T06:29:45.801+0000] {dagbag.py:538} INFO - Filling up the DagBag from /home/airflow/.local/lib/python3.8/site-packages/airflow/example_dags/example_branch_labels.py
[2025-02-21T06:29:45.823+0000] {processor.py:840} INFO - DAG(s) 'example_branch_labels' retrieved from /home/airflow/.local/lib/python3.8/site-packages/airflow/example_dags/example_branch_labels.py
[2025-02-21T06:29:45.905+0000] {logging_mixin.py:188} INFO - [2025-02-21T06:29:45.904+0000] {dag.py:3036} INFO - Sync 1 DAGs
[2025-02-21T06:29:45.981+0000] {logging_mixin.py:188} INFO - [2025-02-21T06:29:45.980+0000] {dag.py:3823} INFO - Setting next_dagrun for example_branch_labels to 2025-02-20 00:00:00+00:00, run_after=2025-02-21 00:00:00+00:00
[2025-02-21T06:29:46.022+0000] {processor.py:183} INFO - Processing /home/airflow/.local/lib/python3.8/site-packages/airflow/example_dags/example_branch_labels.py took 0.262 seconds
[2025-02-21T06:30:16.517+0000] {processor.py:161} INFO - Started process (PID=863) to work on /home/airflow/.local/lib/python3.8/site-packages/airflow/example_dags/example_branch_labels.py
[2025-02-21T06:30:16.523+0000] {processor.py:830} INFO - Processing file /home/airflow/.local/lib/python3.8/site-packages/airflow/example_dags/example_branch_labels.py for tasks to queue
[2025-02-21T06:30:16.541+0000] {logging_mixin.py:188} INFO - [2025-02-21T06:30:16.539+0000] {dagbag.py:538} INFO - Filling up the DagBag from /home/airflow/.local/lib/python3.8/site-packages/airflow/example_dags/example_branch_labels.py
[2025-02-21T06:30:16.564+0000] {processor.py:840} INFO - DAG(s) 'example_branch_labels' retrieved from /home/airflow/.local/lib/python3.8/site-packages/airflow/example_dags/example_branch_labels.py
[2025-02-21T06:30:16.640+0000] {logging_mixin.py:188} INFO - [2025-02-21T06:30:16.639+0000] {dag.py:3036} INFO - Sync 1 DAGs
[2025-02-21T06:30:16.710+0000] {logging_mixin.py:188} INFO - [2025-02-21T06:30:16.710+0000] {dag.py:3823} INFO - Setting next_dagrun for example_branch_labels to 2025-02-20 00:00:00+00:00, run_after=2025-02-21 00:00:00+00:00
[2025-02-21T06:30:16.783+0000] {processor.py:183} INFO - Processing /home/airflow/.local/lib/python3.8/site-packages/airflow/example_dags/example_branch_labels.py took 0.286 seconds
[2025-02-21T06:30:47.321+0000] {processor.py:161} INFO - Started process (PID=919) to work on /home/airflow/.local/lib/python3.8/site-packages/airflow/example_dags/example_branch_labels.py
[2025-02-21T06:30:47.324+0000] {processor.py:830} INFO - Processing file /home/airflow/.local/lib/python3.8/site-packages/airflow/example_dags/example_branch_labels.py for tasks to queue
[2025-02-21T06:30:47.331+0000] {logging_mixin.py:188} INFO - [2025-02-21T06:30:47.329+0000] {dagbag.py:538} INFO - Filling up the DagBag from /home/airflow/.local/lib/python3.8/site-packages/airflow/example_dags/example_branch_labels.py
[2025-02-21T06:30:47.384+0000] {processor.py:840} INFO - DAG(s) 'example_branch_labels' retrieved from /home/airflow/.local/lib/python3.8/site-packages/airflow/example_dags/example_branch_labels.py
[2025-02-21T06:30:47.515+0000] {logging_mixin.py:188} INFO - [2025-02-21T06:30:47.513+0000] {dag.py:3036} INFO - Sync 1 DAGs
[2025-02-21T06:30:47.630+0000] {logging_mixin.py:188} INFO - [2025-02-21T06:30:47.629+0000] {dag.py:3823} INFO - Setting next_dagrun for example_branch_labels to 2025-02-20 00:00:00+00:00, run_after=2025-02-21 00:00:00+00:00
[2025-02-21T06:30:47.699+0000] {processor.py:183} INFO - Processing /home/airflow/.local/lib/python3.8/site-packages/airflow/example_dags/example_branch_labels.py took 0.390 seconds
[2025-02-21T06:31:18.424+0000] {processor.py:161} INFO - Started process (PID=974) to work on /home/airflow/.local/lib/python3.8/site-packages/airflow/example_dags/example_branch_labels.py
[2025-02-21T06:31:18.427+0000] {processor.py:830} INFO - Processing file /home/airflow/.local/lib/python3.8/site-packages/airflow/example_dags/example_branch_labels.py for tasks to queue
[2025-02-21T06:31:18.432+0000] {logging_mixin.py:188} INFO - [2025-02-21T06:31:18.431+0000] {dagbag.py:538} INFO - Filling up the DagBag from /home/airflow/.local/lib/python3.8/site-packages/airflow/example_dags/example_branch_labels.py
[2025-02-21T06:31:18.449+0000] {processor.py:840} INFO - DAG(s) 'example_branch_labels' retrieved from /home/airflow/.local/lib/python3.8/site-packages/airflow/example_dags/example_branch_labels.py
[2025-02-21T06:31:18.531+0000] {logging_mixin.py:188} INFO - [2025-02-21T06:31:18.530+0000] {dag.py:3036} INFO - Sync 1 DAGs
[2025-02-21T06:31:18.599+0000] {logging_mixin.py:188} INFO - [2025-02-21T06:31:18.598+0000] {dag.py:3823} INFO - Setting next_dagrun for example_branch_labels to 2025-02-20 00:00:00+00:00, run_after=2025-02-21 00:00:00+00:00
[2025-02-21T06:31:18.656+0000] {processor.py:183} INFO - Processing /home/airflow/.local/lib/python3.8/site-packages/airflow/example_dags/example_branch_labels.py took 0.243 seconds
[2025-02-21T06:31:49.089+0000] {processor.py:161} INFO - Started process (PID=1029) to work on /home/airflow/.local/lib/python3.8/site-packages/airflow/example_dags/example_branch_labels.py
[2025-02-21T06:31:49.092+0000] {processor.py:830} INFO - Processing file /home/airflow/.local/lib/python3.8/site-packages/airflow/example_dags/example_branch_labels.py for tasks to queue
[2025-02-21T06:31:49.097+0000] {logging_mixin.py:188} INFO - [2025-02-21T06:31:49.096+0000] {dagbag.py:538} INFO - Filling up the DagBag from /home/airflow/.local/lib/python3.8/site-packages/airflow/example_dags/example_branch_labels.py
[2025-02-21T06:31:49.114+0000] {processor.py:840} INFO - DAG(s) 'example_branch_labels' retrieved from /home/airflow/.local/lib/python3.8/site-packages/airflow/example_dags/example_branch_labels.py
[2025-02-21T06:31:49.191+0000] {logging_mixin.py:188} INFO - [2025-02-21T06:31:49.191+0000] {dag.py:3036} INFO - Sync 1 DAGs
[2025-02-21T06:31:49.242+0000] {logging_mixin.py:188} INFO - [2025-02-21T06:31:49.242+0000] {dag.py:3823} INFO - Setting next_dagrun for example_branch_labels to 2025-02-20 00:00:00+00:00, run_after=2025-02-21 00:00:00+00:00
[2025-02-21T06:31:49.304+0000] {processor.py:183} INFO - Processing /home/airflow/.local/lib/python3.8/site-packages/airflow/example_dags/example_branch_labels.py took 0.222 seconds
[2025-02-21T06:32:19.597+0000] {processor.py:161} INFO - Started process (PID=1082) to work on /home/airflow/.local/lib/python3.8/site-packages/airflow/example_dags/example_branch_labels.py
[2025-02-21T06:32:19.603+0000] {processor.py:830} INFO - Processing file /home/airflow/.local/lib/python3.8/site-packages/airflow/example_dags/example_branch_labels.py for tasks to queue
[2025-02-21T06:32:19.612+0000] {logging_mixin.py:188} INFO - [2025-02-21T06:32:19.611+0000] {dagbag.py:538} INFO - Filling up the DagBag from /home/airflow/.local/lib/python3.8/site-packages/airflow/example_dags/example_branch_labels.py
[2025-02-21T06:32:19.638+0000] {processor.py:840} INFO - DAG(s) 'example_branch_labels' retrieved from /home/airflow/.local/lib/python3.8/site-packages/airflow/example_dags/example_branch_labels.py
[2025-02-21T06:32:19.747+0000] {logging_mixin.py:188} INFO - [2025-02-21T06:32:19.746+0000] {dag.py:3036} INFO - Sync 1 DAGs
[2025-02-21T06:32:19.833+0000] {logging_mixin.py:188} INFO - [2025-02-21T06:32:19.832+0000] {dag.py:3823} INFO - Setting next_dagrun for example_branch_labels to 2025-02-20 00:00:00+00:00, run_after=2025-02-21 00:00:00+00:00
[2025-02-21T06:32:19.908+0000] {processor.py:183} INFO - Processing /home/airflow/.local/lib/python3.8/site-packages/airflow/example_dags/example_branch_labels.py took 0.322 seconds
[2025-02-21T06:32:50.164+0000] {processor.py:161} INFO - Started process (PID=1137) to work on /home/airflow/.local/lib/python3.8/site-packages/airflow/example_dags/example_branch_labels.py
[2025-02-21T06:32:50.173+0000] {processor.py:830} INFO - Processing file /home/airflow/.local/lib/python3.8/site-packages/airflow/example_dags/example_branch_labels.py for tasks to queue
[2025-02-21T06:32:50.184+0000] {logging_mixin.py:188} INFO - [2025-02-21T06:32:50.184+0000] {dagbag.py:538} INFO - Filling up the DagBag from /home/airflow/.local/lib/python3.8/site-packages/airflow/example_dags/example_branch_labels.py
[2025-02-21T06:32:50.208+0000] {processor.py:840} INFO - DAG(s) 'example_branch_labels' retrieved from /home/airflow/.local/lib/python3.8/site-packages/airflow/example_dags/example_branch_labels.py
[2025-02-21T06:32:50.290+0000] {logging_mixin.py:188} INFO - [2025-02-21T06:32:50.289+0000] {dag.py:3036} INFO - Sync 1 DAGs
[2025-02-21T06:32:50.367+0000] {logging_mixin.py:188} INFO - [2025-02-21T06:32:50.367+0000] {dag.py:3823} INFO - Setting next_dagrun for example_branch_labels to 2025-02-20 00:00:00+00:00, run_after=2025-02-21 00:00:00+00:00
[2025-02-21T06:32:50.437+0000] {processor.py:183} INFO - Processing /home/airflow/.local/lib/python3.8/site-packages/airflow/example_dags/example_branch_labels.py took 0.281 seconds
[2025-02-21T06:33:20.752+0000] {processor.py:161} INFO - Started process (PID=1192) to work on /home/airflow/.local/lib/python3.8/site-packages/airflow/example_dags/example_branch_labels.py
[2025-02-21T06:33:20.756+0000] {processor.py:830} INFO - Processing file /home/airflow/.local/lib/python3.8/site-packages/airflow/example_dags/example_branch_labels.py for tasks to queue
[2025-02-21T06:33:20.763+0000] {logging_mixin.py:188} INFO - [2025-02-21T06:33:20.761+0000] {dagbag.py:538} INFO - Filling up the DagBag from /home/airflow/.local/lib/python3.8/site-packages/airflow/example_dags/example_branch_labels.py
[2025-02-21T06:33:20.790+0000] {processor.py:840} INFO - DAG(s) 'example_branch_labels' retrieved from /home/airflow/.local/lib/python3.8/site-packages/airflow/example_dags/example_branch_labels.py
[2025-02-21T06:33:20.926+0000] {logging_mixin.py:188} INFO - [2025-02-21T06:33:20.925+0000] {dag.py:3036} INFO - Sync 1 DAGs
[2025-02-21T06:33:21.025+0000] {logging_mixin.py:188} INFO - [2025-02-21T06:33:21.023+0000] {dag.py:3823} INFO - Setting next_dagrun for example_branch_labels to 2025-02-20 00:00:00+00:00, run_after=2025-02-21 00:00:00+00:00
[2025-02-21T06:33:21.093+0000] {processor.py:183} INFO - Processing /home/airflow/.local/lib/python3.8/site-packages/airflow/example_dags/example_branch_labels.py took 0.354 seconds
[2025-02-21T06:33:51.689+0000] {processor.py:161} INFO - Started process (PID=1247) to work on /home/airflow/.local/lib/python3.8/site-packages/airflow/example_dags/example_branch_labels.py
[2025-02-21T06:33:51.692+0000] {processor.py:830} INFO - Processing file /home/airflow/.local/lib/python3.8/site-packages/airflow/example_dags/example_branch_labels.py for tasks to queue
[2025-02-21T06:33:51.697+0000] {logging_mixin.py:188} INFO - [2025-02-21T06:33:51.697+0000] {dagbag.py:538} INFO - Filling up the DagBag from /home/airflow/.local/lib/python3.8/site-packages/airflow/example_dags/example_branch_labels.py
[2025-02-21T06:33:51.714+0000] {processor.py:840} INFO - DAG(s) 'example_branch_labels' retrieved from /home/airflow/.local/lib/python3.8/site-packages/airflow/example_dags/example_branch_labels.py
[2025-02-21T06:33:51.767+0000] {logging_mixin.py:188} INFO - [2025-02-21T06:33:51.766+0000] {dag.py:3036} INFO - Sync 1 DAGs
[2025-02-21T06:33:51.828+0000] {logging_mixin.py:188} INFO - [2025-02-21T06:33:51.827+0000] {dag.py:3823} INFO - Setting next_dagrun for example_branch_labels to 2025-02-20 00:00:00+00:00, run_after=2025-02-21 00:00:00+00:00
[2025-02-21T06:33:51.875+0000] {processor.py:183} INFO - Processing /home/airflow/.local/lib/python3.8/site-packages/airflow/example_dags/example_branch_labels.py took 0.192 seconds
[2025-02-21T06:34:22.281+0000] {processor.py:161} INFO - Started process (PID=1303) to work on /home/airflow/.local/lib/python3.8/site-packages/airflow/example_dags/example_branch_labels.py
[2025-02-21T06:34:22.285+0000] {processor.py:830} INFO - Processing file /home/airflow/.local/lib/python3.8/site-packages/airflow/example_dags/example_branch_labels.py for tasks to queue
[2025-02-21T06:34:22.291+0000] {logging_mixin.py:188} INFO - [2025-02-21T06:34:22.290+0000] {dagbag.py:538} INFO - Filling up the DagBag from /home/airflow/.local/lib/python3.8/site-packages/airflow/example_dags/example_branch_labels.py
[2025-02-21T06:34:22.315+0000] {processor.py:840} INFO - DAG(s) 'example_branch_labels' retrieved from /home/airflow/.local/lib/python3.8/site-packages/airflow/example_dags/example_branch_labels.py
[2025-02-21T06:34:22.397+0000] {logging_mixin.py:188} INFO - [2025-02-21T06:34:22.396+0000] {dag.py:3036} INFO - Sync 1 DAGs
[2025-02-21T06:34:22.469+0000] {logging_mixin.py:188} INFO - [2025-02-21T06:34:22.469+0000] {dag.py:3823} INFO - Setting next_dagrun for example_branch_labels to 2025-02-20 00:00:00+00:00, run_after=2025-02-21 00:00:00+00:00
[2025-02-21T06:34:22.562+0000] {processor.py:183} INFO - Processing /home/airflow/.local/lib/python3.8/site-packages/airflow/example_dags/example_branch_labels.py took 0.299 seconds
[2025-02-21T06:34:52.970+0000] {processor.py:161} INFO - Started process (PID=1358) to work on /home/airflow/.local/lib/python3.8/site-packages/airflow/example_dags/example_branch_labels.py
[2025-02-21T06:34:52.972+0000] {processor.py:830} INFO - Processing file /home/airflow/.local/lib/python3.8/site-packages/airflow/example_dags/example_branch_labels.py for tasks to queue
[2025-02-21T06:34:52.982+0000] {logging_mixin.py:188} INFO - [2025-02-21T06:34:52.981+0000] {dagbag.py:538} INFO - Filling up the DagBag from /home/airflow/.local/lib/python3.8/site-packages/airflow/example_dags/example_branch_labels.py
[2025-02-21T06:34:53.007+0000] {processor.py:840} INFO - DAG(s) 'example_branch_labels' retrieved from /home/airflow/.local/lib/python3.8/site-packages/airflow/example_dags/example_branch_labels.py
[2025-02-21T06:34:53.066+0000] {logging_mixin.py:188} INFO - [2025-02-21T06:34:53.065+0000] {dag.py:3036} INFO - Sync 1 DAGs
[2025-02-21T06:34:53.148+0000] {logging_mixin.py:188} INFO - [2025-02-21T06:34:53.148+0000] {dag.py:3823} INFO - Setting next_dagrun for example_branch_labels to 2025-02-20 00:00:00+00:00, run_after=2025-02-21 00:00:00+00:00
[2025-02-21T06:34:53.182+0000] {processor.py:183} INFO - Processing /home/airflow/.local/lib/python3.8/site-packages/airflow/example_dags/example_branch_labels.py took 0.233 seconds
[2025-02-21T06:35:23.751+0000] {processor.py:161} INFO - Started process (PID=1414) to work on /home/airflow/.local/lib/python3.8/site-packages/airflow/example_dags/example_branch_labels.py
[2025-02-21T06:35:23.755+0000] {processor.py:830} INFO - Processing file /home/airflow/.local/lib/python3.8/site-packages/airflow/example_dags/example_branch_labels.py for tasks to queue
[2025-02-21T06:35:23.762+0000] {logging_mixin.py:188} INFO - [2025-02-21T06:35:23.761+0000] {dagbag.py:538} INFO - Filling up the DagBag from /home/airflow/.local/lib/python3.8/site-packages/airflow/example_dags/example_branch_labels.py
[2025-02-21T06:35:23.784+0000] {processor.py:840} INFO - DAG(s) 'example_branch_labels' retrieved from /home/airflow/.local/lib/python3.8/site-packages/airflow/example_dags/example_branch_labels.py
[2025-02-21T06:35:23.879+0000] {logging_mixin.py:188} INFO - [2025-02-21T06:35:23.878+0000] {dag.py:3036} INFO - Sync 1 DAGs
[2025-02-21T06:35:23.954+0000] {logging_mixin.py:188} INFO - [2025-02-21T06:35:23.953+0000] {dag.py:3823} INFO - Setting next_dagrun for example_branch_labels to 2025-02-20 00:00:00+00:00, run_after=2025-02-21 00:00:00+00:00
[2025-02-21T06:35:24.013+0000] {processor.py:183} INFO - Processing /home/airflow/.local/lib/python3.8/site-packages/airflow/example_dags/example_branch_labels.py took 0.278 seconds
[2025-02-21T06:35:54.884+0000] {processor.py:161} INFO - Started process (PID=1469) to work on /home/airflow/.local/lib/python3.8/site-packages/airflow/example_dags/example_branch_labels.py
[2025-02-21T06:35:54.891+0000] {processor.py:830} INFO - Processing file /home/airflow/.local/lib/python3.8/site-packages/airflow/example_dags/example_branch_labels.py for tasks to queue
[2025-02-21T06:35:54.902+0000] {logging_mixin.py:188} INFO - [2025-02-21T06:35:54.901+0000] {dagbag.py:538} INFO - Filling up the DagBag from /home/airflow/.local/lib/python3.8/site-packages/airflow/example_dags/example_branch_labels.py
[2025-02-21T06:35:54.930+0000] {processor.py:840} INFO - DAG(s) 'example_branch_labels' retrieved from /home/airflow/.local/lib/python3.8/site-packages/airflow/example_dags/example_branch_labels.py
[2025-02-21T06:35:55.039+0000] {logging_mixin.py:188} INFO - [2025-02-21T06:35:55.037+0000] {dag.py:3036} INFO - Sync 1 DAGs
[2025-02-21T06:35:55.123+0000] {logging_mixin.py:188} INFO - [2025-02-21T06:35:55.122+0000] {dag.py:3823} INFO - Setting next_dagrun for example_branch_labels to 2025-02-20 00:00:00+00:00, run_after=2025-02-21 00:00:00+00:00
[2025-02-21T06:35:55.185+0000] {processor.py:183} INFO - Processing /home/airflow/.local/lib/python3.8/site-packages/airflow/example_dags/example_branch_labels.py took 0.317 seconds
[2025-02-21T06:36:25.551+0000] {processor.py:161} INFO - Started process (PID=1523) to work on /home/airflow/.local/lib/python3.8/site-packages/airflow/example_dags/example_branch_labels.py
[2025-02-21T06:36:25.553+0000] {processor.py:830} INFO - Processing file /home/airflow/.local/lib/python3.8/site-packages/airflow/example_dags/example_branch_labels.py for tasks to queue
[2025-02-21T06:36:25.559+0000] {logging_mixin.py:188} INFO - [2025-02-21T06:36:25.558+0000] {dagbag.py:538} INFO - Filling up the DagBag from /home/airflow/.local/lib/python3.8/site-packages/airflow/example_dags/example_branch_labels.py
[2025-02-21T06:36:25.589+0000] {processor.py:840} INFO - DAG(s) 'example_branch_labels' retrieved from /home/airflow/.local/lib/python3.8/site-packages/airflow/example_dags/example_branch_labels.py
[2025-02-21T06:36:25.657+0000] {logging_mixin.py:188} INFO - [2025-02-21T06:36:25.656+0000] {dag.py:3036} INFO - Sync 1 DAGs
[2025-02-21T06:36:25.715+0000] {logging_mixin.py:188} INFO - [2025-02-21T06:36:25.714+0000] {dag.py:3823} INFO - Setting next_dagrun for example_branch_labels to 2025-02-20 00:00:00+00:00, run_after=2025-02-21 00:00:00+00:00
[2025-02-21T06:36:25.762+0000] {processor.py:183} INFO - Processing /home/airflow/.local/lib/python3.8/site-packages/airflow/example_dags/example_branch_labels.py took 0.219 seconds
[2025-02-21T06:36:56.321+0000] {processor.py:161} INFO - Started process (PID=1579) to work on /home/airflow/.local/lib/python3.8/site-packages/airflow/example_dags/example_branch_labels.py
[2025-02-21T06:36:56.329+0000] {processor.py:830} INFO - Processing file /home/airflow/.local/lib/python3.8/site-packages/airflow/example_dags/example_branch_labels.py for tasks to queue
[2025-02-21T06:36:56.337+0000] {logging_mixin.py:188} INFO - [2025-02-21T06:36:56.337+0000] {dagbag.py:538} INFO - Filling up the DagBag from /home/airflow/.local/lib/python3.8/site-packages/airflow/example_dags/example_branch_labels.py
[2025-02-21T06:36:56.358+0000] {processor.py:840} INFO - DAG(s) 'example_branch_labels' retrieved from /home/airflow/.local/lib/python3.8/site-packages/airflow/example_dags/example_branch_labels.py
[2025-02-21T06:36:56.449+0000] {logging_mixin.py:188} INFO - [2025-02-21T06:36:56.448+0000] {dag.py:3036} INFO - Sync 1 DAGs
[2025-02-21T06:36:56.528+0000] {logging_mixin.py:188} INFO - [2025-02-21T06:36:56.527+0000] {dag.py:3823} INFO - Setting next_dagrun for example_branch_labels to 2025-02-20 00:00:00+00:00, run_after=2025-02-21 00:00:00+00:00
[2025-02-21T06:36:56.606+0000] {processor.py:183} INFO - Processing /home/airflow/.local/lib/python3.8/site-packages/airflow/example_dags/example_branch_labels.py took 0.309 seconds
[2025-02-21T06:37:27.159+0000] {processor.py:161} INFO - Started process (PID=1634) to work on /home/airflow/.local/lib/python3.8/site-packages/airflow/example_dags/example_branch_labels.py
[2025-02-21T06:37:27.162+0000] {processor.py:830} INFO - Processing file /home/airflow/.local/lib/python3.8/site-packages/airflow/example_dags/example_branch_labels.py for tasks to queue
[2025-02-21T06:37:27.170+0000] {logging_mixin.py:188} INFO - [2025-02-21T06:37:27.169+0000] {dagbag.py:538} INFO - Filling up the DagBag from /home/airflow/.local/lib/python3.8/site-packages/airflow/example_dags/example_branch_labels.py
[2025-02-21T06:37:27.188+0000] {processor.py:840} INFO - DAG(s) 'example_branch_labels' retrieved from /home/airflow/.local/lib/python3.8/site-packages/airflow/example_dags/example_branch_labels.py
[2025-02-21T06:37:27.273+0000] {logging_mixin.py:188} INFO - [2025-02-21T06:37:27.273+0000] {dag.py:3036} INFO - Sync 1 DAGs
[2025-02-21T06:37:27.327+0000] {logging_mixin.py:188} INFO - [2025-02-21T06:37:27.327+0000] {dag.py:3823} INFO - Setting next_dagrun for example_branch_labels to 2025-02-20 00:00:00+00:00, run_after=2025-02-21 00:00:00+00:00
[2025-02-21T06:37:27.380+0000] {processor.py:183} INFO - Processing /home/airflow/.local/lib/python3.8/site-packages/airflow/example_dags/example_branch_labels.py took 0.228 seconds
[2025-02-21T06:37:58.582+0000] {processor.py:161} INFO - Started process (PID=1689) to work on /home/airflow/.local/lib/python3.8/site-packages/airflow/example_dags/example_branch_labels.py
[2025-02-21T06:37:58.586+0000] {processor.py:830} INFO - Processing file /home/airflow/.local/lib/python3.8/site-packages/airflow/example_dags/example_branch_labels.py for tasks to queue
[2025-02-21T06:37:58.594+0000] {logging_mixin.py:188} INFO - [2025-02-21T06:37:58.593+0000] {dagbag.py:538} INFO - Filling up the DagBag from /home/airflow/.local/lib/python3.8/site-packages/airflow/example_dags/example_branch_labels.py
[2025-02-21T06:37:58.631+0000] {processor.py:840} INFO - DAG(s) 'example_branch_labels' retrieved from /home/airflow/.local/lib/python3.8/site-packages/airflow/example_dags/example_branch_labels.py
[2025-02-21T06:37:58.711+0000] {logging_mixin.py:188} INFO - [2025-02-21T06:37:58.710+0000] {dag.py:3036} INFO - Sync 1 DAGs
[2025-02-21T06:37:58.808+0000] {logging_mixin.py:188} INFO - [2025-02-21T06:37:58.808+0000] {dag.py:3823} INFO - Setting next_dagrun for example_branch_labels to 2025-02-20 00:00:00+00:00, run_after=2025-02-21 00:00:00+00:00
[2025-02-21T06:37:58.876+0000] {processor.py:183} INFO - Processing /home/airflow/.local/lib/python3.8/site-packages/airflow/example_dags/example_branch_labels.py took 0.302 seconds
[2025-02-21T06:38:29.328+0000] {processor.py:161} INFO - Started process (PID=1744) to work on /home/airflow/.local/lib/python3.8/site-packages/airflow/example_dags/example_branch_labels.py
[2025-02-21T06:38:29.333+0000] {processor.py:830} INFO - Processing file /home/airflow/.local/lib/python3.8/site-packages/airflow/example_dags/example_branch_labels.py for tasks to queue
[2025-02-21T06:38:29.340+0000] {logging_mixin.py:188} INFO - [2025-02-21T06:38:29.338+0000] {dagbag.py:538} INFO - Filling up the DagBag from /home/airflow/.local/lib/python3.8/site-packages/airflow/example_dags/example_branch_labels.py
[2025-02-21T06:38:29.359+0000] {processor.py:840} INFO - DAG(s) 'example_branch_labels' retrieved from /home/airflow/.local/lib/python3.8/site-packages/airflow/example_dags/example_branch_labels.py
[2025-02-21T06:38:29.427+0000] {logging_mixin.py:188} INFO - [2025-02-21T06:38:29.427+0000] {dag.py:3036} INFO - Sync 1 DAGs
[2025-02-21T06:38:29.494+0000] {logging_mixin.py:188} INFO - [2025-02-21T06:38:29.493+0000] {dag.py:3823} INFO - Setting next_dagrun for example_branch_labels to 2025-02-20 00:00:00+00:00, run_after=2025-02-21 00:00:00+00:00
[2025-02-21T06:38:29.554+0000] {processor.py:183} INFO - Processing /home/airflow/.local/lib/python3.8/site-packages/airflow/example_dags/example_branch_labels.py took 0.238 seconds
[2025-02-21T06:39:00.103+0000] {processor.py:161} INFO - Started process (PID=1799) to work on /home/airflow/.local/lib/python3.8/site-packages/airflow/example_dags/example_branch_labels.py
[2025-02-21T06:39:00.105+0000] {processor.py:830} INFO - Processing file /home/airflow/.local/lib/python3.8/site-packages/airflow/example_dags/example_branch_labels.py for tasks to queue
[2025-02-21T06:39:00.111+0000] {logging_mixin.py:188} INFO - [2025-02-21T06:39:00.110+0000] {dagbag.py:538} INFO - Filling up the DagBag from /home/airflow/.local/lib/python3.8/site-packages/airflow/example_dags/example_branch_labels.py
[2025-02-21T06:39:00.134+0000] {processor.py:840} INFO - DAG(s) 'example_branch_labels' retrieved from /home/airflow/.local/lib/python3.8/site-packages/airflow/example_dags/example_branch_labels.py
[2025-02-21T06:39:00.190+0000] {logging_mixin.py:188} INFO - [2025-02-21T06:39:00.190+0000] {dag.py:3036} INFO - Sync 1 DAGs
[2025-02-21T06:39:00.236+0000] {logging_mixin.py:188} INFO - [2025-02-21T06:39:00.235+0000] {dag.py:3823} INFO - Setting next_dagrun for example_branch_labels to 2025-02-20 00:00:00+00:00, run_after=2025-02-21 00:00:00+00:00
[2025-02-21T06:39:00.295+0000] {processor.py:183} INFO - Processing /home/airflow/.local/lib/python3.8/site-packages/airflow/example_dags/example_branch_labels.py took 0.201 seconds
[2025-02-21T06:39:30.581+0000] {processor.py:161} INFO - Started process (PID=1854) to work on /home/airflow/.local/lib/python3.8/site-packages/airflow/example_dags/example_branch_labels.py
[2025-02-21T06:39:30.586+0000] {processor.py:830} INFO - Processing file /home/airflow/.local/lib/python3.8/site-packages/airflow/example_dags/example_branch_labels.py for tasks to queue
[2025-02-21T06:39:30.593+0000] {logging_mixin.py:188} INFO - [2025-02-21T06:39:30.592+0000] {dagbag.py:538} INFO - Filling up the DagBag from /home/airflow/.local/lib/python3.8/site-packages/airflow/example_dags/example_branch_labels.py
[2025-02-21T06:39:30.612+0000] {processor.py:840} INFO - DAG(s) 'example_branch_labels' retrieved from /home/airflow/.local/lib/python3.8/site-packages/airflow/example_dags/example_branch_labels.py
[2025-02-21T06:39:30.669+0000] {logging_mixin.py:188} INFO - [2025-02-21T06:39:30.669+0000] {dag.py:3036} INFO - Sync 1 DAGs
[2025-02-21T06:39:30.753+0000] {logging_mixin.py:188} INFO - [2025-02-21T06:39:30.753+0000] {dag.py:3823} INFO - Setting next_dagrun for example_branch_labels to 2025-02-20 00:00:00+00:00, run_after=2025-02-21 00:00:00+00:00
[2025-02-21T06:39:30.802+0000] {processor.py:183} INFO - Processing /home/airflow/.local/lib/python3.8/site-packages/airflow/example_dags/example_branch_labels.py took 0.248 seconds
[2025-02-21T06:40:01.749+0000] {processor.py:161} INFO - Started process (PID=1909) to work on /home/airflow/.local/lib/python3.8/site-packages/airflow/example_dags/example_branch_labels.py
[2025-02-21T06:40:01.751+0000] {processor.py:830} INFO - Processing file /home/airflow/.local/lib/python3.8/site-packages/airflow/example_dags/example_branch_labels.py for tasks to queue
[2025-02-21T06:40:01.755+0000] {logging_mixin.py:188} INFO - [2025-02-21T06:40:01.755+0000] {dagbag.py:538} INFO - Filling up the DagBag from /home/airflow/.local/lib/python3.8/site-packages/airflow/example_dags/example_branch_labels.py
[2025-02-21T06:40:01.779+0000] {processor.py:840} INFO - DAG(s) 'example_branch_labels' retrieved from /home/airflow/.local/lib/python3.8/site-packages/airflow/example_dags/example_branch_labels.py
[2025-02-21T06:40:01.834+0000] {logging_mixin.py:188} INFO - [2025-02-21T06:40:01.834+0000] {dag.py:3036} INFO - Sync 1 DAGs
[2025-02-21T06:40:01.893+0000] {logging_mixin.py:188} INFO - [2025-02-21T06:40:01.892+0000] {dag.py:3823} INFO - Setting next_dagrun for example_branch_labels to 2025-02-20 00:00:00+00:00, run_after=2025-02-21 00:00:00+00:00
[2025-02-21T06:40:01.936+0000] {processor.py:183} INFO - Processing /home/airflow/.local/lib/python3.8/site-packages/airflow/example_dags/example_branch_labels.py took 0.196 seconds
[2025-02-21T06:40:32.117+0000] {processor.py:161} INFO - Started process (PID=1964) to work on /home/airflow/.local/lib/python3.8/site-packages/airflow/example_dags/example_branch_labels.py
[2025-02-21T06:40:32.122+0000] {processor.py:830} INFO - Processing file /home/airflow/.local/lib/python3.8/site-packages/airflow/example_dags/example_branch_labels.py for tasks to queue
[2025-02-21T06:40:32.128+0000] {logging_mixin.py:188} INFO - [2025-02-21T06:40:32.127+0000] {dagbag.py:538} INFO - Filling up the DagBag from /home/airflow/.local/lib/python3.8/site-packages/airflow/example_dags/example_branch_labels.py
[2025-02-21T06:40:32.166+0000] {processor.py:840} INFO - DAG(s) 'example_branch_labels' retrieved from /home/airflow/.local/lib/python3.8/site-packages/airflow/example_dags/example_branch_labels.py
[2025-02-21T06:40:32.249+0000] {logging_mixin.py:188} INFO - [2025-02-21T06:40:32.249+0000] {dag.py:3036} INFO - Sync 1 DAGs
[2025-02-21T06:40:32.370+0000] {logging_mixin.py:188} INFO - [2025-02-21T06:40:32.370+0000] {dag.py:3823} INFO - Setting next_dagrun for example_branch_labels to 2025-02-20 00:00:00+00:00, run_after=2025-02-21 00:00:00+00:00
[2025-02-21T06:40:32.418+0000] {processor.py:183} INFO - Processing /home/airflow/.local/lib/python3.8/site-packages/airflow/example_dags/example_branch_labels.py took 0.317 seconds
[2025-02-21T06:41:02.918+0000] {processor.py:161} INFO - Started process (PID=2019) to work on /home/airflow/.local/lib/python3.8/site-packages/airflow/example_dags/example_branch_labels.py
[2025-02-21T06:41:02.922+0000] {processor.py:830} INFO - Processing file /home/airflow/.local/lib/python3.8/site-packages/airflow/example_dags/example_branch_labels.py for tasks to queue
[2025-02-21T06:41:02.928+0000] {logging_mixin.py:188} INFO - [2025-02-21T06:41:02.927+0000] {dagbag.py:538} INFO - Filling up the DagBag from /home/airflow/.local/lib/python3.8/site-packages/airflow/example_dags/example_branch_labels.py
[2025-02-21T06:41:02.949+0000] {processor.py:840} INFO - DAG(s) 'example_branch_labels' retrieved from /home/airflow/.local/lib/python3.8/site-packages/airflow/example_dags/example_branch_labels.py
[2025-02-21T06:41:03.039+0000] {logging_mixin.py:188} INFO - [2025-02-21T06:41:03.038+0000] {dag.py:3036} INFO - Sync 1 DAGs
[2025-02-21T06:41:03.123+0000] {logging_mixin.py:188} INFO - [2025-02-21T06:41:03.122+0000] {dag.py:3823} INFO - Setting next_dagrun for example_branch_labels to 2025-02-20 00:00:00+00:00, run_after=2025-02-21 00:00:00+00:00
[2025-02-21T06:41:03.179+0000] {processor.py:183} INFO - Processing /home/airflow/.local/lib/python3.8/site-packages/airflow/example_dags/example_branch_labels.py took 0.270 seconds
[2025-02-21T06:41:33.775+0000] {processor.py:161} INFO - Started process (PID=2074) to work on /home/airflow/.local/lib/python3.8/site-packages/airflow/example_dags/example_branch_labels.py
[2025-02-21T06:41:33.778+0000] {processor.py:830} INFO - Processing file /home/airflow/.local/lib/python3.8/site-packages/airflow/example_dags/example_branch_labels.py for tasks to queue
[2025-02-21T06:41:33.784+0000] {logging_mixin.py:188} INFO - [2025-02-21T06:41:33.783+0000] {dagbag.py:538} INFO - Filling up the DagBag from /home/airflow/.local/lib/python3.8/site-packages/airflow/example_dags/example_branch_labels.py
[2025-02-21T06:41:33.830+0000] {processor.py:840} INFO - DAG(s) 'example_branch_labels' retrieved from /home/airflow/.local/lib/python3.8/site-packages/airflow/example_dags/example_branch_labels.py
[2025-02-21T06:41:33.925+0000] {logging_mixin.py:188} INFO - [2025-02-21T06:41:33.924+0000] {dag.py:3036} INFO - Sync 1 DAGs
[2025-02-21T06:41:34.068+0000] {logging_mixin.py:188} INFO - [2025-02-21T06:41:34.067+0000] {dag.py:3823} INFO - Setting next_dagrun for example_branch_labels to 2025-02-20 00:00:00+00:00, run_after=2025-02-21 00:00:00+00:00
[2025-02-21T06:41:34.130+0000] {processor.py:183} INFO - Processing /home/airflow/.local/lib/python3.8/site-packages/airflow/example_dags/example_branch_labels.py took 0.362 seconds
[2025-02-21T06:42:05.048+0000] {processor.py:161} INFO - Started process (PID=2128) to work on /home/airflow/.local/lib/python3.8/site-packages/airflow/example_dags/example_branch_labels.py
[2025-02-21T06:42:05.051+0000] {processor.py:830} INFO - Processing file /home/airflow/.local/lib/python3.8/site-packages/airflow/example_dags/example_branch_labels.py for tasks to queue
[2025-02-21T06:42:05.057+0000] {logging_mixin.py:188} INFO - [2025-02-21T06:42:05.056+0000] {dagbag.py:538} INFO - Filling up the DagBag from /home/airflow/.local/lib/python3.8/site-packages/airflow/example_dags/example_branch_labels.py
[2025-02-21T06:42:05.074+0000] {processor.py:840} INFO - DAG(s) 'example_branch_labels' retrieved from /home/airflow/.local/lib/python3.8/site-packages/airflow/example_dags/example_branch_labels.py
[2025-02-21T06:42:05.136+0000] {logging_mixin.py:188} INFO - [2025-02-21T06:42:05.136+0000] {dag.py:3036} INFO - Sync 1 DAGs
[2025-02-21T06:42:05.188+0000] {logging_mixin.py:188} INFO - [2025-02-21T06:42:05.188+0000] {dag.py:3823} INFO - Setting next_dagrun for example_branch_labels to 2025-02-20 00:00:00+00:00, run_after=2025-02-21 00:00:00+00:00
[2025-02-21T06:42:05.229+0000] {processor.py:183} INFO - Processing /home/airflow/.local/lib/python3.8/site-packages/airflow/example_dags/example_branch_labels.py took 0.191 seconds
[2025-02-21T06:42:35.860+0000] {processor.py:161} INFO - Started process (PID=2184) to work on /home/airflow/.local/lib/python3.8/site-packages/airflow/example_dags/example_branch_labels.py
[2025-02-21T06:42:35.863+0000] {processor.py:830} INFO - Processing file /home/airflow/.local/lib/python3.8/site-packages/airflow/example_dags/example_branch_labels.py for tasks to queue
[2025-02-21T06:42:35.869+0000] {logging_mixin.py:188} INFO - [2025-02-21T06:42:35.868+0000] {dagbag.py:538} INFO - Filling up the DagBag from /home/airflow/.local/lib/python3.8/site-packages/airflow/example_dags/example_branch_labels.py
[2025-02-21T06:42:35.900+0000] {processor.py:840} INFO - DAG(s) 'example_branch_labels' retrieved from /home/airflow/.local/lib/python3.8/site-packages/airflow/example_dags/example_branch_labels.py
[2025-02-21T06:42:35.975+0000] {logging_mixin.py:188} INFO - [2025-02-21T06:42:35.975+0000] {dag.py:3036} INFO - Sync 1 DAGs
[2025-02-21T06:42:36.040+0000] {logging_mixin.py:188} INFO - [2025-02-21T06:42:36.039+0000] {dag.py:3823} INFO - Setting next_dagrun for example_branch_labels to 2025-02-20 00:00:00+00:00, run_after=2025-02-21 00:00:00+00:00
[2025-02-21T06:42:36.085+0000] {processor.py:183} INFO - Processing /home/airflow/.local/lib/python3.8/site-packages/airflow/example_dags/example_branch_labels.py took 0.231 seconds
[2025-02-21T06:43:06.633+0000] {processor.py:161} INFO - Started process (PID=2240) to work on /home/airflow/.local/lib/python3.8/site-packages/airflow/example_dags/example_branch_labels.py
[2025-02-21T06:43:06.636+0000] {processor.py:830} INFO - Processing file /home/airflow/.local/lib/python3.8/site-packages/airflow/example_dags/example_branch_labels.py for tasks to queue
[2025-02-21T06:43:06.643+0000] {logging_mixin.py:188} INFO - [2025-02-21T06:43:06.642+0000] {dagbag.py:538} INFO - Filling up the DagBag from /home/airflow/.local/lib/python3.8/site-packages/airflow/example_dags/example_branch_labels.py
[2025-02-21T06:43:06.660+0000] {processor.py:840} INFO - DAG(s) 'example_branch_labels' retrieved from /home/airflow/.local/lib/python3.8/site-packages/airflow/example_dags/example_branch_labels.py
[2025-02-21T06:43:06.773+0000] {logging_mixin.py:188} INFO - [2025-02-21T06:43:06.773+0000] {dag.py:3036} INFO - Sync 1 DAGs
[2025-02-21T06:43:06.885+0000] {logging_mixin.py:188} INFO - [2025-02-21T06:43:06.883+0000] {dag.py:3823} INFO - Setting next_dagrun for example_branch_labels to 2025-02-20 00:00:00+00:00, run_after=2025-02-21 00:00:00+00:00
[2025-02-21T06:43:06.977+0000] {processor.py:183} INFO - Processing /home/airflow/.local/lib/python3.8/site-packages/airflow/example_dags/example_branch_labels.py took 0.355 seconds
[2025-02-21T06:43:37.754+0000] {processor.py:161} INFO - Started process (PID=2295) to work on /home/airflow/.local/lib/python3.8/site-packages/airflow/example_dags/example_branch_labels.py
[2025-02-21T06:43:37.759+0000] {processor.py:830} INFO - Processing file /home/airflow/.local/lib/python3.8/site-packages/airflow/example_dags/example_branch_labels.py for tasks to queue
[2025-02-21T06:43:37.765+0000] {logging_mixin.py:188} INFO - [2025-02-21T06:43:37.765+0000] {dagbag.py:538} INFO - Filling up the DagBag from /home/airflow/.local/lib/python3.8/site-packages/airflow/example_dags/example_branch_labels.py
[2025-02-21T06:43:37.786+0000] {processor.py:840} INFO - DAG(s) 'example_branch_labels' retrieved from /home/airflow/.local/lib/python3.8/site-packages/airflow/example_dags/example_branch_labels.py
[2025-02-21T06:43:37.852+0000] {logging_mixin.py:188} INFO - [2025-02-21T06:43:37.852+0000] {dag.py:3036} INFO - Sync 1 DAGs
[2025-02-21T06:43:37.927+0000] {logging_mixin.py:188} INFO - [2025-02-21T06:43:37.926+0000] {dag.py:3823} INFO - Setting next_dagrun for example_branch_labels to 2025-02-20 00:00:00+00:00, run_after=2025-02-21 00:00:00+00:00
[2025-02-21T06:43:37.982+0000] {processor.py:183} INFO - Processing /home/airflow/.local/lib/python3.8/site-packages/airflow/example_dags/example_branch_labels.py took 0.237 seconds
[2025-02-21T06:44:08.645+0000] {processor.py:161} INFO - Started process (PID=2353) to work on /home/airflow/.local/lib/python3.8/site-packages/airflow/example_dags/example_branch_labels.py
[2025-02-21T06:44:08.650+0000] {processor.py:830} INFO - Processing file /home/airflow/.local/lib/python3.8/site-packages/airflow/example_dags/example_branch_labels.py for tasks to queue
[2025-02-21T06:44:08.657+0000] {logging_mixin.py:188} INFO - [2025-02-21T06:44:08.656+0000] {dagbag.py:538} INFO - Filling up the DagBag from /home/airflow/.local/lib/python3.8/site-packages/airflow/example_dags/example_branch_labels.py
[2025-02-21T06:44:08.688+0000] {processor.py:840} INFO - DAG(s) 'example_branch_labels' retrieved from /home/airflow/.local/lib/python3.8/site-packages/airflow/example_dags/example_branch_labels.py
[2025-02-21T06:44:08.785+0000] {logging_mixin.py:188} INFO - [2025-02-21T06:44:08.785+0000] {dag.py:3036} INFO - Sync 1 DAGs
[2025-02-21T06:44:08.853+0000] {logging_mixin.py:188} INFO - [2025-02-21T06:44:08.853+0000] {dag.py:3823} INFO - Setting next_dagrun for example_branch_labels to 2025-02-20 00:00:00+00:00, run_after=2025-02-21 00:00:00+00:00
[2025-02-21T06:44:08.919+0000] {processor.py:183} INFO - Processing /home/airflow/.local/lib/python3.8/site-packages/airflow/example_dags/example_branch_labels.py took 0.286 seconds
[2025-02-21T06:44:39.140+0000] {processor.py:161} INFO - Started process (PID=2408) to work on /home/airflow/.local/lib/python3.8/site-packages/airflow/example_dags/example_branch_labels.py
[2025-02-21T06:44:39.145+0000] {processor.py:830} INFO - Processing file /home/airflow/.local/lib/python3.8/site-packages/airflow/example_dags/example_branch_labels.py for tasks to queue
[2025-02-21T06:44:39.151+0000] {logging_mixin.py:188} INFO - [2025-02-21T06:44:39.150+0000] {dagbag.py:538} INFO - Filling up the DagBag from /home/airflow/.local/lib/python3.8/site-packages/airflow/example_dags/example_branch_labels.py
[2025-02-21T06:44:39.180+0000] {processor.py:840} INFO - DAG(s) 'example_branch_labels' retrieved from /home/airflow/.local/lib/python3.8/site-packages/airflow/example_dags/example_branch_labels.py
[2025-02-21T06:44:39.284+0000] {logging_mixin.py:188} INFO - [2025-02-21T06:44:39.283+0000] {dag.py:3036} INFO - Sync 1 DAGs
[2025-02-21T06:44:39.405+0000] {logging_mixin.py:188} INFO - [2025-02-21T06:44:39.404+0000] {dag.py:3823} INFO - Setting next_dagrun for example_branch_labels to 2025-02-20 00:00:00+00:00, run_after=2025-02-21 00:00:00+00:00
[2025-02-21T06:44:39.475+0000] {processor.py:183} INFO - Processing /home/airflow/.local/lib/python3.8/site-packages/airflow/example_dags/example_branch_labels.py took 0.347 seconds
[2025-02-21T06:45:09.783+0000] {processor.py:161} INFO - Started process (PID=2462) to work on /home/airflow/.local/lib/python3.8/site-packages/airflow/example_dags/example_branch_labels.py
[2025-02-21T06:45:09.791+0000] {processor.py:830} INFO - Processing file /home/airflow/.local/lib/python3.8/site-packages/airflow/example_dags/example_branch_labels.py for tasks to queue
[2025-02-21T06:45:09.800+0000] {logging_mixin.py:188} INFO - [2025-02-21T06:45:09.799+0000] {dagbag.py:538} INFO - Filling up the DagBag from /home/airflow/.local/lib/python3.8/site-packages/airflow/example_dags/example_branch_labels.py
[2025-02-21T06:45:09.827+0000] {processor.py:840} INFO - DAG(s) 'example_branch_labels' retrieved from /home/airflow/.local/lib/python3.8/site-packages/airflow/example_dags/example_branch_labels.py
[2025-02-21T06:45:09.943+0000] {logging_mixin.py:188} INFO - [2025-02-21T06:45:09.942+0000] {dag.py:3036} INFO - Sync 1 DAGs
[2025-02-21T06:45:10.018+0000] {logging_mixin.py:188} INFO - [2025-02-21T06:45:10.018+0000] {dag.py:3823} INFO - Setting next_dagrun for example_branch_labels to 2025-02-20 00:00:00+00:00, run_after=2025-02-21 00:00:00+00:00
[2025-02-21T06:45:10.071+0000] {processor.py:183} INFO - Processing /home/airflow/.local/lib/python3.8/site-packages/airflow/example_dags/example_branch_labels.py took 0.297 seconds
[2025-02-21T06:45:40.694+0000] {processor.py:161} INFO - Started process (PID=2518) to work on /home/airflow/.local/lib/python3.8/site-packages/airflow/example_dags/example_branch_labels.py
[2025-02-21T06:45:40.697+0000] {processor.py:830} INFO - Processing file /home/airflow/.local/lib/python3.8/site-packages/airflow/example_dags/example_branch_labels.py for tasks to queue
[2025-02-21T06:45:40.706+0000] {logging_mixin.py:188} INFO - [2025-02-21T06:45:40.705+0000] {dagbag.py:538} INFO - Filling up the DagBag from /home/airflow/.local/lib/python3.8/site-packages/airflow/example_dags/example_branch_labels.py
[2025-02-21T06:45:40.743+0000] {processor.py:840} INFO - DAG(s) 'example_branch_labels' retrieved from /home/airflow/.local/lib/python3.8/site-packages/airflow/example_dags/example_branch_labels.py
[2025-02-21T06:45:40.799+0000] {logging_mixin.py:188} INFO - [2025-02-21T06:45:40.799+0000] {dag.py:3036} INFO - Sync 1 DAGs
[2025-02-21T06:45:40.843+0000] {logging_mixin.py:188} INFO - [2025-02-21T06:45:40.842+0000] {dag.py:3823} INFO - Setting next_dagrun for example_branch_labels to 2025-02-20 00:00:00+00:00, run_after=2025-02-21 00:00:00+00:00
[2025-02-21T06:45:40.893+0000] {processor.py:183} INFO - Processing /home/airflow/.local/lib/python3.8/site-packages/airflow/example_dags/example_branch_labels.py took 0.217 seconds
[2025-02-21T06:46:11.934+0000] {processor.py:161} INFO - Started process (PID=2573) to work on /home/airflow/.local/lib/python3.8/site-packages/airflow/example_dags/example_branch_labels.py
[2025-02-21T06:46:11.938+0000] {processor.py:830} INFO - Processing file /home/airflow/.local/lib/python3.8/site-packages/airflow/example_dags/example_branch_labels.py for tasks to queue
[2025-02-21T06:46:11.947+0000] {logging_mixin.py:188} INFO - [2025-02-21T06:46:11.946+0000] {dagbag.py:538} INFO - Filling up the DagBag from /home/airflow/.local/lib/python3.8/site-packages/airflow/example_dags/example_branch_labels.py
[2025-02-21T06:46:11.971+0000] {processor.py:840} INFO - DAG(s) 'example_branch_labels' retrieved from /home/airflow/.local/lib/python3.8/site-packages/airflow/example_dags/example_branch_labels.py
[2025-02-21T06:46:12.074+0000] {logging_mixin.py:188} INFO - [2025-02-21T06:46:12.073+0000] {dag.py:3036} INFO - Sync 1 DAGs
[2025-02-21T06:46:12.190+0000] {logging_mixin.py:188} INFO - [2025-02-21T06:46:12.190+0000] {dag.py:3823} INFO - Setting next_dagrun for example_branch_labels to 2025-02-20 00:00:00+00:00, run_after=2025-02-21 00:00:00+00:00
[2025-02-21T06:46:12.240+0000] {processor.py:183} INFO - Processing /home/airflow/.local/lib/python3.8/site-packages/airflow/example_dags/example_branch_labels.py took 0.317 seconds
[2025-02-21T06:46:42.611+0000] {processor.py:161} INFO - Started process (PID=2626) to work on /home/airflow/.local/lib/python3.8/site-packages/airflow/example_dags/example_branch_labels.py
[2025-02-21T06:46:42.616+0000] {processor.py:830} INFO - Processing file /home/airflow/.local/lib/python3.8/site-packages/airflow/example_dags/example_branch_labels.py for tasks to queue
[2025-02-21T06:46:42.624+0000] {logging_mixin.py:188} INFO - [2025-02-21T06:46:42.623+0000] {dagbag.py:538} INFO - Filling up the DagBag from /home/airflow/.local/lib/python3.8/site-packages/airflow/example_dags/example_branch_labels.py
[2025-02-21T06:46:42.653+0000] {processor.py:840} INFO - DAG(s) 'example_branch_labels' retrieved from /home/airflow/.local/lib/python3.8/site-packages/airflow/example_dags/example_branch_labels.py
[2025-02-21T06:46:42.727+0000] {logging_mixin.py:188} INFO - [2025-02-21T06:46:42.727+0000] {dag.py:3036} INFO - Sync 1 DAGs
[2025-02-21T06:46:43.109+0000] {logging_mixin.py:188} INFO - [2025-02-21T06:46:43.108+0000] {dag.py:3823} INFO - Setting next_dagrun for example_branch_labels to 2025-02-20 00:00:00+00:00, run_after=2025-02-21 00:00:00+00:00
[2025-02-21T06:46:43.172+0000] {processor.py:183} INFO - Processing /home/airflow/.local/lib/python3.8/site-packages/airflow/example_dags/example_branch_labels.py took 0.579 seconds
[2025-02-21T06:47:13.595+0000] {processor.py:161} INFO - Started process (PID=2681) to work on /home/airflow/.local/lib/python3.8/site-packages/airflow/example_dags/example_branch_labels.py
[2025-02-21T06:47:13.597+0000] {processor.py:830} INFO - Processing file /home/airflow/.local/lib/python3.8/site-packages/airflow/example_dags/example_branch_labels.py for tasks to queue
[2025-02-21T06:47:13.605+0000] {logging_mixin.py:188} INFO - [2025-02-21T06:47:13.605+0000] {dagbag.py:538} INFO - Filling up the DagBag from /home/airflow/.local/lib/python3.8/site-packages/airflow/example_dags/example_branch_labels.py
[2025-02-21T06:47:13.624+0000] {processor.py:840} INFO - DAG(s) 'example_branch_labels' retrieved from /home/airflow/.local/lib/python3.8/site-packages/airflow/example_dags/example_branch_labels.py
[2025-02-21T06:47:13.693+0000] {logging_mixin.py:188} INFO - [2025-02-21T06:47:13.692+0000] {dag.py:3036} INFO - Sync 1 DAGs
[2025-02-21T06:47:13.778+0000] {logging_mixin.py:188} INFO - [2025-02-21T06:47:13.777+0000] {dag.py:3823} INFO - Setting next_dagrun for example_branch_labels to 2025-02-20 00:00:00+00:00, run_after=2025-02-21 00:00:00+00:00
[2025-02-21T06:47:13.857+0000] {processor.py:183} INFO - Processing /home/airflow/.local/lib/python3.8/site-packages/airflow/example_dags/example_branch_labels.py took 0.270 seconds
