[2025-02-21T06:22:55.721+0000] {processor.py:161} INFO - Started process (PID=73) to work on /home/airflow/.local/lib/python3.8/site-packages/airflow/example_dags/example_latest_only.py
[2025-02-21T06:22:55.725+0000] {processor.py:830} INFO - Processing file /home/airflow/.local/lib/python3.8/site-packages/airflow/example_dags/example_latest_only.py for tasks to queue
[2025-02-21T06:22:55.745+0000] {logging_mixin.py:188} INFO - [2025-02-21T06:22:55.744+0000] {dagbag.py:538} INFO - Filling up the DagBag from /home/airflow/.local/lib/python3.8/site-packages/airflow/example_dags/example_latest_only.py
[2025-02-21T06:22:55.829+0000] {processor.py:840} INFO - DAG(s) 'latest_only' retrieved from /home/airflow/.local/lib/python3.8/site-packages/airflow/example_dags/example_latest_only.py
[2025-02-21T06:22:56.299+0000] {logging_mixin.py:188} INFO - [2025-02-21T06:22:56.298+0000] {dag.py:3036} INFO - Sync 1 DAGs
[2025-02-21T06:22:56.419+0000] {logging_mixin.py:188} INFO - [2025-02-21T06:22:56.419+0000] {dag.py:3823} INFO - Setting next_dagrun for latest_only to 2025-02-21 00:00:00+00:00, run_after=2025-02-21 04:00:00+00:00
[2025-02-21T06:22:56.497+0000] {processor.py:183} INFO - Processing /home/airflow/.local/lib/python3.8/site-packages/airflow/example_dags/example_latest_only.py took 0.786 seconds
[2025-02-21T06:23:26.904+0000] {processor.py:161} INFO - Started process (PID=129) to work on /home/airflow/.local/lib/python3.8/site-packages/airflow/example_dags/example_latest_only.py
[2025-02-21T06:23:26.908+0000] {processor.py:830} INFO - Processing file /home/airflow/.local/lib/python3.8/site-packages/airflow/example_dags/example_latest_only.py for tasks to queue
[2025-02-21T06:23:26.915+0000] {logging_mixin.py:188} INFO - [2025-02-21T06:23:26.914+0000] {dagbag.py:538} INFO - Filling up the DagBag from /home/airflow/.local/lib/python3.8/site-packages/airflow/example_dags/example_latest_only.py
[2025-02-21T06:23:26.929+0000] {processor.py:840} INFO - DAG(s) 'latest_only' retrieved from /home/airflow/.local/lib/python3.8/site-packages/airflow/example_dags/example_latest_only.py
[2025-02-21T06:23:26.985+0000] {logging_mixin.py:188} INFO - [2025-02-21T06:23:26.984+0000] {dag.py:3036} INFO - Sync 1 DAGs
[2025-02-21T06:23:27.056+0000] {logging_mixin.py:188} INFO - [2025-02-21T06:23:27.055+0000] {dag.py:3823} INFO - Setting next_dagrun for latest_only to 2025-02-21 00:00:00+00:00, run_after=2025-02-21 04:00:00+00:00
[2025-02-21T06:23:27.108+0000] {processor.py:183} INFO - Processing /home/airflow/.local/lib/python3.8/site-packages/airflow/example_dags/example_latest_only.py took 0.214 seconds
[2025-02-21T06:23:57.576+0000] {processor.py:161} INFO - Started process (PID=183) to work on /home/airflow/.local/lib/python3.8/site-packages/airflow/example_dags/example_latest_only.py
[2025-02-21T06:23:57.580+0000] {processor.py:830} INFO - Processing file /home/airflow/.local/lib/python3.8/site-packages/airflow/example_dags/example_latest_only.py for tasks to queue
[2025-02-21T06:23:57.585+0000] {logging_mixin.py:188} INFO - [2025-02-21T06:23:57.585+0000] {dagbag.py:538} INFO - Filling up the DagBag from /home/airflow/.local/lib/python3.8/site-packages/airflow/example_dags/example_latest_only.py
[2025-02-21T06:23:57.608+0000] {processor.py:840} INFO - DAG(s) 'latest_only' retrieved from /home/airflow/.local/lib/python3.8/site-packages/airflow/example_dags/example_latest_only.py
[2025-02-21T06:23:57.672+0000] {logging_mixin.py:188} INFO - [2025-02-21T06:23:57.672+0000] {dag.py:3036} INFO - Sync 1 DAGs
[2025-02-21T06:23:57.737+0000] {logging_mixin.py:188} INFO - [2025-02-21T06:23:57.737+0000] {dag.py:3823} INFO - Setting next_dagrun for latest_only to 2025-02-21 00:00:00+00:00, run_after=2025-02-21 04:00:00+00:00
[2025-02-21T06:23:57.806+0000] {processor.py:183} INFO - Processing /home/airflow/.local/lib/python3.8/site-packages/airflow/example_dags/example_latest_only.py took 0.239 seconds
[2025-02-21T06:24:27.990+0000] {processor.py:161} INFO - Started process (PID=238) to work on /home/airflow/.local/lib/python3.8/site-packages/airflow/example_dags/example_latest_only.py
[2025-02-21T06:24:27.996+0000] {processor.py:830} INFO - Processing file /home/airflow/.local/lib/python3.8/site-packages/airflow/example_dags/example_latest_only.py for tasks to queue
[2025-02-21T06:24:28.001+0000] {logging_mixin.py:188} INFO - [2025-02-21T06:24:28.000+0000] {dagbag.py:538} INFO - Filling up the DagBag from /home/airflow/.local/lib/python3.8/site-packages/airflow/example_dags/example_latest_only.py
[2025-02-21T06:24:28.014+0000] {processor.py:840} INFO - DAG(s) 'latest_only' retrieved from /home/airflow/.local/lib/python3.8/site-packages/airflow/example_dags/example_latest_only.py
[2025-02-21T06:24:28.082+0000] {logging_mixin.py:188} INFO - [2025-02-21T06:24:28.081+0000] {dag.py:3036} INFO - Sync 1 DAGs
[2025-02-21T06:24:28.152+0000] {logging_mixin.py:188} INFO - [2025-02-21T06:24:28.151+0000] {dag.py:3823} INFO - Setting next_dagrun for latest_only to 2025-02-21 00:00:00+00:00, run_after=2025-02-21 04:00:00+00:00
[2025-02-21T06:24:28.235+0000] {processor.py:183} INFO - Processing /home/airflow/.local/lib/python3.8/site-packages/airflow/example_dags/example_latest_only.py took 0.257 seconds
[2025-02-21T06:24:58.528+0000] {processor.py:161} INFO - Started process (PID=294) to work on /home/airflow/.local/lib/python3.8/site-packages/airflow/example_dags/example_latest_only.py
[2025-02-21T06:24:58.537+0000] {processor.py:830} INFO - Processing file /home/airflow/.local/lib/python3.8/site-packages/airflow/example_dags/example_latest_only.py for tasks to queue
[2025-02-21T06:24:58.543+0000] {logging_mixin.py:188} INFO - [2025-02-21T06:24:58.542+0000] {dagbag.py:538} INFO - Filling up the DagBag from /home/airflow/.local/lib/python3.8/site-packages/airflow/example_dags/example_latest_only.py
[2025-02-21T06:24:58.563+0000] {processor.py:840} INFO - DAG(s) 'latest_only' retrieved from /home/airflow/.local/lib/python3.8/site-packages/airflow/example_dags/example_latest_only.py
[2025-02-21T06:24:58.644+0000] {logging_mixin.py:188} INFO - [2025-02-21T06:24:58.644+0000] {dag.py:3036} INFO - Sync 1 DAGs
[2025-02-21T06:24:58.715+0000] {logging_mixin.py:188} INFO - [2025-02-21T06:24:58.714+0000] {dag.py:3823} INFO - Setting next_dagrun for latest_only to 2025-02-21 00:00:00+00:00, run_after=2025-02-21 04:00:00+00:00
[2025-02-21T06:24:58.784+0000] {processor.py:183} INFO - Processing /home/airflow/.local/lib/python3.8/site-packages/airflow/example_dags/example_latest_only.py took 0.266 seconds
[2025-02-21T06:25:29.464+0000] {processor.py:161} INFO - Started process (PID=349) to work on /home/airflow/.local/lib/python3.8/site-packages/airflow/example_dags/example_latest_only.py
[2025-02-21T06:25:29.467+0000] {processor.py:830} INFO - Processing file /home/airflow/.local/lib/python3.8/site-packages/airflow/example_dags/example_latest_only.py for tasks to queue
[2025-02-21T06:25:29.473+0000] {logging_mixin.py:188} INFO - [2025-02-21T06:25:29.472+0000] {dagbag.py:538} INFO - Filling up the DagBag from /home/airflow/.local/lib/python3.8/site-packages/airflow/example_dags/example_latest_only.py
[2025-02-21T06:25:29.484+0000] {processor.py:840} INFO - DAG(s) 'latest_only' retrieved from /home/airflow/.local/lib/python3.8/site-packages/airflow/example_dags/example_latest_only.py
[2025-02-21T06:25:29.533+0000] {logging_mixin.py:188} INFO - [2025-02-21T06:25:29.533+0000] {dag.py:3036} INFO - Sync 1 DAGs
[2025-02-21T06:25:29.583+0000] {logging_mixin.py:188} INFO - [2025-02-21T06:25:29.582+0000] {dag.py:3823} INFO - Setting next_dagrun for latest_only to 2025-02-21 00:00:00+00:00, run_after=2025-02-21 04:00:00+00:00
[2025-02-21T06:25:29.638+0000] {processor.py:183} INFO - Processing /home/airflow/.local/lib/python3.8/site-packages/airflow/example_dags/example_latest_only.py took 0.183 seconds
[2025-02-21T06:26:00.856+0000] {processor.py:161} INFO - Started process (PID=404) to work on /home/airflow/.local/lib/python3.8/site-packages/airflow/example_dags/example_latest_only.py
[2025-02-21T06:26:00.859+0000] {processor.py:830} INFO - Processing file /home/airflow/.local/lib/python3.8/site-packages/airflow/example_dags/example_latest_only.py for tasks to queue
[2025-02-21T06:26:00.868+0000] {logging_mixin.py:188} INFO - [2025-02-21T06:26:00.867+0000] {dagbag.py:538} INFO - Filling up the DagBag from /home/airflow/.local/lib/python3.8/site-packages/airflow/example_dags/example_latest_only.py
[2025-02-21T06:26:00.890+0000] {processor.py:840} INFO - DAG(s) 'latest_only' retrieved from /home/airflow/.local/lib/python3.8/site-packages/airflow/example_dags/example_latest_only.py
[2025-02-21T06:26:00.966+0000] {logging_mixin.py:188} INFO - [2025-02-21T06:26:00.965+0000] {dag.py:3036} INFO - Sync 1 DAGs
[2025-02-21T06:26:01.058+0000] {logging_mixin.py:188} INFO - [2025-02-21T06:26:01.057+0000] {dag.py:3823} INFO - Setting next_dagrun for latest_only to 2025-02-21 00:00:00+00:00, run_after=2025-02-21 04:00:00+00:00
[2025-02-21T06:26:01.117+0000] {processor.py:183} INFO - Processing /home/airflow/.local/lib/python3.8/site-packages/airflow/example_dags/example_latest_only.py took 0.272 seconds
[2025-02-21T06:26:31.956+0000] {processor.py:161} INFO - Started process (PID=459) to work on /home/airflow/.local/lib/python3.8/site-packages/airflow/example_dags/example_latest_only.py
[2025-02-21T06:26:31.960+0000] {processor.py:830} INFO - Processing file /home/airflow/.local/lib/python3.8/site-packages/airflow/example_dags/example_latest_only.py for tasks to queue
[2025-02-21T06:26:31.966+0000] {logging_mixin.py:188} INFO - [2025-02-21T06:26:31.966+0000] {dagbag.py:538} INFO - Filling up the DagBag from /home/airflow/.local/lib/python3.8/site-packages/airflow/example_dags/example_latest_only.py
[2025-02-21T06:26:31.978+0000] {processor.py:840} INFO - DAG(s) 'latest_only' retrieved from /home/airflow/.local/lib/python3.8/site-packages/airflow/example_dags/example_latest_only.py
[2025-02-21T06:26:32.062+0000] {logging_mixin.py:188} INFO - [2025-02-21T06:26:32.061+0000] {dag.py:3036} INFO - Sync 1 DAGs
[2025-02-21T06:26:32.130+0000] {logging_mixin.py:188} INFO - [2025-02-21T06:26:32.129+0000] {dag.py:3823} INFO - Setting next_dagrun for latest_only to 2025-02-21 00:00:00+00:00, run_after=2025-02-21 04:00:00+00:00
[2025-02-21T06:26:32.180+0000] {processor.py:183} INFO - Processing /home/airflow/.local/lib/python3.8/site-packages/airflow/example_dags/example_latest_only.py took 0.236 seconds
[2025-02-21T06:27:02.481+0000] {processor.py:161} INFO - Started process (PID=513) to work on /home/airflow/.local/lib/python3.8/site-packages/airflow/example_dags/example_latest_only.py
[2025-02-21T06:27:02.484+0000] {processor.py:830} INFO - Processing file /home/airflow/.local/lib/python3.8/site-packages/airflow/example_dags/example_latest_only.py for tasks to queue
[2025-02-21T06:27:02.491+0000] {logging_mixin.py:188} INFO - [2025-02-21T06:27:02.490+0000] {dagbag.py:538} INFO - Filling up the DagBag from /home/airflow/.local/lib/python3.8/site-packages/airflow/example_dags/example_latest_only.py
[2025-02-21T06:27:02.505+0000] {processor.py:840} INFO - DAG(s) 'latest_only' retrieved from /home/airflow/.local/lib/python3.8/site-packages/airflow/example_dags/example_latest_only.py
[2025-02-21T06:27:02.596+0000] {logging_mixin.py:188} INFO - [2025-02-21T06:27:02.596+0000] {dag.py:3036} INFO - Sync 1 DAGs
[2025-02-21T06:27:02.709+0000] {logging_mixin.py:188} INFO - [2025-02-21T06:27:02.708+0000] {dag.py:3823} INFO - Setting next_dagrun for latest_only to 2025-02-21 00:00:00+00:00, run_after=2025-02-21 04:00:00+00:00
[2025-02-21T06:27:02.796+0000] {processor.py:183} INFO - Processing /home/airflow/.local/lib/python3.8/site-packages/airflow/example_dags/example_latest_only.py took 0.336 seconds
[2025-02-21T06:27:33.187+0000] {processor.py:161} INFO - Started process (PID=567) to work on /home/airflow/.local/lib/python3.8/site-packages/airflow/example_dags/example_latest_only.py
[2025-02-21T06:27:33.189+0000] {processor.py:830} INFO - Processing file /home/airflow/.local/lib/python3.8/site-packages/airflow/example_dags/example_latest_only.py for tasks to queue
[2025-02-21T06:27:33.193+0000] {logging_mixin.py:188} INFO - [2025-02-21T06:27:33.193+0000] {dagbag.py:538} INFO - Filling up the DagBag from /home/airflow/.local/lib/python3.8/site-packages/airflow/example_dags/example_latest_only.py
[2025-02-21T06:27:33.204+0000] {processor.py:840} INFO - DAG(s) 'latest_only' retrieved from /home/airflow/.local/lib/python3.8/site-packages/airflow/example_dags/example_latest_only.py
[2025-02-21T06:27:33.264+0000] {logging_mixin.py:188} INFO - [2025-02-21T06:27:33.264+0000] {dag.py:3036} INFO - Sync 1 DAGs
[2025-02-21T06:27:33.322+0000] {logging_mixin.py:188} INFO - [2025-02-21T06:27:33.321+0000] {dag.py:3823} INFO - Setting next_dagrun for latest_only to 2025-02-21 00:00:00+00:00, run_after=2025-02-21 04:00:00+00:00
[2025-02-21T06:27:33.362+0000] {processor.py:183} INFO - Processing /home/airflow/.local/lib/python3.8/site-packages/airflow/example_dags/example_latest_only.py took 0.187 seconds
[2025-02-21T06:28:03.712+0000] {processor.py:161} INFO - Started process (PID=622) to work on /home/airflow/.local/lib/python3.8/site-packages/airflow/example_dags/example_latest_only.py
[2025-02-21T06:28:03.715+0000] {processor.py:830} INFO - Processing file /home/airflow/.local/lib/python3.8/site-packages/airflow/example_dags/example_latest_only.py for tasks to queue
[2025-02-21T06:28:03.721+0000] {logging_mixin.py:188} INFO - [2025-02-21T06:28:03.721+0000] {dagbag.py:538} INFO - Filling up the DagBag from /home/airflow/.local/lib/python3.8/site-packages/airflow/example_dags/example_latest_only.py
[2025-02-21T06:28:03.737+0000] {processor.py:840} INFO - DAG(s) 'latest_only' retrieved from /home/airflow/.local/lib/python3.8/site-packages/airflow/example_dags/example_latest_only.py
[2025-02-21T06:28:03.800+0000] {logging_mixin.py:188} INFO - [2025-02-21T06:28:03.799+0000] {dag.py:3036} INFO - Sync 1 DAGs
[2025-02-21T06:28:03.877+0000] {logging_mixin.py:188} INFO - [2025-02-21T06:28:03.876+0000] {dag.py:3823} INFO - Setting next_dagrun for latest_only to 2025-02-21 00:00:00+00:00, run_after=2025-02-21 04:00:00+00:00
[2025-02-21T06:28:03.939+0000] {processor.py:183} INFO - Processing /home/airflow/.local/lib/python3.8/site-packages/airflow/example_dags/example_latest_only.py took 0.236 seconds
[2025-02-21T06:28:34.429+0000] {processor.py:161} INFO - Started process (PID=677) to work on /home/airflow/.local/lib/python3.8/site-packages/airflow/example_dags/example_latest_only.py
[2025-02-21T06:28:34.432+0000] {processor.py:830} INFO - Processing file /home/airflow/.local/lib/python3.8/site-packages/airflow/example_dags/example_latest_only.py for tasks to queue
[2025-02-21T06:28:34.438+0000] {logging_mixin.py:188} INFO - [2025-02-21T06:28:34.436+0000] {dagbag.py:538} INFO - Filling up the DagBag from /home/airflow/.local/lib/python3.8/site-packages/airflow/example_dags/example_latest_only.py
[2025-02-21T06:28:34.452+0000] {processor.py:840} INFO - DAG(s) 'latest_only' retrieved from /home/airflow/.local/lib/python3.8/site-packages/airflow/example_dags/example_latest_only.py
[2025-02-21T06:28:34.518+0000] {logging_mixin.py:188} INFO - [2025-02-21T06:28:34.518+0000] {dag.py:3036} INFO - Sync 1 DAGs
[2025-02-21T06:28:34.571+0000] {logging_mixin.py:188} INFO - [2025-02-21T06:28:34.571+0000] {dag.py:3823} INFO - Setting next_dagrun for latest_only to 2025-02-21 00:00:00+00:00, run_after=2025-02-21 04:00:00+00:00
[2025-02-21T06:28:34.617+0000] {processor.py:183} INFO - Processing /home/airflow/.local/lib/python3.8/site-packages/airflow/example_dags/example_latest_only.py took 0.195 seconds
[2025-02-21T06:29:05.264+0000] {processor.py:161} INFO - Started process (PID=731) to work on /home/airflow/.local/lib/python3.8/site-packages/airflow/example_dags/example_latest_only.py
[2025-02-21T06:29:05.271+0000] {processor.py:830} INFO - Processing file /home/airflow/.local/lib/python3.8/site-packages/airflow/example_dags/example_latest_only.py for tasks to queue
[2025-02-21T06:29:05.277+0000] {logging_mixin.py:188} INFO - [2025-02-21T06:29:05.277+0000] {dagbag.py:538} INFO - Filling up the DagBag from /home/airflow/.local/lib/python3.8/site-packages/airflow/example_dags/example_latest_only.py
[2025-02-21T06:29:05.291+0000] {processor.py:840} INFO - DAG(s) 'latest_only' retrieved from /home/airflow/.local/lib/python3.8/site-packages/airflow/example_dags/example_latest_only.py
[2025-02-21T06:29:05.377+0000] {logging_mixin.py:188} INFO - [2025-02-21T06:29:05.376+0000] {dag.py:3036} INFO - Sync 1 DAGs
[2025-02-21T06:29:05.472+0000] {logging_mixin.py:188} INFO - [2025-02-21T06:29:05.471+0000] {dag.py:3823} INFO - Setting next_dagrun for latest_only to 2025-02-21 00:00:00+00:00, run_after=2025-02-21 04:00:00+00:00
[2025-02-21T06:29:05.570+0000] {processor.py:183} INFO - Processing /home/airflow/.local/lib/python3.8/site-packages/airflow/example_dags/example_latest_only.py took 0.321 seconds
[2025-02-21T06:29:36.202+0000] {processor.py:161} INFO - Started process (PID=786) to work on /home/airflow/.local/lib/python3.8/site-packages/airflow/example_dags/example_latest_only.py
[2025-02-21T06:29:36.204+0000] {processor.py:830} INFO - Processing file /home/airflow/.local/lib/python3.8/site-packages/airflow/example_dags/example_latest_only.py for tasks to queue
[2025-02-21T06:29:36.209+0000] {logging_mixin.py:188} INFO - [2025-02-21T06:29:36.208+0000] {dagbag.py:538} INFO - Filling up the DagBag from /home/airflow/.local/lib/python3.8/site-packages/airflow/example_dags/example_latest_only.py
[2025-02-21T06:29:36.222+0000] {processor.py:840} INFO - DAG(s) 'latest_only' retrieved from /home/airflow/.local/lib/python3.8/site-packages/airflow/example_dags/example_latest_only.py
[2025-02-21T06:29:36.281+0000] {logging_mixin.py:188} INFO - [2025-02-21T06:29:36.280+0000] {dag.py:3036} INFO - Sync 1 DAGs
[2025-02-21T06:29:36.354+0000] {logging_mixin.py:188} INFO - [2025-02-21T06:29:36.352+0000] {dag.py:3823} INFO - Setting next_dagrun for latest_only to 2025-02-21 00:00:00+00:00, run_after=2025-02-21 04:00:00+00:00
[2025-02-21T06:29:36.419+0000] {processor.py:183} INFO - Processing /home/airflow/.local/lib/python3.8/site-packages/airflow/example_dags/example_latest_only.py took 0.224 seconds
[2025-02-21T06:30:06.944+0000] {processor.py:161} INFO - Started process (PID=841) to work on /home/airflow/.local/lib/python3.8/site-packages/airflow/example_dags/example_latest_only.py
[2025-02-21T06:30:06.948+0000] {processor.py:830} INFO - Processing file /home/airflow/.local/lib/python3.8/site-packages/airflow/example_dags/example_latest_only.py for tasks to queue
[2025-02-21T06:30:06.955+0000] {logging_mixin.py:188} INFO - [2025-02-21T06:30:06.954+0000] {dagbag.py:538} INFO - Filling up the DagBag from /home/airflow/.local/lib/python3.8/site-packages/airflow/example_dags/example_latest_only.py
[2025-02-21T06:30:06.979+0000] {processor.py:840} INFO - DAG(s) 'latest_only' retrieved from /home/airflow/.local/lib/python3.8/site-packages/airflow/example_dags/example_latest_only.py
[2025-02-21T06:30:07.053+0000] {logging_mixin.py:188} INFO - [2025-02-21T06:30:07.052+0000] {dag.py:3036} INFO - Sync 1 DAGs
[2025-02-21T06:30:07.125+0000] {logging_mixin.py:188} INFO - [2025-02-21T06:30:07.124+0000] {dag.py:3823} INFO - Setting next_dagrun for latest_only to 2025-02-21 00:00:00+00:00, run_after=2025-02-21 04:00:00+00:00
[2025-02-21T06:30:07.177+0000] {processor.py:183} INFO - Processing /home/airflow/.local/lib/python3.8/site-packages/airflow/example_dags/example_latest_only.py took 0.263 seconds
[2025-02-21T06:30:37.655+0000] {processor.py:161} INFO - Started process (PID=896) to work on /home/airflow/.local/lib/python3.8/site-packages/airflow/example_dags/example_latest_only.py
[2025-02-21T06:30:37.661+0000] {processor.py:830} INFO - Processing file /home/airflow/.local/lib/python3.8/site-packages/airflow/example_dags/example_latest_only.py for tasks to queue
[2025-02-21T06:30:37.671+0000] {logging_mixin.py:188} INFO - [2025-02-21T06:30:37.670+0000] {dagbag.py:538} INFO - Filling up the DagBag from /home/airflow/.local/lib/python3.8/site-packages/airflow/example_dags/example_latest_only.py
[2025-02-21T06:30:37.708+0000] {processor.py:840} INFO - DAG(s) 'latest_only' retrieved from /home/airflow/.local/lib/python3.8/site-packages/airflow/example_dags/example_latest_only.py
[2025-02-21T06:30:37.810+0000] {logging_mixin.py:188} INFO - [2025-02-21T06:30:37.810+0000] {dag.py:3036} INFO - Sync 1 DAGs
[2025-02-21T06:30:37.902+0000] {logging_mixin.py:188} INFO - [2025-02-21T06:30:37.901+0000] {dag.py:3823} INFO - Setting next_dagrun for latest_only to 2025-02-21 00:00:00+00:00, run_after=2025-02-21 04:00:00+00:00
[2025-02-21T06:30:37.975+0000] {processor.py:183} INFO - Processing /home/airflow/.local/lib/python3.8/site-packages/airflow/example_dags/example_latest_only.py took 0.339 seconds
[2025-02-21T06:31:08.275+0000] {processor.py:161} INFO - Started process (PID=952) to work on /home/airflow/.local/lib/python3.8/site-packages/airflow/example_dags/example_latest_only.py
[2025-02-21T06:31:08.279+0000] {processor.py:830} INFO - Processing file /home/airflow/.local/lib/python3.8/site-packages/airflow/example_dags/example_latest_only.py for tasks to queue
[2025-02-21T06:31:08.286+0000] {logging_mixin.py:188} INFO - [2025-02-21T06:31:08.285+0000] {dagbag.py:538} INFO - Filling up the DagBag from /home/airflow/.local/lib/python3.8/site-packages/airflow/example_dags/example_latest_only.py
[2025-02-21T06:31:08.304+0000] {processor.py:840} INFO - DAG(s) 'latest_only' retrieved from /home/airflow/.local/lib/python3.8/site-packages/airflow/example_dags/example_latest_only.py
[2025-02-21T06:31:08.376+0000] {logging_mixin.py:188} INFO - [2025-02-21T06:31:08.375+0000] {dag.py:3036} INFO - Sync 1 DAGs
[2025-02-21T06:31:08.447+0000] {logging_mixin.py:188} INFO - [2025-02-21T06:31:08.446+0000] {dag.py:3823} INFO - Setting next_dagrun for latest_only to 2025-02-21 00:00:00+00:00, run_after=2025-02-21 04:00:00+00:00
[2025-02-21T06:31:08.555+0000] {processor.py:183} INFO - Processing /home/airflow/.local/lib/python3.8/site-packages/airflow/example_dags/example_latest_only.py took 0.292 seconds
[2025-02-21T06:31:38.978+0000] {processor.py:161} INFO - Started process (PID=1007) to work on /home/airflow/.local/lib/python3.8/site-packages/airflow/example_dags/example_latest_only.py
[2025-02-21T06:31:38.988+0000] {processor.py:830} INFO - Processing file /home/airflow/.local/lib/python3.8/site-packages/airflow/example_dags/example_latest_only.py for tasks to queue
[2025-02-21T06:31:39.008+0000] {logging_mixin.py:188} INFO - [2025-02-21T06:31:39.007+0000] {dagbag.py:538} INFO - Filling up the DagBag from /home/airflow/.local/lib/python3.8/site-packages/airflow/example_dags/example_latest_only.py
[2025-02-21T06:31:39.044+0000] {processor.py:840} INFO - DAG(s) 'latest_only' retrieved from /home/airflow/.local/lib/python3.8/site-packages/airflow/example_dags/example_latest_only.py
[2025-02-21T06:31:39.107+0000] {logging_mixin.py:188} INFO - [2025-02-21T06:31:39.106+0000] {dag.py:3036} INFO - Sync 1 DAGs
[2025-02-21T06:31:39.181+0000] {logging_mixin.py:188} INFO - [2025-02-21T06:31:39.180+0000] {dag.py:3823} INFO - Setting next_dagrun for latest_only to 2025-02-21 00:00:00+00:00, run_after=2025-02-21 04:00:00+00:00
[2025-02-21T06:31:39.238+0000] {processor.py:183} INFO - Processing /home/airflow/.local/lib/python3.8/site-packages/airflow/example_dags/example_latest_only.py took 0.292 seconds
[2025-02-21T06:32:09.451+0000] {processor.py:161} INFO - Started process (PID=1068) to work on /home/airflow/.local/lib/python3.8/site-packages/airflow/example_dags/example_latest_only.py
[2025-02-21T06:32:09.454+0000] {processor.py:830} INFO - Processing file /home/airflow/.local/lib/python3.8/site-packages/airflow/example_dags/example_latest_only.py for tasks to queue
[2025-02-21T06:32:09.460+0000] {logging_mixin.py:188} INFO - [2025-02-21T06:32:09.459+0000] {dagbag.py:538} INFO - Filling up the DagBag from /home/airflow/.local/lib/python3.8/site-packages/airflow/example_dags/example_latest_only.py
[2025-02-21T06:32:09.475+0000] {processor.py:840} INFO - DAG(s) 'latest_only' retrieved from /home/airflow/.local/lib/python3.8/site-packages/airflow/example_dags/example_latest_only.py
[2025-02-21T06:32:09.531+0000] {logging_mixin.py:188} INFO - [2025-02-21T06:32:09.530+0000] {dag.py:3036} INFO - Sync 1 DAGs
[2025-02-21T06:32:09.608+0000] {logging_mixin.py:188} INFO - [2025-02-21T06:32:09.607+0000] {dag.py:3823} INFO - Setting next_dagrun for latest_only to 2025-02-21 00:00:00+00:00, run_after=2025-02-21 04:00:00+00:00
[2025-02-21T06:32:09.715+0000] {processor.py:183} INFO - Processing /home/airflow/.local/lib/python3.8/site-packages/airflow/example_dags/example_latest_only.py took 0.273 seconds
[2025-02-21T06:32:40.023+0000] {processor.py:161} INFO - Started process (PID=1123) to work on /home/airflow/.local/lib/python3.8/site-packages/airflow/example_dags/example_latest_only.py
[2025-02-21T06:32:40.036+0000] {processor.py:830} INFO - Processing file /home/airflow/.local/lib/python3.8/site-packages/airflow/example_dags/example_latest_only.py for tasks to queue
[2025-02-21T06:32:40.045+0000] {logging_mixin.py:188} INFO - [2025-02-21T06:32:40.044+0000] {dagbag.py:538} INFO - Filling up the DagBag from /home/airflow/.local/lib/python3.8/site-packages/airflow/example_dags/example_latest_only.py
[2025-02-21T06:32:40.060+0000] {processor.py:840} INFO - DAG(s) 'latest_only' retrieved from /home/airflow/.local/lib/python3.8/site-packages/airflow/example_dags/example_latest_only.py
[2025-02-21T06:32:40.204+0000] {logging_mixin.py:188} INFO - [2025-02-21T06:32:40.203+0000] {dag.py:3036} INFO - Sync 1 DAGs
[2025-02-21T06:32:40.309+0000] {logging_mixin.py:188} INFO - [2025-02-21T06:32:40.308+0000] {dag.py:3823} INFO - Setting next_dagrun for latest_only to 2025-02-21 00:00:00+00:00, run_after=2025-02-21 04:00:00+00:00
[2025-02-21T06:32:40.367+0000] {processor.py:183} INFO - Processing /home/airflow/.local/lib/python3.8/site-packages/airflow/example_dags/example_latest_only.py took 0.364 seconds
[2025-02-21T06:33:10.600+0000] {processor.py:161} INFO - Started process (PID=1178) to work on /home/airflow/.local/lib/python3.8/site-packages/airflow/example_dags/example_latest_only.py
[2025-02-21T06:33:10.603+0000] {processor.py:830} INFO - Processing file /home/airflow/.local/lib/python3.8/site-packages/airflow/example_dags/example_latest_only.py for tasks to queue
[2025-02-21T06:33:10.610+0000] {logging_mixin.py:188} INFO - [2025-02-21T06:33:10.609+0000] {dagbag.py:538} INFO - Filling up the DagBag from /home/airflow/.local/lib/python3.8/site-packages/airflow/example_dags/example_latest_only.py
[2025-02-21T06:33:10.627+0000] {processor.py:840} INFO - DAG(s) 'latest_only' retrieved from /home/airflow/.local/lib/python3.8/site-packages/airflow/example_dags/example_latest_only.py
[2025-02-21T06:33:10.692+0000] {logging_mixin.py:188} INFO - [2025-02-21T06:33:10.691+0000] {dag.py:3036} INFO - Sync 1 DAGs
[2025-02-21T06:33:10.748+0000] {logging_mixin.py:188} INFO - [2025-02-21T06:33:10.745+0000] {dag.py:3823} INFO - Setting next_dagrun for latest_only to 2025-02-21 00:00:00+00:00, run_after=2025-02-21 04:00:00+00:00
[2025-02-21T06:33:10.850+0000] {processor.py:183} INFO - Processing /home/airflow/.local/lib/python3.8/site-packages/airflow/example_dags/example_latest_only.py took 0.265 seconds
[2025-02-21T06:33:41.235+0000] {processor.py:161} INFO - Started process (PID=1233) to work on /home/airflow/.local/lib/python3.8/site-packages/airflow/example_dags/example_latest_only.py
[2025-02-21T06:33:41.239+0000] {processor.py:830} INFO - Processing file /home/airflow/.local/lib/python3.8/site-packages/airflow/example_dags/example_latest_only.py for tasks to queue
[2025-02-21T06:33:41.244+0000] {logging_mixin.py:188} INFO - [2025-02-21T06:33:41.243+0000] {dagbag.py:538} INFO - Filling up the DagBag from /home/airflow/.local/lib/python3.8/site-packages/airflow/example_dags/example_latest_only.py
[2025-02-21T06:33:41.259+0000] {processor.py:840} INFO - DAG(s) 'latest_only' retrieved from /home/airflow/.local/lib/python3.8/site-packages/airflow/example_dags/example_latest_only.py
[2025-02-21T06:33:41.339+0000] {logging_mixin.py:188} INFO - [2025-02-21T06:33:41.338+0000] {dag.py:3036} INFO - Sync 1 DAGs
[2025-02-21T06:33:41.409+0000] {logging_mixin.py:188} INFO - [2025-02-21T06:33:41.408+0000] {dag.py:3823} INFO - Setting next_dagrun for latest_only to 2025-02-21 00:00:00+00:00, run_after=2025-02-21 04:00:00+00:00
[2025-02-21T06:33:41.468+0000] {processor.py:183} INFO - Processing /home/airflow/.local/lib/python3.8/site-packages/airflow/example_dags/example_latest_only.py took 0.245 seconds
[2025-02-21T06:34:11.629+0000] {processor.py:161} INFO - Started process (PID=1288) to work on /home/airflow/.local/lib/python3.8/site-packages/airflow/example_dags/example_latest_only.py
[2025-02-21T06:34:11.632+0000] {processor.py:830} INFO - Processing file /home/airflow/.local/lib/python3.8/site-packages/airflow/example_dags/example_latest_only.py for tasks to queue
[2025-02-21T06:34:11.637+0000] {logging_mixin.py:188} INFO - [2025-02-21T06:34:11.636+0000] {dagbag.py:538} INFO - Filling up the DagBag from /home/airflow/.local/lib/python3.8/site-packages/airflow/example_dags/example_latest_only.py
[2025-02-21T06:34:11.647+0000] {processor.py:840} INFO - DAG(s) 'latest_only' retrieved from /home/airflow/.local/lib/python3.8/site-packages/airflow/example_dags/example_latest_only.py
[2025-02-21T06:34:11.702+0000] {logging_mixin.py:188} INFO - [2025-02-21T06:34:11.702+0000] {dag.py:3036} INFO - Sync 1 DAGs
[2025-02-21T06:34:11.749+0000] {logging_mixin.py:188} INFO - [2025-02-21T06:34:11.748+0000] {dag.py:3823} INFO - Setting next_dagrun for latest_only to 2025-02-21 00:00:00+00:00, run_after=2025-02-21 04:00:00+00:00
[2025-02-21T06:34:11.790+0000] {processor.py:183} INFO - Processing /home/airflow/.local/lib/python3.8/site-packages/airflow/example_dags/example_latest_only.py took 0.174 seconds
[2025-02-21T06:34:42.795+0000] {processor.py:161} INFO - Started process (PID=1343) to work on /home/airflow/.local/lib/python3.8/site-packages/airflow/example_dags/example_latest_only.py
[2025-02-21T06:34:42.799+0000] {processor.py:830} INFO - Processing file /home/airflow/.local/lib/python3.8/site-packages/airflow/example_dags/example_latest_only.py for tasks to queue
[2025-02-21T06:34:42.819+0000] {logging_mixin.py:188} INFO - [2025-02-21T06:34:42.817+0000] {dagbag.py:538} INFO - Filling up the DagBag from /home/airflow/.local/lib/python3.8/site-packages/airflow/example_dags/example_latest_only.py
[2025-02-21T06:34:42.873+0000] {processor.py:840} INFO - DAG(s) 'latest_only' retrieved from /home/airflow/.local/lib/python3.8/site-packages/airflow/example_dags/example_latest_only.py
[2025-02-21T06:34:42.953+0000] {logging_mixin.py:188} INFO - [2025-02-21T06:34:42.952+0000] {dag.py:3036} INFO - Sync 1 DAGs
[2025-02-21T06:34:43.042+0000] {logging_mixin.py:188} INFO - [2025-02-21T06:34:43.042+0000] {dag.py:3823} INFO - Setting next_dagrun for latest_only to 2025-02-21 00:00:00+00:00, run_after=2025-02-21 04:00:00+00:00
[2025-02-21T06:34:43.125+0000] {processor.py:183} INFO - Processing /home/airflow/.local/lib/python3.8/site-packages/airflow/example_dags/example_latest_only.py took 0.342 seconds
[2025-02-21T06:35:13.602+0000] {processor.py:161} INFO - Started process (PID=1399) to work on /home/airflow/.local/lib/python3.8/site-packages/airflow/example_dags/example_latest_only.py
[2025-02-21T06:35:13.607+0000] {processor.py:830} INFO - Processing file /home/airflow/.local/lib/python3.8/site-packages/airflow/example_dags/example_latest_only.py for tasks to queue
[2025-02-21T06:35:13.615+0000] {logging_mixin.py:188} INFO - [2025-02-21T06:35:13.614+0000] {dagbag.py:538} INFO - Filling up the DagBag from /home/airflow/.local/lib/python3.8/site-packages/airflow/example_dags/example_latest_only.py
[2025-02-21T06:35:13.634+0000] {processor.py:840} INFO - DAG(s) 'latest_only' retrieved from /home/airflow/.local/lib/python3.8/site-packages/airflow/example_dags/example_latest_only.py
[2025-02-21T06:35:13.708+0000] {logging_mixin.py:188} INFO - [2025-02-21T06:35:13.708+0000] {dag.py:3036} INFO - Sync 1 DAGs
[2025-02-21T06:35:13.783+0000] {logging_mixin.py:188} INFO - [2025-02-21T06:35:13.782+0000] {dag.py:3823} INFO - Setting next_dagrun for latest_only to 2025-02-21 00:00:00+00:00, run_after=2025-02-21 04:00:00+00:00
[2025-02-21T06:35:13.850+0000] {processor.py:183} INFO - Processing /home/airflow/.local/lib/python3.8/site-packages/airflow/example_dags/example_latest_only.py took 0.265 seconds
[2025-02-21T06:35:44.109+0000] {processor.py:161} INFO - Started process (PID=1453) to work on /home/airflow/.local/lib/python3.8/site-packages/airflow/example_dags/example_latest_only.py
[2025-02-21T06:35:44.123+0000] {processor.py:830} INFO - Processing file /home/airflow/.local/lib/python3.8/site-packages/airflow/example_dags/example_latest_only.py for tasks to queue
[2025-02-21T06:35:44.142+0000] {logging_mixin.py:188} INFO - [2025-02-21T06:35:44.141+0000] {dagbag.py:538} INFO - Filling up the DagBag from /home/airflow/.local/lib/python3.8/site-packages/airflow/example_dags/example_latest_only.py
[2025-02-21T06:35:44.156+0000] {processor.py:840} INFO - DAG(s) 'latest_only' retrieved from /home/airflow/.local/lib/python3.8/site-packages/airflow/example_dags/example_latest_only.py
[2025-02-21T06:35:44.209+0000] {logging_mixin.py:188} INFO - [2025-02-21T06:35:44.209+0000] {dag.py:3036} INFO - Sync 1 DAGs
[2025-02-21T06:35:44.290+0000] {logging_mixin.py:188} INFO - [2025-02-21T06:35:44.289+0000] {dag.py:3823} INFO - Setting next_dagrun for latest_only to 2025-02-21 00:00:00+00:00, run_after=2025-02-21 04:00:00+00:00
[2025-02-21T06:35:44.348+0000] {processor.py:183} INFO - Processing /home/airflow/.local/lib/python3.8/site-packages/airflow/example_dags/example_latest_only.py took 0.257 seconds
[2025-02-21T06:36:14.926+0000] {processor.py:161} INFO - Started process (PID=1508) to work on /home/airflow/.local/lib/python3.8/site-packages/airflow/example_dags/example_latest_only.py
[2025-02-21T06:36:14.937+0000] {processor.py:830} INFO - Processing file /home/airflow/.local/lib/python3.8/site-packages/airflow/example_dags/example_latest_only.py for tasks to queue
[2025-02-21T06:36:14.946+0000] {logging_mixin.py:188} INFO - [2025-02-21T06:36:14.945+0000] {dagbag.py:538} INFO - Filling up the DagBag from /home/airflow/.local/lib/python3.8/site-packages/airflow/example_dags/example_latest_only.py
[2025-02-21T06:36:14.958+0000] {processor.py:840} INFO - DAG(s) 'latest_only' retrieved from /home/airflow/.local/lib/python3.8/site-packages/airflow/example_dags/example_latest_only.py
[2025-02-21T06:36:15.040+0000] {logging_mixin.py:188} INFO - [2025-02-21T06:36:15.039+0000] {dag.py:3036} INFO - Sync 1 DAGs
[2025-02-21T06:36:15.119+0000] {logging_mixin.py:188} INFO - [2025-02-21T06:36:15.118+0000] {dag.py:3823} INFO - Setting next_dagrun for latest_only to 2025-02-21 00:00:00+00:00, run_after=2025-02-21 04:00:00+00:00
[2025-02-21T06:36:15.184+0000] {processor.py:183} INFO - Processing /home/airflow/.local/lib/python3.8/site-packages/airflow/example_dags/example_latest_only.py took 0.275 seconds
[2025-02-21T06:36:46.179+0000] {processor.py:161} INFO - Started process (PID=1564) to work on /home/airflow/.local/lib/python3.8/site-packages/airflow/example_dags/example_latest_only.py
[2025-02-21T06:36:46.181+0000] {processor.py:830} INFO - Processing file /home/airflow/.local/lib/python3.8/site-packages/airflow/example_dags/example_latest_only.py for tasks to queue
[2025-02-21T06:36:46.186+0000] {logging_mixin.py:188} INFO - [2025-02-21T06:36:46.186+0000] {dagbag.py:538} INFO - Filling up the DagBag from /home/airflow/.local/lib/python3.8/site-packages/airflow/example_dags/example_latest_only.py
[2025-02-21T06:36:46.198+0000] {processor.py:840} INFO - DAG(s) 'latest_only' retrieved from /home/airflow/.local/lib/python3.8/site-packages/airflow/example_dags/example_latest_only.py
[2025-02-21T06:36:46.258+0000] {logging_mixin.py:188} INFO - [2025-02-21T06:36:46.257+0000] {dag.py:3036} INFO - Sync 1 DAGs
[2025-02-21T06:36:46.327+0000] {logging_mixin.py:188} INFO - [2025-02-21T06:36:46.327+0000] {dag.py:3823} INFO - Setting next_dagrun for latest_only to 2025-02-21 00:00:00+00:00, run_after=2025-02-21 04:00:00+00:00
[2025-02-21T06:36:46.374+0000] {processor.py:183} INFO - Processing /home/airflow/.local/lib/python3.8/site-packages/airflow/example_dags/example_latest_only.py took 0.201 seconds
[2025-02-21T06:37:16.896+0000] {processor.py:161} INFO - Started process (PID=1619) to work on /home/airflow/.local/lib/python3.8/site-packages/airflow/example_dags/example_latest_only.py
[2025-02-21T06:37:16.901+0000] {processor.py:830} INFO - Processing file /home/airflow/.local/lib/python3.8/site-packages/airflow/example_dags/example_latest_only.py for tasks to queue
[2025-02-21T06:37:16.912+0000] {logging_mixin.py:188} INFO - [2025-02-21T06:37:16.911+0000] {dagbag.py:538} INFO - Filling up the DagBag from /home/airflow/.local/lib/python3.8/site-packages/airflow/example_dags/example_latest_only.py
[2025-02-21T06:37:16.928+0000] {processor.py:840} INFO - DAG(s) 'latest_only' retrieved from /home/airflow/.local/lib/python3.8/site-packages/airflow/example_dags/example_latest_only.py
[2025-02-21T06:37:17.011+0000] {logging_mixin.py:188} INFO - [2025-02-21T06:37:17.009+0000] {dag.py:3036} INFO - Sync 1 DAGs
[2025-02-21T06:37:17.116+0000] {logging_mixin.py:188} INFO - [2025-02-21T06:37:17.116+0000] {dag.py:3823} INFO - Setting next_dagrun for latest_only to 2025-02-21 00:00:00+00:00, run_after=2025-02-21 04:00:00+00:00
[2025-02-21T06:37:17.195+0000] {processor.py:183} INFO - Processing /home/airflow/.local/lib/python3.8/site-packages/airflow/example_dags/example_latest_only.py took 0.319 seconds
[2025-02-21T06:37:47.671+0000] {processor.py:161} INFO - Started process (PID=1674) to work on /home/airflow/.local/lib/python3.8/site-packages/airflow/example_dags/example_latest_only.py
[2025-02-21T06:37:47.677+0000] {processor.py:830} INFO - Processing file /home/airflow/.local/lib/python3.8/site-packages/airflow/example_dags/example_latest_only.py for tasks to queue
[2025-02-21T06:37:47.689+0000] {logging_mixin.py:188} INFO - [2025-02-21T06:37:47.688+0000] {dagbag.py:538} INFO - Filling up the DagBag from /home/airflow/.local/lib/python3.8/site-packages/airflow/example_dags/example_latest_only.py
[2025-02-21T06:37:47.711+0000] {processor.py:840} INFO - DAG(s) 'latest_only' retrieved from /home/airflow/.local/lib/python3.8/site-packages/airflow/example_dags/example_latest_only.py
[2025-02-21T06:37:47.804+0000] {logging_mixin.py:188} INFO - [2025-02-21T06:37:47.803+0000] {dag.py:3036} INFO - Sync 1 DAGs
[2025-02-21T06:37:47.934+0000] {logging_mixin.py:188} INFO - [2025-02-21T06:37:47.933+0000] {dag.py:3823} INFO - Setting next_dagrun for latest_only to 2025-02-21 00:00:00+00:00, run_after=2025-02-21 04:00:00+00:00
[2025-02-21T06:37:48.131+0000] {processor.py:183} INFO - Processing /home/airflow/.local/lib/python3.8/site-packages/airflow/example_dags/example_latest_only.py took 0.473 seconds
[2025-02-21T06:38:19.000+0000] {processor.py:161} INFO - Started process (PID=1729) to work on /home/airflow/.local/lib/python3.8/site-packages/airflow/example_dags/example_latest_only.py
[2025-02-21T06:38:19.008+0000] {processor.py:830} INFO - Processing file /home/airflow/.local/lib/python3.8/site-packages/airflow/example_dags/example_latest_only.py for tasks to queue
[2025-02-21T06:38:19.014+0000] {logging_mixin.py:188} INFO - [2025-02-21T06:38:19.013+0000] {dagbag.py:538} INFO - Filling up the DagBag from /home/airflow/.local/lib/python3.8/site-packages/airflow/example_dags/example_latest_only.py
[2025-02-21T06:38:19.033+0000] {processor.py:840} INFO - DAG(s) 'latest_only' retrieved from /home/airflow/.local/lib/python3.8/site-packages/airflow/example_dags/example_latest_only.py
[2025-02-21T06:38:19.128+0000] {logging_mixin.py:188} INFO - [2025-02-21T06:38:19.127+0000] {dag.py:3036} INFO - Sync 1 DAGs
[2025-02-21T06:38:19.203+0000] {logging_mixin.py:188} INFO - [2025-02-21T06:38:19.203+0000] {dag.py:3823} INFO - Setting next_dagrun for latest_only to 2025-02-21 00:00:00+00:00, run_after=2025-02-21 04:00:00+00:00
[2025-02-21T06:38:19.284+0000] {processor.py:183} INFO - Processing /home/airflow/.local/lib/python3.8/site-packages/airflow/example_dags/example_latest_only.py took 0.299 seconds
[2025-02-21T06:38:49.620+0000] {processor.py:161} INFO - Started process (PID=1784) to work on /home/airflow/.local/lib/python3.8/site-packages/airflow/example_dags/example_latest_only.py
[2025-02-21T06:38:49.623+0000] {processor.py:830} INFO - Processing file /home/airflow/.local/lib/python3.8/site-packages/airflow/example_dags/example_latest_only.py for tasks to queue
[2025-02-21T06:38:49.628+0000] {logging_mixin.py:188} INFO - [2025-02-21T06:38:49.627+0000] {dagbag.py:538} INFO - Filling up the DagBag from /home/airflow/.local/lib/python3.8/site-packages/airflow/example_dags/example_latest_only.py
[2025-02-21T06:38:49.641+0000] {processor.py:840} INFO - DAG(s) 'latest_only' retrieved from /home/airflow/.local/lib/python3.8/site-packages/airflow/example_dags/example_latest_only.py
[2025-02-21T06:38:49.714+0000] {logging_mixin.py:188} INFO - [2025-02-21T06:38:49.713+0000] {dag.py:3036} INFO - Sync 1 DAGs
[2025-02-21T06:38:49.775+0000] {logging_mixin.py:188} INFO - [2025-02-21T06:38:49.774+0000] {dag.py:3823} INFO - Setting next_dagrun for latest_only to 2025-02-21 00:00:00+00:00, run_after=2025-02-21 04:00:00+00:00
[2025-02-21T06:38:49.822+0000] {processor.py:183} INFO - Processing /home/airflow/.local/lib/python3.8/site-packages/airflow/example_dags/example_latest_only.py took 0.209 seconds
[2025-02-21T06:39:20.310+0000] {processor.py:161} INFO - Started process (PID=1839) to work on /home/airflow/.local/lib/python3.8/site-packages/airflow/example_dags/example_latest_only.py
[2025-02-21T06:39:20.317+0000] {processor.py:830} INFO - Processing file /home/airflow/.local/lib/python3.8/site-packages/airflow/example_dags/example_latest_only.py for tasks to queue
[2025-02-21T06:39:20.326+0000] {logging_mixin.py:188} INFO - [2025-02-21T06:39:20.325+0000] {dagbag.py:538} INFO - Filling up the DagBag from /home/airflow/.local/lib/python3.8/site-packages/airflow/example_dags/example_latest_only.py
[2025-02-21T06:39:20.347+0000] {processor.py:840} INFO - DAG(s) 'latest_only' retrieved from /home/airflow/.local/lib/python3.8/site-packages/airflow/example_dags/example_latest_only.py
[2025-02-21T06:39:20.433+0000] {logging_mixin.py:188} INFO - [2025-02-21T06:39:20.432+0000] {dag.py:3036} INFO - Sync 1 DAGs
[2025-02-21T06:39:20.507+0000] {logging_mixin.py:188} INFO - [2025-02-21T06:39:20.505+0000] {dag.py:3823} INFO - Setting next_dagrun for latest_only to 2025-02-21 00:00:00+00:00, run_after=2025-02-21 04:00:00+00:00
[2025-02-21T06:39:20.572+0000] {processor.py:183} INFO - Processing /home/airflow/.local/lib/python3.8/site-packages/airflow/example_dags/example_latest_only.py took 0.285 seconds
[2025-02-21T06:39:51.074+0000] {processor.py:161} INFO - Started process (PID=1894) to work on /home/airflow/.local/lib/python3.8/site-packages/airflow/example_dags/example_latest_only.py
[2025-02-21T06:39:51.079+0000] {processor.py:830} INFO - Processing file /home/airflow/.local/lib/python3.8/site-packages/airflow/example_dags/example_latest_only.py for tasks to queue
[2025-02-21T06:39:51.086+0000] {logging_mixin.py:188} INFO - [2025-02-21T06:39:51.086+0000] {dagbag.py:538} INFO - Filling up the DagBag from /home/airflow/.local/lib/python3.8/site-packages/airflow/example_dags/example_latest_only.py
[2025-02-21T06:39:51.110+0000] {processor.py:840} INFO - DAG(s) 'latest_only' retrieved from /home/airflow/.local/lib/python3.8/site-packages/airflow/example_dags/example_latest_only.py
[2025-02-21T06:39:51.182+0000] {logging_mixin.py:188} INFO - [2025-02-21T06:39:51.182+0000] {dag.py:3036} INFO - Sync 1 DAGs
[2025-02-21T06:39:51.268+0000] {logging_mixin.py:188} INFO - [2025-02-21T06:39:51.268+0000] {dag.py:3823} INFO - Setting next_dagrun for latest_only to 2025-02-21 00:00:00+00:00, run_after=2025-02-21 04:00:00+00:00
[2025-02-21T06:39:51.342+0000] {processor.py:183} INFO - Processing /home/airflow/.local/lib/python3.8/site-packages/airflow/example_dags/example_latest_only.py took 0.277 seconds
[2025-02-21T06:40:21.985+0000] {processor.py:161} INFO - Started process (PID=1949) to work on /home/airflow/.local/lib/python3.8/site-packages/airflow/example_dags/example_latest_only.py
[2025-02-21T06:40:21.991+0000] {processor.py:830} INFO - Processing file /home/airflow/.local/lib/python3.8/site-packages/airflow/example_dags/example_latest_only.py for tasks to queue
[2025-02-21T06:40:21.998+0000] {logging_mixin.py:188} INFO - [2025-02-21T06:40:21.997+0000] {dagbag.py:538} INFO - Filling up the DagBag from /home/airflow/.local/lib/python3.8/site-packages/airflow/example_dags/example_latest_only.py
[2025-02-21T06:40:22.016+0000] {processor.py:840} INFO - DAG(s) 'latest_only' retrieved from /home/airflow/.local/lib/python3.8/site-packages/airflow/example_dags/example_latest_only.py
[2025-02-21T06:40:22.158+0000] {logging_mixin.py:188} INFO - [2025-02-21T06:40:22.158+0000] {dag.py:3036} INFO - Sync 1 DAGs
[2025-02-21T06:40:22.227+0000] {logging_mixin.py:188} INFO - [2025-02-21T06:40:22.227+0000] {dag.py:3823} INFO - Setting next_dagrun for latest_only to 2025-02-21 00:00:00+00:00, run_after=2025-02-21 04:00:00+00:00
[2025-02-21T06:40:22.303+0000] {processor.py:183} INFO - Processing /home/airflow/.local/lib/python3.8/site-packages/airflow/example_dags/example_latest_only.py took 0.327 seconds
[2025-02-21T06:40:52.532+0000] {processor.py:161} INFO - Started process (PID=2004) to work on /home/airflow/.local/lib/python3.8/site-packages/airflow/example_dags/example_latest_only.py
[2025-02-21T06:40:52.550+0000] {processor.py:830} INFO - Processing file /home/airflow/.local/lib/python3.8/site-packages/airflow/example_dags/example_latest_only.py for tasks to queue
[2025-02-21T06:40:52.591+0000] {logging_mixin.py:188} INFO - [2025-02-21T06:40:52.588+0000] {dagbag.py:538} INFO - Filling up the DagBag from /home/airflow/.local/lib/python3.8/site-packages/airflow/example_dags/example_latest_only.py
[2025-02-21T06:40:52.635+0000] {processor.py:840} INFO - DAG(s) 'latest_only' retrieved from /home/airflow/.local/lib/python3.8/site-packages/airflow/example_dags/example_latest_only.py
[2025-02-21T06:40:52.720+0000] {logging_mixin.py:188} INFO - [2025-02-21T06:40:52.719+0000] {dag.py:3036} INFO - Sync 1 DAGs
[2025-02-21T06:40:52.842+0000] {logging_mixin.py:188} INFO - [2025-02-21T06:40:52.841+0000] {dag.py:3823} INFO - Setting next_dagrun for latest_only to 2025-02-21 00:00:00+00:00, run_after=2025-02-21 04:00:00+00:00
[2025-02-21T06:40:52.911+0000] {processor.py:183} INFO - Processing /home/airflow/.local/lib/python3.8/site-packages/airflow/example_dags/example_latest_only.py took 0.404 seconds
[2025-02-21T06:41:23.308+0000] {processor.py:161} INFO - Started process (PID=2059) to work on /home/airflow/.local/lib/python3.8/site-packages/airflow/example_dags/example_latest_only.py
[2025-02-21T06:41:23.314+0000] {processor.py:830} INFO - Processing file /home/airflow/.local/lib/python3.8/site-packages/airflow/example_dags/example_latest_only.py for tasks to queue
[2025-02-21T06:41:23.332+0000] {logging_mixin.py:188} INFO - [2025-02-21T06:41:23.331+0000] {dagbag.py:538} INFO - Filling up the DagBag from /home/airflow/.local/lib/python3.8/site-packages/airflow/example_dags/example_latest_only.py
[2025-02-21T06:41:23.353+0000] {processor.py:840} INFO - DAG(s) 'latest_only' retrieved from /home/airflow/.local/lib/python3.8/site-packages/airflow/example_dags/example_latest_only.py
[2025-02-21T06:41:23.454+0000] {logging_mixin.py:188} INFO - [2025-02-21T06:41:23.453+0000] {dag.py:3036} INFO - Sync 1 DAGs
[2025-02-21T06:41:23.532+0000] {logging_mixin.py:188} INFO - [2025-02-21T06:41:23.531+0000] {dag.py:3823} INFO - Setting next_dagrun for latest_only to 2025-02-21 00:00:00+00:00, run_after=2025-02-21 04:00:00+00:00
[2025-02-21T06:41:23.616+0000] {processor.py:183} INFO - Processing /home/airflow/.local/lib/python3.8/site-packages/airflow/example_dags/example_latest_only.py took 0.342 seconds
[2025-02-21T06:41:53.758+0000] {processor.py:161} INFO - Started process (PID=2112) to work on /home/airflow/.local/lib/python3.8/site-packages/airflow/example_dags/example_latest_only.py
[2025-02-21T06:41:53.761+0000] {processor.py:830} INFO - Processing file /home/airflow/.local/lib/python3.8/site-packages/airflow/example_dags/example_latest_only.py for tasks to queue
[2025-02-21T06:41:53.765+0000] {logging_mixin.py:188} INFO - [2025-02-21T06:41:53.765+0000] {dagbag.py:538} INFO - Filling up the DagBag from /home/airflow/.local/lib/python3.8/site-packages/airflow/example_dags/example_latest_only.py
[2025-02-21T06:41:53.777+0000] {processor.py:840} INFO - DAG(s) 'latest_only' retrieved from /home/airflow/.local/lib/python3.8/site-packages/airflow/example_dags/example_latest_only.py
[2025-02-21T06:41:53.827+0000] {logging_mixin.py:188} INFO - [2025-02-21T06:41:53.826+0000] {dag.py:3036} INFO - Sync 1 DAGs
[2025-02-21T06:41:53.879+0000] {logging_mixin.py:188} INFO - [2025-02-21T06:41:53.878+0000] {dag.py:3823} INFO - Setting next_dagrun for latest_only to 2025-02-21 00:00:00+00:00, run_after=2025-02-21 04:00:00+00:00
[2025-02-21T06:41:53.925+0000] {processor.py:183} INFO - Processing /home/airflow/.local/lib/python3.8/site-packages/airflow/example_dags/example_latest_only.py took 0.176 seconds
[2025-02-21T06:42:24.898+0000] {processor.py:161} INFO - Started process (PID=2168) to work on /home/airflow/.local/lib/python3.8/site-packages/airflow/example_dags/example_latest_only.py
[2025-02-21T06:42:24.901+0000] {processor.py:830} INFO - Processing file /home/airflow/.local/lib/python3.8/site-packages/airflow/example_dags/example_latest_only.py for tasks to queue
[2025-02-21T06:42:24.908+0000] {logging_mixin.py:188} INFO - [2025-02-21T06:42:24.907+0000] {dagbag.py:538} INFO - Filling up the DagBag from /home/airflow/.local/lib/python3.8/site-packages/airflow/example_dags/example_latest_only.py
[2025-02-21T06:42:24.933+0000] {processor.py:840} INFO - DAG(s) 'latest_only' retrieved from /home/airflow/.local/lib/python3.8/site-packages/airflow/example_dags/example_latest_only.py
[2025-02-21T06:42:25.055+0000] {logging_mixin.py:188} INFO - [2025-02-21T06:42:25.049+0000] {dag.py:3036} INFO - Sync 1 DAGs
[2025-02-21T06:42:25.149+0000] {logging_mixin.py:188} INFO - [2025-02-21T06:42:25.148+0000] {dag.py:3823} INFO - Setting next_dagrun for latest_only to 2025-02-21 00:00:00+00:00, run_after=2025-02-21 04:00:00+00:00
[2025-02-21T06:42:25.226+0000] {processor.py:183} INFO - Processing /home/airflow/.local/lib/python3.8/site-packages/airflow/example_dags/example_latest_only.py took 0.336 seconds
[2025-02-21T06:42:56.061+0000] {processor.py:161} INFO - Started process (PID=2224) to work on /home/airflow/.local/lib/python3.8/site-packages/airflow/example_dags/example_latest_only.py
[2025-02-21T06:42:56.065+0000] {processor.py:830} INFO - Processing file /home/airflow/.local/lib/python3.8/site-packages/airflow/example_dags/example_latest_only.py for tasks to queue
[2025-02-21T06:42:56.073+0000] {logging_mixin.py:188} INFO - [2025-02-21T06:42:56.072+0000] {dagbag.py:538} INFO - Filling up the DagBag from /home/airflow/.local/lib/python3.8/site-packages/airflow/example_dags/example_latest_only.py
[2025-02-21T06:42:56.094+0000] {processor.py:840} INFO - DAG(s) 'latest_only' retrieved from /home/airflow/.local/lib/python3.8/site-packages/airflow/example_dags/example_latest_only.py
[2025-02-21T06:42:56.165+0000] {logging_mixin.py:188} INFO - [2025-02-21T06:42:56.164+0000] {dag.py:3036} INFO - Sync 1 DAGs
[2025-02-21T06:42:56.249+0000] {logging_mixin.py:188} INFO - [2025-02-21T06:42:56.248+0000] {dag.py:3823} INFO - Setting next_dagrun for latest_only to 2025-02-21 00:00:00+00:00, run_after=2025-02-21 04:00:00+00:00
[2025-02-21T06:42:56.309+0000] {processor.py:183} INFO - Processing /home/airflow/.local/lib/python3.8/site-packages/airflow/example_dags/example_latest_only.py took 0.261 seconds
[2025-02-21T06:43:26.630+0000] {processor.py:161} INFO - Started process (PID=2279) to work on /home/airflow/.local/lib/python3.8/site-packages/airflow/example_dags/example_latest_only.py
[2025-02-21T06:43:26.634+0000] {processor.py:830} INFO - Processing file /home/airflow/.local/lib/python3.8/site-packages/airflow/example_dags/example_latest_only.py for tasks to queue
[2025-02-21T06:43:26.640+0000] {logging_mixin.py:188} INFO - [2025-02-21T06:43:26.639+0000] {dagbag.py:538} INFO - Filling up the DagBag from /home/airflow/.local/lib/python3.8/site-packages/airflow/example_dags/example_latest_only.py
[2025-02-21T06:43:26.652+0000] {processor.py:840} INFO - DAG(s) 'latest_only' retrieved from /home/airflow/.local/lib/python3.8/site-packages/airflow/example_dags/example_latest_only.py
[2025-02-21T06:43:26.729+0000] {logging_mixin.py:188} INFO - [2025-02-21T06:43:26.728+0000] {dag.py:3036} INFO - Sync 1 DAGs
[2025-02-21T06:43:26.839+0000] {logging_mixin.py:188} INFO - [2025-02-21T06:43:26.838+0000] {dag.py:3823} INFO - Setting next_dagrun for latest_only to 2025-02-21 00:00:00+00:00, run_after=2025-02-21 04:00:00+00:00
[2025-02-21T06:43:26.935+0000] {processor.py:183} INFO - Processing /home/airflow/.local/lib/python3.8/site-packages/airflow/example_dags/example_latest_only.py took 0.312 seconds
[2025-02-21T06:43:57.281+0000] {processor.py:161} INFO - Started process (PID=2336) to work on /home/airflow/.local/lib/python3.8/site-packages/airflow/example_dags/example_latest_only.py
[2025-02-21T06:43:57.284+0000] {processor.py:830} INFO - Processing file /home/airflow/.local/lib/python3.8/site-packages/airflow/example_dags/example_latest_only.py for tasks to queue
[2025-02-21T06:43:57.292+0000] {logging_mixin.py:188} INFO - [2025-02-21T06:43:57.291+0000] {dagbag.py:538} INFO - Filling up the DagBag from /home/airflow/.local/lib/python3.8/site-packages/airflow/example_dags/example_latest_only.py
[2025-02-21T06:43:57.322+0000] {processor.py:840} INFO - DAG(s) 'latest_only' retrieved from /home/airflow/.local/lib/python3.8/site-packages/airflow/example_dags/example_latest_only.py
[2025-02-21T06:43:57.396+0000] {logging_mixin.py:188} INFO - [2025-02-21T06:43:57.395+0000] {dag.py:3036} INFO - Sync 1 DAGs
[2025-02-21T06:43:57.460+0000] {logging_mixin.py:188} INFO - [2025-02-21T06:43:57.459+0000] {dag.py:3823} INFO - Setting next_dagrun for latest_only to 2025-02-21 00:00:00+00:00, run_after=2025-02-21 04:00:00+00:00
[2025-02-21T06:43:57.540+0000] {processor.py:183} INFO - Processing /home/airflow/.local/lib/python3.8/site-packages/airflow/example_dags/example_latest_only.py took 0.280 seconds
[2025-02-21T06:44:27.775+0000] {processor.py:161} INFO - Started process (PID=2392) to work on /home/airflow/.local/lib/python3.8/site-packages/airflow/example_dags/example_latest_only.py
[2025-02-21T06:44:27.781+0000] {processor.py:830} INFO - Processing file /home/airflow/.local/lib/python3.8/site-packages/airflow/example_dags/example_latest_only.py for tasks to queue
[2025-02-21T06:44:27.792+0000] {logging_mixin.py:188} INFO - [2025-02-21T06:44:27.786+0000] {dagbag.py:538} INFO - Filling up the DagBag from /home/airflow/.local/lib/python3.8/site-packages/airflow/example_dags/example_latest_only.py
[2025-02-21T06:44:27.839+0000] {processor.py:840} INFO - DAG(s) 'latest_only' retrieved from /home/airflow/.local/lib/python3.8/site-packages/airflow/example_dags/example_latest_only.py
[2025-02-21T06:44:27.988+0000] {logging_mixin.py:188} INFO - [2025-02-21T06:44:27.987+0000] {dag.py:3036} INFO - Sync 1 DAGs
[2025-02-21T06:44:28.080+0000] {logging_mixin.py:188} INFO - [2025-02-21T06:44:28.079+0000] {dag.py:3823} INFO - Setting next_dagrun for latest_only to 2025-02-21 00:00:00+00:00, run_after=2025-02-21 04:00:00+00:00
[2025-02-21T06:44:28.238+0000] {processor.py:183} INFO - Processing /home/airflow/.local/lib/python3.8/site-packages/airflow/example_dags/example_latest_only.py took 0.483 seconds
[2025-02-21T06:44:58.810+0000] {processor.py:161} INFO - Started process (PID=2446) to work on /home/airflow/.local/lib/python3.8/site-packages/airflow/example_dags/example_latest_only.py
[2025-02-21T06:44:58.814+0000] {processor.py:830} INFO - Processing file /home/airflow/.local/lib/python3.8/site-packages/airflow/example_dags/example_latest_only.py for tasks to queue
[2025-02-21T06:44:58.820+0000] {logging_mixin.py:188} INFO - [2025-02-21T06:44:58.820+0000] {dagbag.py:538} INFO - Filling up the DagBag from /home/airflow/.local/lib/python3.8/site-packages/airflow/example_dags/example_latest_only.py
[2025-02-21T06:44:58.840+0000] {processor.py:840} INFO - DAG(s) 'latest_only' retrieved from /home/airflow/.local/lib/python3.8/site-packages/airflow/example_dags/example_latest_only.py
[2025-02-21T06:44:58.954+0000] {logging_mixin.py:188} INFO - [2025-02-21T06:44:58.953+0000] {dag.py:3036} INFO - Sync 1 DAGs
[2025-02-21T06:44:59.017+0000] {logging_mixin.py:188} INFO - [2025-02-21T06:44:59.017+0000] {dag.py:3823} INFO - Setting next_dagrun for latest_only to 2025-02-21 00:00:00+00:00, run_after=2025-02-21 04:00:00+00:00
[2025-02-21T06:44:59.090+0000] {processor.py:183} INFO - Processing /home/airflow/.local/lib/python3.8/site-packages/airflow/example_dags/example_latest_only.py took 0.294 seconds
[2025-02-21T06:45:29.443+0000] {processor.py:161} INFO - Started process (PID=2502) to work on /home/airflow/.local/lib/python3.8/site-packages/airflow/example_dags/example_latest_only.py
[2025-02-21T06:45:29.450+0000] {processor.py:830} INFO - Processing file /home/airflow/.local/lib/python3.8/site-packages/airflow/example_dags/example_latest_only.py for tasks to queue
[2025-02-21T06:45:29.470+0000] {logging_mixin.py:188} INFO - [2025-02-21T06:45:29.469+0000] {dagbag.py:538} INFO - Filling up the DagBag from /home/airflow/.local/lib/python3.8/site-packages/airflow/example_dags/example_latest_only.py
[2025-02-21T06:45:29.513+0000] {processor.py:840} INFO - DAG(s) 'latest_only' retrieved from /home/airflow/.local/lib/python3.8/site-packages/airflow/example_dags/example_latest_only.py
[2025-02-21T06:45:29.635+0000] {logging_mixin.py:188} INFO - [2025-02-21T06:45:29.634+0000] {dag.py:3036} INFO - Sync 1 DAGs
[2025-02-21T06:45:29.706+0000] {logging_mixin.py:188} INFO - [2025-02-21T06:45:29.705+0000] {dag.py:3823} INFO - Setting next_dagrun for latest_only to 2025-02-21 00:00:00+00:00, run_after=2025-02-21 04:00:00+00:00
[2025-02-21T06:45:29.774+0000] {processor.py:183} INFO - Processing /home/airflow/.local/lib/python3.8/site-packages/airflow/example_dags/example_latest_only.py took 0.341 seconds
[2025-02-21T06:46:00.051+0000] {processor.py:161} INFO - Started process (PID=2557) to work on /home/airflow/.local/lib/python3.8/site-packages/airflow/example_dags/example_latest_only.py
[2025-02-21T06:46:00.056+0000] {processor.py:830} INFO - Processing file /home/airflow/.local/lib/python3.8/site-packages/airflow/example_dags/example_latest_only.py for tasks to queue
[2025-02-21T06:46:00.062+0000] {logging_mixin.py:188} INFO - [2025-02-21T06:46:00.062+0000] {dagbag.py:538} INFO - Filling up the DagBag from /home/airflow/.local/lib/python3.8/site-packages/airflow/example_dags/example_latest_only.py
[2025-02-21T06:46:00.085+0000] {processor.py:840} INFO - DAG(s) 'latest_only' retrieved from /home/airflow/.local/lib/python3.8/site-packages/airflow/example_dags/example_latest_only.py
[2025-02-21T06:46:00.144+0000] {logging_mixin.py:188} INFO - [2025-02-21T06:46:00.143+0000] {dag.py:3036} INFO - Sync 1 DAGs
[2025-02-21T06:46:00.199+0000] {logging_mixin.py:188} INFO - [2025-02-21T06:46:00.198+0000] {dag.py:3823} INFO - Setting next_dagrun for latest_only to 2025-02-21 00:00:00+00:00, run_after=2025-02-21 04:00:00+00:00
[2025-02-21T06:46:00.721+0000] {processor.py:183} INFO - Processing /home/airflow/.local/lib/python3.8/site-packages/airflow/example_dags/example_latest_only.py took 0.681 seconds
[2025-02-21T06:46:31.419+0000] {processor.py:161} INFO - Started process (PID=2612) to work on /home/airflow/.local/lib/python3.8/site-packages/airflow/example_dags/example_latest_only.py
[2025-02-21T06:46:31.431+0000] {processor.py:830} INFO - Processing file /home/airflow/.local/lib/python3.8/site-packages/airflow/example_dags/example_latest_only.py for tasks to queue
[2025-02-21T06:46:31.440+0000] {logging_mixin.py:188} INFO - [2025-02-21T06:46:31.440+0000] {dagbag.py:538} INFO - Filling up the DagBag from /home/airflow/.local/lib/python3.8/site-packages/airflow/example_dags/example_latest_only.py
[2025-02-21T06:46:31.471+0000] {processor.py:840} INFO - DAG(s) 'latest_only' retrieved from /home/airflow/.local/lib/python3.8/site-packages/airflow/example_dags/example_latest_only.py
[2025-02-21T06:46:31.560+0000] {logging_mixin.py:188} INFO - [2025-02-21T06:46:31.560+0000] {dag.py:3036} INFO - Sync 1 DAGs
[2025-02-21T06:46:31.666+0000] {logging_mixin.py:188} INFO - [2025-02-21T06:46:31.665+0000] {dag.py:3823} INFO - Setting next_dagrun for latest_only to 2025-02-21 00:00:00+00:00, run_after=2025-02-21 04:00:00+00:00
[2025-02-21T06:46:31.738+0000] {processor.py:183} INFO - Processing /home/airflow/.local/lib/python3.8/site-packages/airflow/example_dags/example_latest_only.py took 0.340 seconds
[2025-02-21T06:47:02.426+0000] {processor.py:161} INFO - Started process (PID=2667) to work on /home/airflow/.local/lib/python3.8/site-packages/airflow/example_dags/example_latest_only.py
[2025-02-21T06:47:02.444+0000] {processor.py:830} INFO - Processing file /home/airflow/.local/lib/python3.8/site-packages/airflow/example_dags/example_latest_only.py for tasks to queue
[2025-02-21T06:47:02.464+0000] {logging_mixin.py:188} INFO - [2025-02-21T06:47:02.463+0000] {dagbag.py:538} INFO - Filling up the DagBag from /home/airflow/.local/lib/python3.8/site-packages/airflow/example_dags/example_latest_only.py
[2025-02-21T06:47:02.503+0000] {processor.py:840} INFO - DAG(s) 'latest_only' retrieved from /home/airflow/.local/lib/python3.8/site-packages/airflow/example_dags/example_latest_only.py
[2025-02-21T06:47:02.672+0000] {logging_mixin.py:188} INFO - [2025-02-21T06:47:02.672+0000] {dag.py:3036} INFO - Sync 1 DAGs
[2025-02-21T06:47:02.789+0000] {logging_mixin.py:188} INFO - [2025-02-21T06:47:02.789+0000] {dag.py:3823} INFO - Setting next_dagrun for latest_only to 2025-02-21 00:00:00+00:00, run_after=2025-02-21 04:00:00+00:00
[2025-02-21T06:47:02.844+0000] {processor.py:183} INFO - Processing /home/airflow/.local/lib/python3.8/site-packages/airflow/example_dags/example_latest_only.py took 0.465 seconds
[2025-02-21T06:47:33.948+0000] {processor.py:161} INFO - Started process (PID=2722) to work on /home/airflow/.local/lib/python3.8/site-packages/airflow/example_dags/example_latest_only.py
[2025-02-21T06:47:33.952+0000] {processor.py:830} INFO - Processing file /home/airflow/.local/lib/python3.8/site-packages/airflow/example_dags/example_latest_only.py for tasks to queue
[2025-02-21T06:47:33.959+0000] {logging_mixin.py:188} INFO - [2025-02-21T06:47:33.958+0000] {dagbag.py:538} INFO - Filling up the DagBag from /home/airflow/.local/lib/python3.8/site-packages/airflow/example_dags/example_latest_only.py
[2025-02-21T06:47:33.975+0000] {processor.py:840} INFO - DAG(s) 'latest_only' retrieved from /home/airflow/.local/lib/python3.8/site-packages/airflow/example_dags/example_latest_only.py
[2025-02-21T06:47:34.043+0000] {logging_mixin.py:188} INFO - [2025-02-21T06:47:34.042+0000] {dag.py:3036} INFO - Sync 1 DAGs
[2025-02-21T06:47:34.116+0000] {logging_mixin.py:188} INFO - [2025-02-21T06:47:34.115+0000] {dag.py:3823} INFO - Setting next_dagrun for latest_only to 2025-02-21 00:00:00+00:00, run_after=2025-02-21 04:00:00+00:00
[2025-02-21T06:47:34.185+0000] {processor.py:183} INFO - Processing /home/airflow/.local/lib/python3.8/site-packages/airflow/example_dags/example_latest_only.py took 0.247 seconds
