[2025-02-21T06:22:53.864+0000] {processor.py:161} INFO - Started process (PID=69) to work on /home/airflow/.local/lib/python3.8/site-packages/airflow/example_dags/example_python_decorator.py
[2025-02-21T06:22:53.867+0000] {processor.py:830} INFO - Processing file /home/airflow/.local/lib/python3.8/site-packages/airflow/example_dags/example_python_decorator.py for tasks to queue
[2025-02-21T06:22:53.872+0000] {logging_mixin.py:188} INFO - [2025-02-21T06:22:53.871+0000] {dagbag.py:538} INFO - Filling up the DagBag from /home/airflow/.local/lib/python3.8/site-packages/airflow/example_dags/example_python_decorator.py
[2025-02-21T06:22:53.967+0000] {processor.py:840} INFO - DAG(s) 'example_python_decorator' retrieved from /home/airflow/.local/lib/python3.8/site-packages/airflow/example_dags/example_python_decorator.py
[2025-02-21T06:22:54.373+0000] {logging_mixin.py:188} INFO - [2025-02-21T06:22:54.372+0000] {dag.py:3036} INFO - Sync 1 DAGs
[2025-02-21T06:22:54.455+0000] {logging_mixin.py:188} INFO - [2025-02-21T06:22:54.455+0000] {dag.py:3823} INFO - Setting next_dagrun for example_python_decorator to None, run_after=None
[2025-02-21T06:22:54.635+0000] {processor.py:183} INFO - Processing /home/airflow/.local/lib/python3.8/site-packages/airflow/example_dags/example_python_decorator.py took 0.789 seconds
[2025-02-21T06:23:25.436+0000] {processor.py:161} INFO - Started process (PID=125) to work on /home/airflow/.local/lib/python3.8/site-packages/airflow/example_dags/example_python_decorator.py
[2025-02-21T06:23:25.440+0000] {processor.py:830} INFO - Processing file /home/airflow/.local/lib/python3.8/site-packages/airflow/example_dags/example_python_decorator.py for tasks to queue
[2025-02-21T06:23:25.448+0000] {logging_mixin.py:188} INFO - [2025-02-21T06:23:25.447+0000] {dagbag.py:538} INFO - Filling up the DagBag from /home/airflow/.local/lib/python3.8/site-packages/airflow/example_dags/example_python_decorator.py
[2025-02-21T06:23:25.509+0000] {processor.py:840} INFO - DAG(s) 'example_python_decorator' retrieved from /home/airflow/.local/lib/python3.8/site-packages/airflow/example_dags/example_python_decorator.py
[2025-02-21T06:23:25.599+0000] {logging_mixin.py:188} INFO - [2025-02-21T06:23:25.599+0000] {dag.py:3036} INFO - Sync 1 DAGs
[2025-02-21T06:23:25.656+0000] {logging_mixin.py:188} INFO - [2025-02-21T06:23:25.655+0000] {dag.py:3823} INFO - Setting next_dagrun for example_python_decorator to None, run_after=None
[2025-02-21T06:23:25.760+0000] {processor.py:183} INFO - Processing /home/airflow/.local/lib/python3.8/site-packages/airflow/example_dags/example_python_decorator.py took 0.337 seconds
[2025-02-21T06:23:55.984+0000] {processor.py:161} INFO - Started process (PID=179) to work on /home/airflow/.local/lib/python3.8/site-packages/airflow/example_dags/example_python_decorator.py
[2025-02-21T06:23:55.987+0000] {processor.py:830} INFO - Processing file /home/airflow/.local/lib/python3.8/site-packages/airflow/example_dags/example_python_decorator.py for tasks to queue
[2025-02-21T06:23:55.995+0000] {logging_mixin.py:188} INFO - [2025-02-21T06:23:55.993+0000] {dagbag.py:538} INFO - Filling up the DagBag from /home/airflow/.local/lib/python3.8/site-packages/airflow/example_dags/example_python_decorator.py
[2025-02-21T06:23:56.050+0000] {processor.py:840} INFO - DAG(s) 'example_python_decorator' retrieved from /home/airflow/.local/lib/python3.8/site-packages/airflow/example_dags/example_python_decorator.py
[2025-02-21T06:23:56.118+0000] {logging_mixin.py:188} INFO - [2025-02-21T06:23:56.117+0000] {dag.py:3036} INFO - Sync 1 DAGs
[2025-02-21T06:23:56.147+0000] {logging_mixin.py:188} INFO - [2025-02-21T06:23:56.147+0000] {dag.py:3823} INFO - Setting next_dagrun for example_python_decorator to None, run_after=None
[2025-02-21T06:23:56.210+0000] {processor.py:183} INFO - Processing /home/airflow/.local/lib/python3.8/site-packages/airflow/example_dags/example_python_decorator.py took 0.236 seconds
[2025-02-21T06:24:27.079+0000] {processor.py:161} INFO - Started process (PID=234) to work on /home/airflow/.local/lib/python3.8/site-packages/airflow/example_dags/example_python_decorator.py
[2025-02-21T06:24:27.082+0000] {processor.py:830} INFO - Processing file /home/airflow/.local/lib/python3.8/site-packages/airflow/example_dags/example_python_decorator.py for tasks to queue
[2025-02-21T06:24:27.090+0000] {logging_mixin.py:188} INFO - [2025-02-21T06:24:27.089+0000] {dagbag.py:538} INFO - Filling up the DagBag from /home/airflow/.local/lib/python3.8/site-packages/airflow/example_dags/example_python_decorator.py
[2025-02-21T06:24:27.184+0000] {processor.py:840} INFO - DAG(s) 'example_python_decorator' retrieved from /home/airflow/.local/lib/python3.8/site-packages/airflow/example_dags/example_python_decorator.py
[2025-02-21T06:24:27.340+0000] {logging_mixin.py:188} INFO - [2025-02-21T06:24:27.339+0000] {dag.py:3036} INFO - Sync 1 DAGs
[2025-02-21T06:24:27.437+0000] {logging_mixin.py:188} INFO - [2025-02-21T06:24:27.436+0000] {dag.py:3823} INFO - Setting next_dagrun for example_python_decorator to None, run_after=None
[2025-02-21T06:24:27.551+0000] {processor.py:183} INFO - Processing /home/airflow/.local/lib/python3.8/site-packages/airflow/example_dags/example_python_decorator.py took 0.481 seconds
[2025-02-21T06:24:57.698+0000] {processor.py:161} INFO - Started process (PID=290) to work on /home/airflow/.local/lib/python3.8/site-packages/airflow/example_dags/example_python_decorator.py
[2025-02-21T06:24:57.703+0000] {processor.py:830} INFO - Processing file /home/airflow/.local/lib/python3.8/site-packages/airflow/example_dags/example_python_decorator.py for tasks to queue
[2025-02-21T06:24:57.709+0000] {logging_mixin.py:188} INFO - [2025-02-21T06:24:57.708+0000] {dagbag.py:538} INFO - Filling up the DagBag from /home/airflow/.local/lib/python3.8/site-packages/airflow/example_dags/example_python_decorator.py
[2025-02-21T06:24:57.755+0000] {processor.py:840} INFO - DAG(s) 'example_python_decorator' retrieved from /home/airflow/.local/lib/python3.8/site-packages/airflow/example_dags/example_python_decorator.py
[2025-02-21T06:24:57.834+0000] {logging_mixin.py:188} INFO - [2025-02-21T06:24:57.833+0000] {dag.py:3036} INFO - Sync 1 DAGs
[2025-02-21T06:24:57.880+0000] {logging_mixin.py:188} INFO - [2025-02-21T06:24:57.879+0000] {dag.py:3823} INFO - Setting next_dagrun for example_python_decorator to None, run_after=None
[2025-02-21T06:24:57.940+0000] {processor.py:183} INFO - Processing /home/airflow/.local/lib/python3.8/site-packages/airflow/example_dags/example_python_decorator.py took 0.255 seconds
[2025-02-21T06:25:28.465+0000] {processor.py:161} INFO - Started process (PID=345) to work on /home/airflow/.local/lib/python3.8/site-packages/airflow/example_dags/example_python_decorator.py
[2025-02-21T06:25:28.469+0000] {processor.py:830} INFO - Processing file /home/airflow/.local/lib/python3.8/site-packages/airflow/example_dags/example_python_decorator.py for tasks to queue
[2025-02-21T06:25:28.473+0000] {logging_mixin.py:188} INFO - [2025-02-21T06:25:28.473+0000] {dagbag.py:538} INFO - Filling up the DagBag from /home/airflow/.local/lib/python3.8/site-packages/airflow/example_dags/example_python_decorator.py
[2025-02-21T06:25:28.506+0000] {processor.py:840} INFO - DAG(s) 'example_python_decorator' retrieved from /home/airflow/.local/lib/python3.8/site-packages/airflow/example_dags/example_python_decorator.py
[2025-02-21T06:25:28.580+0000] {logging_mixin.py:188} INFO - [2025-02-21T06:25:28.579+0000] {dag.py:3036} INFO - Sync 1 DAGs
[2025-02-21T06:25:28.630+0000] {logging_mixin.py:188} INFO - [2025-02-21T06:25:28.629+0000] {dag.py:3823} INFO - Setting next_dagrun for example_python_decorator to None, run_after=None
[2025-02-21T06:25:28.696+0000] {processor.py:183} INFO - Processing /home/airflow/.local/lib/python3.8/site-packages/airflow/example_dags/example_python_decorator.py took 0.240 seconds
[2025-02-21T06:25:59.213+0000] {processor.py:161} INFO - Started process (PID=398) to work on /home/airflow/.local/lib/python3.8/site-packages/airflow/example_dags/example_python_decorator.py
[2025-02-21T06:25:59.216+0000] {processor.py:830} INFO - Processing file /home/airflow/.local/lib/python3.8/site-packages/airflow/example_dags/example_python_decorator.py for tasks to queue
[2025-02-21T06:25:59.222+0000] {logging_mixin.py:188} INFO - [2025-02-21T06:25:59.221+0000] {dagbag.py:538} INFO - Filling up the DagBag from /home/airflow/.local/lib/python3.8/site-packages/airflow/example_dags/example_python_decorator.py
[2025-02-21T06:25:59.266+0000] {processor.py:840} INFO - DAG(s) 'example_python_decorator' retrieved from /home/airflow/.local/lib/python3.8/site-packages/airflow/example_dags/example_python_decorator.py
[2025-02-21T06:25:59.337+0000] {logging_mixin.py:188} INFO - [2025-02-21T06:25:59.336+0000] {dag.py:3036} INFO - Sync 1 DAGs
[2025-02-21T06:25:59.363+0000] {logging_mixin.py:188} INFO - [2025-02-21T06:25:59.363+0000] {dag.py:3823} INFO - Setting next_dagrun for example_python_decorator to None, run_after=None
[2025-02-21T06:25:59.435+0000] {processor.py:183} INFO - Processing /home/airflow/.local/lib/python3.8/site-packages/airflow/example_dags/example_python_decorator.py took 0.231 seconds
