[2025-02-21T06:23:10.626+0000] {processor.py:161} INFO - Started process (PID=104) to work on /home/airflow/.local/lib/python3.8/site-packages/airflow/example_dags/example_params_ui_tutorial.py
[2025-02-21T06:23:10.629+0000] {processor.py:830} INFO - Processing file /home/airflow/.local/lib/python3.8/site-packages/airflow/example_dags/example_params_ui_tutorial.py for tasks to queue
[2025-02-21T06:23:10.633+0000] {logging_mixin.py:188} INFO - [2025-02-21T06:23:10.633+0000] {dagbag.py:538} INFO - Filling up the DagBag from /home/airflow/.local/lib/python3.8/site-packages/airflow/example_dags/example_params_ui_tutorial.py
[2025-02-21T06:23:10.668+0000] {processor.py:840} INFO - DAG(s) 'example_params_ui_tutorial' retrieved from /home/airflow/.local/lib/python3.8/site-packages/airflow/example_dags/example_params_ui_tutorial.py
[2025-02-21T06:23:11.163+0000] {logging_mixin.py:188} INFO - [2025-02-21T06:23:11.162+0000] {dag.py:3036} INFO - Sync 1 DAGs
[2025-02-21T06:23:11.188+0000] {logging_mixin.py:188} INFO - [2025-02-21T06:23:11.188+0000] {dag.py:3823} INFO - Setting next_dagrun for example_params_ui_tutorial to None, run_after=None
[2025-02-21T06:23:11.266+0000] {processor.py:183} INFO - Processing /home/airflow/.local/lib/python3.8/site-packages/airflow/example_dags/example_params_ui_tutorial.py took 0.648 seconds
[2025-02-21T06:23:41.398+0000] {processor.py:161} INFO - Started process (PID=158) to work on /home/airflow/.local/lib/python3.8/site-packages/airflow/example_dags/example_params_ui_tutorial.py
[2025-02-21T06:23:41.404+0000] {processor.py:830} INFO - Processing file /home/airflow/.local/lib/python3.8/site-packages/airflow/example_dags/example_params_ui_tutorial.py for tasks to queue
[2025-02-21T06:23:41.409+0000] {logging_mixin.py:188} INFO - [2025-02-21T06:23:41.408+0000] {dagbag.py:538} INFO - Filling up the DagBag from /home/airflow/.local/lib/python3.8/site-packages/airflow/example_dags/example_params_ui_tutorial.py
[2025-02-21T06:23:41.434+0000] {processor.py:840} INFO - DAG(s) 'example_params_ui_tutorial' retrieved from /home/airflow/.local/lib/python3.8/site-packages/airflow/example_dags/example_params_ui_tutorial.py
[2025-02-21T06:23:41.566+0000] {logging_mixin.py:188} INFO - [2025-02-21T06:23:41.566+0000] {dag.py:3036} INFO - Sync 1 DAGs
[2025-02-21T06:23:41.597+0000] {logging_mixin.py:188} INFO - [2025-02-21T06:23:41.596+0000] {dag.py:3823} INFO - Setting next_dagrun for example_params_ui_tutorial to None, run_after=None
[2025-02-21T06:23:41.663+0000] {processor.py:183} INFO - Processing /home/airflow/.local/lib/python3.8/site-packages/airflow/example_dags/example_params_ui_tutorial.py took 0.274 seconds
[2025-02-21T06:24:11.843+0000] {processor.py:161} INFO - Started process (PID=213) to work on /home/airflow/.local/lib/python3.8/site-packages/airflow/example_dags/example_params_ui_tutorial.py
[2025-02-21T06:24:11.846+0000] {processor.py:830} INFO - Processing file /home/airflow/.local/lib/python3.8/site-packages/airflow/example_dags/example_params_ui_tutorial.py for tasks to queue
[2025-02-21T06:24:11.853+0000] {logging_mixin.py:188} INFO - [2025-02-21T06:24:11.852+0000] {dagbag.py:538} INFO - Filling up the DagBag from /home/airflow/.local/lib/python3.8/site-packages/airflow/example_dags/example_params_ui_tutorial.py
[2025-02-21T06:24:11.883+0000] {processor.py:840} INFO - DAG(s) 'example_params_ui_tutorial' retrieved from /home/airflow/.local/lib/python3.8/site-packages/airflow/example_dags/example_params_ui_tutorial.py
[2025-02-21T06:24:12.094+0000] {logging_mixin.py:188} INFO - [2025-02-21T06:24:12.093+0000] {dag.py:3036} INFO - Sync 1 DAGs
[2025-02-21T06:24:12.129+0000] {logging_mixin.py:188} INFO - [2025-02-21T06:24:12.128+0000] {dag.py:3823} INFO - Setting next_dagrun for example_params_ui_tutorial to None, run_after=None
[2025-02-21T06:24:12.180+0000] {processor.py:183} INFO - Processing /home/airflow/.local/lib/python3.8/site-packages/airflow/example_dags/example_params_ui_tutorial.py took 0.348 seconds
[2025-02-21T06:24:42.564+0000] {processor.py:161} INFO - Started process (PID=269) to work on /home/airflow/.local/lib/python3.8/site-packages/airflow/example_dags/example_params_ui_tutorial.py
[2025-02-21T06:24:42.568+0000] {processor.py:830} INFO - Processing file /home/airflow/.local/lib/python3.8/site-packages/airflow/example_dags/example_params_ui_tutorial.py for tasks to queue
[2025-02-21T06:24:42.572+0000] {logging_mixin.py:188} INFO - [2025-02-21T06:24:42.571+0000] {dagbag.py:538} INFO - Filling up the DagBag from /home/airflow/.local/lib/python3.8/site-packages/airflow/example_dags/example_params_ui_tutorial.py
[2025-02-21T06:24:42.600+0000] {processor.py:840} INFO - DAG(s) 'example_params_ui_tutorial' retrieved from /home/airflow/.local/lib/python3.8/site-packages/airflow/example_dags/example_params_ui_tutorial.py
[2025-02-21T06:24:42.801+0000] {logging_mixin.py:188} INFO - [2025-02-21T06:24:42.800+0000] {dag.py:3036} INFO - Sync 1 DAGs
[2025-02-21T06:24:42.838+0000] {logging_mixin.py:188} INFO - [2025-02-21T06:24:42.838+0000] {dag.py:3823} INFO - Setting next_dagrun for example_params_ui_tutorial to None, run_after=None
[2025-02-21T06:24:42.892+0000] {processor.py:183} INFO - Processing /home/airflow/.local/lib/python3.8/site-packages/airflow/example_dags/example_params_ui_tutorial.py took 0.341 seconds
[2025-02-21T06:25:13.317+0000] {processor.py:161} INFO - Started process (PID=324) to work on /home/airflow/.local/lib/python3.8/site-packages/airflow/example_dags/example_params_ui_tutorial.py
[2025-02-21T06:25:13.320+0000] {processor.py:830} INFO - Processing file /home/airflow/.local/lib/python3.8/site-packages/airflow/example_dags/example_params_ui_tutorial.py for tasks to queue
[2025-02-21T06:25:13.325+0000] {logging_mixin.py:188} INFO - [2025-02-21T06:25:13.324+0000] {dagbag.py:538} INFO - Filling up the DagBag from /home/airflow/.local/lib/python3.8/site-packages/airflow/example_dags/example_params_ui_tutorial.py
[2025-02-21T06:25:13.394+0000] {processor.py:840} INFO - DAG(s) 'example_params_ui_tutorial' retrieved from /home/airflow/.local/lib/python3.8/site-packages/airflow/example_dags/example_params_ui_tutorial.py
[2025-02-21T06:25:13.597+0000] {logging_mixin.py:188} INFO - [2025-02-21T06:25:13.597+0000] {dag.py:3036} INFO - Sync 1 DAGs
[2025-02-21T06:25:13.623+0000] {logging_mixin.py:188} INFO - [2025-02-21T06:25:13.622+0000] {dag.py:3823} INFO - Setting next_dagrun for example_params_ui_tutorial to None, run_after=None
[2025-02-21T06:25:13.678+0000] {processor.py:183} INFO - Processing /home/airflow/.local/lib/python3.8/site-packages/airflow/example_dags/example_params_ui_tutorial.py took 0.368 seconds
[2025-02-21T06:25:44.030+0000] {processor.py:161} INFO - Started process (PID=379) to work on /home/airflow/.local/lib/python3.8/site-packages/airflow/example_dags/example_params_ui_tutorial.py
[2025-02-21T06:25:44.034+0000] {processor.py:830} INFO - Processing file /home/airflow/.local/lib/python3.8/site-packages/airflow/example_dags/example_params_ui_tutorial.py for tasks to queue
[2025-02-21T06:25:44.044+0000] {logging_mixin.py:188} INFO - [2025-02-21T06:25:44.042+0000] {dagbag.py:538} INFO - Filling up the DagBag from /home/airflow/.local/lib/python3.8/site-packages/airflow/example_dags/example_params_ui_tutorial.py
[2025-02-21T06:25:44.080+0000] {processor.py:840} INFO - DAG(s) 'example_params_ui_tutorial' retrieved from /home/airflow/.local/lib/python3.8/site-packages/airflow/example_dags/example_params_ui_tutorial.py
[2025-02-21T06:25:44.383+0000] {logging_mixin.py:188} INFO - [2025-02-21T06:25:44.382+0000] {dag.py:3036} INFO - Sync 1 DAGs
[2025-02-21T06:25:44.449+0000] {logging_mixin.py:188} INFO - [2025-02-21T06:25:44.448+0000] {dag.py:3823} INFO - Setting next_dagrun for example_params_ui_tutorial to None, run_after=None
[2025-02-21T06:25:44.522+0000] {processor.py:183} INFO - Processing /home/airflow/.local/lib/python3.8/site-packages/airflow/example_dags/example_params_ui_tutorial.py took 0.502 seconds
