[2025-02-21T06:23:00.244+0000] {processor.py:161} INFO - Started process (PID=82) to work on /home/airflow/.local/lib/python3.8/site-packages/airflow/example_dags/tutorial_dag.py
[2025-02-21T06:23:00.247+0000] {processor.py:830} INFO - Processing file /home/airflow/.local/lib/python3.8/site-packages/airflow/example_dags/tutorial_dag.py for tasks to queue
[2025-02-21T06:23:00.252+0000] {logging_mixin.py:188} INFO - [2025-02-21T06:23:00.251+0000] {dagbag.py:538} INFO - Filling up the DagBag from /home/airflow/.local/lib/python3.8/site-packages/airflow/example_dags/tutorial_dag.py
[2025-02-21T06:23:00.307+0000] {processor.py:840} INFO - DAG(s) 'tutorial_dag' retrieved from /home/airflow/.local/lib/python3.8/site-packages/airflow/example_dags/tutorial_dag.py
[2025-02-21T06:23:00.783+0000] {logging_mixin.py:188} INFO - [2025-02-21T06:23:00.781+0000] {dag.py:3036} INFO - Sync 1 DAGs
[2025-02-21T06:23:00.868+0000] {logging_mixin.py:188} INFO - [2025-02-21T06:23:00.868+0000] {dag.py:3823} INFO - Setting next_dagrun for tutorial_dag to None, run_after=None
[2025-02-21T06:23:00.937+0000] {processor.py:183} INFO - Processing /home/airflow/.local/lib/python3.8/site-packages/airflow/example_dags/tutorial_dag.py took 0.701 seconds
[2025-02-21T06:23:31.278+0000] {processor.py:161} INFO - Started process (PID=138) to work on /home/airflow/.local/lib/python3.8/site-packages/airflow/example_dags/tutorial_dag.py
[2025-02-21T06:23:31.282+0000] {processor.py:830} INFO - Processing file /home/airflow/.local/lib/python3.8/site-packages/airflow/example_dags/tutorial_dag.py for tasks to queue
[2025-02-21T06:23:31.288+0000] {logging_mixin.py:188} INFO - [2025-02-21T06:23:31.287+0000] {dagbag.py:538} INFO - Filling up the DagBag from /home/airflow/.local/lib/python3.8/site-packages/airflow/example_dags/tutorial_dag.py
[2025-02-21T06:23:31.302+0000] {processor.py:840} INFO - DAG(s) 'tutorial_dag' retrieved from /home/airflow/.local/lib/python3.8/site-packages/airflow/example_dags/tutorial_dag.py
[2025-02-21T06:23:31.357+0000] {logging_mixin.py:188} INFO - [2025-02-21T06:23:31.356+0000] {dag.py:3036} INFO - Sync 1 DAGs
[2025-02-21T06:23:31.398+0000] {logging_mixin.py:188} INFO - [2025-02-21T06:23:31.397+0000] {dag.py:3823} INFO - Setting next_dagrun for tutorial_dag to None, run_after=None
[2025-02-21T06:23:31.450+0000] {processor.py:183} INFO - Processing /home/airflow/.local/lib/python3.8/site-packages/airflow/example_dags/tutorial_dag.py took 0.180 seconds
[2025-02-21T06:24:01.789+0000] {processor.py:161} INFO - Started process (PID=192) to work on /home/airflow/.local/lib/python3.8/site-packages/airflow/example_dags/tutorial_dag.py
[2025-02-21T06:24:01.792+0000] {processor.py:830} INFO - Processing file /home/airflow/.local/lib/python3.8/site-packages/airflow/example_dags/tutorial_dag.py for tasks to queue
[2025-02-21T06:24:01.799+0000] {logging_mixin.py:188} INFO - [2025-02-21T06:24:01.798+0000] {dagbag.py:538} INFO - Filling up the DagBag from /home/airflow/.local/lib/python3.8/site-packages/airflow/example_dags/tutorial_dag.py
[2025-02-21T06:24:01.818+0000] {processor.py:840} INFO - DAG(s) 'tutorial_dag' retrieved from /home/airflow/.local/lib/python3.8/site-packages/airflow/example_dags/tutorial_dag.py
[2025-02-21T06:24:01.899+0000] {logging_mixin.py:188} INFO - [2025-02-21T06:24:01.898+0000] {dag.py:3036} INFO - Sync 1 DAGs
[2025-02-21T06:24:01.938+0000] {logging_mixin.py:188} INFO - [2025-02-21T06:24:01.937+0000] {dag.py:3823} INFO - Setting next_dagrun for tutorial_dag to None, run_after=None
[2025-02-21T06:24:01.994+0000] {processor.py:183} INFO - Processing /home/airflow/.local/lib/python3.8/site-packages/airflow/example_dags/tutorial_dag.py took 0.216 seconds
[2025-02-21T06:24:32.202+0000] {processor.py:161} INFO - Started process (PID=247) to work on /home/airflow/.local/lib/python3.8/site-packages/airflow/example_dags/tutorial_dag.py
[2025-02-21T06:24:32.206+0000] {processor.py:830} INFO - Processing file /home/airflow/.local/lib/python3.8/site-packages/airflow/example_dags/tutorial_dag.py for tasks to queue
[2025-02-21T06:24:32.213+0000] {logging_mixin.py:188} INFO - [2025-02-21T06:24:32.212+0000] {dagbag.py:538} INFO - Filling up the DagBag from /home/airflow/.local/lib/python3.8/site-packages/airflow/example_dags/tutorial_dag.py
[2025-02-21T06:24:32.232+0000] {processor.py:840} INFO - DAG(s) 'tutorial_dag' retrieved from /home/airflow/.local/lib/python3.8/site-packages/airflow/example_dags/tutorial_dag.py
[2025-02-21T06:24:32.318+0000] {logging_mixin.py:188} INFO - [2025-02-21T06:24:32.317+0000] {dag.py:3036} INFO - Sync 1 DAGs
[2025-02-21T06:24:32.356+0000] {logging_mixin.py:188} INFO - [2025-02-21T06:24:32.355+0000] {dag.py:3823} INFO - Setting next_dagrun for tutorial_dag to None, run_after=None
[2025-02-21T06:24:32.447+0000] {processor.py:183} INFO - Processing /home/airflow/.local/lib/python3.8/site-packages/airflow/example_dags/tutorial_dag.py took 0.254 seconds
[2025-02-21T06:25:03.312+0000] {processor.py:161} INFO - Started process (PID=303) to work on /home/airflow/.local/lib/python3.8/site-packages/airflow/example_dags/tutorial_dag.py
[2025-02-21T06:25:03.315+0000] {processor.py:830} INFO - Processing file /home/airflow/.local/lib/python3.8/site-packages/airflow/example_dags/tutorial_dag.py for tasks to queue
[2025-02-21T06:25:03.321+0000] {logging_mixin.py:188} INFO - [2025-02-21T06:25:03.320+0000] {dagbag.py:538} INFO - Filling up the DagBag from /home/airflow/.local/lib/python3.8/site-packages/airflow/example_dags/tutorial_dag.py
[2025-02-21T06:25:03.347+0000] {processor.py:840} INFO - DAG(s) 'tutorial_dag' retrieved from /home/airflow/.local/lib/python3.8/site-packages/airflow/example_dags/tutorial_dag.py
[2025-02-21T06:25:03.431+0000] {logging_mixin.py:188} INFO - [2025-02-21T06:25:03.431+0000] {dag.py:3036} INFO - Sync 1 DAGs
[2025-02-21T06:25:03.477+0000] {logging_mixin.py:188} INFO - [2025-02-21T06:25:03.476+0000] {dag.py:3823} INFO - Setting next_dagrun for tutorial_dag to None, run_after=None
[2025-02-21T06:25:03.546+0000] {processor.py:183} INFO - Processing /home/airflow/.local/lib/python3.8/site-packages/airflow/example_dags/tutorial_dag.py took 0.245 seconds
[2025-02-21T06:25:34.144+0000] {processor.py:161} INFO - Started process (PID=358) to work on /home/airflow/.local/lib/python3.8/site-packages/airflow/example_dags/tutorial_dag.py
[2025-02-21T06:25:34.147+0000] {processor.py:830} INFO - Processing file /home/airflow/.local/lib/python3.8/site-packages/airflow/example_dags/tutorial_dag.py for tasks to queue
[2025-02-21T06:25:34.153+0000] {logging_mixin.py:188} INFO - [2025-02-21T06:25:34.152+0000] {dagbag.py:538} INFO - Filling up the DagBag from /home/airflow/.local/lib/python3.8/site-packages/airflow/example_dags/tutorial_dag.py
[2025-02-21T06:25:34.171+0000] {processor.py:840} INFO - DAG(s) 'tutorial_dag' retrieved from /home/airflow/.local/lib/python3.8/site-packages/airflow/example_dags/tutorial_dag.py
[2025-02-21T06:25:34.266+0000] {logging_mixin.py:188} INFO - [2025-02-21T06:25:34.265+0000] {dag.py:3036} INFO - Sync 1 DAGs
[2025-02-21T06:25:34.308+0000] {logging_mixin.py:188} INFO - [2025-02-21T06:25:34.307+0000] {dag.py:3823} INFO - Setting next_dagrun for tutorial_dag to None, run_after=None
[2025-02-21T06:25:34.380+0000] {processor.py:183} INFO - Processing /home/airflow/.local/lib/python3.8/site-packages/airflow/example_dags/tutorial_dag.py took 0.247 seconds
