[2025-02-21T06:23:09.738+0000] {processor.py:161} INFO - Started process (PID=101) to work on /home/airflow/.local/lib/python3.8/site-packages/airflow/example_dags/tutorial_objectstorage.py
[2025-02-21T06:23:09.741+0000] {processor.py:830} INFO - Processing file /home/airflow/.local/lib/python3.8/site-packages/airflow/example_dags/tutorial_objectstorage.py for tasks to queue
[2025-02-21T06:23:09.759+0000] {logging_mixin.py:188} INFO - [2025-02-21T06:23:09.759+0000] {dagbag.py:538} INFO - Filling up the DagBag from /home/airflow/.local/lib/python3.8/site-packages/airflow/example_dags/tutorial_objectstorage.py
[2025-02-21T06:23:09.830+0000] {processor.py:840} INFO - DAG(s) 'tutorial_objectstorage' retrieved from /home/airflow/.local/lib/python3.8/site-packages/airflow/example_dags/tutorial_objectstorage.py
[2025-02-21T06:23:10.220+0000] {logging_mixin.py:188} INFO - [2025-02-21T06:23:10.219+0000] {dag.py:3036} INFO - Sync 1 DAGs
[2025-02-21T06:23:10.282+0000] {logging_mixin.py:188} INFO - [2025-02-21T06:23:10.282+0000] {dag.py:3823} INFO - Setting next_dagrun for tutorial_objectstorage to None, run_after=None
[2025-02-21T06:23:10.378+0000] {processor.py:183} INFO - Processing /home/airflow/.local/lib/python3.8/site-packages/airflow/example_dags/tutorial_objectstorage.py took 0.658 seconds
[2025-02-21T06:23:40.614+0000] {processor.py:161} INFO - Started process (PID=155) to work on /home/airflow/.local/lib/python3.8/site-packages/airflow/example_dags/tutorial_objectstorage.py
[2025-02-21T06:23:40.617+0000] {processor.py:830} INFO - Processing file /home/airflow/.local/lib/python3.8/site-packages/airflow/example_dags/tutorial_objectstorage.py for tasks to queue
[2025-02-21T06:23:40.623+0000] {logging_mixin.py:188} INFO - [2025-02-21T06:23:40.622+0000] {dagbag.py:538} INFO - Filling up the DagBag from /home/airflow/.local/lib/python3.8/site-packages/airflow/example_dags/tutorial_objectstorage.py
[2025-02-21T06:23:40.683+0000] {processor.py:840} INFO - DAG(s) 'tutorial_objectstorage' retrieved from /home/airflow/.local/lib/python3.8/site-packages/airflow/example_dags/tutorial_objectstorage.py
[2025-02-21T06:23:40.827+0000] {logging_mixin.py:188} INFO - [2025-02-21T06:23:40.826+0000] {dag.py:3036} INFO - Sync 1 DAGs
[2025-02-21T06:23:40.865+0000] {logging_mixin.py:188} INFO - [2025-02-21T06:23:40.864+0000] {dag.py:3823} INFO - Setting next_dagrun for tutorial_objectstorage to None, run_after=None
[2025-02-21T06:23:40.927+0000] {processor.py:183} INFO - Processing /home/airflow/.local/lib/python3.8/site-packages/airflow/example_dags/tutorial_objectstorage.py took 0.328 seconds
[2025-02-21T06:24:11.221+0000] {processor.py:161} INFO - Started process (PID=210) to work on /home/airflow/.local/lib/python3.8/site-packages/airflow/example_dags/tutorial_objectstorage.py
[2025-02-21T06:24:11.224+0000] {processor.py:830} INFO - Processing file /home/airflow/.local/lib/python3.8/site-packages/airflow/example_dags/tutorial_objectstorage.py for tasks to queue
[2025-02-21T06:24:11.229+0000] {logging_mixin.py:188} INFO - [2025-02-21T06:24:11.228+0000] {dagbag.py:538} INFO - Filling up the DagBag from /home/airflow/.local/lib/python3.8/site-packages/airflow/example_dags/tutorial_objectstorage.py
[2025-02-21T06:24:11.248+0000] {processor.py:840} INFO - DAG(s) 'tutorial_objectstorage' retrieved from /home/airflow/.local/lib/python3.8/site-packages/airflow/example_dags/tutorial_objectstorage.py
[2025-02-21T06:24:11.306+0000] {logging_mixin.py:188} INFO - [2025-02-21T06:24:11.305+0000] {dag.py:3036} INFO - Sync 1 DAGs
[2025-02-21T06:24:11.341+0000] {logging_mixin.py:188} INFO - [2025-02-21T06:24:11.340+0000] {dag.py:3823} INFO - Setting next_dagrun for tutorial_objectstorage to None, run_after=None
[2025-02-21T06:24:11.381+0000] {processor.py:183} INFO - Processing /home/airflow/.local/lib/python3.8/site-packages/airflow/example_dags/tutorial_objectstorage.py took 0.168 seconds
[2025-02-21T06:24:41.778+0000] {processor.py:161} INFO - Started process (PID=266) to work on /home/airflow/.local/lib/python3.8/site-packages/airflow/example_dags/tutorial_objectstorage.py
[2025-02-21T06:24:41.782+0000] {processor.py:830} INFO - Processing file /home/airflow/.local/lib/python3.8/site-packages/airflow/example_dags/tutorial_objectstorage.py for tasks to queue
[2025-02-21T06:24:41.790+0000] {logging_mixin.py:188} INFO - [2025-02-21T06:24:41.789+0000] {dagbag.py:538} INFO - Filling up the DagBag from /home/airflow/.local/lib/python3.8/site-packages/airflow/example_dags/tutorial_objectstorage.py
[2025-02-21T06:24:41.824+0000] {processor.py:840} INFO - DAG(s) 'tutorial_objectstorage' retrieved from /home/airflow/.local/lib/python3.8/site-packages/airflow/example_dags/tutorial_objectstorage.py
[2025-02-21T06:24:41.909+0000] {logging_mixin.py:188} INFO - [2025-02-21T06:24:41.908+0000] {dag.py:3036} INFO - Sync 1 DAGs
[2025-02-21T06:24:41.963+0000] {logging_mixin.py:188} INFO - [2025-02-21T06:24:41.962+0000] {dag.py:3823} INFO - Setting next_dagrun for tutorial_objectstorage to None, run_after=None
[2025-02-21T06:24:42.035+0000] {processor.py:183} INFO - Processing /home/airflow/.local/lib/python3.8/site-packages/airflow/example_dags/tutorial_objectstorage.py took 0.268 seconds
[2025-02-21T06:25:12.251+0000] {processor.py:161} INFO - Started process (PID=321) to work on /home/airflow/.local/lib/python3.8/site-packages/airflow/example_dags/tutorial_objectstorage.py
[2025-02-21T06:25:12.254+0000] {processor.py:830} INFO - Processing file /home/airflow/.local/lib/python3.8/site-packages/airflow/example_dags/tutorial_objectstorage.py for tasks to queue
[2025-02-21T06:25:12.258+0000] {logging_mixin.py:188} INFO - [2025-02-21T06:25:12.257+0000] {dagbag.py:538} INFO - Filling up the DagBag from /home/airflow/.local/lib/python3.8/site-packages/airflow/example_dags/tutorial_objectstorage.py
[2025-02-21T06:25:12.275+0000] {processor.py:840} INFO - DAG(s) 'tutorial_objectstorage' retrieved from /home/airflow/.local/lib/python3.8/site-packages/airflow/example_dags/tutorial_objectstorage.py
[2025-02-21T06:25:12.319+0000] {logging_mixin.py:188} INFO - [2025-02-21T06:25:12.319+0000] {dag.py:3036} INFO - Sync 1 DAGs
[2025-02-21T06:25:12.343+0000] {logging_mixin.py:188} INFO - [2025-02-21T06:25:12.343+0000] {dag.py:3823} INFO - Setting next_dagrun for tutorial_objectstorage to None, run_after=None
[2025-02-21T06:25:12.393+0000] {processor.py:183} INFO - Processing /home/airflow/.local/lib/python3.8/site-packages/airflow/example_dags/tutorial_objectstorage.py took 0.152 seconds
[2025-02-21T06:25:43.308+0000] {processor.py:161} INFO - Started process (PID=376) to work on /home/airflow/.local/lib/python3.8/site-packages/airflow/example_dags/tutorial_objectstorage.py
[2025-02-21T06:25:43.312+0000] {processor.py:830} INFO - Processing file /home/airflow/.local/lib/python3.8/site-packages/airflow/example_dags/tutorial_objectstorage.py for tasks to queue
[2025-02-21T06:25:43.317+0000] {logging_mixin.py:188} INFO - [2025-02-21T06:25:43.316+0000] {dagbag.py:538} INFO - Filling up the DagBag from /home/airflow/.local/lib/python3.8/site-packages/airflow/example_dags/tutorial_objectstorage.py
[2025-02-21T06:25:43.336+0000] {processor.py:840} INFO - DAG(s) 'tutorial_objectstorage' retrieved from /home/airflow/.local/lib/python3.8/site-packages/airflow/example_dags/tutorial_objectstorage.py
[2025-02-21T06:25:43.390+0000] {logging_mixin.py:188} INFO - [2025-02-21T06:25:43.389+0000] {dag.py:3036} INFO - Sync 1 DAGs
[2025-02-21T06:25:43.431+0000] {logging_mixin.py:188} INFO - [2025-02-21T06:25:43.431+0000] {dag.py:3823} INFO - Setting next_dagrun for tutorial_objectstorage to None, run_after=None
[2025-02-21T06:25:43.501+0000] {processor.py:183} INFO - Processing /home/airflow/.local/lib/python3.8/site-packages/airflow/example_dags/tutorial_objectstorage.py took 0.203 seconds
[2025-02-21T06:26:14.534+0000] {processor.py:161} INFO - Started process (PID=431) to work on /home/airflow/.local/lib/python3.8/site-packages/airflow/example_dags/tutorial_objectstorage.py
[2025-02-21T06:26:14.536+0000] {processor.py:830} INFO - Processing file /home/airflow/.local/lib/python3.8/site-packages/airflow/example_dags/tutorial_objectstorage.py for tasks to queue
[2025-02-21T06:26:14.543+0000] {logging_mixin.py:188} INFO - [2025-02-21T06:26:14.541+0000] {dagbag.py:538} INFO - Filling up the DagBag from /home/airflow/.local/lib/python3.8/site-packages/airflow/example_dags/tutorial_objectstorage.py
[2025-02-21T06:26:14.561+0000] {processor.py:840} INFO - DAG(s) 'tutorial_objectstorage' retrieved from /home/airflow/.local/lib/python3.8/site-packages/airflow/example_dags/tutorial_objectstorage.py
[2025-02-21T06:26:14.619+0000] {logging_mixin.py:188} INFO - [2025-02-21T06:26:14.618+0000] {dag.py:3036} INFO - Sync 1 DAGs
[2025-02-21T06:26:14.649+0000] {logging_mixin.py:188} INFO - [2025-02-21T06:26:14.649+0000] {dag.py:3823} INFO - Setting next_dagrun for tutorial_objectstorage to None, run_after=None
[2025-02-21T06:26:14.702+0000] {processor.py:183} INFO - Processing /home/airflow/.local/lib/python3.8/site-packages/airflow/example_dags/tutorial_objectstorage.py took 0.177 seconds
[2025-02-21T06:26:45.146+0000] {processor.py:161} INFO - Started process (PID=487) to work on /home/airflow/.local/lib/python3.8/site-packages/airflow/example_dags/tutorial_objectstorage.py
[2025-02-21T06:26:45.149+0000] {processor.py:830} INFO - Processing file /home/airflow/.local/lib/python3.8/site-packages/airflow/example_dags/tutorial_objectstorage.py for tasks to queue
[2025-02-21T06:26:45.155+0000] {logging_mixin.py:188} INFO - [2025-02-21T06:26:45.154+0000] {dagbag.py:538} INFO - Filling up the DagBag from /home/airflow/.local/lib/python3.8/site-packages/airflow/example_dags/tutorial_objectstorage.py
[2025-02-21T06:26:45.173+0000] {processor.py:840} INFO - DAG(s) 'tutorial_objectstorage' retrieved from /home/airflow/.local/lib/python3.8/site-packages/airflow/example_dags/tutorial_objectstorage.py
[2025-02-21T06:26:45.227+0000] {logging_mixin.py:188} INFO - [2025-02-21T06:26:45.226+0000] {dag.py:3036} INFO - Sync 1 DAGs
[2025-02-21T06:26:45.263+0000] {logging_mixin.py:188} INFO - [2025-02-21T06:26:45.263+0000] {dag.py:3823} INFO - Setting next_dagrun for tutorial_objectstorage to None, run_after=None
[2025-02-21T06:26:45.311+0000] {processor.py:183} INFO - Processing /home/airflow/.local/lib/python3.8/site-packages/airflow/example_dags/tutorial_objectstorage.py took 0.176 seconds
[2025-02-21T06:27:15.913+0000] {processor.py:161} INFO - Started process (PID=541) to work on /home/airflow/.local/lib/python3.8/site-packages/airflow/example_dags/tutorial_objectstorage.py
[2025-02-21T06:27:15.917+0000] {processor.py:830} INFO - Processing file /home/airflow/.local/lib/python3.8/site-packages/airflow/example_dags/tutorial_objectstorage.py for tasks to queue
[2025-02-21T06:27:15.923+0000] {logging_mixin.py:188} INFO - [2025-02-21T06:27:15.922+0000] {dagbag.py:538} INFO - Filling up the DagBag from /home/airflow/.local/lib/python3.8/site-packages/airflow/example_dags/tutorial_objectstorage.py
[2025-02-21T06:27:15.940+0000] {processor.py:840} INFO - DAG(s) 'tutorial_objectstorage' retrieved from /home/airflow/.local/lib/python3.8/site-packages/airflow/example_dags/tutorial_objectstorage.py
[2025-02-21T06:27:16.002+0000] {logging_mixin.py:188} INFO - [2025-02-21T06:27:16.002+0000] {dag.py:3036} INFO - Sync 1 DAGs
[2025-02-21T06:27:16.042+0000] {logging_mixin.py:188} INFO - [2025-02-21T06:27:16.041+0000] {dag.py:3823} INFO - Setting next_dagrun for tutorial_objectstorage to None, run_after=None
[2025-02-21T06:27:16.095+0000] {processor.py:183} INFO - Processing /home/airflow/.local/lib/python3.8/site-packages/airflow/example_dags/tutorial_objectstorage.py took 0.194 seconds
[2025-02-21T06:27:46.848+0000] {processor.py:161} INFO - Started process (PID=596) to work on /home/airflow/.local/lib/python3.8/site-packages/airflow/example_dags/tutorial_objectstorage.py
[2025-02-21T06:27:46.854+0000] {processor.py:830} INFO - Processing file /home/airflow/.local/lib/python3.8/site-packages/airflow/example_dags/tutorial_objectstorage.py for tasks to queue
[2025-02-21T06:27:46.860+0000] {logging_mixin.py:188} INFO - [2025-02-21T06:27:46.859+0000] {dagbag.py:538} INFO - Filling up the DagBag from /home/airflow/.local/lib/python3.8/site-packages/airflow/example_dags/tutorial_objectstorage.py
[2025-02-21T06:27:46.896+0000] {processor.py:840} INFO - DAG(s) 'tutorial_objectstorage' retrieved from /home/airflow/.local/lib/python3.8/site-packages/airflow/example_dags/tutorial_objectstorage.py
[2025-02-21T06:27:46.992+0000] {logging_mixin.py:188} INFO - [2025-02-21T06:27:46.992+0000] {dag.py:3036} INFO - Sync 1 DAGs
[2025-02-21T06:27:47.055+0000] {logging_mixin.py:188} INFO - [2025-02-21T06:27:47.055+0000] {dag.py:3823} INFO - Setting next_dagrun for tutorial_objectstorage to None, run_after=None
[2025-02-21T06:27:47.136+0000] {processor.py:183} INFO - Processing /home/airflow/.local/lib/python3.8/site-packages/airflow/example_dags/tutorial_objectstorage.py took 0.303 seconds
[2025-02-21T06:28:18.132+0000] {processor.py:161} INFO - Started process (PID=651) to work on /home/airflow/.local/lib/python3.8/site-packages/airflow/example_dags/tutorial_objectstorage.py
[2025-02-21T06:28:18.136+0000] {processor.py:830} INFO - Processing file /home/airflow/.local/lib/python3.8/site-packages/airflow/example_dags/tutorial_objectstorage.py for tasks to queue
[2025-02-21T06:28:18.145+0000] {logging_mixin.py:188} INFO - [2025-02-21T06:28:18.142+0000] {dagbag.py:538} INFO - Filling up the DagBag from /home/airflow/.local/lib/python3.8/site-packages/airflow/example_dags/tutorial_objectstorage.py
[2025-02-21T06:28:18.170+0000] {processor.py:840} INFO - DAG(s) 'tutorial_objectstorage' retrieved from /home/airflow/.local/lib/python3.8/site-packages/airflow/example_dags/tutorial_objectstorage.py
[2025-02-21T06:28:18.238+0000] {logging_mixin.py:188} INFO - [2025-02-21T06:28:18.237+0000] {dag.py:3036} INFO - Sync 1 DAGs
[2025-02-21T06:28:18.283+0000] {logging_mixin.py:188} INFO - [2025-02-21T06:28:18.282+0000] {dag.py:3823} INFO - Setting next_dagrun for tutorial_objectstorage to None, run_after=None
[2025-02-21T06:28:18.338+0000] {processor.py:183} INFO - Processing /home/airflow/.local/lib/python3.8/site-packages/airflow/example_dags/tutorial_objectstorage.py took 0.215 seconds
[2025-02-21T06:28:48.906+0000] {processor.py:161} INFO - Started process (PID=705) to work on /home/airflow/.local/lib/python3.8/site-packages/airflow/example_dags/tutorial_objectstorage.py
[2025-02-21T06:28:48.910+0000] {processor.py:830} INFO - Processing file /home/airflow/.local/lib/python3.8/site-packages/airflow/example_dags/tutorial_objectstorage.py for tasks to queue
[2025-02-21T06:28:48.917+0000] {logging_mixin.py:188} INFO - [2025-02-21T06:28:48.916+0000] {dagbag.py:538} INFO - Filling up the DagBag from /home/airflow/.local/lib/python3.8/site-packages/airflow/example_dags/tutorial_objectstorage.py
[2025-02-21T06:28:48.932+0000] {processor.py:840} INFO - DAG(s) 'tutorial_objectstorage' retrieved from /home/airflow/.local/lib/python3.8/site-packages/airflow/example_dags/tutorial_objectstorage.py
[2025-02-21T06:28:49.021+0000] {logging_mixin.py:188} INFO - [2025-02-21T06:28:49.021+0000] {dag.py:3036} INFO - Sync 1 DAGs
[2025-02-21T06:28:49.077+0000] {logging_mixin.py:188} INFO - [2025-02-21T06:28:49.077+0000] {dag.py:3823} INFO - Setting next_dagrun for tutorial_objectstorage to None, run_after=None
[2025-02-21T06:28:49.127+0000] {processor.py:183} INFO - Processing /home/airflow/.local/lib/python3.8/site-packages/airflow/example_dags/tutorial_objectstorage.py took 0.238 seconds
[2025-02-21T06:29:19.558+0000] {processor.py:161} INFO - Started process (PID=760) to work on /home/airflow/.local/lib/python3.8/site-packages/airflow/example_dags/tutorial_objectstorage.py
[2025-02-21T06:29:19.574+0000] {processor.py:830} INFO - Processing file /home/airflow/.local/lib/python3.8/site-packages/airflow/example_dags/tutorial_objectstorage.py for tasks to queue
[2025-02-21T06:29:19.584+0000] {logging_mixin.py:188} INFO - [2025-02-21T06:29:19.584+0000] {dagbag.py:538} INFO - Filling up the DagBag from /home/airflow/.local/lib/python3.8/site-packages/airflow/example_dags/tutorial_objectstorage.py
[2025-02-21T06:29:19.631+0000] {processor.py:840} INFO - DAG(s) 'tutorial_objectstorage' retrieved from /home/airflow/.local/lib/python3.8/site-packages/airflow/example_dags/tutorial_objectstorage.py
[2025-02-21T06:29:19.704+0000] {logging_mixin.py:188} INFO - [2025-02-21T06:29:19.703+0000] {dag.py:3036} INFO - Sync 1 DAGs
[2025-02-21T06:29:19.747+0000] {logging_mixin.py:188} INFO - [2025-02-21T06:29:19.746+0000] {dag.py:3823} INFO - Setting next_dagrun for tutorial_objectstorage to None, run_after=None
[2025-02-21T06:29:19.815+0000] {processor.py:183} INFO - Processing /home/airflow/.local/lib/python3.8/site-packages/airflow/example_dags/tutorial_objectstorage.py took 0.270 seconds
[2025-02-21T06:29:50.059+0000] {processor.py:161} INFO - Started process (PID=815) to work on /home/airflow/.local/lib/python3.8/site-packages/airflow/example_dags/tutorial_objectstorage.py
[2025-02-21T06:29:50.062+0000] {processor.py:830} INFO - Processing file /home/airflow/.local/lib/python3.8/site-packages/airflow/example_dags/tutorial_objectstorage.py for tasks to queue
[2025-02-21T06:29:50.067+0000] {logging_mixin.py:188} INFO - [2025-02-21T06:29:50.066+0000] {dagbag.py:538} INFO - Filling up the DagBag from /home/airflow/.local/lib/python3.8/site-packages/airflow/example_dags/tutorial_objectstorage.py
[2025-02-21T06:29:50.088+0000] {processor.py:840} INFO - DAG(s) 'tutorial_objectstorage' retrieved from /home/airflow/.local/lib/python3.8/site-packages/airflow/example_dags/tutorial_objectstorage.py
[2025-02-21T06:29:50.152+0000] {logging_mixin.py:188} INFO - [2025-02-21T06:29:50.151+0000] {dag.py:3036} INFO - Sync 1 DAGs
[2025-02-21T06:29:50.188+0000] {logging_mixin.py:188} INFO - [2025-02-21T06:29:50.187+0000] {dag.py:3823} INFO - Setting next_dagrun for tutorial_objectstorage to None, run_after=None
[2025-02-21T06:29:50.245+0000] {processor.py:183} INFO - Processing /home/airflow/.local/lib/python3.8/site-packages/airflow/example_dags/tutorial_objectstorage.py took 0.201 seconds
[2025-02-21T06:30:20.849+0000] {processor.py:161} INFO - Started process (PID=870) to work on /home/airflow/.local/lib/python3.8/site-packages/airflow/example_dags/tutorial_objectstorage.py
[2025-02-21T06:30:20.853+0000] {processor.py:830} INFO - Processing file /home/airflow/.local/lib/python3.8/site-packages/airflow/example_dags/tutorial_objectstorage.py for tasks to queue
[2025-02-21T06:30:20.859+0000] {logging_mixin.py:188} INFO - [2025-02-21T06:30:20.858+0000] {dagbag.py:538} INFO - Filling up the DagBag from /home/airflow/.local/lib/python3.8/site-packages/airflow/example_dags/tutorial_objectstorage.py
[2025-02-21T06:30:20.924+0000] {processor.py:840} INFO - DAG(s) 'tutorial_objectstorage' retrieved from /home/airflow/.local/lib/python3.8/site-packages/airflow/example_dags/tutorial_objectstorage.py
[2025-02-21T06:30:21.016+0000] {logging_mixin.py:188} INFO - [2025-02-21T06:30:21.015+0000] {dag.py:3036} INFO - Sync 1 DAGs
[2025-02-21T06:30:21.066+0000] {logging_mixin.py:188} INFO - [2025-02-21T06:30:21.065+0000] {dag.py:3823} INFO - Setting next_dagrun for tutorial_objectstorage to None, run_after=None
[2025-02-21T06:30:21.127+0000] {processor.py:183} INFO - Processing /home/airflow/.local/lib/python3.8/site-packages/airflow/example_dags/tutorial_objectstorage.py took 0.285 seconds
[2025-02-21T06:30:51.727+0000] {processor.py:161} INFO - Started process (PID=926) to work on /home/airflow/.local/lib/python3.8/site-packages/airflow/example_dags/tutorial_objectstorage.py
[2025-02-21T06:30:51.731+0000] {processor.py:830} INFO - Processing file /home/airflow/.local/lib/python3.8/site-packages/airflow/example_dags/tutorial_objectstorage.py for tasks to queue
[2025-02-21T06:30:51.738+0000] {logging_mixin.py:188} INFO - [2025-02-21T06:30:51.736+0000] {dagbag.py:538} INFO - Filling up the DagBag from /home/airflow/.local/lib/python3.8/site-packages/airflow/example_dags/tutorial_objectstorage.py
[2025-02-21T06:30:51.758+0000] {processor.py:840} INFO - DAG(s) 'tutorial_objectstorage' retrieved from /home/airflow/.local/lib/python3.8/site-packages/airflow/example_dags/tutorial_objectstorage.py
[2025-02-21T06:30:51.816+0000] {logging_mixin.py:188} INFO - [2025-02-21T06:30:51.816+0000] {dag.py:3036} INFO - Sync 1 DAGs
[2025-02-21T06:30:51.855+0000] {logging_mixin.py:188} INFO - [2025-02-21T06:30:51.854+0000] {dag.py:3823} INFO - Setting next_dagrun for tutorial_objectstorage to None, run_after=None
[2025-02-21T06:30:51.903+0000] {processor.py:183} INFO - Processing /home/airflow/.local/lib/python3.8/site-packages/airflow/example_dags/tutorial_objectstorage.py took 0.185 seconds
[2025-02-21T06:31:22.711+0000] {processor.py:161} INFO - Started process (PID=981) to work on /home/airflow/.local/lib/python3.8/site-packages/airflow/example_dags/tutorial_objectstorage.py
[2025-02-21T06:31:22.715+0000] {processor.py:830} INFO - Processing file /home/airflow/.local/lib/python3.8/site-packages/airflow/example_dags/tutorial_objectstorage.py for tasks to queue
[2025-02-21T06:31:22.721+0000] {logging_mixin.py:188} INFO - [2025-02-21T06:31:22.720+0000] {dagbag.py:538} INFO - Filling up the DagBag from /home/airflow/.local/lib/python3.8/site-packages/airflow/example_dags/tutorial_objectstorage.py
[2025-02-21T06:31:22.741+0000] {processor.py:840} INFO - DAG(s) 'tutorial_objectstorage' retrieved from /home/airflow/.local/lib/python3.8/site-packages/airflow/example_dags/tutorial_objectstorage.py
[2025-02-21T06:31:22.830+0000] {logging_mixin.py:188} INFO - [2025-02-21T06:31:22.829+0000] {dag.py:3036} INFO - Sync 1 DAGs
[2025-02-21T06:31:22.866+0000] {logging_mixin.py:188} INFO - [2025-02-21T06:31:22.866+0000] {dag.py:3823} INFO - Setting next_dagrun for tutorial_objectstorage to None, run_after=None
[2025-02-21T06:31:22.937+0000] {processor.py:183} INFO - Processing /home/airflow/.local/lib/python3.8/site-packages/airflow/example_dags/tutorial_objectstorage.py took 0.234 seconds
[2025-02-21T06:31:53.546+0000] {processor.py:161} INFO - Started process (PID=1036) to work on /home/airflow/.local/lib/python3.8/site-packages/airflow/example_dags/tutorial_objectstorage.py
[2025-02-21T06:31:53.548+0000] {processor.py:830} INFO - Processing file /home/airflow/.local/lib/python3.8/site-packages/airflow/example_dags/tutorial_objectstorage.py for tasks to queue
[2025-02-21T06:31:53.556+0000] {logging_mixin.py:188} INFO - [2025-02-21T06:31:53.553+0000] {dagbag.py:538} INFO - Filling up the DagBag from /home/airflow/.local/lib/python3.8/site-packages/airflow/example_dags/tutorial_objectstorage.py
[2025-02-21T06:31:53.573+0000] {processor.py:840} INFO - DAG(s) 'tutorial_objectstorage' retrieved from /home/airflow/.local/lib/python3.8/site-packages/airflow/example_dags/tutorial_objectstorage.py
[2025-02-21T06:31:53.631+0000] {logging_mixin.py:188} INFO - [2025-02-21T06:31:53.630+0000] {dag.py:3036} INFO - Sync 1 DAGs
[2025-02-21T06:31:53.686+0000] {logging_mixin.py:188} INFO - [2025-02-21T06:31:53.685+0000] {dag.py:3823} INFO - Setting next_dagrun for tutorial_objectstorage to None, run_after=None
[2025-02-21T06:31:53.751+0000] {processor.py:183} INFO - Processing /home/airflow/.local/lib/python3.8/site-packages/airflow/example_dags/tutorial_objectstorage.py took 0.212 seconds
[2025-02-21T06:32:24.299+0000] {processor.py:161} INFO - Started process (PID=1091) to work on /home/airflow/.local/lib/python3.8/site-packages/airflow/example_dags/tutorial_objectstorage.py
[2025-02-21T06:32:24.302+0000] {processor.py:830} INFO - Processing file /home/airflow/.local/lib/python3.8/site-packages/airflow/example_dags/tutorial_objectstorage.py for tasks to queue
[2025-02-21T06:32:24.308+0000] {logging_mixin.py:188} INFO - [2025-02-21T06:32:24.308+0000] {dagbag.py:538} INFO - Filling up the DagBag from /home/airflow/.local/lib/python3.8/site-packages/airflow/example_dags/tutorial_objectstorage.py
[2025-02-21T06:32:24.327+0000] {processor.py:840} INFO - DAG(s) 'tutorial_objectstorage' retrieved from /home/airflow/.local/lib/python3.8/site-packages/airflow/example_dags/tutorial_objectstorage.py
[2025-02-21T06:32:24.381+0000] {logging_mixin.py:188} INFO - [2025-02-21T06:32:24.381+0000] {dag.py:3036} INFO - Sync 1 DAGs
[2025-02-21T06:32:24.421+0000] {logging_mixin.py:188} INFO - [2025-02-21T06:32:24.420+0000] {dag.py:3823} INFO - Setting next_dagrun for tutorial_objectstorage to None, run_after=None
[2025-02-21T06:32:24.478+0000] {processor.py:183} INFO - Processing /home/airflow/.local/lib/python3.8/site-packages/airflow/example_dags/tutorial_objectstorage.py took 0.189 seconds
[2025-02-21T06:32:54.932+0000] {processor.py:161} INFO - Started process (PID=1146) to work on /home/airflow/.local/lib/python3.8/site-packages/airflow/example_dags/tutorial_objectstorage.py
[2025-02-21T06:32:54.935+0000] {processor.py:830} INFO - Processing file /home/airflow/.local/lib/python3.8/site-packages/airflow/example_dags/tutorial_objectstorage.py for tasks to queue
[2025-02-21T06:32:54.939+0000] {logging_mixin.py:188} INFO - [2025-02-21T06:32:54.939+0000] {dagbag.py:538} INFO - Filling up the DagBag from /home/airflow/.local/lib/python3.8/site-packages/airflow/example_dags/tutorial_objectstorage.py
[2025-02-21T06:32:54.954+0000] {processor.py:840} INFO - DAG(s) 'tutorial_objectstorage' retrieved from /home/airflow/.local/lib/python3.8/site-packages/airflow/example_dags/tutorial_objectstorage.py
[2025-02-21T06:32:55.055+0000] {logging_mixin.py:188} INFO - [2025-02-21T06:32:55.054+0000] {dag.py:3036} INFO - Sync 1 DAGs
[2025-02-21T06:32:55.099+0000] {logging_mixin.py:188} INFO - [2025-02-21T06:32:55.098+0000] {dag.py:3823} INFO - Setting next_dagrun for tutorial_objectstorage to None, run_after=None
[2025-02-21T06:32:55.170+0000] {processor.py:183} INFO - Processing /home/airflow/.local/lib/python3.8/site-packages/airflow/example_dags/tutorial_objectstorage.py took 0.246 seconds
[2025-02-21T06:33:25.931+0000] {processor.py:161} INFO - Started process (PID=1201) to work on /home/airflow/.local/lib/python3.8/site-packages/airflow/example_dags/tutorial_objectstorage.py
[2025-02-21T06:33:25.934+0000] {processor.py:830} INFO - Processing file /home/airflow/.local/lib/python3.8/site-packages/airflow/example_dags/tutorial_objectstorage.py for tasks to queue
[2025-02-21T06:33:25.944+0000] {logging_mixin.py:188} INFO - [2025-02-21T06:33:25.943+0000] {dagbag.py:538} INFO - Filling up the DagBag from /home/airflow/.local/lib/python3.8/site-packages/airflow/example_dags/tutorial_objectstorage.py
[2025-02-21T06:33:25.968+0000] {processor.py:840} INFO - DAG(s) 'tutorial_objectstorage' retrieved from /home/airflow/.local/lib/python3.8/site-packages/airflow/example_dags/tutorial_objectstorage.py
[2025-02-21T06:33:26.050+0000] {logging_mixin.py:188} INFO - [2025-02-21T06:33:26.049+0000] {dag.py:3036} INFO - Sync 1 DAGs
[2025-02-21T06:33:26.084+0000] {logging_mixin.py:188} INFO - [2025-02-21T06:33:26.084+0000] {dag.py:3823} INFO - Setting next_dagrun for tutorial_objectstorage to None, run_after=None
[2025-02-21T06:33:26.164+0000] {processor.py:183} INFO - Processing /home/airflow/.local/lib/python3.8/site-packages/airflow/example_dags/tutorial_objectstorage.py took 0.240 seconds
[2025-02-21T06:33:56.893+0000] {processor.py:161} INFO - Started process (PID=1256) to work on /home/airflow/.local/lib/python3.8/site-packages/airflow/example_dags/tutorial_objectstorage.py
[2025-02-21T06:33:56.898+0000] {processor.py:830} INFO - Processing file /home/airflow/.local/lib/python3.8/site-packages/airflow/example_dags/tutorial_objectstorage.py for tasks to queue
[2025-02-21T06:33:56.919+0000] {logging_mixin.py:188} INFO - [2025-02-21T06:33:56.916+0000] {dagbag.py:538} INFO - Filling up the DagBag from /home/airflow/.local/lib/python3.8/site-packages/airflow/example_dags/tutorial_objectstorage.py
[2025-02-21T06:33:56.960+0000] {processor.py:840} INFO - DAG(s) 'tutorial_objectstorage' retrieved from /home/airflow/.local/lib/python3.8/site-packages/airflow/example_dags/tutorial_objectstorage.py
[2025-02-21T06:33:57.047+0000] {logging_mixin.py:188} INFO - [2025-02-21T06:33:57.047+0000] {dag.py:3036} INFO - Sync 1 DAGs
[2025-02-21T06:33:57.081+0000] {logging_mixin.py:188} INFO - [2025-02-21T06:33:57.080+0000] {dag.py:3823} INFO - Setting next_dagrun for tutorial_objectstorage to None, run_after=None
[2025-02-21T06:33:57.133+0000] {processor.py:183} INFO - Processing /home/airflow/.local/lib/python3.8/site-packages/airflow/example_dags/tutorial_objectstorage.py took 0.257 seconds
[2025-02-21T06:34:28.384+0000] {processor.py:161} INFO - Started process (PID=1311) to work on /home/airflow/.local/lib/python3.8/site-packages/airflow/example_dags/tutorial_objectstorage.py
[2025-02-21T06:34:28.387+0000] {processor.py:830} INFO - Processing file /home/airflow/.local/lib/python3.8/site-packages/airflow/example_dags/tutorial_objectstorage.py for tasks to queue
[2025-02-21T06:34:28.391+0000] {logging_mixin.py:188} INFO - [2025-02-21T06:34:28.391+0000] {dagbag.py:538} INFO - Filling up the DagBag from /home/airflow/.local/lib/python3.8/site-packages/airflow/example_dags/tutorial_objectstorage.py
[2025-02-21T06:34:28.407+0000] {processor.py:840} INFO - DAG(s) 'tutorial_objectstorage' retrieved from /home/airflow/.local/lib/python3.8/site-packages/airflow/example_dags/tutorial_objectstorage.py
[2025-02-21T06:34:28.459+0000] {logging_mixin.py:188} INFO - [2025-02-21T06:34:28.459+0000] {dag.py:3036} INFO - Sync 1 DAGs
[2025-02-21T06:34:28.484+0000] {logging_mixin.py:188} INFO - [2025-02-21T06:34:28.484+0000] {dag.py:3823} INFO - Setting next_dagrun for tutorial_objectstorage to None, run_after=None
[2025-02-21T06:34:28.567+0000] {processor.py:183} INFO - Processing /home/airflow/.local/lib/python3.8/site-packages/airflow/example_dags/tutorial_objectstorage.py took 0.192 seconds
[2025-02-21T06:34:59.188+0000] {processor.py:161} INFO - Started process (PID=1366) to work on /home/airflow/.local/lib/python3.8/site-packages/airflow/example_dags/tutorial_objectstorage.py
[2025-02-21T06:34:59.192+0000] {processor.py:830} INFO - Processing file /home/airflow/.local/lib/python3.8/site-packages/airflow/example_dags/tutorial_objectstorage.py for tasks to queue
[2025-02-21T06:34:59.201+0000] {logging_mixin.py:188} INFO - [2025-02-21T06:34:59.201+0000] {dagbag.py:538} INFO - Filling up the DagBag from /home/airflow/.local/lib/python3.8/site-packages/airflow/example_dags/tutorial_objectstorage.py
[2025-02-21T06:34:59.221+0000] {processor.py:840} INFO - DAG(s) 'tutorial_objectstorage' retrieved from /home/airflow/.local/lib/python3.8/site-packages/airflow/example_dags/tutorial_objectstorage.py
[2025-02-21T06:34:59.288+0000] {logging_mixin.py:188} INFO - [2025-02-21T06:34:59.287+0000] {dag.py:3036} INFO - Sync 1 DAGs
[2025-02-21T06:34:59.359+0000] {logging_mixin.py:188} INFO - [2025-02-21T06:34:59.359+0000] {dag.py:3823} INFO - Setting next_dagrun for tutorial_objectstorage to None, run_after=None
[2025-02-21T06:34:59.431+0000] {processor.py:183} INFO - Processing /home/airflow/.local/lib/python3.8/site-packages/airflow/example_dags/tutorial_objectstorage.py took 0.252 seconds
[2025-02-21T06:35:29.718+0000] {processor.py:161} INFO - Started process (PID=1420) to work on /home/airflow/.local/lib/python3.8/site-packages/airflow/example_dags/tutorial_objectstorage.py
[2025-02-21T06:35:29.721+0000] {processor.py:830} INFO - Processing file /home/airflow/.local/lib/python3.8/site-packages/airflow/example_dags/tutorial_objectstorage.py for tasks to queue
[2025-02-21T06:35:29.727+0000] {logging_mixin.py:188} INFO - [2025-02-21T06:35:29.726+0000] {dagbag.py:538} INFO - Filling up the DagBag from /home/airflow/.local/lib/python3.8/site-packages/airflow/example_dags/tutorial_objectstorage.py
[2025-02-21T06:35:29.745+0000] {processor.py:840} INFO - DAG(s) 'tutorial_objectstorage' retrieved from /home/airflow/.local/lib/python3.8/site-packages/airflow/example_dags/tutorial_objectstorage.py
[2025-02-21T06:35:29.804+0000] {logging_mixin.py:188} INFO - [2025-02-21T06:35:29.802+0000] {dag.py:3036} INFO - Sync 1 DAGs
[2025-02-21T06:35:29.841+0000] {logging_mixin.py:188} INFO - [2025-02-21T06:35:29.841+0000] {dag.py:3823} INFO - Setting next_dagrun for tutorial_objectstorage to None, run_after=None
[2025-02-21T06:35:29.902+0000] {processor.py:183} INFO - Processing /home/airflow/.local/lib/python3.8/site-packages/airflow/example_dags/tutorial_objectstorage.py took 0.190 seconds
[2025-02-21T06:36:00.311+0000] {processor.py:161} INFO - Started process (PID=1475) to work on /home/airflow/.local/lib/python3.8/site-packages/airflow/example_dags/tutorial_objectstorage.py
[2025-02-21T06:36:00.314+0000] {processor.py:830} INFO - Processing file /home/airflow/.local/lib/python3.8/site-packages/airflow/example_dags/tutorial_objectstorage.py for tasks to queue
[2025-02-21T06:36:00.320+0000] {logging_mixin.py:188} INFO - [2025-02-21T06:36:00.320+0000] {dagbag.py:538} INFO - Filling up the DagBag from /home/airflow/.local/lib/python3.8/site-packages/airflow/example_dags/tutorial_objectstorage.py
[2025-02-21T06:36:00.338+0000] {processor.py:840} INFO - DAG(s) 'tutorial_objectstorage' retrieved from /home/airflow/.local/lib/python3.8/site-packages/airflow/example_dags/tutorial_objectstorage.py
[2025-02-21T06:36:00.393+0000] {logging_mixin.py:188} INFO - [2025-02-21T06:36:00.393+0000] {dag.py:3036} INFO - Sync 1 DAGs
[2025-02-21T06:36:00.427+0000] {logging_mixin.py:188} INFO - [2025-02-21T06:36:00.427+0000] {dag.py:3823} INFO - Setting next_dagrun for tutorial_objectstorage to None, run_after=None
[2025-02-21T06:36:00.482+0000] {processor.py:183} INFO - Processing /home/airflow/.local/lib/python3.8/site-packages/airflow/example_dags/tutorial_objectstorage.py took 0.182 seconds
[2025-02-21T06:36:30.752+0000] {processor.py:161} INFO - Started process (PID=1530) to work on /home/airflow/.local/lib/python3.8/site-packages/airflow/example_dags/tutorial_objectstorage.py
[2025-02-21T06:36:30.756+0000] {processor.py:830} INFO - Processing file /home/airflow/.local/lib/python3.8/site-packages/airflow/example_dags/tutorial_objectstorage.py for tasks to queue
[2025-02-21T06:36:30.763+0000] {logging_mixin.py:188} INFO - [2025-02-21T06:36:30.762+0000] {dagbag.py:538} INFO - Filling up the DagBag from /home/airflow/.local/lib/python3.8/site-packages/airflow/example_dags/tutorial_objectstorage.py
[2025-02-21T06:36:30.789+0000] {processor.py:840} INFO - DAG(s) 'tutorial_objectstorage' retrieved from /home/airflow/.local/lib/python3.8/site-packages/airflow/example_dags/tutorial_objectstorage.py
[2025-02-21T06:36:30.857+0000] {logging_mixin.py:188} INFO - [2025-02-21T06:36:30.856+0000] {dag.py:3036} INFO - Sync 1 DAGs
[2025-02-21T06:36:30.902+0000] {logging_mixin.py:188} INFO - [2025-02-21T06:36:30.901+0000] {dag.py:3823} INFO - Setting next_dagrun for tutorial_objectstorage to None, run_after=None
[2025-02-21T06:36:31.003+0000] {processor.py:183} INFO - Processing /home/airflow/.local/lib/python3.8/site-packages/airflow/example_dags/tutorial_objectstorage.py took 0.261 seconds
[2025-02-21T06:37:01.710+0000] {processor.py:161} INFO - Started process (PID=1586) to work on /home/airflow/.local/lib/python3.8/site-packages/airflow/example_dags/tutorial_objectstorage.py
[2025-02-21T06:37:01.714+0000] {processor.py:830} INFO - Processing file /home/airflow/.local/lib/python3.8/site-packages/airflow/example_dags/tutorial_objectstorage.py for tasks to queue
[2025-02-21T06:37:01.719+0000] {logging_mixin.py:188} INFO - [2025-02-21T06:37:01.718+0000] {dagbag.py:538} INFO - Filling up the DagBag from /home/airflow/.local/lib/python3.8/site-packages/airflow/example_dags/tutorial_objectstorage.py
[2025-02-21T06:37:01.740+0000] {processor.py:840} INFO - DAG(s) 'tutorial_objectstorage' retrieved from /home/airflow/.local/lib/python3.8/site-packages/airflow/example_dags/tutorial_objectstorage.py
[2025-02-21T06:37:01.806+0000] {logging_mixin.py:188} INFO - [2025-02-21T06:37:01.805+0000] {dag.py:3036} INFO - Sync 1 DAGs
[2025-02-21T06:37:01.835+0000] {logging_mixin.py:188} INFO - [2025-02-21T06:37:01.834+0000] {dag.py:3823} INFO - Setting next_dagrun for tutorial_objectstorage to None, run_after=None
[2025-02-21T06:37:01.880+0000] {processor.py:183} INFO - Processing /home/airflow/.local/lib/python3.8/site-packages/airflow/example_dags/tutorial_objectstorage.py took 0.181 seconds
[2025-02-21T06:37:32.265+0000] {processor.py:161} INFO - Started process (PID=1641) to work on /home/airflow/.local/lib/python3.8/site-packages/airflow/example_dags/tutorial_objectstorage.py
[2025-02-21T06:37:32.276+0000] {processor.py:830} INFO - Processing file /home/airflow/.local/lib/python3.8/site-packages/airflow/example_dags/tutorial_objectstorage.py for tasks to queue
[2025-02-21T06:37:32.283+0000] {logging_mixin.py:188} INFO - [2025-02-21T06:37:32.282+0000] {dagbag.py:538} INFO - Filling up the DagBag from /home/airflow/.local/lib/python3.8/site-packages/airflow/example_dags/tutorial_objectstorage.py
[2025-02-21T06:37:32.303+0000] {processor.py:840} INFO - DAG(s) 'tutorial_objectstorage' retrieved from /home/airflow/.local/lib/python3.8/site-packages/airflow/example_dags/tutorial_objectstorage.py
[2025-02-21T06:37:32.371+0000] {logging_mixin.py:188} INFO - [2025-02-21T06:37:32.370+0000] {dag.py:3036} INFO - Sync 1 DAGs
[2025-02-21T06:37:32.403+0000] {logging_mixin.py:188} INFO - [2025-02-21T06:37:32.403+0000] {dag.py:3823} INFO - Setting next_dagrun for tutorial_objectstorage to None, run_after=None
[2025-02-21T06:37:32.500+0000] {processor.py:183} INFO - Processing /home/airflow/.local/lib/python3.8/site-packages/airflow/example_dags/tutorial_objectstorage.py took 0.245 seconds
[2025-02-21T06:38:02.852+0000] {processor.py:161} INFO - Started process (PID=1696) to work on /home/airflow/.local/lib/python3.8/site-packages/airflow/example_dags/tutorial_objectstorage.py
[2025-02-21T06:38:02.857+0000] {processor.py:830} INFO - Processing file /home/airflow/.local/lib/python3.8/site-packages/airflow/example_dags/tutorial_objectstorage.py for tasks to queue
[2025-02-21T06:38:02.862+0000] {logging_mixin.py:188} INFO - [2025-02-21T06:38:02.861+0000] {dagbag.py:538} INFO - Filling up the DagBag from /home/airflow/.local/lib/python3.8/site-packages/airflow/example_dags/tutorial_objectstorage.py
[2025-02-21T06:38:02.881+0000] {processor.py:840} INFO - DAG(s) 'tutorial_objectstorage' retrieved from /home/airflow/.local/lib/python3.8/site-packages/airflow/example_dags/tutorial_objectstorage.py
[2025-02-21T06:38:02.937+0000] {logging_mixin.py:188} INFO - [2025-02-21T06:38:02.936+0000] {dag.py:3036} INFO - Sync 1 DAGs
[2025-02-21T06:38:02.970+0000] {logging_mixin.py:188} INFO - [2025-02-21T06:38:02.970+0000] {dag.py:3823} INFO - Setting next_dagrun for tutorial_objectstorage to None, run_after=None
[2025-02-21T06:38:03.065+0000] {processor.py:183} INFO - Processing /home/airflow/.local/lib/python3.8/site-packages/airflow/example_dags/tutorial_objectstorage.py took 0.224 seconds
[2025-02-21T06:38:33.570+0000] {processor.py:161} INFO - Started process (PID=1751) to work on /home/airflow/.local/lib/python3.8/site-packages/airflow/example_dags/tutorial_objectstorage.py
[2025-02-21T06:38:33.574+0000] {processor.py:830} INFO - Processing file /home/airflow/.local/lib/python3.8/site-packages/airflow/example_dags/tutorial_objectstorage.py for tasks to queue
[2025-02-21T06:38:33.581+0000] {logging_mixin.py:188} INFO - [2025-02-21T06:38:33.580+0000] {dagbag.py:538} INFO - Filling up the DagBag from /home/airflow/.local/lib/python3.8/site-packages/airflow/example_dags/tutorial_objectstorage.py
[2025-02-21T06:38:33.600+0000] {processor.py:840} INFO - DAG(s) 'tutorial_objectstorage' retrieved from /home/airflow/.local/lib/python3.8/site-packages/airflow/example_dags/tutorial_objectstorage.py
[2025-02-21T06:38:33.670+0000] {logging_mixin.py:188} INFO - [2025-02-21T06:38:33.669+0000] {dag.py:3036} INFO - Sync 1 DAGs
[2025-02-21T06:38:33.717+0000] {logging_mixin.py:188} INFO - [2025-02-21T06:38:33.717+0000] {dag.py:3823} INFO - Setting next_dagrun for tutorial_objectstorage to None, run_after=None
[2025-02-21T06:38:33.773+0000] {processor.py:183} INFO - Processing /home/airflow/.local/lib/python3.8/site-packages/airflow/example_dags/tutorial_objectstorage.py took 0.212 seconds
[2025-02-21T06:39:04.346+0000] {processor.py:161} INFO - Started process (PID=1806) to work on /home/airflow/.local/lib/python3.8/site-packages/airflow/example_dags/tutorial_objectstorage.py
[2025-02-21T06:39:04.349+0000] {processor.py:830} INFO - Processing file /home/airflow/.local/lib/python3.8/site-packages/airflow/example_dags/tutorial_objectstorage.py for tasks to queue
[2025-02-21T06:39:04.355+0000] {logging_mixin.py:188} INFO - [2025-02-21T06:39:04.354+0000] {dagbag.py:538} INFO - Filling up the DagBag from /home/airflow/.local/lib/python3.8/site-packages/airflow/example_dags/tutorial_objectstorage.py
[2025-02-21T06:39:04.375+0000] {processor.py:840} INFO - DAG(s) 'tutorial_objectstorage' retrieved from /home/airflow/.local/lib/python3.8/site-packages/airflow/example_dags/tutorial_objectstorage.py
[2025-02-21T06:39:04.446+0000] {logging_mixin.py:188} INFO - [2025-02-21T06:39:04.446+0000] {dag.py:3036} INFO - Sync 1 DAGs
[2025-02-21T06:39:04.477+0000] {logging_mixin.py:188} INFO - [2025-02-21T06:39:04.476+0000] {dag.py:3823} INFO - Setting next_dagrun for tutorial_objectstorage to None, run_after=None
[2025-02-21T06:39:04.537+0000] {processor.py:183} INFO - Processing /home/airflow/.local/lib/python3.8/site-packages/airflow/example_dags/tutorial_objectstorage.py took 0.200 seconds
[2025-02-21T06:39:34.738+0000] {processor.py:161} INFO - Started process (PID=1861) to work on /home/airflow/.local/lib/python3.8/site-packages/airflow/example_dags/tutorial_objectstorage.py
[2025-02-21T06:39:34.742+0000] {processor.py:830} INFO - Processing file /home/airflow/.local/lib/python3.8/site-packages/airflow/example_dags/tutorial_objectstorage.py for tasks to queue
[2025-02-21T06:39:34.748+0000] {logging_mixin.py:188} INFO - [2025-02-21T06:39:34.747+0000] {dagbag.py:538} INFO - Filling up the DagBag from /home/airflow/.local/lib/python3.8/site-packages/airflow/example_dags/tutorial_objectstorage.py
[2025-02-21T06:39:34.766+0000] {processor.py:840} INFO - DAG(s) 'tutorial_objectstorage' retrieved from /home/airflow/.local/lib/python3.8/site-packages/airflow/example_dags/tutorial_objectstorage.py
[2025-02-21T06:39:34.827+0000] {logging_mixin.py:188} INFO - [2025-02-21T06:39:34.827+0000] {dag.py:3036} INFO - Sync 1 DAGs
[2025-02-21T06:39:34.858+0000] {logging_mixin.py:188} INFO - [2025-02-21T06:39:34.858+0000] {dag.py:3823} INFO - Setting next_dagrun for tutorial_objectstorage to None, run_after=None
[2025-02-21T06:39:34.910+0000] {processor.py:183} INFO - Processing /home/airflow/.local/lib/python3.8/site-packages/airflow/example_dags/tutorial_objectstorage.py took 0.179 seconds
[2025-02-21T06:40:05.170+0000] {processor.py:161} INFO - Started process (PID=1916) to work on /home/airflow/.local/lib/python3.8/site-packages/airflow/example_dags/tutorial_objectstorage.py
[2025-02-21T06:40:05.174+0000] {processor.py:830} INFO - Processing file /home/airflow/.local/lib/python3.8/site-packages/airflow/example_dags/tutorial_objectstorage.py for tasks to queue
[2025-02-21T06:40:05.181+0000] {logging_mixin.py:188} INFO - [2025-02-21T06:40:05.180+0000] {dagbag.py:538} INFO - Filling up the DagBag from /home/airflow/.local/lib/python3.8/site-packages/airflow/example_dags/tutorial_objectstorage.py
[2025-02-21T06:40:05.203+0000] {processor.py:840} INFO - DAG(s) 'tutorial_objectstorage' retrieved from /home/airflow/.local/lib/python3.8/site-packages/airflow/example_dags/tutorial_objectstorage.py
[2025-02-21T06:40:05.337+0000] {logging_mixin.py:188} INFO - [2025-02-21T06:40:05.337+0000] {dag.py:3036} INFO - Sync 1 DAGs
[2025-02-21T06:40:05.383+0000] {logging_mixin.py:188} INFO - [2025-02-21T06:40:05.383+0000] {dag.py:3823} INFO - Setting next_dagrun for tutorial_objectstorage to None, run_after=None
[2025-02-21T06:40:05.479+0000] {processor.py:183} INFO - Processing /home/airflow/.local/lib/python3.8/site-packages/airflow/example_dags/tutorial_objectstorage.py took 0.323 seconds
[2025-02-21T06:40:35.907+0000] {processor.py:161} INFO - Started process (PID=1971) to work on /home/airflow/.local/lib/python3.8/site-packages/airflow/example_dags/tutorial_objectstorage.py
[2025-02-21T06:40:35.914+0000] {processor.py:830} INFO - Processing file /home/airflow/.local/lib/python3.8/site-packages/airflow/example_dags/tutorial_objectstorage.py for tasks to queue
[2025-02-21T06:40:35.921+0000] {logging_mixin.py:188} INFO - [2025-02-21T06:40:35.920+0000] {dagbag.py:538} INFO - Filling up the DagBag from /home/airflow/.local/lib/python3.8/site-packages/airflow/example_dags/tutorial_objectstorage.py
[2025-02-21T06:40:35.945+0000] {processor.py:840} INFO - DAG(s) 'tutorial_objectstorage' retrieved from /home/airflow/.local/lib/python3.8/site-packages/airflow/example_dags/tutorial_objectstorage.py
[2025-02-21T06:40:36.009+0000] {logging_mixin.py:188} INFO - [2025-02-21T06:40:36.008+0000] {dag.py:3036} INFO - Sync 1 DAGs
[2025-02-21T06:40:36.034+0000] {logging_mixin.py:188} INFO - [2025-02-21T06:40:36.034+0000] {dag.py:3823} INFO - Setting next_dagrun for tutorial_objectstorage to None, run_after=None
[2025-02-21T06:40:36.092+0000] {processor.py:183} INFO - Processing /home/airflow/.local/lib/python3.8/site-packages/airflow/example_dags/tutorial_objectstorage.py took 0.198 seconds
[2025-02-21T06:41:06.457+0000] {processor.py:161} INFO - Started process (PID=2026) to work on /home/airflow/.local/lib/python3.8/site-packages/airflow/example_dags/tutorial_objectstorage.py
[2025-02-21T06:41:06.461+0000] {processor.py:830} INFO - Processing file /home/airflow/.local/lib/python3.8/site-packages/airflow/example_dags/tutorial_objectstorage.py for tasks to queue
[2025-02-21T06:41:06.469+0000] {logging_mixin.py:188} INFO - [2025-02-21T06:41:06.468+0000] {dagbag.py:538} INFO - Filling up the DagBag from /home/airflow/.local/lib/python3.8/site-packages/airflow/example_dags/tutorial_objectstorage.py
[2025-02-21T06:41:06.522+0000] {processor.py:840} INFO - DAG(s) 'tutorial_objectstorage' retrieved from /home/airflow/.local/lib/python3.8/site-packages/airflow/example_dags/tutorial_objectstorage.py
[2025-02-21T06:41:06.636+0000] {logging_mixin.py:188} INFO - [2025-02-21T06:41:06.634+0000] {dag.py:3036} INFO - Sync 1 DAGs
[2025-02-21T06:41:06.701+0000] {logging_mixin.py:188} INFO - [2025-02-21T06:41:06.700+0000] {dag.py:3823} INFO - Setting next_dagrun for tutorial_objectstorage to None, run_after=None
[2025-02-21T06:41:06.765+0000] {processor.py:183} INFO - Processing /home/airflow/.local/lib/python3.8/site-packages/airflow/example_dags/tutorial_objectstorage.py took 0.320 seconds
[2025-02-21T06:41:37.153+0000] {processor.py:161} INFO - Started process (PID=2081) to work on /home/airflow/.local/lib/python3.8/site-packages/airflow/example_dags/tutorial_objectstorage.py
[2025-02-21T06:41:37.157+0000] {processor.py:830} INFO - Processing file /home/airflow/.local/lib/python3.8/site-packages/airflow/example_dags/tutorial_objectstorage.py for tasks to queue
[2025-02-21T06:41:37.163+0000] {logging_mixin.py:188} INFO - [2025-02-21T06:41:37.162+0000] {dagbag.py:538} INFO - Filling up the DagBag from /home/airflow/.local/lib/python3.8/site-packages/airflow/example_dags/tutorial_objectstorage.py
[2025-02-21T06:41:37.186+0000] {processor.py:840} INFO - DAG(s) 'tutorial_objectstorage' retrieved from /home/airflow/.local/lib/python3.8/site-packages/airflow/example_dags/tutorial_objectstorage.py
[2025-02-21T06:41:37.256+0000] {logging_mixin.py:188} INFO - [2025-02-21T06:41:37.256+0000] {dag.py:3036} INFO - Sync 1 DAGs
[2025-02-21T06:41:37.313+0000] {logging_mixin.py:188} INFO - [2025-02-21T06:41:37.312+0000] {dag.py:3823} INFO - Setting next_dagrun for tutorial_objectstorage to None, run_after=None
[2025-02-21T06:41:37.381+0000] {processor.py:183} INFO - Processing /home/airflow/.local/lib/python3.8/site-packages/airflow/example_dags/tutorial_objectstorage.py took 0.239 seconds
[2025-02-21T06:42:07.914+0000] {processor.py:161} INFO - Started process (PID=2136) to work on /home/airflow/.local/lib/python3.8/site-packages/airflow/example_dags/tutorial_objectstorage.py
[2025-02-21T06:42:07.918+0000] {processor.py:830} INFO - Processing file /home/airflow/.local/lib/python3.8/site-packages/airflow/example_dags/tutorial_objectstorage.py for tasks to queue
[2025-02-21T06:42:07.926+0000] {logging_mixin.py:188} INFO - [2025-02-21T06:42:07.925+0000] {dagbag.py:538} INFO - Filling up the DagBag from /home/airflow/.local/lib/python3.8/site-packages/airflow/example_dags/tutorial_objectstorage.py
[2025-02-21T06:42:07.948+0000] {processor.py:840} INFO - DAG(s) 'tutorial_objectstorage' retrieved from /home/airflow/.local/lib/python3.8/site-packages/airflow/example_dags/tutorial_objectstorage.py
[2025-02-21T06:42:08.007+0000] {logging_mixin.py:188} INFO - [2025-02-21T06:42:08.006+0000] {dag.py:3036} INFO - Sync 1 DAGs
[2025-02-21T06:42:08.043+0000] {logging_mixin.py:188} INFO - [2025-02-21T06:42:08.042+0000] {dag.py:3823} INFO - Setting next_dagrun for tutorial_objectstorage to None, run_after=None
[2025-02-21T06:42:08.099+0000] {processor.py:183} INFO - Processing /home/airflow/.local/lib/python3.8/site-packages/airflow/example_dags/tutorial_objectstorage.py took 0.197 seconds
[2025-02-21T06:42:38.278+0000] {processor.py:161} INFO - Started process (PID=2192) to work on /home/airflow/.local/lib/python3.8/site-packages/airflow/example_dags/tutorial_objectstorage.py
[2025-02-21T06:42:38.282+0000] {processor.py:830} INFO - Processing file /home/airflow/.local/lib/python3.8/site-packages/airflow/example_dags/tutorial_objectstorage.py for tasks to queue
[2025-02-21T06:42:38.290+0000] {logging_mixin.py:188} INFO - [2025-02-21T06:42:38.289+0000] {dagbag.py:538} INFO - Filling up the DagBag from /home/airflow/.local/lib/python3.8/site-packages/airflow/example_dags/tutorial_objectstorage.py
[2025-02-21T06:42:38.320+0000] {processor.py:840} INFO - DAG(s) 'tutorial_objectstorage' retrieved from /home/airflow/.local/lib/python3.8/site-packages/airflow/example_dags/tutorial_objectstorage.py
[2025-02-21T06:42:38.386+0000] {logging_mixin.py:188} INFO - [2025-02-21T06:42:38.385+0000] {dag.py:3036} INFO - Sync 1 DAGs
[2025-02-21T06:42:38.415+0000] {logging_mixin.py:188} INFO - [2025-02-21T06:42:38.414+0000] {dag.py:3823} INFO - Setting next_dagrun for tutorial_objectstorage to None, run_after=None
[2025-02-21T06:42:38.480+0000] {processor.py:183} INFO - Processing /home/airflow/.local/lib/python3.8/site-packages/airflow/example_dags/tutorial_objectstorage.py took 0.211 seconds
[2025-02-21T06:43:09.763+0000] {processor.py:161} INFO - Started process (PID=2248) to work on /home/airflow/.local/lib/python3.8/site-packages/airflow/example_dags/tutorial_objectstorage.py
[2025-02-21T06:43:09.772+0000] {processor.py:830} INFO - Processing file /home/airflow/.local/lib/python3.8/site-packages/airflow/example_dags/tutorial_objectstorage.py for tasks to queue
[2025-02-21T06:43:09.780+0000] {logging_mixin.py:188} INFO - [2025-02-21T06:43:09.779+0000] {dagbag.py:538} INFO - Filling up the DagBag from /home/airflow/.local/lib/python3.8/site-packages/airflow/example_dags/tutorial_objectstorage.py
[2025-02-21T06:43:09.799+0000] {processor.py:840} INFO - DAG(s) 'tutorial_objectstorage' retrieved from /home/airflow/.local/lib/python3.8/site-packages/airflow/example_dags/tutorial_objectstorage.py
[2025-02-21T06:43:09.882+0000] {logging_mixin.py:188} INFO - [2025-02-21T06:43:09.881+0000] {dag.py:3036} INFO - Sync 1 DAGs
[2025-02-21T06:43:09.926+0000] {logging_mixin.py:188} INFO - [2025-02-21T06:43:09.925+0000] {dag.py:3823} INFO - Setting next_dagrun for tutorial_objectstorage to None, run_after=None
[2025-02-21T06:43:09.995+0000] {processor.py:183} INFO - Processing /home/airflow/.local/lib/python3.8/site-packages/airflow/example_dags/tutorial_objectstorage.py took 0.243 seconds
[2025-02-21T06:43:40.540+0000] {processor.py:161} INFO - Started process (PID=2303) to work on /home/airflow/.local/lib/python3.8/site-packages/airflow/example_dags/tutorial_objectstorage.py
[2025-02-21T06:43:40.544+0000] {processor.py:830} INFO - Processing file /home/airflow/.local/lib/python3.8/site-packages/airflow/example_dags/tutorial_objectstorage.py for tasks to queue
[2025-02-21T06:43:40.550+0000] {logging_mixin.py:188} INFO - [2025-02-21T06:43:40.549+0000] {dagbag.py:538} INFO - Filling up the DagBag from /home/airflow/.local/lib/python3.8/site-packages/airflow/example_dags/tutorial_objectstorage.py
[2025-02-21T06:43:40.591+0000] {processor.py:840} INFO - DAG(s) 'tutorial_objectstorage' retrieved from /home/airflow/.local/lib/python3.8/site-packages/airflow/example_dags/tutorial_objectstorage.py
[2025-02-21T06:43:40.684+0000] {logging_mixin.py:188} INFO - [2025-02-21T06:43:40.683+0000] {dag.py:3036} INFO - Sync 1 DAGs
[2025-02-21T06:43:40.726+0000] {logging_mixin.py:188} INFO - [2025-02-21T06:43:40.721+0000] {dag.py:3823} INFO - Setting next_dagrun for tutorial_objectstorage to None, run_after=None
[2025-02-21T06:43:40.852+0000] {processor.py:183} INFO - Processing /home/airflow/.local/lib/python3.8/site-packages/airflow/example_dags/tutorial_objectstorage.py took 0.320 seconds
[2025-02-21T06:44:11.041+0000] {processor.py:161} INFO - Started process (PID=2359) to work on /home/airflow/.local/lib/python3.8/site-packages/airflow/example_dags/tutorial_objectstorage.py
[2025-02-21T06:44:11.044+0000] {processor.py:830} INFO - Processing file /home/airflow/.local/lib/python3.8/site-packages/airflow/example_dags/tutorial_objectstorage.py for tasks to queue
[2025-02-21T06:44:11.051+0000] {logging_mixin.py:188} INFO - [2025-02-21T06:44:11.050+0000] {dagbag.py:538} INFO - Filling up the DagBag from /home/airflow/.local/lib/python3.8/site-packages/airflow/example_dags/tutorial_objectstorage.py
[2025-02-21T06:44:11.088+0000] {processor.py:840} INFO - DAG(s) 'tutorial_objectstorage' retrieved from /home/airflow/.local/lib/python3.8/site-packages/airflow/example_dags/tutorial_objectstorage.py
[2025-02-21T06:44:11.224+0000] {logging_mixin.py:188} INFO - [2025-02-21T06:44:11.223+0000] {dag.py:3036} INFO - Sync 1 DAGs
[2025-02-21T06:44:11.271+0000] {logging_mixin.py:188} INFO - [2025-02-21T06:44:11.271+0000] {dag.py:3823} INFO - Setting next_dagrun for tutorial_objectstorage to None, run_after=None
[2025-02-21T06:44:11.348+0000] {processor.py:183} INFO - Processing /home/airflow/.local/lib/python3.8/site-packages/airflow/example_dags/tutorial_objectstorage.py took 0.317 seconds
[2025-02-21T06:44:42.133+0000] {processor.py:161} INFO - Started process (PID=2415) to work on /home/airflow/.local/lib/python3.8/site-packages/airflow/example_dags/tutorial_objectstorage.py
[2025-02-21T06:44:42.136+0000] {processor.py:830} INFO - Processing file /home/airflow/.local/lib/python3.8/site-packages/airflow/example_dags/tutorial_objectstorage.py for tasks to queue
[2025-02-21T06:44:42.140+0000] {logging_mixin.py:188} INFO - [2025-02-21T06:44:42.140+0000] {dagbag.py:538} INFO - Filling up the DagBag from /home/airflow/.local/lib/python3.8/site-packages/airflow/example_dags/tutorial_objectstorage.py
[2025-02-21T06:44:42.162+0000] {processor.py:840} INFO - DAG(s) 'tutorial_objectstorage' retrieved from /home/airflow/.local/lib/python3.8/site-packages/airflow/example_dags/tutorial_objectstorage.py
[2025-02-21T06:44:42.221+0000] {logging_mixin.py:188} INFO - [2025-02-21T06:44:42.220+0000] {dag.py:3036} INFO - Sync 1 DAGs
[2025-02-21T06:44:42.250+0000] {logging_mixin.py:188} INFO - [2025-02-21T06:44:42.249+0000] {dag.py:3823} INFO - Setting next_dagrun for tutorial_objectstorage to None, run_after=None
[2025-02-21T06:44:42.309+0000] {processor.py:183} INFO - Processing /home/airflow/.local/lib/python3.8/site-packages/airflow/example_dags/tutorial_objectstorage.py took 0.183 seconds
[2025-02-21T06:45:13.083+0000] {processor.py:161} INFO - Started process (PID=2469) to work on /home/airflow/.local/lib/python3.8/site-packages/airflow/example_dags/tutorial_objectstorage.py
[2025-02-21T06:45:13.086+0000] {processor.py:830} INFO - Processing file /home/airflow/.local/lib/python3.8/site-packages/airflow/example_dags/tutorial_objectstorage.py for tasks to queue
[2025-02-21T06:45:13.091+0000] {logging_mixin.py:188} INFO - [2025-02-21T06:45:13.090+0000] {dagbag.py:538} INFO - Filling up the DagBag from /home/airflow/.local/lib/python3.8/site-packages/airflow/example_dags/tutorial_objectstorage.py
[2025-02-21T06:45:13.107+0000] {processor.py:840} INFO - DAG(s) 'tutorial_objectstorage' retrieved from /home/airflow/.local/lib/python3.8/site-packages/airflow/example_dags/tutorial_objectstorage.py
[2025-02-21T06:45:13.163+0000] {logging_mixin.py:188} INFO - [2025-02-21T06:45:13.162+0000] {dag.py:3036} INFO - Sync 1 DAGs
[2025-02-21T06:45:13.189+0000] {logging_mixin.py:188} INFO - [2025-02-21T06:45:13.188+0000] {dag.py:3823} INFO - Setting next_dagrun for tutorial_objectstorage to None, run_after=None
[2025-02-21T06:45:13.233+0000] {processor.py:183} INFO - Processing /home/airflow/.local/lib/python3.8/site-packages/airflow/example_dags/tutorial_objectstorage.py took 0.165 seconds
[2025-02-21T06:45:43.802+0000] {processor.py:161} INFO - Started process (PID=2525) to work on /home/airflow/.local/lib/python3.8/site-packages/airflow/example_dags/tutorial_objectstorage.py
[2025-02-21T06:45:43.805+0000] {processor.py:830} INFO - Processing file /home/airflow/.local/lib/python3.8/site-packages/airflow/example_dags/tutorial_objectstorage.py for tasks to queue
[2025-02-21T06:45:43.812+0000] {logging_mixin.py:188} INFO - [2025-02-21T06:45:43.811+0000] {dagbag.py:538} INFO - Filling up the DagBag from /home/airflow/.local/lib/python3.8/site-packages/airflow/example_dags/tutorial_objectstorage.py
[2025-02-21T06:45:43.835+0000] {processor.py:840} INFO - DAG(s) 'tutorial_objectstorage' retrieved from /home/airflow/.local/lib/python3.8/site-packages/airflow/example_dags/tutorial_objectstorage.py
[2025-02-21T06:45:43.905+0000] {logging_mixin.py:188} INFO - [2025-02-21T06:45:43.905+0000] {dag.py:3036} INFO - Sync 1 DAGs
[2025-02-21T06:45:43.943+0000] {logging_mixin.py:188} INFO - [2025-02-21T06:45:43.943+0000] {dag.py:3823} INFO - Setting next_dagrun for tutorial_objectstorage to None, run_after=None
[2025-02-21T06:45:44.004+0000] {processor.py:183} INFO - Processing /home/airflow/.local/lib/python3.8/site-packages/airflow/example_dags/tutorial_objectstorage.py took 0.215 seconds
[2025-02-21T06:46:14.993+0000] {processor.py:161} INFO - Started process (PID=2580) to work on /home/airflow/.local/lib/python3.8/site-packages/airflow/example_dags/tutorial_objectstorage.py
[2025-02-21T06:46:14.999+0000] {processor.py:830} INFO - Processing file /home/airflow/.local/lib/python3.8/site-packages/airflow/example_dags/tutorial_objectstorage.py for tasks to queue
[2025-02-21T06:46:15.008+0000] {logging_mixin.py:188} INFO - [2025-02-21T06:46:15.007+0000] {dagbag.py:538} INFO - Filling up the DagBag from /home/airflow/.local/lib/python3.8/site-packages/airflow/example_dags/tutorial_objectstorage.py
[2025-02-21T06:46:15.034+0000] {processor.py:840} INFO - DAG(s) 'tutorial_objectstorage' retrieved from /home/airflow/.local/lib/python3.8/site-packages/airflow/example_dags/tutorial_objectstorage.py
[2025-02-21T06:46:15.099+0000] {logging_mixin.py:188} INFO - [2025-02-21T06:46:15.098+0000] {dag.py:3036} INFO - Sync 1 DAGs
[2025-02-21T06:46:15.127+0000] {logging_mixin.py:188} INFO - [2025-02-21T06:46:15.127+0000] {dag.py:3823} INFO - Setting next_dagrun for tutorial_objectstorage to None, run_after=None
[2025-02-21T06:46:15.173+0000] {processor.py:183} INFO - Processing /home/airflow/.local/lib/python3.8/site-packages/airflow/example_dags/tutorial_objectstorage.py took 0.194 seconds
[2025-02-21T06:46:45.951+0000] {processor.py:161} INFO - Started process (PID=2641) to work on /home/airflow/.local/lib/python3.8/site-packages/airflow/example_dags/tutorial_objectstorage.py
[2025-02-21T06:46:45.954+0000] {processor.py:830} INFO - Processing file /home/airflow/.local/lib/python3.8/site-packages/airflow/example_dags/tutorial_objectstorage.py for tasks to queue
[2025-02-21T06:46:45.962+0000] {logging_mixin.py:188} INFO - [2025-02-21T06:46:45.960+0000] {dagbag.py:538} INFO - Filling up the DagBag from /home/airflow/.local/lib/python3.8/site-packages/airflow/example_dags/tutorial_objectstorage.py
[2025-02-21T06:46:45.983+0000] {processor.py:840} INFO - DAG(s) 'tutorial_objectstorage' retrieved from /home/airflow/.local/lib/python3.8/site-packages/airflow/example_dags/tutorial_objectstorage.py
[2025-02-21T06:46:46.055+0000] {logging_mixin.py:188} INFO - [2025-02-21T06:46:46.054+0000] {dag.py:3036} INFO - Sync 1 DAGs
[2025-02-21T06:46:46.571+0000] {logging_mixin.py:188} INFO - [2025-02-21T06:46:46.570+0000] {dag.py:3823} INFO - Setting next_dagrun for tutorial_objectstorage to None, run_after=None
[2025-02-21T06:46:46.662+0000] {processor.py:183} INFO - Processing /home/airflow/.local/lib/python3.8/site-packages/airflow/example_dags/tutorial_objectstorage.py took 0.721 seconds
[2025-02-21T06:47:17.135+0000] {processor.py:161} INFO - Started process (PID=2696) to work on /home/airflow/.local/lib/python3.8/site-packages/airflow/example_dags/tutorial_objectstorage.py
[2025-02-21T06:47:17.140+0000] {processor.py:830} INFO - Processing file /home/airflow/.local/lib/python3.8/site-packages/airflow/example_dags/tutorial_objectstorage.py for tasks to queue
[2025-02-21T06:47:17.151+0000] {logging_mixin.py:188} INFO - [2025-02-21T06:47:17.150+0000] {dagbag.py:538} INFO - Filling up the DagBag from /home/airflow/.local/lib/python3.8/site-packages/airflow/example_dags/tutorial_objectstorage.py
[2025-02-21T06:47:17.187+0000] {processor.py:840} INFO - DAG(s) 'tutorial_objectstorage' retrieved from /home/airflow/.local/lib/python3.8/site-packages/airflow/example_dags/tutorial_objectstorage.py
[2025-02-21T06:47:17.295+0000] {logging_mixin.py:188} INFO - [2025-02-21T06:47:17.294+0000] {dag.py:3036} INFO - Sync 1 DAGs
[2025-02-21T06:47:17.332+0000] {logging_mixin.py:188} INFO - [2025-02-21T06:47:17.331+0000] {dag.py:3823} INFO - Setting next_dagrun for tutorial_objectstorage to None, run_after=None
[2025-02-21T06:47:17.907+0000] {processor.py:183} INFO - Processing /home/airflow/.local/lib/python3.8/site-packages/airflow/example_dags/tutorial_objectstorage.py took 0.784 seconds
