[2025-02-21T06:23:09.913+0000] {processor.py:161} INFO - Started process (PID=102) to work on /home/airflow/.local/lib/python3.8/site-packages/airflow/example_dags/tutorial.py
[2025-02-21T06:23:09.916+0000] {processor.py:830} INFO - Processing file /home/airflow/.local/lib/python3.8/site-packages/airflow/example_dags/tutorial.py for tasks to queue
[2025-02-21T06:23:09.932+0000] {logging_mixin.py:188} INFO - [2025-02-21T06:23:09.931+0000] {dagbag.py:538} INFO - Filling up the DagBag from /home/airflow/.local/lib/python3.8/site-packages/airflow/example_dags/tutorial.py
[2025-02-21T06:23:09.969+0000] {processor.py:840} INFO - DAG(s) 'tutorial' retrieved from /home/airflow/.local/lib/python3.8/site-packages/airflow/example_dags/tutorial.py
[2025-02-21T06:23:10.413+0000] {logging_mixin.py:188} INFO - [2025-02-21T06:23:10.412+0000] {dag.py:3036} INFO - Sync 1 DAGs
[2025-02-21T06:23:10.491+0000] {logging_mixin.py:188} INFO - [2025-02-21T06:23:10.491+0000] {dag.py:3823} INFO - Setting next_dagrun for tutorial to 2025-02-20 00:00:00+00:00, run_after=2025-02-21 00:00:00+00:00
[2025-02-21T06:23:10.535+0000] {processor.py:183} INFO - Processing /home/airflow/.local/lib/python3.8/site-packages/airflow/example_dags/tutorial.py took 0.661 seconds
[2025-02-21T06:23:41.074+0000] {processor.py:161} INFO - Started process (PID=156) to work on /home/airflow/.local/lib/python3.8/site-packages/airflow/example_dags/tutorial.py
[2025-02-21T06:23:41.077+0000] {processor.py:830} INFO - Processing file /home/airflow/.local/lib/python3.8/site-packages/airflow/example_dags/tutorial.py for tasks to queue
[2025-02-21T06:23:41.081+0000] {logging_mixin.py:188} INFO - [2025-02-21T06:23:41.081+0000] {dagbag.py:538} INFO - Filling up the DagBag from /home/airflow/.local/lib/python3.8/site-packages/airflow/example_dags/tutorial.py
[2025-02-21T06:23:41.097+0000] {processor.py:840} INFO - DAG(s) 'tutorial' retrieved from /home/airflow/.local/lib/python3.8/site-packages/airflow/example_dags/tutorial.py
[2025-02-21T06:23:41.166+0000] {logging_mixin.py:188} INFO - [2025-02-21T06:23:41.165+0000] {dag.py:3036} INFO - Sync 1 DAGs
[2025-02-21T06:23:41.226+0000] {logging_mixin.py:188} INFO - [2025-02-21T06:23:41.225+0000] {dag.py:3823} INFO - Setting next_dagrun for tutorial to 2025-02-20 00:00:00+00:00, run_after=2025-02-21 00:00:00+00:00
[2025-02-21T06:23:41.292+0000] {processor.py:183} INFO - Processing /home/airflow/.local/lib/python3.8/site-packages/airflow/example_dags/tutorial.py took 0.226 seconds
[2025-02-21T06:24:11.532+0000] {processor.py:161} INFO - Started process (PID=211) to work on /home/airflow/.local/lib/python3.8/site-packages/airflow/example_dags/tutorial.py
[2025-02-21T06:24:11.536+0000] {processor.py:830} INFO - Processing file /home/airflow/.local/lib/python3.8/site-packages/airflow/example_dags/tutorial.py for tasks to queue
[2025-02-21T06:24:11.541+0000] {logging_mixin.py:188} INFO - [2025-02-21T06:24:11.541+0000] {dagbag.py:538} INFO - Filling up the DagBag from /home/airflow/.local/lib/python3.8/site-packages/airflow/example_dags/tutorial.py
[2025-02-21T06:24:11.554+0000] {processor.py:840} INFO - DAG(s) 'tutorial' retrieved from /home/airflow/.local/lib/python3.8/site-packages/airflow/example_dags/tutorial.py
[2025-02-21T06:24:11.629+0000] {logging_mixin.py:188} INFO - [2025-02-21T06:24:11.629+0000] {dag.py:3036} INFO - Sync 1 DAGs
[2025-02-21T06:24:11.683+0000] {logging_mixin.py:188} INFO - [2025-02-21T06:24:11.683+0000] {dag.py:3823} INFO - Setting next_dagrun for tutorial to 2025-02-20 00:00:00+00:00, run_after=2025-02-21 00:00:00+00:00
[2025-02-21T06:24:11.729+0000] {processor.py:183} INFO - Processing /home/airflow/.local/lib/python3.8/site-packages/airflow/example_dags/tutorial.py took 0.206 seconds
[2025-02-21T06:24:42.144+0000] {processor.py:161} INFO - Started process (PID=267) to work on /home/airflow/.local/lib/python3.8/site-packages/airflow/example_dags/tutorial.py
[2025-02-21T06:24:42.149+0000] {processor.py:830} INFO - Processing file /home/airflow/.local/lib/python3.8/site-packages/airflow/example_dags/tutorial.py for tasks to queue
[2025-02-21T06:24:42.155+0000] {logging_mixin.py:188} INFO - [2025-02-21T06:24:42.154+0000] {dagbag.py:538} INFO - Filling up the DagBag from /home/airflow/.local/lib/python3.8/site-packages/airflow/example_dags/tutorial.py
[2025-02-21T06:24:42.172+0000] {processor.py:840} INFO - DAG(s) 'tutorial' retrieved from /home/airflow/.local/lib/python3.8/site-packages/airflow/example_dags/tutorial.py
[2025-02-21T06:24:42.262+0000] {logging_mixin.py:188} INFO - [2025-02-21T06:24:42.261+0000] {dag.py:3036} INFO - Sync 1 DAGs
[2025-02-21T06:24:42.359+0000] {logging_mixin.py:188} INFO - [2025-02-21T06:24:42.358+0000] {dag.py:3823} INFO - Setting next_dagrun for tutorial to 2025-02-20 00:00:00+00:00, run_after=2025-02-21 00:00:00+00:00
[2025-02-21T06:24:42.439+0000] {processor.py:183} INFO - Processing /home/airflow/.local/lib/python3.8/site-packages/airflow/example_dags/tutorial.py took 0.305 seconds
[2025-02-21T06:25:12.585+0000] {processor.py:161} INFO - Started process (PID=322) to work on /home/airflow/.local/lib/python3.8/site-packages/airflow/example_dags/tutorial.py
[2025-02-21T06:25:12.588+0000] {processor.py:830} INFO - Processing file /home/airflow/.local/lib/python3.8/site-packages/airflow/example_dags/tutorial.py for tasks to queue
[2025-02-21T06:25:12.592+0000] {logging_mixin.py:188} INFO - [2025-02-21T06:25:12.591+0000] {dagbag.py:538} INFO - Filling up the DagBag from /home/airflow/.local/lib/python3.8/site-packages/airflow/example_dags/tutorial.py
[2025-02-21T06:25:12.605+0000] {processor.py:840} INFO - DAG(s) 'tutorial' retrieved from /home/airflow/.local/lib/python3.8/site-packages/airflow/example_dags/tutorial.py
[2025-02-21T06:25:12.670+0000] {logging_mixin.py:188} INFO - [2025-02-21T06:25:12.669+0000] {dag.py:3036} INFO - Sync 1 DAGs
[2025-02-21T06:25:12.735+0000] {logging_mixin.py:188} INFO - [2025-02-21T06:25:12.734+0000] {dag.py:3823} INFO - Setting next_dagrun for tutorial to 2025-02-20 00:00:00+00:00, run_after=2025-02-21 00:00:00+00:00
[2025-02-21T06:25:12.788+0000] {processor.py:183} INFO - Processing /home/airflow/.local/lib/python3.8/site-packages/airflow/example_dags/tutorial.py took 0.211 seconds
[2025-02-21T06:25:43.630+0000] {processor.py:161} INFO - Started process (PID=377) to work on /home/airflow/.local/lib/python3.8/site-packages/airflow/example_dags/tutorial.py
[2025-02-21T06:25:43.632+0000] {processor.py:830} INFO - Processing file /home/airflow/.local/lib/python3.8/site-packages/airflow/example_dags/tutorial.py for tasks to queue
[2025-02-21T06:25:43.637+0000] {logging_mixin.py:188} INFO - [2025-02-21T06:25:43.636+0000] {dagbag.py:538} INFO - Filling up the DagBag from /home/airflow/.local/lib/python3.8/site-packages/airflow/example_dags/tutorial.py
[2025-02-21T06:25:43.652+0000] {processor.py:840} INFO - DAG(s) 'tutorial' retrieved from /home/airflow/.local/lib/python3.8/site-packages/airflow/example_dags/tutorial.py
[2025-02-21T06:25:43.716+0000] {logging_mixin.py:188} INFO - [2025-02-21T06:25:43.715+0000] {dag.py:3036} INFO - Sync 1 DAGs
[2025-02-21T06:25:43.787+0000] {logging_mixin.py:188} INFO - [2025-02-21T06:25:43.786+0000] {dag.py:3823} INFO - Setting next_dagrun for tutorial to 2025-02-20 00:00:00+00:00, run_after=2025-02-21 00:00:00+00:00
[2025-02-21T06:25:43.860+0000] {processor.py:183} INFO - Processing /home/airflow/.local/lib/python3.8/site-packages/airflow/example_dags/tutorial.py took 0.239 seconds
[2025-02-21T06:26:14.977+0000] {processor.py:161} INFO - Started process (PID=432) to work on /home/airflow/.local/lib/python3.8/site-packages/airflow/example_dags/tutorial.py
[2025-02-21T06:26:14.984+0000] {processor.py:830} INFO - Processing file /home/airflow/.local/lib/python3.8/site-packages/airflow/example_dags/tutorial.py for tasks to queue
[2025-02-21T06:26:14.992+0000] {logging_mixin.py:188} INFO - [2025-02-21T06:26:14.991+0000] {dagbag.py:538} INFO - Filling up the DagBag from /home/airflow/.local/lib/python3.8/site-packages/airflow/example_dags/tutorial.py
[2025-02-21T06:26:15.007+0000] {processor.py:840} INFO - DAG(s) 'tutorial' retrieved from /home/airflow/.local/lib/python3.8/site-packages/airflow/example_dags/tutorial.py
[2025-02-21T06:26:15.087+0000] {logging_mixin.py:188} INFO - [2025-02-21T06:26:15.086+0000] {dag.py:3036} INFO - Sync 1 DAGs
[2025-02-21T06:26:15.163+0000] {logging_mixin.py:188} INFO - [2025-02-21T06:26:15.162+0000] {dag.py:3823} INFO - Setting next_dagrun for tutorial to 2025-02-20 00:00:00+00:00, run_after=2025-02-21 00:00:00+00:00
[2025-02-21T06:26:15.229+0000] {processor.py:183} INFO - Processing /home/airflow/.local/lib/python3.8/site-packages/airflow/example_dags/tutorial.py took 0.281 seconds
[2025-02-21T06:26:45.423+0000] {processor.py:161} INFO - Started process (PID=488) to work on /home/airflow/.local/lib/python3.8/site-packages/airflow/example_dags/tutorial.py
[2025-02-21T06:26:45.427+0000] {processor.py:830} INFO - Processing file /home/airflow/.local/lib/python3.8/site-packages/airflow/example_dags/tutorial.py for tasks to queue
[2025-02-21T06:26:45.431+0000] {logging_mixin.py:188} INFO - [2025-02-21T06:26:45.430+0000] {dagbag.py:538} INFO - Filling up the DagBag from /home/airflow/.local/lib/python3.8/site-packages/airflow/example_dags/tutorial.py
[2025-02-21T06:26:45.452+0000] {processor.py:840} INFO - DAG(s) 'tutorial' retrieved from /home/airflow/.local/lib/python3.8/site-packages/airflow/example_dags/tutorial.py
[2025-02-21T06:26:45.519+0000] {logging_mixin.py:188} INFO - [2025-02-21T06:26:45.519+0000] {dag.py:3036} INFO - Sync 1 DAGs
[2025-02-21T06:26:45.572+0000] {logging_mixin.py:188} INFO - [2025-02-21T06:26:45.572+0000] {dag.py:3823} INFO - Setting next_dagrun for tutorial to 2025-02-20 00:00:00+00:00, run_after=2025-02-21 00:00:00+00:00
[2025-02-21T06:26:45.622+0000] {processor.py:183} INFO - Processing /home/airflow/.local/lib/python3.8/site-packages/airflow/example_dags/tutorial.py took 0.212 seconds
[2025-02-21T06:27:16.224+0000] {processor.py:161} INFO - Started process (PID=542) to work on /home/airflow/.local/lib/python3.8/site-packages/airflow/example_dags/tutorial.py
[2025-02-21T06:27:16.228+0000] {processor.py:830} INFO - Processing file /home/airflow/.local/lib/python3.8/site-packages/airflow/example_dags/tutorial.py for tasks to queue
[2025-02-21T06:27:16.237+0000] {logging_mixin.py:188} INFO - [2025-02-21T06:27:16.235+0000] {dagbag.py:538} INFO - Filling up the DagBag from /home/airflow/.local/lib/python3.8/site-packages/airflow/example_dags/tutorial.py
[2025-02-21T06:27:16.261+0000] {processor.py:840} INFO - DAG(s) 'tutorial' retrieved from /home/airflow/.local/lib/python3.8/site-packages/airflow/example_dags/tutorial.py
[2025-02-21T06:27:16.336+0000] {logging_mixin.py:188} INFO - [2025-02-21T06:27:16.336+0000] {dag.py:3036} INFO - Sync 1 DAGs
[2025-02-21T06:27:16.420+0000] {logging_mixin.py:188} INFO - [2025-02-21T06:27:16.419+0000] {dag.py:3823} INFO - Setting next_dagrun for tutorial to 2025-02-20 00:00:00+00:00, run_after=2025-02-21 00:00:00+00:00
[2025-02-21T06:27:16.500+0000] {processor.py:183} INFO - Processing /home/airflow/.local/lib/python3.8/site-packages/airflow/example_dags/tutorial.py took 0.293 seconds
[2025-02-21T06:27:47.242+0000] {processor.py:161} INFO - Started process (PID=597) to work on /home/airflow/.local/lib/python3.8/site-packages/airflow/example_dags/tutorial.py
[2025-02-21T06:27:47.248+0000] {processor.py:830} INFO - Processing file /home/airflow/.local/lib/python3.8/site-packages/airflow/example_dags/tutorial.py for tasks to queue
[2025-02-21T06:27:47.255+0000] {logging_mixin.py:188} INFO - [2025-02-21T06:27:47.254+0000] {dagbag.py:538} INFO - Filling up the DagBag from /home/airflow/.local/lib/python3.8/site-packages/airflow/example_dags/tutorial.py
[2025-02-21T06:27:47.275+0000] {processor.py:840} INFO - DAG(s) 'tutorial' retrieved from /home/airflow/.local/lib/python3.8/site-packages/airflow/example_dags/tutorial.py
[2025-02-21T06:27:47.354+0000] {logging_mixin.py:188} INFO - [2025-02-21T06:27:47.353+0000] {dag.py:3036} INFO - Sync 1 DAGs
[2025-02-21T06:27:47.425+0000] {logging_mixin.py:188} INFO - [2025-02-21T06:27:47.424+0000] {dag.py:3823} INFO - Setting next_dagrun for tutorial to 2025-02-20 00:00:00+00:00, run_after=2025-02-21 00:00:00+00:00
[2025-02-21T06:27:47.477+0000] {processor.py:183} INFO - Processing /home/airflow/.local/lib/python3.8/site-packages/airflow/example_dags/tutorial.py took 0.254 seconds
[2025-02-21T06:28:18.503+0000] {processor.py:161} INFO - Started process (PID=652) to work on /home/airflow/.local/lib/python3.8/site-packages/airflow/example_dags/tutorial.py
[2025-02-21T06:28:18.506+0000] {processor.py:830} INFO - Processing file /home/airflow/.local/lib/python3.8/site-packages/airflow/example_dags/tutorial.py for tasks to queue
[2025-02-21T06:28:18.514+0000] {logging_mixin.py:188} INFO - [2025-02-21T06:28:18.512+0000] {dagbag.py:538} INFO - Filling up the DagBag from /home/airflow/.local/lib/python3.8/site-packages/airflow/example_dags/tutorial.py
[2025-02-21T06:28:18.541+0000] {processor.py:840} INFO - DAG(s) 'tutorial' retrieved from /home/airflow/.local/lib/python3.8/site-packages/airflow/example_dags/tutorial.py
[2025-02-21T06:28:18.684+0000] {logging_mixin.py:188} INFO - [2025-02-21T06:28:18.682+0000] {dag.py:3036} INFO - Sync 1 DAGs
[2025-02-21T06:28:18.768+0000] {logging_mixin.py:188} INFO - [2025-02-21T06:28:18.767+0000] {dag.py:3823} INFO - Setting next_dagrun for tutorial to 2025-02-20 00:00:00+00:00, run_after=2025-02-21 00:00:00+00:00
[2025-02-21T06:28:18.890+0000] {processor.py:183} INFO - Processing /home/airflow/.local/lib/python3.8/site-packages/airflow/example_dags/tutorial.py took 0.402 seconds
[2025-02-21T06:28:49.006+0000] {processor.py:161} INFO - Started process (PID=706) to work on /home/airflow/.local/lib/python3.8/site-packages/airflow/example_dags/tutorial.py
[2025-02-21T06:28:49.013+0000] {processor.py:830} INFO - Processing file /home/airflow/.local/lib/python3.8/site-packages/airflow/example_dags/tutorial.py for tasks to queue
[2025-02-21T06:28:49.021+0000] {logging_mixin.py:188} INFO - [2025-02-21T06:28:49.021+0000] {dagbag.py:538} INFO - Filling up the DagBag from /home/airflow/.local/lib/python3.8/site-packages/airflow/example_dags/tutorial.py
[2025-02-21T06:28:49.038+0000] {processor.py:840} INFO - DAG(s) 'tutorial' retrieved from /home/airflow/.local/lib/python3.8/site-packages/airflow/example_dags/tutorial.py
[2025-02-21T06:28:49.123+0000] {logging_mixin.py:188} INFO - [2025-02-21T06:28:49.122+0000] {dag.py:3036} INFO - Sync 1 DAGs
[2025-02-21T06:28:49.201+0000] {logging_mixin.py:188} INFO - [2025-02-21T06:28:49.200+0000] {dag.py:3823} INFO - Setting next_dagrun for tutorial to 2025-02-20 00:00:00+00:00, run_after=2025-02-21 00:00:00+00:00
[2025-02-21T06:28:49.255+0000] {processor.py:183} INFO - Processing /home/airflow/.local/lib/python3.8/site-packages/airflow/example_dags/tutorial.py took 0.259 seconds
[2025-02-21T06:29:19.678+0000] {processor.py:161} INFO - Started process (PID=761) to work on /home/airflow/.local/lib/python3.8/site-packages/airflow/example_dags/tutorial.py
[2025-02-21T06:29:19.682+0000] {processor.py:830} INFO - Processing file /home/airflow/.local/lib/python3.8/site-packages/airflow/example_dags/tutorial.py for tasks to queue
[2025-02-21T06:29:19.686+0000] {logging_mixin.py:188} INFO - [2025-02-21T06:29:19.686+0000] {dagbag.py:538} INFO - Filling up the DagBag from /home/airflow/.local/lib/python3.8/site-packages/airflow/example_dags/tutorial.py
[2025-02-21T06:29:19.701+0000] {processor.py:840} INFO - DAG(s) 'tutorial' retrieved from /home/airflow/.local/lib/python3.8/site-packages/airflow/example_dags/tutorial.py
[2025-02-21T06:29:19.768+0000] {logging_mixin.py:188} INFO - [2025-02-21T06:29:19.768+0000] {dag.py:3036} INFO - Sync 1 DAGs
[2025-02-21T06:29:19.844+0000] {logging_mixin.py:188} INFO - [2025-02-21T06:29:19.843+0000] {dag.py:3823} INFO - Setting next_dagrun for tutorial to 2025-02-20 00:00:00+00:00, run_after=2025-02-21 00:00:00+00:00
[2025-02-21T06:29:19.916+0000] {processor.py:183} INFO - Processing /home/airflow/.local/lib/python3.8/site-packages/airflow/example_dags/tutorial.py took 0.248 seconds
[2025-02-21T06:29:50.119+0000] {processor.py:161} INFO - Started process (PID=816) to work on /home/airflow/.local/lib/python3.8/site-packages/airflow/example_dags/tutorial.py
[2025-02-21T06:29:50.122+0000] {processor.py:830} INFO - Processing file /home/airflow/.local/lib/python3.8/site-packages/airflow/example_dags/tutorial.py for tasks to queue
[2025-02-21T06:29:50.129+0000] {logging_mixin.py:188} INFO - [2025-02-21T06:29:50.129+0000] {dagbag.py:538} INFO - Filling up the DagBag from /home/airflow/.local/lib/python3.8/site-packages/airflow/example_dags/tutorial.py
[2025-02-21T06:29:50.144+0000] {processor.py:840} INFO - DAG(s) 'tutorial' retrieved from /home/airflow/.local/lib/python3.8/site-packages/airflow/example_dags/tutorial.py
[2025-02-21T06:29:50.208+0000] {logging_mixin.py:188} INFO - [2025-02-21T06:29:50.208+0000] {dag.py:3036} INFO - Sync 1 DAGs
[2025-02-21T06:29:50.259+0000] {logging_mixin.py:188} INFO - [2025-02-21T06:29:50.258+0000] {dag.py:3823} INFO - Setting next_dagrun for tutorial to 2025-02-20 00:00:00+00:00, run_after=2025-02-21 00:00:00+00:00
[2025-02-21T06:29:50.309+0000] {processor.py:183} INFO - Processing /home/airflow/.local/lib/python3.8/site-packages/airflow/example_dags/tutorial.py took 0.199 seconds
[2025-02-21T06:30:20.851+0000] {processor.py:161} INFO - Started process (PID=871) to work on /home/airflow/.local/lib/python3.8/site-packages/airflow/example_dags/tutorial.py
[2025-02-21T06:30:20.855+0000] {processor.py:830} INFO - Processing file /home/airflow/.local/lib/python3.8/site-packages/airflow/example_dags/tutorial.py for tasks to queue
[2025-02-21T06:30:20.865+0000] {logging_mixin.py:188} INFO - [2025-02-21T06:30:20.864+0000] {dagbag.py:538} INFO - Filling up the DagBag from /home/airflow/.local/lib/python3.8/site-packages/airflow/example_dags/tutorial.py
[2025-02-21T06:30:20.886+0000] {processor.py:840} INFO - DAG(s) 'tutorial' retrieved from /home/airflow/.local/lib/python3.8/site-packages/airflow/example_dags/tutorial.py
[2025-02-21T06:30:21.004+0000] {logging_mixin.py:188} INFO - [2025-02-21T06:30:21.001+0000] {dag.py:3036} INFO - Sync 1 DAGs
[2025-02-21T06:30:21.090+0000] {logging_mixin.py:188} INFO - [2025-02-21T06:30:21.090+0000] {dag.py:3823} INFO - Setting next_dagrun for tutorial to 2025-02-20 00:00:00+00:00, run_after=2025-02-21 00:00:00+00:00
[2025-02-21T06:30:21.142+0000] {processor.py:183} INFO - Processing /home/airflow/.local/lib/python3.8/site-packages/airflow/example_dags/tutorial.py took 0.304 seconds
[2025-02-21T06:30:52.034+0000] {processor.py:161} INFO - Started process (PID=927) to work on /home/airflow/.local/lib/python3.8/site-packages/airflow/example_dags/tutorial.py
[2025-02-21T06:30:52.041+0000] {processor.py:830} INFO - Processing file /home/airflow/.local/lib/python3.8/site-packages/airflow/example_dags/tutorial.py for tasks to queue
[2025-02-21T06:30:52.054+0000] {logging_mixin.py:188} INFO - [2025-02-21T06:30:52.052+0000] {dagbag.py:538} INFO - Filling up the DagBag from /home/airflow/.local/lib/python3.8/site-packages/airflow/example_dags/tutorial.py
[2025-02-21T06:30:52.082+0000] {processor.py:840} INFO - DAG(s) 'tutorial' retrieved from /home/airflow/.local/lib/python3.8/site-packages/airflow/example_dags/tutorial.py
[2025-02-21T06:30:52.131+0000] {logging_mixin.py:188} INFO - [2025-02-21T06:30:52.130+0000] {dag.py:3036} INFO - Sync 1 DAGs
[2025-02-21T06:30:52.216+0000] {logging_mixin.py:188} INFO - [2025-02-21T06:30:52.215+0000] {dag.py:3823} INFO - Setting next_dagrun for tutorial to 2025-02-20 00:00:00+00:00, run_after=2025-02-21 00:00:00+00:00
[2025-02-21T06:30:52.278+0000] {processor.py:183} INFO - Processing /home/airflow/.local/lib/python3.8/site-packages/airflow/example_dags/tutorial.py took 0.255 seconds
[2025-02-21T06:31:23.125+0000] {processor.py:161} INFO - Started process (PID=982) to work on /home/airflow/.local/lib/python3.8/site-packages/airflow/example_dags/tutorial.py
[2025-02-21T06:31:23.135+0000] {processor.py:830} INFO - Processing file /home/airflow/.local/lib/python3.8/site-packages/airflow/example_dags/tutorial.py for tasks to queue
[2025-02-21T06:31:23.158+0000] {logging_mixin.py:188} INFO - [2025-02-21T06:31:23.156+0000] {dagbag.py:538} INFO - Filling up the DagBag from /home/airflow/.local/lib/python3.8/site-packages/airflow/example_dags/tutorial.py
[2025-02-21T06:31:23.184+0000] {processor.py:840} INFO - DAG(s) 'tutorial' retrieved from /home/airflow/.local/lib/python3.8/site-packages/airflow/example_dags/tutorial.py
[2025-02-21T06:31:23.236+0000] {logging_mixin.py:188} INFO - [2025-02-21T06:31:23.235+0000] {dag.py:3036} INFO - Sync 1 DAGs
[2025-02-21T06:31:23.307+0000] {logging_mixin.py:188} INFO - [2025-02-21T06:31:23.306+0000] {dag.py:3823} INFO - Setting next_dagrun for tutorial to 2025-02-20 00:00:00+00:00, run_after=2025-02-21 00:00:00+00:00
[2025-02-21T06:31:23.358+0000] {processor.py:183} INFO - Processing /home/airflow/.local/lib/python3.8/site-packages/airflow/example_dags/tutorial.py took 0.252 seconds
[2025-02-21T06:31:53.591+0000] {processor.py:161} INFO - Started process (PID=1037) to work on /home/airflow/.local/lib/python3.8/site-packages/airflow/example_dags/tutorial.py
[2025-02-21T06:31:53.593+0000] {processor.py:830} INFO - Processing file /home/airflow/.local/lib/python3.8/site-packages/airflow/example_dags/tutorial.py for tasks to queue
[2025-02-21T06:31:53.598+0000] {logging_mixin.py:188} INFO - [2025-02-21T06:31:53.598+0000] {dagbag.py:538} INFO - Filling up the DagBag from /home/airflow/.local/lib/python3.8/site-packages/airflow/example_dags/tutorial.py
[2025-02-21T06:31:53.617+0000] {processor.py:840} INFO - DAG(s) 'tutorial' retrieved from /home/airflow/.local/lib/python3.8/site-packages/airflow/example_dags/tutorial.py
[2025-02-21T06:31:53.703+0000] {logging_mixin.py:188} INFO - [2025-02-21T06:31:53.701+0000] {dag.py:3036} INFO - Sync 1 DAGs
[2025-02-21T06:31:53.771+0000] {logging_mixin.py:188} INFO - [2025-02-21T06:31:53.770+0000] {dag.py:3823} INFO - Setting next_dagrun for tutorial to 2025-02-20 00:00:00+00:00, run_after=2025-02-21 00:00:00+00:00
[2025-02-21T06:31:53.812+0000] {processor.py:183} INFO - Processing /home/airflow/.local/lib/python3.8/site-packages/airflow/example_dags/tutorial.py took 0.230 seconds
[2025-02-21T06:32:24.673+0000] {processor.py:161} INFO - Started process (PID=1092) to work on /home/airflow/.local/lib/python3.8/site-packages/airflow/example_dags/tutorial.py
[2025-02-21T06:32:24.680+0000] {processor.py:830} INFO - Processing file /home/airflow/.local/lib/python3.8/site-packages/airflow/example_dags/tutorial.py for tasks to queue
[2025-02-21T06:32:24.699+0000] {logging_mixin.py:188} INFO - [2025-02-21T06:32:24.698+0000] {dagbag.py:538} INFO - Filling up the DagBag from /home/airflow/.local/lib/python3.8/site-packages/airflow/example_dags/tutorial.py
[2025-02-21T06:32:24.721+0000] {processor.py:840} INFO - DAG(s) 'tutorial' retrieved from /home/airflow/.local/lib/python3.8/site-packages/airflow/example_dags/tutorial.py
[2025-02-21T06:32:24.837+0000] {logging_mixin.py:188} INFO - [2025-02-21T06:32:24.836+0000] {dag.py:3036} INFO - Sync 1 DAGs
[2025-02-21T06:32:24.897+0000] {logging_mixin.py:188} INFO - [2025-02-21T06:32:24.896+0000] {dag.py:3823} INFO - Setting next_dagrun for tutorial to 2025-02-20 00:00:00+00:00, run_after=2025-02-21 00:00:00+00:00
[2025-02-21T06:32:24.982+0000] {processor.py:183} INFO - Processing /home/airflow/.local/lib/python3.8/site-packages/airflow/example_dags/tutorial.py took 0.319 seconds
[2025-02-21T06:32:55.389+0000] {processor.py:161} INFO - Started process (PID=1147) to work on /home/airflow/.local/lib/python3.8/site-packages/airflow/example_dags/tutorial.py
[2025-02-21T06:32:55.395+0000] {processor.py:830} INFO - Processing file /home/airflow/.local/lib/python3.8/site-packages/airflow/example_dags/tutorial.py for tasks to queue
[2025-02-21T06:32:55.412+0000] {logging_mixin.py:188} INFO - [2025-02-21T06:32:55.411+0000] {dagbag.py:538} INFO - Filling up the DagBag from /home/airflow/.local/lib/python3.8/site-packages/airflow/example_dags/tutorial.py
[2025-02-21T06:32:55.435+0000] {processor.py:840} INFO - DAG(s) 'tutorial' retrieved from /home/airflow/.local/lib/python3.8/site-packages/airflow/example_dags/tutorial.py
[2025-02-21T06:32:55.552+0000] {logging_mixin.py:188} INFO - [2025-02-21T06:32:55.550+0000] {dag.py:3036} INFO - Sync 1 DAGs
[2025-02-21T06:32:55.621+0000] {logging_mixin.py:188} INFO - [2025-02-21T06:32:55.621+0000] {dag.py:3823} INFO - Setting next_dagrun for tutorial to 2025-02-20 00:00:00+00:00, run_after=2025-02-21 00:00:00+00:00
[2025-02-21T06:32:55.684+0000] {processor.py:183} INFO - Processing /home/airflow/.local/lib/python3.8/site-packages/airflow/example_dags/tutorial.py took 0.314 seconds
[2025-02-21T06:33:25.993+0000] {processor.py:161} INFO - Started process (PID=1202) to work on /home/airflow/.local/lib/python3.8/site-packages/airflow/example_dags/tutorial.py
[2025-02-21T06:33:25.999+0000] {processor.py:830} INFO - Processing file /home/airflow/.local/lib/python3.8/site-packages/airflow/example_dags/tutorial.py for tasks to queue
[2025-02-21T06:33:26.012+0000] {logging_mixin.py:188} INFO - [2025-02-21T06:33:26.010+0000] {dagbag.py:538} INFO - Filling up the DagBag from /home/airflow/.local/lib/python3.8/site-packages/airflow/example_dags/tutorial.py
[2025-02-21T06:33:26.033+0000] {processor.py:840} INFO - DAG(s) 'tutorial' retrieved from /home/airflow/.local/lib/python3.8/site-packages/airflow/example_dags/tutorial.py
[2025-02-21T06:33:26.105+0000] {logging_mixin.py:188} INFO - [2025-02-21T06:33:26.104+0000] {dag.py:3036} INFO - Sync 1 DAGs
[2025-02-21T06:33:26.182+0000] {logging_mixin.py:188} INFO - [2025-02-21T06:33:26.182+0000] {dag.py:3823} INFO - Setting next_dagrun for tutorial to 2025-02-20 00:00:00+00:00, run_after=2025-02-21 00:00:00+00:00
[2025-02-21T06:33:26.245+0000] {processor.py:183} INFO - Processing /home/airflow/.local/lib/python3.8/site-packages/airflow/example_dags/tutorial.py took 0.264 seconds
[2025-02-21T06:33:57.011+0000] {processor.py:161} INFO - Started process (PID=1257) to work on /home/airflow/.local/lib/python3.8/site-packages/airflow/example_dags/tutorial.py
[2025-02-21T06:33:57.020+0000] {processor.py:830} INFO - Processing file /home/airflow/.local/lib/python3.8/site-packages/airflow/example_dags/tutorial.py for tasks to queue
[2025-02-21T06:33:57.029+0000] {logging_mixin.py:188} INFO - [2025-02-21T06:33:57.028+0000] {dagbag.py:538} INFO - Filling up the DagBag from /home/airflow/.local/lib/python3.8/site-packages/airflow/example_dags/tutorial.py
[2025-02-21T06:33:57.051+0000] {processor.py:840} INFO - DAG(s) 'tutorial' retrieved from /home/airflow/.local/lib/python3.8/site-packages/airflow/example_dags/tutorial.py
[2025-02-21T06:33:57.117+0000] {logging_mixin.py:188} INFO - [2025-02-21T06:33:57.116+0000] {dag.py:3036} INFO - Sync 1 DAGs
[2025-02-21T06:33:57.185+0000] {logging_mixin.py:188} INFO - [2025-02-21T06:33:57.184+0000] {dag.py:3823} INFO - Setting next_dagrun for tutorial to 2025-02-20 00:00:00+00:00, run_after=2025-02-21 00:00:00+00:00
[2025-02-21T06:33:57.243+0000] {processor.py:183} INFO - Processing /home/airflow/.local/lib/python3.8/site-packages/airflow/example_dags/tutorial.py took 0.248 seconds
[2025-02-21T06:34:28.385+0000] {processor.py:161} INFO - Started process (PID=1312) to work on /home/airflow/.local/lib/python3.8/site-packages/airflow/example_dags/tutorial.py
[2025-02-21T06:34:28.388+0000] {processor.py:830} INFO - Processing file /home/airflow/.local/lib/python3.8/site-packages/airflow/example_dags/tutorial.py for tasks to queue
[2025-02-21T06:34:28.393+0000] {logging_mixin.py:188} INFO - [2025-02-21T06:34:28.392+0000] {dagbag.py:538} INFO - Filling up the DagBag from /home/airflow/.local/lib/python3.8/site-packages/airflow/example_dags/tutorial.py
[2025-02-21T06:34:28.407+0000] {processor.py:840} INFO - DAG(s) 'tutorial' retrieved from /home/airflow/.local/lib/python3.8/site-packages/airflow/example_dags/tutorial.py
[2025-02-21T06:34:28.454+0000] {logging_mixin.py:188} INFO - [2025-02-21T06:34:28.453+0000] {dag.py:3036} INFO - Sync 1 DAGs
[2025-02-21T06:34:28.506+0000] {logging_mixin.py:188} INFO - [2025-02-21T06:34:28.506+0000] {dag.py:3823} INFO - Setting next_dagrun for tutorial to 2025-02-20 00:00:00+00:00, run_after=2025-02-21 00:00:00+00:00
[2025-02-21T06:34:28.598+0000] {processor.py:183} INFO - Processing /home/airflow/.local/lib/python3.8/site-packages/airflow/example_dags/tutorial.py took 0.223 seconds
[2025-02-21T06:34:59.523+0000] {processor.py:161} INFO - Started process (PID=1367) to work on /home/airflow/.local/lib/python3.8/site-packages/airflow/example_dags/tutorial.py
[2025-02-21T06:34:59.526+0000] {processor.py:830} INFO - Processing file /home/airflow/.local/lib/python3.8/site-packages/airflow/example_dags/tutorial.py for tasks to queue
[2025-02-21T06:34:59.531+0000] {logging_mixin.py:188} INFO - [2025-02-21T06:34:59.530+0000] {dagbag.py:538} INFO - Filling up the DagBag from /home/airflow/.local/lib/python3.8/site-packages/airflow/example_dags/tutorial.py
[2025-02-21T06:34:59.577+0000] {processor.py:840} INFO - DAG(s) 'tutorial' retrieved from /home/airflow/.local/lib/python3.8/site-packages/airflow/example_dags/tutorial.py
[2025-02-21T06:34:59.666+0000] {logging_mixin.py:188} INFO - [2025-02-21T06:34:59.666+0000] {dag.py:3036} INFO - Sync 1 DAGs
[2025-02-21T06:34:59.722+0000] {logging_mixin.py:188} INFO - [2025-02-21T06:34:59.721+0000] {dag.py:3823} INFO - Setting next_dagrun for tutorial to 2025-02-20 00:00:00+00:00, run_after=2025-02-21 00:00:00+00:00
[2025-02-21T06:34:59.768+0000] {processor.py:183} INFO - Processing /home/airflow/.local/lib/python3.8/site-packages/airflow/example_dags/tutorial.py took 0.252 seconds
[2025-02-21T06:35:30.069+0000] {processor.py:161} INFO - Started process (PID=1421) to work on /home/airflow/.local/lib/python3.8/site-packages/airflow/example_dags/tutorial.py
[2025-02-21T06:35:30.072+0000] {processor.py:830} INFO - Processing file /home/airflow/.local/lib/python3.8/site-packages/airflow/example_dags/tutorial.py for tasks to queue
[2025-02-21T06:35:30.078+0000] {logging_mixin.py:188} INFO - [2025-02-21T06:35:30.077+0000] {dagbag.py:538} INFO - Filling up the DagBag from /home/airflow/.local/lib/python3.8/site-packages/airflow/example_dags/tutorial.py
[2025-02-21T06:35:30.094+0000] {processor.py:840} INFO - DAG(s) 'tutorial' retrieved from /home/airflow/.local/lib/python3.8/site-packages/airflow/example_dags/tutorial.py
[2025-02-21T06:35:30.156+0000] {logging_mixin.py:188} INFO - [2025-02-21T06:35:30.156+0000] {dag.py:3036} INFO - Sync 1 DAGs
[2025-02-21T06:35:30.209+0000] {logging_mixin.py:188} INFO - [2025-02-21T06:35:30.209+0000] {dag.py:3823} INFO - Setting next_dagrun for tutorial to 2025-02-20 00:00:00+00:00, run_after=2025-02-21 00:00:00+00:00
[2025-02-21T06:35:30.260+0000] {processor.py:183} INFO - Processing /home/airflow/.local/lib/python3.8/site-packages/airflow/example_dags/tutorial.py took 0.202 seconds
[2025-02-21T06:36:00.641+0000] {processor.py:161} INFO - Started process (PID=1476) to work on /home/airflow/.local/lib/python3.8/site-packages/airflow/example_dags/tutorial.py
[2025-02-21T06:36:00.646+0000] {processor.py:830} INFO - Processing file /home/airflow/.local/lib/python3.8/site-packages/airflow/example_dags/tutorial.py for tasks to queue
[2025-02-21T06:36:00.653+0000] {logging_mixin.py:188} INFO - [2025-02-21T06:36:00.652+0000] {dagbag.py:538} INFO - Filling up the DagBag from /home/airflow/.local/lib/python3.8/site-packages/airflow/example_dags/tutorial.py
[2025-02-21T06:36:00.674+0000] {processor.py:840} INFO - DAG(s) 'tutorial' retrieved from /home/airflow/.local/lib/python3.8/site-packages/airflow/example_dags/tutorial.py
[2025-02-21T06:36:00.737+0000] {logging_mixin.py:188} INFO - [2025-02-21T06:36:00.737+0000] {dag.py:3036} INFO - Sync 1 DAGs
[2025-02-21T06:36:00.847+0000] {logging_mixin.py:188} INFO - [2025-02-21T06:36:00.846+0000] {dag.py:3823} INFO - Setting next_dagrun for tutorial to 2025-02-20 00:00:00+00:00, run_after=2025-02-21 00:00:00+00:00
[2025-02-21T06:36:00.933+0000] {processor.py:183} INFO - Processing /home/airflow/.local/lib/python3.8/site-packages/airflow/example_dags/tutorial.py took 0.302 seconds
[2025-02-21T06:36:31.198+0000] {processor.py:161} INFO - Started process (PID=1531) to work on /home/airflow/.local/lib/python3.8/site-packages/airflow/example_dags/tutorial.py
[2025-02-21T06:36:31.201+0000] {processor.py:830} INFO - Processing file /home/airflow/.local/lib/python3.8/site-packages/airflow/example_dags/tutorial.py for tasks to queue
[2025-02-21T06:36:31.207+0000] {logging_mixin.py:188} INFO - [2025-02-21T06:36:31.206+0000] {dagbag.py:538} INFO - Filling up the DagBag from /home/airflow/.local/lib/python3.8/site-packages/airflow/example_dags/tutorial.py
[2025-02-21T06:36:31.223+0000] {processor.py:840} INFO - DAG(s) 'tutorial' retrieved from /home/airflow/.local/lib/python3.8/site-packages/airflow/example_dags/tutorial.py
[2025-02-21T06:36:31.289+0000] {logging_mixin.py:188} INFO - [2025-02-21T06:36:31.288+0000] {dag.py:3036} INFO - Sync 1 DAGs
[2025-02-21T06:36:31.359+0000] {logging_mixin.py:188} INFO - [2025-02-21T06:36:31.358+0000] {dag.py:3823} INFO - Setting next_dagrun for tutorial to 2025-02-20 00:00:00+00:00, run_after=2025-02-21 00:00:00+00:00
[2025-02-21T06:36:31.421+0000] {processor.py:183} INFO - Processing /home/airflow/.local/lib/python3.8/site-packages/airflow/example_dags/tutorial.py took 0.235 seconds
[2025-02-21T06:37:02.009+0000] {processor.py:161} INFO - Started process (PID=1587) to work on /home/airflow/.local/lib/python3.8/site-packages/airflow/example_dags/tutorial.py
[2025-02-21T06:37:02.012+0000] {processor.py:830} INFO - Processing file /home/airflow/.local/lib/python3.8/site-packages/airflow/example_dags/tutorial.py for tasks to queue
[2025-02-21T06:37:02.018+0000] {logging_mixin.py:188} INFO - [2025-02-21T06:37:02.017+0000] {dagbag.py:538} INFO - Filling up the DagBag from /home/airflow/.local/lib/python3.8/site-packages/airflow/example_dags/tutorial.py
[2025-02-21T06:37:02.030+0000] {processor.py:840} INFO - DAG(s) 'tutorial' retrieved from /home/airflow/.local/lib/python3.8/site-packages/airflow/example_dags/tutorial.py
[2025-02-21T06:37:02.095+0000] {logging_mixin.py:188} INFO - [2025-02-21T06:37:02.095+0000] {dag.py:3036} INFO - Sync 1 DAGs
[2025-02-21T06:37:02.142+0000] {logging_mixin.py:188} INFO - [2025-02-21T06:37:02.141+0000] {dag.py:3823} INFO - Setting next_dagrun for tutorial to 2025-02-20 00:00:00+00:00, run_after=2025-02-21 00:00:00+00:00
[2025-02-21T06:37:02.183+0000] {processor.py:183} INFO - Processing /home/airflow/.local/lib/python3.8/site-packages/airflow/example_dags/tutorial.py took 0.185 seconds
[2025-02-21T06:37:32.331+0000] {processor.py:161} INFO - Started process (PID=1642) to work on /home/airflow/.local/lib/python3.8/site-packages/airflow/example_dags/tutorial.py
[2025-02-21T06:37:32.335+0000] {processor.py:830} INFO - Processing file /home/airflow/.local/lib/python3.8/site-packages/airflow/example_dags/tutorial.py for tasks to queue
[2025-02-21T06:37:32.342+0000] {logging_mixin.py:188} INFO - [2025-02-21T06:37:32.341+0000] {dagbag.py:538} INFO - Filling up the DagBag from /home/airflow/.local/lib/python3.8/site-packages/airflow/example_dags/tutorial.py
[2025-02-21T06:37:32.359+0000] {processor.py:840} INFO - DAG(s) 'tutorial' retrieved from /home/airflow/.local/lib/python3.8/site-packages/airflow/example_dags/tutorial.py
[2025-02-21T06:37:32.419+0000] {logging_mixin.py:188} INFO - [2025-02-21T06:37:32.419+0000] {dag.py:3036} INFO - Sync 1 DAGs
[2025-02-21T06:37:32.515+0000] {logging_mixin.py:188} INFO - [2025-02-21T06:37:32.514+0000] {dag.py:3823} INFO - Setting next_dagrun for tutorial to 2025-02-20 00:00:00+00:00, run_after=2025-02-21 00:00:00+00:00
[2025-02-21T06:37:32.612+0000] {processor.py:183} INFO - Processing /home/airflow/.local/lib/python3.8/site-packages/airflow/example_dags/tutorial.py took 0.294 seconds
[2025-02-21T06:38:02.911+0000] {processor.py:161} INFO - Started process (PID=1697) to work on /home/airflow/.local/lib/python3.8/site-packages/airflow/example_dags/tutorial.py
[2025-02-21T06:38:02.914+0000] {processor.py:830} INFO - Processing file /home/airflow/.local/lib/python3.8/site-packages/airflow/example_dags/tutorial.py for tasks to queue
[2025-02-21T06:38:02.918+0000] {logging_mixin.py:188} INFO - [2025-02-21T06:38:02.917+0000] {dagbag.py:538} INFO - Filling up the DagBag from /home/airflow/.local/lib/python3.8/site-packages/airflow/example_dags/tutorial.py
[2025-02-21T06:38:02.935+0000] {processor.py:840} INFO - DAG(s) 'tutorial' retrieved from /home/airflow/.local/lib/python3.8/site-packages/airflow/example_dags/tutorial.py
[2025-02-21T06:38:03.002+0000] {logging_mixin.py:188} INFO - [2025-02-21T06:38:03.001+0000] {dag.py:3036} INFO - Sync 1 DAGs
[2025-02-21T06:38:03.078+0000] {logging_mixin.py:188} INFO - [2025-02-21T06:38:03.077+0000] {dag.py:3823} INFO - Setting next_dagrun for tutorial to 2025-02-20 00:00:00+00:00, run_after=2025-02-21 00:00:00+00:00
[2025-02-21T06:38:03.151+0000] {processor.py:183} INFO - Processing /home/airflow/.local/lib/python3.8/site-packages/airflow/example_dags/tutorial.py took 0.249 seconds
[2025-02-21T06:38:33.564+0000] {processor.py:161} INFO - Started process (PID=1752) to work on /home/airflow/.local/lib/python3.8/site-packages/airflow/example_dags/tutorial.py
[2025-02-21T06:38:33.568+0000] {processor.py:830} INFO - Processing file /home/airflow/.local/lib/python3.8/site-packages/airflow/example_dags/tutorial.py for tasks to queue
[2025-02-21T06:38:33.577+0000] {logging_mixin.py:188} INFO - [2025-02-21T06:38:33.576+0000] {dagbag.py:538} INFO - Filling up the DagBag from /home/airflow/.local/lib/python3.8/site-packages/airflow/example_dags/tutorial.py
[2025-02-21T06:38:33.598+0000] {processor.py:840} INFO - DAG(s) 'tutorial' retrieved from /home/airflow/.local/lib/python3.8/site-packages/airflow/example_dags/tutorial.py
[2025-02-21T06:38:33.660+0000] {logging_mixin.py:188} INFO - [2025-02-21T06:38:33.659+0000] {dag.py:3036} INFO - Sync 1 DAGs
[2025-02-21T06:38:33.714+0000] {logging_mixin.py:188} INFO - [2025-02-21T06:38:33.713+0000] {dag.py:3823} INFO - Setting next_dagrun for tutorial to 2025-02-20 00:00:00+00:00, run_after=2025-02-21 00:00:00+00:00
[2025-02-21T06:38:33.770+0000] {processor.py:183} INFO - Processing /home/airflow/.local/lib/python3.8/site-packages/airflow/example_dags/tutorial.py took 0.215 seconds
[2025-02-21T06:39:04.699+0000] {processor.py:161} INFO - Started process (PID=1807) to work on /home/airflow/.local/lib/python3.8/site-packages/airflow/example_dags/tutorial.py
[2025-02-21T06:39:04.701+0000] {processor.py:830} INFO - Processing file /home/airflow/.local/lib/python3.8/site-packages/airflow/example_dags/tutorial.py for tasks to queue
[2025-02-21T06:39:04.706+0000] {logging_mixin.py:188} INFO - [2025-02-21T06:39:04.705+0000] {dagbag.py:538} INFO - Filling up the DagBag from /home/airflow/.local/lib/python3.8/site-packages/airflow/example_dags/tutorial.py
[2025-02-21T06:39:04.721+0000] {processor.py:840} INFO - DAG(s) 'tutorial' retrieved from /home/airflow/.local/lib/python3.8/site-packages/airflow/example_dags/tutorial.py
[2025-02-21T06:39:04.783+0000] {logging_mixin.py:188} INFO - [2025-02-21T06:39:04.783+0000] {dag.py:3036} INFO - Sync 1 DAGs
[2025-02-21T06:39:04.835+0000] {logging_mixin.py:188} INFO - [2025-02-21T06:39:04.834+0000] {dag.py:3823} INFO - Setting next_dagrun for tutorial to 2025-02-20 00:00:00+00:00, run_after=2025-02-21 00:00:00+00:00
[2025-02-21T06:39:04.884+0000] {processor.py:183} INFO - Processing /home/airflow/.local/lib/python3.8/site-packages/airflow/example_dags/tutorial.py took 0.192 seconds
[2025-02-21T06:39:35.074+0000] {processor.py:161} INFO - Started process (PID=1862) to work on /home/airflow/.local/lib/python3.8/site-packages/airflow/example_dags/tutorial.py
[2025-02-21T06:39:35.080+0000] {processor.py:830} INFO - Processing file /home/airflow/.local/lib/python3.8/site-packages/airflow/example_dags/tutorial.py for tasks to queue
[2025-02-21T06:39:35.086+0000] {logging_mixin.py:188} INFO - [2025-02-21T06:39:35.085+0000] {dagbag.py:538} INFO - Filling up the DagBag from /home/airflow/.local/lib/python3.8/site-packages/airflow/example_dags/tutorial.py
[2025-02-21T06:39:35.103+0000] {processor.py:840} INFO - DAG(s) 'tutorial' retrieved from /home/airflow/.local/lib/python3.8/site-packages/airflow/example_dags/tutorial.py
[2025-02-21T06:39:35.173+0000] {logging_mixin.py:188} INFO - [2025-02-21T06:39:35.172+0000] {dag.py:3036} INFO - Sync 1 DAGs
[2025-02-21T06:39:35.266+0000] {logging_mixin.py:188} INFO - [2025-02-21T06:39:35.265+0000] {dag.py:3823} INFO - Setting next_dagrun for tutorial to 2025-02-20 00:00:00+00:00, run_after=2025-02-21 00:00:00+00:00
[2025-02-21T06:39:35.326+0000] {processor.py:183} INFO - Processing /home/airflow/.local/lib/python3.8/site-packages/airflow/example_dags/tutorial.py took 0.264 seconds
[2025-02-21T06:40:05.689+0000] {processor.py:161} INFO - Started process (PID=1917) to work on /home/airflow/.local/lib/python3.8/site-packages/airflow/example_dags/tutorial.py
[2025-02-21T06:40:05.696+0000] {processor.py:830} INFO - Processing file /home/airflow/.local/lib/python3.8/site-packages/airflow/example_dags/tutorial.py for tasks to queue
[2025-02-21T06:40:05.702+0000] {logging_mixin.py:188} INFO - [2025-02-21T06:40:05.702+0000] {dagbag.py:538} INFO - Filling up the DagBag from /home/airflow/.local/lib/python3.8/site-packages/airflow/example_dags/tutorial.py
[2025-02-21T06:40:05.736+0000] {processor.py:840} INFO - DAG(s) 'tutorial' retrieved from /home/airflow/.local/lib/python3.8/site-packages/airflow/example_dags/tutorial.py
[2025-02-21T06:40:05.865+0000] {logging_mixin.py:188} INFO - [2025-02-21T06:40:05.864+0000] {dag.py:3036} INFO - Sync 1 DAGs
[2025-02-21T06:40:05.938+0000] {logging_mixin.py:188} INFO - [2025-02-21T06:40:05.938+0000] {dag.py:3823} INFO - Setting next_dagrun for tutorial to 2025-02-20 00:00:00+00:00, run_after=2025-02-21 00:00:00+00:00
[2025-02-21T06:40:06.010+0000] {processor.py:183} INFO - Processing /home/airflow/.local/lib/python3.8/site-packages/airflow/example_dags/tutorial.py took 0.331 seconds
[2025-02-21T06:40:36.226+0000] {processor.py:161} INFO - Started process (PID=1972) to work on /home/airflow/.local/lib/python3.8/site-packages/airflow/example_dags/tutorial.py
[2025-02-21T06:40:36.232+0000] {processor.py:830} INFO - Processing file /home/airflow/.local/lib/python3.8/site-packages/airflow/example_dags/tutorial.py for tasks to queue
[2025-02-21T06:40:36.236+0000] {logging_mixin.py:188} INFO - [2025-02-21T06:40:36.236+0000] {dagbag.py:538} INFO - Filling up the DagBag from /home/airflow/.local/lib/python3.8/site-packages/airflow/example_dags/tutorial.py
[2025-02-21T06:40:36.256+0000] {processor.py:840} INFO - DAG(s) 'tutorial' retrieved from /home/airflow/.local/lib/python3.8/site-packages/airflow/example_dags/tutorial.py
[2025-02-21T06:40:36.315+0000] {logging_mixin.py:188} INFO - [2025-02-21T06:40:36.314+0000] {dag.py:3036} INFO - Sync 1 DAGs
[2025-02-21T06:40:36.375+0000] {logging_mixin.py:188} INFO - [2025-02-21T06:40:36.374+0000] {dag.py:3823} INFO - Setting next_dagrun for tutorial to 2025-02-20 00:00:00+00:00, run_after=2025-02-21 00:00:00+00:00
[2025-02-21T06:40:36.427+0000] {processor.py:183} INFO - Processing /home/airflow/.local/lib/python3.8/site-packages/airflow/example_dags/tutorial.py took 0.212 seconds
[2025-02-21T06:41:06.930+0000] {processor.py:161} INFO - Started process (PID=2027) to work on /home/airflow/.local/lib/python3.8/site-packages/airflow/example_dags/tutorial.py
[2025-02-21T06:41:06.935+0000] {processor.py:830} INFO - Processing file /home/airflow/.local/lib/python3.8/site-packages/airflow/example_dags/tutorial.py for tasks to queue
[2025-02-21T06:41:06.943+0000] {logging_mixin.py:188} INFO - [2025-02-21T06:41:06.941+0000] {dagbag.py:538} INFO - Filling up the DagBag from /home/airflow/.local/lib/python3.8/site-packages/airflow/example_dags/tutorial.py
[2025-02-21T06:41:06.961+0000] {processor.py:840} INFO - DAG(s) 'tutorial' retrieved from /home/airflow/.local/lib/python3.8/site-packages/airflow/example_dags/tutorial.py
[2025-02-21T06:41:07.017+0000] {logging_mixin.py:188} INFO - [2025-02-21T06:41:07.016+0000] {dag.py:3036} INFO - Sync 1 DAGs
[2025-02-21T06:41:07.075+0000] {logging_mixin.py:188} INFO - [2025-02-21T06:41:07.074+0000] {dag.py:3823} INFO - Setting next_dagrun for tutorial to 2025-02-20 00:00:00+00:00, run_after=2025-02-21 00:00:00+00:00
[2025-02-21T06:41:07.127+0000] {processor.py:183} INFO - Processing /home/airflow/.local/lib/python3.8/site-packages/airflow/example_dags/tutorial.py took 0.208 seconds
[2025-02-21T06:41:37.539+0000] {processor.py:161} INFO - Started process (PID=2082) to work on /home/airflow/.local/lib/python3.8/site-packages/airflow/example_dags/tutorial.py
[2025-02-21T06:41:37.544+0000] {processor.py:830} INFO - Processing file /home/airflow/.local/lib/python3.8/site-packages/airflow/example_dags/tutorial.py for tasks to queue
[2025-02-21T06:41:37.550+0000] {logging_mixin.py:188} INFO - [2025-02-21T06:41:37.550+0000] {dagbag.py:538} INFO - Filling up the DagBag from /home/airflow/.local/lib/python3.8/site-packages/airflow/example_dags/tutorial.py
[2025-02-21T06:41:37.568+0000] {processor.py:840} INFO - DAG(s) 'tutorial' retrieved from /home/airflow/.local/lib/python3.8/site-packages/airflow/example_dags/tutorial.py
[2025-02-21T06:41:37.648+0000] {logging_mixin.py:188} INFO - [2025-02-21T06:41:37.647+0000] {dag.py:3036} INFO - Sync 1 DAGs
[2025-02-21T06:41:37.743+0000] {logging_mixin.py:188} INFO - [2025-02-21T06:41:37.742+0000] {dag.py:3823} INFO - Setting next_dagrun for tutorial to 2025-02-20 00:00:00+00:00, run_after=2025-02-21 00:00:00+00:00
[2025-02-21T06:41:37.804+0000] {processor.py:183} INFO - Processing /home/airflow/.local/lib/python3.8/site-packages/airflow/example_dags/tutorial.py took 0.280 seconds
[2025-02-21T06:42:08.337+0000] {processor.py:161} INFO - Started process (PID=2137) to work on /home/airflow/.local/lib/python3.8/site-packages/airflow/example_dags/tutorial.py
[2025-02-21T06:42:08.343+0000] {processor.py:830} INFO - Processing file /home/airflow/.local/lib/python3.8/site-packages/airflow/example_dags/tutorial.py for tasks to queue
[2025-02-21T06:42:08.351+0000] {logging_mixin.py:188} INFO - [2025-02-21T06:42:08.350+0000] {dagbag.py:538} INFO - Filling up the DagBag from /home/airflow/.local/lib/python3.8/site-packages/airflow/example_dags/tutorial.py
[2025-02-21T06:42:08.371+0000] {processor.py:840} INFO - DAG(s) 'tutorial' retrieved from /home/airflow/.local/lib/python3.8/site-packages/airflow/example_dags/tutorial.py
[2025-02-21T06:42:08.450+0000] {logging_mixin.py:188} INFO - [2025-02-21T06:42:08.449+0000] {dag.py:3036} INFO - Sync 1 DAGs
[2025-02-21T06:42:08.537+0000] {logging_mixin.py:188} INFO - [2025-02-21T06:42:08.536+0000] {dag.py:3823} INFO - Setting next_dagrun for tutorial to 2025-02-20 00:00:00+00:00, run_after=2025-02-21 00:00:00+00:00
[2025-02-21T06:42:08.625+0000] {processor.py:183} INFO - Processing /home/airflow/.local/lib/python3.8/site-packages/airflow/example_dags/tutorial.py took 0.299 seconds
[2025-02-21T06:42:39.495+0000] {processor.py:161} INFO - Started process (PID=2193) to work on /home/airflow/.local/lib/python3.8/site-packages/airflow/example_dags/tutorial.py
[2025-02-21T06:42:39.502+0000] {processor.py:830} INFO - Processing file /home/airflow/.local/lib/python3.8/site-packages/airflow/example_dags/tutorial.py for tasks to queue
[2025-02-21T06:42:39.512+0000] {logging_mixin.py:188} INFO - [2025-02-21T06:42:39.510+0000] {dagbag.py:538} INFO - Filling up the DagBag from /home/airflow/.local/lib/python3.8/site-packages/airflow/example_dags/tutorial.py
[2025-02-21T06:42:39.539+0000] {processor.py:840} INFO - DAG(s) 'tutorial' retrieved from /home/airflow/.local/lib/python3.8/site-packages/airflow/example_dags/tutorial.py
[2025-02-21T06:42:39.661+0000] {logging_mixin.py:188} INFO - [2025-02-21T06:42:39.661+0000] {dag.py:3036} INFO - Sync 1 DAGs
[2025-02-21T06:42:39.711+0000] {logging_mixin.py:188} INFO - [2025-02-21T06:42:39.711+0000] {dag.py:3823} INFO - Setting next_dagrun for tutorial to 2025-02-20 00:00:00+00:00, run_after=2025-02-21 00:00:00+00:00
[2025-02-21T06:42:39.772+0000] {processor.py:183} INFO - Processing /home/airflow/.local/lib/python3.8/site-packages/airflow/example_dags/tutorial.py took 0.297 seconds
[2025-02-21T06:43:10.060+0000] {processor.py:161} INFO - Started process (PID=2249) to work on /home/airflow/.local/lib/python3.8/site-packages/airflow/example_dags/tutorial.py
[2025-02-21T06:43:10.064+0000] {processor.py:830} INFO - Processing file /home/airflow/.local/lib/python3.8/site-packages/airflow/example_dags/tutorial.py for tasks to queue
[2025-02-21T06:43:10.069+0000] {logging_mixin.py:188} INFO - [2025-02-21T06:43:10.069+0000] {dagbag.py:538} INFO - Filling up the DagBag from /home/airflow/.local/lib/python3.8/site-packages/airflow/example_dags/tutorial.py
[2025-02-21T06:43:10.083+0000] {processor.py:840} INFO - DAG(s) 'tutorial' retrieved from /home/airflow/.local/lib/python3.8/site-packages/airflow/example_dags/tutorial.py
[2025-02-21T06:43:10.144+0000] {logging_mixin.py:188} INFO - [2025-02-21T06:43:10.144+0000] {dag.py:3036} INFO - Sync 1 DAGs
[2025-02-21T06:43:10.188+0000] {logging_mixin.py:188} INFO - [2025-02-21T06:43:10.187+0000] {dag.py:3823} INFO - Setting next_dagrun for tutorial to 2025-02-20 00:00:00+00:00, run_after=2025-02-21 00:00:00+00:00
[2025-02-21T06:43:10.237+0000] {processor.py:183} INFO - Processing /home/airflow/.local/lib/python3.8/site-packages/airflow/example_dags/tutorial.py took 0.185 seconds
[2025-02-21T06:43:40.990+0000] {processor.py:161} INFO - Started process (PID=2304) to work on /home/airflow/.local/lib/python3.8/site-packages/airflow/example_dags/tutorial.py
[2025-02-21T06:43:40.994+0000] {processor.py:830} INFO - Processing file /home/airflow/.local/lib/python3.8/site-packages/airflow/example_dags/tutorial.py for tasks to queue
[2025-02-21T06:43:41.011+0000] {logging_mixin.py:188} INFO - [2025-02-21T06:43:41.010+0000] {dagbag.py:538} INFO - Filling up the DagBag from /home/airflow/.local/lib/python3.8/site-packages/airflow/example_dags/tutorial.py
[2025-02-21T06:43:41.043+0000] {processor.py:840} INFO - DAG(s) 'tutorial' retrieved from /home/airflow/.local/lib/python3.8/site-packages/airflow/example_dags/tutorial.py
[2025-02-21T06:43:41.110+0000] {logging_mixin.py:188} INFO - [2025-02-21T06:43:41.109+0000] {dag.py:3036} INFO - Sync 1 DAGs
[2025-02-21T06:43:41.199+0000] {logging_mixin.py:188} INFO - [2025-02-21T06:43:41.196+0000] {dag.py:3823} INFO - Setting next_dagrun for tutorial to 2025-02-20 00:00:00+00:00, run_after=2025-02-21 00:00:00+00:00
[2025-02-21T06:43:41.292+0000] {processor.py:183} INFO - Processing /home/airflow/.local/lib/python3.8/site-packages/airflow/example_dags/tutorial.py took 0.314 seconds
[2025-02-21T06:44:11.472+0000] {processor.py:161} INFO - Started process (PID=2360) to work on /home/airflow/.local/lib/python3.8/site-packages/airflow/example_dags/tutorial.py
[2025-02-21T06:44:11.480+0000] {processor.py:830} INFO - Processing file /home/airflow/.local/lib/python3.8/site-packages/airflow/example_dags/tutorial.py for tasks to queue
[2025-02-21T06:44:11.490+0000] {logging_mixin.py:188} INFO - [2025-02-21T06:44:11.489+0000] {dagbag.py:538} INFO - Filling up the DagBag from /home/airflow/.local/lib/python3.8/site-packages/airflow/example_dags/tutorial.py
[2025-02-21T06:44:11.520+0000] {processor.py:840} INFO - DAG(s) 'tutorial' retrieved from /home/airflow/.local/lib/python3.8/site-packages/airflow/example_dags/tutorial.py
[2025-02-21T06:44:11.579+0000] {logging_mixin.py:188} INFO - [2025-02-21T06:44:11.578+0000] {dag.py:3036} INFO - Sync 1 DAGs
[2025-02-21T06:44:11.661+0000] {logging_mixin.py:188} INFO - [2025-02-21T06:44:11.660+0000] {dag.py:3823} INFO - Setting next_dagrun for tutorial to 2025-02-20 00:00:00+00:00, run_after=2025-02-21 00:00:00+00:00
[2025-02-21T06:44:11.818+0000] {processor.py:183} INFO - Processing /home/airflow/.local/lib/python3.8/site-packages/airflow/example_dags/tutorial.py took 0.358 seconds
[2025-02-21T06:44:42.310+0000] {processor.py:161} INFO - Started process (PID=2416) to work on /home/airflow/.local/lib/python3.8/site-packages/airflow/example_dags/tutorial.py
[2025-02-21T06:44:42.313+0000] {processor.py:830} INFO - Processing file /home/airflow/.local/lib/python3.8/site-packages/airflow/example_dags/tutorial.py for tasks to queue
[2025-02-21T06:44:42.320+0000] {logging_mixin.py:188} INFO - [2025-02-21T06:44:42.319+0000] {dagbag.py:538} INFO - Filling up the DagBag from /home/airflow/.local/lib/python3.8/site-packages/airflow/example_dags/tutorial.py
[2025-02-21T06:44:42.338+0000] {processor.py:840} INFO - DAG(s) 'tutorial' retrieved from /home/airflow/.local/lib/python3.8/site-packages/airflow/example_dags/tutorial.py
[2025-02-21T06:44:42.395+0000] {logging_mixin.py:188} INFO - [2025-02-21T06:44:42.394+0000] {dag.py:3036} INFO - Sync 1 DAGs
[2025-02-21T06:44:42.448+0000] {logging_mixin.py:188} INFO - [2025-02-21T06:44:42.447+0000] {dag.py:3823} INFO - Setting next_dagrun for tutorial to 2025-02-20 00:00:00+00:00, run_after=2025-02-21 00:00:00+00:00
[2025-02-21T06:44:42.813+0000] {processor.py:183} INFO - Processing /home/airflow/.local/lib/python3.8/site-packages/airflow/example_dags/tutorial.py took 0.513 seconds
[2025-02-21T06:45:13.355+0000] {processor.py:161} INFO - Started process (PID=2470) to work on /home/airflow/.local/lib/python3.8/site-packages/airflow/example_dags/tutorial.py
[2025-02-21T06:45:13.360+0000] {processor.py:830} INFO - Processing file /home/airflow/.local/lib/python3.8/site-packages/airflow/example_dags/tutorial.py for tasks to queue
[2025-02-21T06:45:13.365+0000] {logging_mixin.py:188} INFO - [2025-02-21T06:45:13.364+0000] {dagbag.py:538} INFO - Filling up the DagBag from /home/airflow/.local/lib/python3.8/site-packages/airflow/example_dags/tutorial.py
[2025-02-21T06:45:13.382+0000] {processor.py:840} INFO - DAG(s) 'tutorial' retrieved from /home/airflow/.local/lib/python3.8/site-packages/airflow/example_dags/tutorial.py
[2025-02-21T06:45:13.464+0000] {logging_mixin.py:188} INFO - [2025-02-21T06:45:13.463+0000] {dag.py:3036} INFO - Sync 1 DAGs
[2025-02-21T06:45:13.527+0000] {logging_mixin.py:188} INFO - [2025-02-21T06:45:13.526+0000] {dag.py:3823} INFO - Setting next_dagrun for tutorial to 2025-02-20 00:00:00+00:00, run_after=2025-02-21 00:00:00+00:00
[2025-02-21T06:45:13.600+0000] {processor.py:183} INFO - Processing /home/airflow/.local/lib/python3.8/site-packages/airflow/example_dags/tutorial.py took 0.255 seconds
[2025-02-21T06:45:44.107+0000] {processor.py:161} INFO - Started process (PID=2526) to work on /home/airflow/.local/lib/python3.8/site-packages/airflow/example_dags/tutorial.py
[2025-02-21T06:45:44.110+0000] {processor.py:830} INFO - Processing file /home/airflow/.local/lib/python3.8/site-packages/airflow/example_dags/tutorial.py for tasks to queue
[2025-02-21T06:45:44.115+0000] {logging_mixin.py:188} INFO - [2025-02-21T06:45:44.114+0000] {dagbag.py:538} INFO - Filling up the DagBag from /home/airflow/.local/lib/python3.8/site-packages/airflow/example_dags/tutorial.py
[2025-02-21T06:45:44.130+0000] {processor.py:840} INFO - DAG(s) 'tutorial' retrieved from /home/airflow/.local/lib/python3.8/site-packages/airflow/example_dags/tutorial.py
[2025-02-21T06:45:44.185+0000] {logging_mixin.py:188} INFO - [2025-02-21T06:45:44.185+0000] {dag.py:3036} INFO - Sync 1 DAGs
[2025-02-21T06:45:44.246+0000] {logging_mixin.py:188} INFO - [2025-02-21T06:45:44.246+0000] {dag.py:3823} INFO - Setting next_dagrun for tutorial to 2025-02-20 00:00:00+00:00, run_after=2025-02-21 00:00:00+00:00
[2025-02-21T06:45:44.302+0000] {processor.py:183} INFO - Processing /home/airflow/.local/lib/python3.8/site-packages/airflow/example_dags/tutorial.py took 0.206 seconds
[2025-02-21T06:46:15.303+0000] {processor.py:161} INFO - Started process (PID=2581) to work on /home/airflow/.local/lib/python3.8/site-packages/airflow/example_dags/tutorial.py
[2025-02-21T06:46:15.306+0000] {processor.py:830} INFO - Processing file /home/airflow/.local/lib/python3.8/site-packages/airflow/example_dags/tutorial.py for tasks to queue
[2025-02-21T06:46:15.313+0000] {logging_mixin.py:188} INFO - [2025-02-21T06:46:15.312+0000] {dagbag.py:538} INFO - Filling up the DagBag from /home/airflow/.local/lib/python3.8/site-packages/airflow/example_dags/tutorial.py
[2025-02-21T06:46:15.345+0000] {processor.py:840} INFO - DAG(s) 'tutorial' retrieved from /home/airflow/.local/lib/python3.8/site-packages/airflow/example_dags/tutorial.py
[2025-02-21T06:46:15.456+0000] {logging_mixin.py:188} INFO - [2025-02-21T06:46:15.455+0000] {dag.py:3036} INFO - Sync 1 DAGs
[2025-02-21T06:46:15.565+0000] {logging_mixin.py:188} INFO - [2025-02-21T06:46:15.564+0000] {dag.py:3823} INFO - Setting next_dagrun for tutorial to 2025-02-20 00:00:00+00:00, run_after=2025-02-21 00:00:00+00:00
[2025-02-21T06:46:15.610+0000] {processor.py:183} INFO - Processing /home/airflow/.local/lib/python3.8/site-packages/airflow/example_dags/tutorial.py took 0.329 seconds
[2025-02-21T06:46:46.439+0000] {processor.py:161} INFO - Started process (PID=2642) to work on /home/airflow/.local/lib/python3.8/site-packages/airflow/example_dags/tutorial.py
[2025-02-21T06:46:46.448+0000] {processor.py:830} INFO - Processing file /home/airflow/.local/lib/python3.8/site-packages/airflow/example_dags/tutorial.py for tasks to queue
[2025-02-21T06:46:46.460+0000] {logging_mixin.py:188} INFO - [2025-02-21T06:46:46.459+0000] {dagbag.py:538} INFO - Filling up the DagBag from /home/airflow/.local/lib/python3.8/site-packages/airflow/example_dags/tutorial.py
[2025-02-21T06:46:46.487+0000] {processor.py:840} INFO - DAG(s) 'tutorial' retrieved from /home/airflow/.local/lib/python3.8/site-packages/airflow/example_dags/tutorial.py
[2025-02-21T06:46:46.592+0000] {logging_mixin.py:188} INFO - [2025-02-21T06:46:46.592+0000] {dag.py:3036} INFO - Sync 1 DAGs
[2025-02-21T06:46:47.047+0000] {logging_mixin.py:188} INFO - [2025-02-21T06:46:47.046+0000] {dag.py:3823} INFO - Setting next_dagrun for tutorial to 2025-02-20 00:00:00+00:00, run_after=2025-02-21 00:00:00+00:00
[2025-02-21T06:46:47.175+0000] {processor.py:183} INFO - Processing /home/airflow/.local/lib/python3.8/site-packages/airflow/example_dags/tutorial.py took 0.756 seconds
[2025-02-21T06:47:17.673+0000] {processor.py:161} INFO - Started process (PID=2697) to work on /home/airflow/.local/lib/python3.8/site-packages/airflow/example_dags/tutorial.py
[2025-02-21T06:47:17.678+0000] {processor.py:830} INFO - Processing file /home/airflow/.local/lib/python3.8/site-packages/airflow/example_dags/tutorial.py for tasks to queue
[2025-02-21T06:47:17.687+0000] {logging_mixin.py:188} INFO - [2025-02-21T06:47:17.686+0000] {dagbag.py:538} INFO - Filling up the DagBag from /home/airflow/.local/lib/python3.8/site-packages/airflow/example_dags/tutorial.py
[2025-02-21T06:47:17.724+0000] {processor.py:840} INFO - DAG(s) 'tutorial' retrieved from /home/airflow/.local/lib/python3.8/site-packages/airflow/example_dags/tutorial.py
[2025-02-21T06:47:17.784+0000] {logging_mixin.py:188} INFO - [2025-02-21T06:47:17.783+0000] {dag.py:3036} INFO - Sync 1 DAGs
[2025-02-21T06:47:18.270+0000] {logging_mixin.py:188} INFO - [2025-02-21T06:47:18.269+0000] {dag.py:3823} INFO - Setting next_dagrun for tutorial to 2025-02-20 00:00:00+00:00, run_after=2025-02-21 00:00:00+00:00
[2025-02-21T06:47:18.329+0000] {processor.py:183} INFO - Processing /home/airflow/.local/lib/python3.8/site-packages/airflow/example_dags/tutorial.py took 0.670 seconds
