[2025-02-21T07:22:55.663+0000] {processor.py:161} INFO - Started process (PID=6554) to work on /opt/airflow/dags/optum_etl_dag1.py
[2025-02-21T07:22:55.666+0000] {processor.py:830} INFO - Processing file /opt/airflow/dags/optum_etl_dag1.py for tasks to queue
[2025-02-21T07:22:55.671+0000] {logging_mixin.py:188} INFO - [2025-02-21T07:22:55.670+0000] {dagbag.py:538} INFO - Filling up the DagBag from /opt/airflow/dags/optum_etl_dag1.py
[2025-02-21T07:22:55.780+0000] {processor.py:840} INFO - DAG(s) 'optum_etl_dag1' retrieved from /opt/airflow/dags/optum_etl_dag1.py
[2025-02-21T07:22:56.046+0000] {logging_mixin.py:188} INFO - [2025-02-21T07:22:56.045+0000] {override.py:1769} INFO - Created Permission View: can delete on DAG:optum_etl_dag1
[2025-02-21T07:22:56.070+0000] {logging_mixin.py:188} INFO - [2025-02-21T07:22:56.070+0000] {override.py:1769} INFO - Created Permission View: can read on DAG:optum_etl_dag1
[2025-02-21T07:22:56.088+0000] {logging_mixin.py:188} INFO - [2025-02-21T07:22:56.088+0000] {override.py:1769} INFO - Created Permission View: can edit on DAG:optum_etl_dag1
[2025-02-21T07:22:56.090+0000] {logging_mixin.py:188} INFO - [2025-02-21T07:22:56.090+0000] {dag.py:3036} INFO - Sync 1 DAGs
[2025-02-21T07:22:56.118+0000] {logging_mixin.py:188} INFO - [2025-02-21T07:22:56.117+0000] {dag.py:3058} INFO - Creating ORM DAG for optum_etl_dag1
[2025-02-21T07:22:56.152+0000] {logging_mixin.py:188} INFO - [2025-02-21T07:22:56.152+0000] {dag.py:3823} INFO - Setting next_dagrun for optum_etl_dag1 to 2025-01-01 00:00:00+00:00, run_after=2025-01-01 00:02:00+00:00
[2025-02-21T07:22:56.213+0000] {processor.py:183} INFO - Processing /opt/airflow/dags/optum_etl_dag1.py took 0.557 seconds
[2025-02-21T07:23:26.748+0000] {processor.py:161} INFO - Started process (PID=6614) to work on /opt/airflow/dags/optum_etl_dag1.py
[2025-02-21T07:23:26.751+0000] {processor.py:830} INFO - Processing file /opt/airflow/dags/optum_etl_dag1.py for tasks to queue
[2025-02-21T07:23:26.760+0000] {logging_mixin.py:188} INFO - [2025-02-21T07:23:26.758+0000] {dagbag.py:538} INFO - Filling up the DagBag from /opt/airflow/dags/optum_etl_dag1.py
[2025-02-21T07:23:26.860+0000] {processor.py:840} INFO - DAG(s) 'optum_etl_dag1' retrieved from /opt/airflow/dags/optum_etl_dag1.py
[2025-02-21T07:23:26.938+0000] {logging_mixin.py:188} INFO - [2025-02-21T07:23:26.937+0000] {dag.py:3036} INFO - Sync 1 DAGs
[2025-02-21T07:23:26.993+0000] {logging_mixin.py:188} INFO - [2025-02-21T07:23:26.993+0000] {dag.py:3823} INFO - Setting next_dagrun for optum_etl_dag1 to 2025-01-01 00:00:00+00:00, run_after=2025-01-01 00:02:00+00:00
[2025-02-21T07:23:27.040+0000] {processor.py:183} INFO - Processing /opt/airflow/dags/optum_etl_dag1.py took 0.300 seconds
[2025-02-21T07:23:57.416+0000] {processor.py:161} INFO - Started process (PID=6673) to work on /opt/airflow/dags/optum_etl_dag1.py
[2025-02-21T07:23:57.419+0000] {processor.py:830} INFO - Processing file /opt/airflow/dags/optum_etl_dag1.py for tasks to queue
[2025-02-21T07:23:57.424+0000] {logging_mixin.py:188} INFO - [2025-02-21T07:23:57.423+0000] {dagbag.py:538} INFO - Filling up the DagBag from /opt/airflow/dags/optum_etl_dag1.py
[2025-02-21T07:23:57.484+0000] {processor.py:840} INFO - DAG(s) 'optum_etl_dag1' retrieved from /opt/airflow/dags/optum_etl_dag1.py
[2025-02-21T07:23:57.533+0000] {logging_mixin.py:188} INFO - [2025-02-21T07:23:57.532+0000] {dag.py:3036} INFO - Sync 1 DAGs
[2025-02-21T07:23:57.580+0000] {logging_mixin.py:188} INFO - [2025-02-21T07:23:57.579+0000] {dag.py:3823} INFO - Setting next_dagrun for optum_etl_dag1 to 2025-01-01 00:00:00+00:00, run_after=2025-01-01 00:02:00+00:00
[2025-02-21T07:23:57.625+0000] {processor.py:183} INFO - Processing /opt/airflow/dags/optum_etl_dag1.py took 0.217 seconds
[2025-02-21T07:24:30.024+0000] {processor.py:161} INFO - Started process (PID=6743) to work on /opt/airflow/dags/optum_etl_dag1.py
[2025-02-21T07:24:30.031+0000] {processor.py:830} INFO - Processing file /opt/airflow/dags/optum_etl_dag1.py for tasks to queue
[2025-02-21T07:24:30.037+0000] {logging_mixin.py:188} INFO - [2025-02-21T07:24:30.035+0000] {dagbag.py:538} INFO - Filling up the DagBag from /opt/airflow/dags/optum_etl_dag1.py
[2025-02-21T07:24:30.189+0000] {processor.py:840} INFO - DAG(s) 'optum_etl_dag1' retrieved from /opt/airflow/dags/optum_etl_dag1.py
[2025-02-21T07:24:30.619+0000] {logging_mixin.py:188} INFO - [2025-02-21T07:24:30.618+0000] {dag.py:3036} INFO - Sync 1 DAGs
[2025-02-21T07:24:31.010+0000] {logging_mixin.py:188} INFO - [2025-02-21T07:24:31.010+0000] {dag.py:3823} INFO - Setting next_dagrun for optum_etl_dag1 to 2025-01-01 00:16:00+00:00, run_after=2025-01-01 00:18:00+00:00
[2025-02-21T07:24:31.182+0000] {processor.py:183} INFO - Processing /opt/airflow/dags/optum_etl_dag1.py took 1.173 seconds
[2025-02-21T07:25:10.523+0000] {processor.py:161} INFO - Started process (PID=6855) to work on /opt/airflow/dags/optum_etl_dag1.py
[2025-02-21T07:25:10.530+0000] {processor.py:830} INFO - Processing file /opt/airflow/dags/optum_etl_dag1.py for tasks to queue
[2025-02-21T07:25:10.540+0000] {logging_mixin.py:188} INFO - [2025-02-21T07:25:10.539+0000] {dagbag.py:538} INFO - Filling up the DagBag from /opt/airflow/dags/optum_etl_dag1.py
[2025-02-21T07:25:10.676+0000] {processor.py:840} INFO - DAG(s) 'optum_etl_dag1' retrieved from /opt/airflow/dags/optum_etl_dag1.py
[2025-02-21T07:25:10.831+0000] {logging_mixin.py:188} INFO - [2025-02-21T07:25:10.830+0000] {dag.py:3036} INFO - Sync 1 DAGs
[2025-02-21T07:25:11.226+0000] {processor.py:183} INFO - Processing /opt/airflow/dags/optum_etl_dag1.py took 0.715 seconds
[2025-02-21T07:25:42.046+0000] {processor.py:161} INFO - Started process (PID=6936) to work on /opt/airflow/dags/optum_etl_dag1.py
[2025-02-21T07:25:42.051+0000] {processor.py:830} INFO - Processing file /opt/airflow/dags/optum_etl_dag1.py for tasks to queue
[2025-02-21T07:25:42.059+0000] {logging_mixin.py:188} INFO - [2025-02-21T07:25:42.058+0000] {dagbag.py:538} INFO - Filling up the DagBag from /opt/airflow/dags/optum_etl_dag1.py
[2025-02-21T07:25:42.269+0000] {processor.py:840} INFO - DAG(s) 'optum_etl_dag1' retrieved from /opt/airflow/dags/optum_etl_dag1.py
[2025-02-21T07:25:42.404+0000] {logging_mixin.py:188} INFO - [2025-02-21T07:25:42.404+0000] {dag.py:3036} INFO - Sync 1 DAGs
[2025-02-21T07:25:42.640+0000] {processor.py:183} INFO - Processing /opt/airflow/dags/optum_etl_dag1.py took 0.612 seconds
[2025-02-21T07:26:12.982+0000] {processor.py:161} INFO - Started process (PID=7015) to work on /opt/airflow/dags/optum_etl_dag1.py
[2025-02-21T07:26:12.986+0000] {processor.py:830} INFO - Processing file /opt/airflow/dags/optum_etl_dag1.py for tasks to queue
[2025-02-21T07:26:12.994+0000] {logging_mixin.py:188} INFO - [2025-02-21T07:26:12.992+0000] {dagbag.py:538} INFO - Filling up the DagBag from /opt/airflow/dags/optum_etl_dag1.py
[2025-02-21T07:26:13.062+0000] {processor.py:840} INFO - DAG(s) 'optum_etl_dag1' retrieved from /opt/airflow/dags/optum_etl_dag1.py
[2025-02-21T07:26:13.144+0000] {logging_mixin.py:188} INFO - [2025-02-21T07:26:13.143+0000] {dag.py:3036} INFO - Sync 1 DAGs
[2025-02-21T07:26:13.231+0000] {logging_mixin.py:188} INFO - [2025-02-21T07:26:13.231+0000] {dag.py:3823} INFO - Setting next_dagrun for optum_etl_dag1 to 2025-01-01 00:34:00+00:00, run_after=2025-01-01 00:36:00+00:00
[2025-02-21T07:26:13.292+0000] {processor.py:183} INFO - Processing /opt/airflow/dags/optum_etl_dag1.py took 0.318 seconds
[2025-02-21T07:26:45.029+0000] {processor.py:161} INFO - Started process (PID=7121) to work on /opt/airflow/dags/optum_etl_dag1.py
[2025-02-21T07:26:45.033+0000] {processor.py:830} INFO - Processing file /opt/airflow/dags/optum_etl_dag1.py for tasks to queue
[2025-02-21T07:26:45.051+0000] {logging_mixin.py:188} INFO - [2025-02-21T07:26:45.051+0000] {dagbag.py:538} INFO - Filling up the DagBag from /opt/airflow/dags/optum_etl_dag1.py
[2025-02-21T07:26:45.199+0000] {processor.py:840} INFO - DAG(s) 'optum_etl_dag1' retrieved from /opt/airflow/dags/optum_etl_dag1.py
[2025-02-21T07:26:45.443+0000] {logging_mixin.py:188} INFO - [2025-02-21T07:26:45.442+0000] {dag.py:3036} INFO - Sync 1 DAGs
[2025-02-21T07:26:45.577+0000] {logging_mixin.py:188} INFO - [2025-02-21T07:26:45.576+0000] {dag.py:3823} INFO - Setting next_dagrun for optum_etl_dag1 to 2025-01-01 01:04:00+00:00, run_after=2025-01-01 01:06:00+00:00
[2025-02-21T07:26:45.719+0000] {processor.py:183} INFO - Processing /opt/airflow/dags/optum_etl_dag1.py took 0.704 seconds
[2025-02-21T07:27:17.026+0000] {processor.py:161} INFO - Started process (PID=7222) to work on /opt/airflow/dags/optum_etl_dag1.py
[2025-02-21T07:27:17.028+0000] {processor.py:830} INFO - Processing file /opt/airflow/dags/optum_etl_dag1.py for tasks to queue
[2025-02-21T07:27:17.036+0000] {logging_mixin.py:188} INFO - [2025-02-21T07:27:17.035+0000] {dagbag.py:538} INFO - Filling up the DagBag from /opt/airflow/dags/optum_etl_dag1.py
[2025-02-21T07:27:17.202+0000] {processor.py:840} INFO - DAG(s) 'optum_etl_dag1' retrieved from /opt/airflow/dags/optum_etl_dag1.py
[2025-02-21T07:27:17.268+0000] {logging_mixin.py:188} INFO - [2025-02-21T07:27:17.268+0000] {dag.py:3036} INFO - Sync 1 DAGs
[2025-02-21T07:27:17.313+0000] {logging_mixin.py:188} INFO - [2025-02-21T07:27:17.312+0000] {dag.py:3823} INFO - Setting next_dagrun for optum_etl_dag1 to 2025-01-01 01:06:00+00:00, run_after=2025-01-01 01:08:00+00:00
[2025-02-21T07:27:17.383+0000] {processor.py:183} INFO - Processing /opt/airflow/dags/optum_etl_dag1.py took 0.363 seconds
[2025-02-21T07:27:48.980+0000] {processor.py:161} INFO - Started process (PID=7296) to work on /opt/airflow/dags/optum_etl_dag1.py
[2025-02-21T07:27:49.030+0000] {processor.py:830} INFO - Processing file /opt/airflow/dags/optum_etl_dag1.py for tasks to queue
[2025-02-21T07:27:49.051+0000] {logging_mixin.py:188} INFO - [2025-02-21T07:27:49.049+0000] {dagbag.py:538} INFO - Filling up the DagBag from /opt/airflow/dags/optum_etl_dag1.py
[2025-02-21T07:27:49.213+0000] {processor.py:840} INFO - DAG(s) 'optum_etl_dag1' retrieved from /opt/airflow/dags/optum_etl_dag1.py
[2025-02-21T07:27:49.368+0000] {logging_mixin.py:188} INFO - [2025-02-21T07:27:49.367+0000] {dag.py:3036} INFO - Sync 1 DAGs
[2025-02-21T07:27:49.592+0000] {logging_mixin.py:188} INFO - [2025-02-21T07:27:49.592+0000] {dag.py:3823} INFO - Setting next_dagrun for optum_etl_dag1 to 2025-01-01 01:14:00+00:00, run_after=2025-01-01 01:16:00+00:00
[2025-02-21T07:27:49.781+0000] {processor.py:183} INFO - Processing /opt/airflow/dags/optum_etl_dag1.py took 0.842 seconds
[2025-02-21T07:28:20.384+0000] {processor.py:161} INFO - Started process (PID=7390) to work on /opt/airflow/dags/optum_etl_dag1.py
[2025-02-21T07:28:20.395+0000] {processor.py:830} INFO - Processing file /opt/airflow/dags/optum_etl_dag1.py for tasks to queue
[2025-02-21T07:28:20.402+0000] {logging_mixin.py:188} INFO - [2025-02-21T07:28:20.401+0000] {dagbag.py:538} INFO - Filling up the DagBag from /opt/airflow/dags/optum_etl_dag1.py
[2025-02-21T07:28:20.629+0000] {processor.py:840} INFO - DAG(s) 'optum_etl_dag1' retrieved from /opt/airflow/dags/optum_etl_dag1.py
[2025-02-21T07:28:20.720+0000] {logging_mixin.py:188} INFO - [2025-02-21T07:28:20.719+0000] {dag.py:3036} INFO - Sync 1 DAGs
[2025-02-21T07:28:20.844+0000] {logging_mixin.py:188} INFO - [2025-02-21T07:28:20.843+0000] {dag.py:3823} INFO - Setting next_dagrun for optum_etl_dag1 to 2025-01-01 01:38:00+00:00, run_after=2025-01-01 01:40:00+00:00
[2025-02-21T07:28:20.910+0000] {processor.py:183} INFO - Processing /opt/airflow/dags/optum_etl_dag1.py took 0.533 seconds
[2025-02-21T07:28:51.968+0000] {processor.py:161} INFO - Started process (PID=7497) to work on /opt/airflow/dags/optum_etl_dag1.py
[2025-02-21T07:28:52.001+0000] {processor.py:830} INFO - Processing file /opt/airflow/dags/optum_etl_dag1.py for tasks to queue
[2025-02-21T07:28:52.057+0000] {logging_mixin.py:188} INFO - [2025-02-21T07:28:52.050+0000] {dagbag.py:538} INFO - Filling up the DagBag from /opt/airflow/dags/optum_etl_dag1.py
[2025-02-21T07:28:52.235+0000] {processor.py:840} INFO - DAG(s) 'optum_etl_dag1' retrieved from /opt/airflow/dags/optum_etl_dag1.py
[2025-02-21T07:28:52.524+0000] {logging_mixin.py:188} INFO - [2025-02-21T07:28:52.524+0000] {dag.py:3036} INFO - Sync 1 DAGs
[2025-02-21T07:28:53.066+0000] {logging_mixin.py:188} INFO - [2025-02-21T07:28:53.065+0000] {dag.py:3823} INFO - Setting next_dagrun for optum_etl_dag1 to 2025-01-01 01:42:00+00:00, run_after=2025-01-01 01:44:00+00:00
[2025-02-21T07:28:53.281+0000] {processor.py:183} INFO - Processing /opt/airflow/dags/optum_etl_dag1.py took 1.367 seconds
[2025-02-21T07:29:24.346+0000] {processor.py:161} INFO - Started process (PID=7564) to work on /opt/airflow/dags/optum_etl_dag1.py
[2025-02-21T07:29:24.352+0000] {processor.py:830} INFO - Processing file /opt/airflow/dags/optum_etl_dag1.py for tasks to queue
[2025-02-21T07:29:24.369+0000] {logging_mixin.py:188} INFO - [2025-02-21T07:29:24.369+0000] {dagbag.py:538} INFO - Filling up the DagBag from /opt/airflow/dags/optum_etl_dag1.py
[2025-02-21T07:29:24.505+0000] {processor.py:840} INFO - DAG(s) 'optum_etl_dag1' retrieved from /opt/airflow/dags/optum_etl_dag1.py
[2025-02-21T07:29:24.593+0000] {logging_mixin.py:188} INFO - [2025-02-21T07:29:24.593+0000] {dag.py:3036} INFO - Sync 1 DAGs
[2025-02-21T07:29:24.841+0000] {logging_mixin.py:188} INFO - [2025-02-21T07:29:24.841+0000] {dag.py:3823} INFO - Setting next_dagrun for optum_etl_dag1 to 2025-01-01 01:48:00+00:00, run_after=2025-01-01 01:50:00+00:00
[2025-02-21T07:29:25.052+0000] {processor.py:183} INFO - Processing /opt/airflow/dags/optum_etl_dag1.py took 0.749 seconds
[2025-02-21T07:29:55.765+0000] {processor.py:161} INFO - Started process (PID=7665) to work on /opt/airflow/dags/optum_etl_dag1.py
[2025-02-21T07:29:55.769+0000] {processor.py:830} INFO - Processing file /opt/airflow/dags/optum_etl_dag1.py for tasks to queue
[2025-02-21T07:29:55.774+0000] {logging_mixin.py:188} INFO - [2025-02-21T07:29:55.773+0000] {dagbag.py:538} INFO - Filling up the DagBag from /opt/airflow/dags/optum_etl_dag1.py
[2025-02-21T07:29:55.848+0000] {processor.py:840} INFO - DAG(s) 'optum_etl_dag1' retrieved from /opt/airflow/dags/optum_etl_dag1.py
[2025-02-21T07:29:55.915+0000] {logging_mixin.py:188} INFO - [2025-02-21T07:29:55.915+0000] {dag.py:3036} INFO - Sync 1 DAGs
[2025-02-21T07:29:56.004+0000] {logging_mixin.py:188} INFO - [2025-02-21T07:29:56.003+0000] {dag.py:3823} INFO - Setting next_dagrun for optum_etl_dag1 to 2025-01-01 02:14:00+00:00, run_after=2025-01-01 02:16:00+00:00
[2025-02-21T07:29:56.130+0000] {processor.py:183} INFO - Processing /opt/airflow/dags/optum_etl_dag1.py took 0.375 seconds
[2025-02-21T07:30:27.268+0000] {processor.py:161} INFO - Started process (PID=7756) to work on /opt/airflow/dags/optum_etl_dag1.py
[2025-02-21T07:30:27.284+0000] {processor.py:830} INFO - Processing file /opt/airflow/dags/optum_etl_dag1.py for tasks to queue
[2025-02-21T07:30:27.305+0000] {logging_mixin.py:188} INFO - [2025-02-21T07:30:27.304+0000] {dagbag.py:538} INFO - Filling up the DagBag from /opt/airflow/dags/optum_etl_dag1.py
[2025-02-21T07:30:27.423+0000] {processor.py:840} INFO - DAG(s) 'optum_etl_dag1' retrieved from /opt/airflow/dags/optum_etl_dag1.py
[2025-02-21T07:30:27.562+0000] {logging_mixin.py:188} INFO - [2025-02-21T07:30:27.562+0000] {dag.py:3036} INFO - Sync 1 DAGs
[2025-02-21T07:30:27.779+0000] {logging_mixin.py:188} INFO - [2025-02-21T07:30:27.779+0000] {dag.py:3823} INFO - Setting next_dagrun for optum_etl_dag1 to 2025-01-01 02:18:00+00:00, run_after=2025-01-01 02:20:00+00:00
[2025-02-21T07:30:27.852+0000] {processor.py:183} INFO - Processing /opt/airflow/dags/optum_etl_dag1.py took 0.660 seconds
[2025-02-21T07:30:58.205+0000] {processor.py:161} INFO - Started process (PID=7840) to work on /opt/airflow/dags/optum_etl_dag1.py
[2025-02-21T07:30:58.211+0000] {processor.py:830} INFO - Processing file /opt/airflow/dags/optum_etl_dag1.py for tasks to queue
[2025-02-21T07:30:58.220+0000] {logging_mixin.py:188} INFO - [2025-02-21T07:30:58.218+0000] {dagbag.py:538} INFO - Filling up the DagBag from /opt/airflow/dags/optum_etl_dag1.py
[2025-02-21T07:30:58.425+0000] {processor.py:840} INFO - DAG(s) 'optum_etl_dag1' retrieved from /opt/airflow/dags/optum_etl_dag1.py
[2025-02-21T07:30:58.638+0000] {logging_mixin.py:188} INFO - [2025-02-21T07:30:58.637+0000] {dag.py:3036} INFO - Sync 1 DAGs
[2025-02-21T07:30:58.943+0000] {logging_mixin.py:188} INFO - [2025-02-21T07:30:58.942+0000] {dag.py:3823} INFO - Setting next_dagrun for optum_etl_dag1 to 2025-01-01 02:42:00+00:00, run_after=2025-01-01 02:44:00+00:00
[2025-02-21T07:30:59.053+0000] {processor.py:183} INFO - Processing /opt/airflow/dags/optum_etl_dag1.py took 0.880 seconds
[2025-02-21T07:31:29.720+0000] {processor.py:161} INFO - Started process (PID=7942) to work on /opt/airflow/dags/optum_etl_dag1.py
[2025-02-21T07:31:29.725+0000] {processor.py:830} INFO - Processing file /opt/airflow/dags/optum_etl_dag1.py for tasks to queue
[2025-02-21T07:31:29.730+0000] {logging_mixin.py:188} INFO - [2025-02-21T07:31:29.729+0000] {dagbag.py:538} INFO - Filling up the DagBag from /opt/airflow/dags/optum_etl_dag1.py
[2025-02-21T07:31:29.817+0000] {processor.py:840} INFO - DAG(s) 'optum_etl_dag1' retrieved from /opt/airflow/dags/optum_etl_dag1.py
[2025-02-21T07:31:29.973+0000] {logging_mixin.py:188} INFO - [2025-02-21T07:31:29.972+0000] {dag.py:3036} INFO - Sync 1 DAGs
[2025-02-21T07:31:30.248+0000] {logging_mixin.py:188} INFO - [2025-02-21T07:31:30.247+0000] {dag.py:3823} INFO - Setting next_dagrun for optum_etl_dag1 to 2025-01-01 02:50:00+00:00, run_after=2025-01-01 02:52:00+00:00
[2025-02-21T07:31:30.527+0000] {processor.py:183} INFO - Processing /opt/airflow/dags/optum_etl_dag1.py took 0.820 seconds
[2025-02-21T07:32:00.844+0000] {processor.py:161} INFO - Started process (PID=8018) to work on /opt/airflow/dags/optum_etl_dag1.py
[2025-02-21T07:32:00.848+0000] {processor.py:830} INFO - Processing file /opt/airflow/dags/optum_etl_dag1.py for tasks to queue
[2025-02-21T07:32:00.905+0000] {logging_mixin.py:188} INFO - [2025-02-21T07:32:00.903+0000] {dagbag.py:538} INFO - Filling up the DagBag from /opt/airflow/dags/optum_etl_dag1.py
[2025-02-21T07:32:01.023+0000] {processor.py:840} INFO - DAG(s) 'optum_etl_dag1' retrieved from /opt/airflow/dags/optum_etl_dag1.py
[2025-02-21T07:32:01.206+0000] {logging_mixin.py:188} INFO - [2025-02-21T07:32:01.205+0000] {dag.py:3036} INFO - Sync 1 DAGs
[2025-02-21T07:32:01.361+0000] {logging_mixin.py:188} INFO - [2025-02-21T07:32:01.358+0000] {dag.py:3823} INFO - Setting next_dagrun for optum_etl_dag1 to 2025-01-01 02:52:00+00:00, run_after=2025-01-01 02:54:00+00:00
[2025-02-21T07:32:01.602+0000] {processor.py:183} INFO - Processing /opt/airflow/dags/optum_etl_dag1.py took 0.766 seconds
[2025-02-21T07:32:32.020+0000] {processor.py:161} INFO - Started process (PID=8130) to work on /opt/airflow/dags/optum_etl_dag1.py
[2025-02-21T07:32:32.029+0000] {processor.py:830} INFO - Processing file /opt/airflow/dags/optum_etl_dag1.py for tasks to queue
[2025-02-21T07:32:32.046+0000] {logging_mixin.py:188} INFO - [2025-02-21T07:32:32.045+0000] {dagbag.py:538} INFO - Filling up the DagBag from /opt/airflow/dags/optum_etl_dag1.py
[2025-02-21T07:32:32.225+0000] {processor.py:840} INFO - DAG(s) 'optum_etl_dag1' retrieved from /opt/airflow/dags/optum_etl_dag1.py
[2025-02-21T07:32:32.417+0000] {logging_mixin.py:188} INFO - [2025-02-21T07:32:32.417+0000] {dag.py:3036} INFO - Sync 1 DAGs
[2025-02-21T07:32:32.968+0000] {logging_mixin.py:188} INFO - [2025-02-21T07:32:32.963+0000] {dag.py:3823} INFO - Setting next_dagrun for optum_etl_dag1 to 2025-01-01 03:20:00+00:00, run_after=2025-01-01 03:22:00+00:00
[2025-02-21T07:32:33.154+0000] {processor.py:183} INFO - Processing /opt/airflow/dags/optum_etl_dag1.py took 1.159 seconds
[2025-02-21T07:33:03.716+0000] {processor.py:161} INFO - Started process (PID=8220) to work on /opt/airflow/dags/optum_etl_dag1.py
[2025-02-21T07:33:03.733+0000] {processor.py:830} INFO - Processing file /opt/airflow/dags/optum_etl_dag1.py for tasks to queue
[2025-02-21T07:33:03.762+0000] {logging_mixin.py:188} INFO - [2025-02-21T07:33:03.759+0000] {dagbag.py:538} INFO - Filling up the DagBag from /opt/airflow/dags/optum_etl_dag1.py
[2025-02-21T07:33:03.905+0000] {processor.py:840} INFO - DAG(s) 'optum_etl_dag1' retrieved from /opt/airflow/dags/optum_etl_dag1.py
[2025-02-21T07:33:04.066+0000] {logging_mixin.py:188} INFO - [2025-02-21T07:33:04.066+0000] {dag.py:3036} INFO - Sync 1 DAGs
[2025-02-21T07:33:04.215+0000] {logging_mixin.py:188} INFO - [2025-02-21T07:33:04.214+0000] {dag.py:3823} INFO - Setting next_dagrun for optum_etl_dag1 to 2025-01-01 03:24:00+00:00, run_after=2025-01-01 03:26:00+00:00
[2025-02-21T07:33:04.322+0000] {processor.py:183} INFO - Processing /opt/airflow/dags/optum_etl_dag1.py took 0.660 seconds
[2025-02-21T07:33:35.041+0000] {processor.py:161} INFO - Started process (PID=8310) to work on /opt/airflow/dags/optum_etl_dag1.py
[2025-02-21T07:33:35.051+0000] {processor.py:830} INFO - Processing file /opt/airflow/dags/optum_etl_dag1.py for tasks to queue
[2025-02-21T07:33:35.062+0000] {logging_mixin.py:188} INFO - [2025-02-21T07:33:35.061+0000] {dagbag.py:538} INFO - Filling up the DagBag from /opt/airflow/dags/optum_etl_dag1.py
[2025-02-21T07:33:35.159+0000] {processor.py:840} INFO - DAG(s) 'optum_etl_dag1' retrieved from /opt/airflow/dags/optum_etl_dag1.py
[2025-02-21T07:33:35.395+0000] {logging_mixin.py:188} INFO - [2025-02-21T07:33:35.394+0000] {dag.py:3036} INFO - Sync 1 DAGs
[2025-02-21T07:33:35.515+0000] {logging_mixin.py:188} INFO - [2025-02-21T07:33:35.515+0000] {dag.py:3823} INFO - Setting next_dagrun for optum_etl_dag1 to 2025-01-01 03:32:00+00:00, run_after=2025-01-01 03:34:00+00:00
[2025-02-21T07:33:35.709+0000] {processor.py:183} INFO - Processing /opt/airflow/dags/optum_etl_dag1.py took 0.726 seconds
