[2025-02-21T09:38:03.677+0000] {processor.py:161} INFO - Started process (PID=23738) to work on /opt/airflow/dags/optum_file_dag3.py
[2025-02-21T09:38:03.681+0000] {processor.py:830} INFO - Processing file /opt/airflow/dags/optum_file_dag3.py for tasks to queue
[2025-02-21T09:38:03.685+0000] {logging_mixin.py:188} INFO - [2025-02-21T09:38:03.683+0000] {dagbag.py:538} INFO - Filling up the DagBag from /opt/airflow/dags/optum_file_dag3.py
[2025-02-21T09:38:03.848+0000] {processor.py:840} INFO - DAG(s) 'optum_etl_file_dag3' retrieved from /opt/airflow/dags/optum_file_dag3.py
[2025-02-21T09:38:04.133+0000] {logging_mixin.py:188} INFO - [2025-02-21T09:38:04.131+0000] {override.py:1769} INFO - Created Permission View: can delete on DAG:optum_etl_file_dag3
[2025-02-21T09:38:04.171+0000] {logging_mixin.py:188} INFO - [2025-02-21T09:38:04.170+0000] {override.py:1769} INFO - Created Permission View: can read on DAG:optum_etl_file_dag3
[2025-02-21T09:38:04.207+0000] {logging_mixin.py:188} INFO - [2025-02-21T09:38:04.206+0000] {override.py:1769} INFO - Created Permission View: can edit on DAG:optum_etl_file_dag3
[2025-02-21T09:38:04.209+0000] {logging_mixin.py:188} INFO - [2025-02-21T09:38:04.209+0000] {dag.py:3036} INFO - Sync 1 DAGs
[2025-02-21T09:38:04.275+0000] {logging_mixin.py:188} INFO - [2025-02-21T09:38:04.274+0000] {dag.py:3058} INFO - Creating ORM DAG for optum_etl_file_dag3
[2025-02-21T09:38:04.341+0000] {logging_mixin.py:188} INFO - [2025-02-21T09:38:04.341+0000] {dag.py:3823} INFO - Setting next_dagrun for optum_etl_file_dag3 to 2025-01-01 00:00:00+00:00, run_after=2025-01-02 00:00:00+00:00
[2025-02-21T09:38:04.481+0000] {processor.py:183} INFO - Processing /opt/airflow/dags/optum_file_dag3.py took 0.811 seconds
[2025-02-21T09:38:34.840+0000] {processor.py:161} INFO - Started process (PID=23801) to work on /opt/airflow/dags/optum_file_dag3.py
[2025-02-21T09:38:34.844+0000] {processor.py:830} INFO - Processing file /opt/airflow/dags/optum_file_dag3.py for tasks to queue
[2025-02-21T09:38:34.846+0000] {logging_mixin.py:188} INFO - [2025-02-21T09:38:34.846+0000] {dagbag.py:538} INFO - Filling up the DagBag from /opt/airflow/dags/optum_file_dag3.py
[2025-02-21T09:38:34.923+0000] {processor.py:840} INFO - DAG(s) 'optum_etl_file_dag3' retrieved from /opt/airflow/dags/optum_file_dag3.py
[2025-02-21T09:38:34.983+0000] {logging_mixin.py:188} INFO - [2025-02-21T09:38:34.982+0000] {dag.py:3036} INFO - Sync 1 DAGs
[2025-02-21T09:38:35.056+0000] {logging_mixin.py:188} INFO - [2025-02-21T09:38:35.055+0000] {dag.py:3823} INFO - Setting next_dagrun for optum_etl_file_dag3 to 2025-01-01 00:00:00+00:00, run_after=2025-01-02 00:00:00+00:00
[2025-02-21T09:38:35.192+0000] {processor.py:183} INFO - Processing /opt/airflow/dags/optum_file_dag3.py took 0.366 seconds
[2025-02-21T09:39:05.625+0000] {processor.py:161} INFO - Started process (PID=23889) to work on /opt/airflow/dags/optum_file_dag3.py
[2025-02-21T09:39:05.632+0000] {processor.py:830} INFO - Processing file /opt/airflow/dags/optum_file_dag3.py for tasks to queue
[2025-02-21T09:39:05.641+0000] {logging_mixin.py:188} INFO - [2025-02-21T09:39:05.640+0000] {dagbag.py:538} INFO - Filling up the DagBag from /opt/airflow/dags/optum_file_dag3.py
[2025-02-21T09:39:05.726+0000] {processor.py:840} INFO - DAG(s) 'optum_etl_file_dag3' retrieved from /opt/airflow/dags/optum_file_dag3.py
[2025-02-21T09:39:05.907+0000] {logging_mixin.py:188} INFO - [2025-02-21T09:39:05.906+0000] {dag.py:3036} INFO - Sync 1 DAGs
[2025-02-21T09:39:06.289+0000] {processor.py:183} INFO - Processing /opt/airflow/dags/optum_file_dag3.py took 0.686 seconds
[2025-02-21T09:39:36.460+0000] {processor.py:161} INFO - Started process (PID=23986) to work on /opt/airflow/dags/optum_file_dag3.py
[2025-02-21T09:39:36.463+0000] {processor.py:830} INFO - Processing file /opt/airflow/dags/optum_file_dag3.py for tasks to queue
[2025-02-21T09:39:36.465+0000] {logging_mixin.py:188} INFO - [2025-02-21T09:39:36.465+0000] {dagbag.py:538} INFO - Filling up the DagBag from /opt/airflow/dags/optum_file_dag3.py
[2025-02-21T09:39:36.517+0000] {processor.py:840} INFO - DAG(s) 'optum_etl_file_dag3' retrieved from /opt/airflow/dags/optum_file_dag3.py
[2025-02-21T09:39:36.586+0000] {logging_mixin.py:188} INFO - [2025-02-21T09:39:36.585+0000] {dag.py:3036} INFO - Sync 1 DAGs
[2025-02-21T09:39:36.765+0000] {logging_mixin.py:188} INFO - [2025-02-21T09:39:36.765+0000] {dag.py:3823} INFO - Setting next_dagrun for optum_etl_file_dag3 to 2025-01-22 00:00:00+00:00, run_after=2025-01-23 00:00:00+00:00
[2025-02-21T09:39:36.805+0000] {processor.py:183} INFO - Processing /opt/airflow/dags/optum_file_dag3.py took 0.354 seconds
[2025-02-21T09:40:07.455+0000] {processor.py:161} INFO - Started process (PID=24086) to work on /opt/airflow/dags/optum_file_dag3.py
[2025-02-21T09:40:07.460+0000] {processor.py:830} INFO - Processing file /opt/airflow/dags/optum_file_dag3.py for tasks to queue
[2025-02-21T09:40:07.462+0000] {logging_mixin.py:188} INFO - [2025-02-21T09:40:07.462+0000] {dagbag.py:538} INFO - Filling up the DagBag from /opt/airflow/dags/optum_file_dag3.py
[2025-02-21T09:40:07.535+0000] {processor.py:840} INFO - DAG(s) 'optum_etl_file_dag3' retrieved from /opt/airflow/dags/optum_file_dag3.py
[2025-02-21T09:40:07.623+0000] {logging_mixin.py:188} INFO - [2025-02-21T09:40:07.623+0000] {dag.py:3036} INFO - Sync 1 DAGs
[2025-02-21T09:40:07.702+0000] {logging_mixin.py:188} INFO - [2025-02-21T09:40:07.702+0000] {dag.py:3823} INFO - Setting next_dagrun for optum_etl_file_dag3 to 2025-02-02 00:00:00+00:00, run_after=2025-02-03 00:00:00+00:00
[2025-02-21T09:40:07.811+0000] {processor.py:183} INFO - Processing /opt/airflow/dags/optum_file_dag3.py took 0.363 seconds
[2025-02-21T09:40:39.038+0000] {processor.py:161} INFO - Started process (PID=24178) to work on /opt/airflow/dags/optum_file_dag3.py
[2025-02-21T09:40:39.040+0000] {processor.py:830} INFO - Processing file /opt/airflow/dags/optum_file_dag3.py for tasks to queue
[2025-02-21T09:40:39.050+0000] {logging_mixin.py:188} INFO - [2025-02-21T09:40:39.048+0000] {dagbag.py:538} INFO - Filling up the DagBag from /opt/airflow/dags/optum_file_dag3.py
[2025-02-21T09:40:39.253+0000] {processor.py:840} INFO - DAG(s) 'optum_etl_file_dag3' retrieved from /opt/airflow/dags/optum_file_dag3.py
[2025-02-21T09:40:39.342+0000] {logging_mixin.py:188} INFO - [2025-02-21T09:40:39.342+0000] {dag.py:3036} INFO - Sync 1 DAGs
[2025-02-21T09:40:39.505+0000] {logging_mixin.py:188} INFO - [2025-02-21T09:40:39.504+0000] {dag.py:3823} INFO - Setting next_dagrun for optum_etl_file_dag3 to 2025-02-18 00:00:00+00:00, run_after=2025-02-19 00:00:00+00:00
[2025-02-21T09:40:39.635+0000] {processor.py:183} INFO - Processing /opt/airflow/dags/optum_file_dag3.py took 0.608 seconds
[2025-02-21T09:41:09.863+0000] {processor.py:161} INFO - Started process (PID=24270) to work on /opt/airflow/dags/optum_file_dag3.py
[2025-02-21T09:41:09.866+0000] {processor.py:830} INFO - Processing file /opt/airflow/dags/optum_file_dag3.py for tasks to queue
[2025-02-21T09:41:09.868+0000] {logging_mixin.py:188} INFO - [2025-02-21T09:41:09.868+0000] {dagbag.py:538} INFO - Filling up the DagBag from /opt/airflow/dags/optum_file_dag3.py
[2025-02-21T09:41:09.937+0000] {processor.py:840} INFO - DAG(s) 'optum_etl_file_dag3' retrieved from /opt/airflow/dags/optum_file_dag3.py
[2025-02-21T09:41:10.004+0000] {logging_mixin.py:188} INFO - [2025-02-21T09:41:10.003+0000] {dag.py:3036} INFO - Sync 1 DAGs
[2025-02-21T09:41:10.083+0000] {logging_mixin.py:188} INFO - [2025-02-21T09:41:10.082+0000] {dag.py:3823} INFO - Setting next_dagrun for optum_etl_file_dag3 to 2025-02-20 00:00:00+00:00, run_after=2025-02-21 00:00:00+00:00
[2025-02-21T09:41:10.131+0000] {processor.py:183} INFO - Processing /opt/airflow/dags/optum_file_dag3.py took 0.275 seconds
[2025-02-21T09:41:40.383+0000] {processor.py:161} INFO - Started process (PID=24333) to work on /opt/airflow/dags/optum_file_dag3.py
[2025-02-21T09:41:40.386+0000] {processor.py:830} INFO - Processing file /opt/airflow/dags/optum_file_dag3.py for tasks to queue
[2025-02-21T09:41:40.391+0000] {logging_mixin.py:188} INFO - [2025-02-21T09:41:40.390+0000] {dagbag.py:538} INFO - Filling up the DagBag from /opt/airflow/dags/optum_file_dag3.py
[2025-02-21T09:41:40.456+0000] {processor.py:840} INFO - DAG(s) 'optum_etl_file_dag3' retrieved from /opt/airflow/dags/optum_file_dag3.py
[2025-02-21T09:41:40.504+0000] {logging_mixin.py:188} INFO - [2025-02-21T09:41:40.504+0000] {dag.py:3036} INFO - Sync 1 DAGs
[2025-02-21T09:41:40.565+0000] {logging_mixin.py:188} INFO - [2025-02-21T09:41:40.565+0000] {dag.py:3823} INFO - Setting next_dagrun for optum_etl_file_dag3 to 2025-02-21 00:00:00+00:00, run_after=2025-02-22 00:00:00+00:00
[2025-02-21T09:41:40.631+0000] {processor.py:183} INFO - Processing /opt/airflow/dags/optum_file_dag3.py took 0.256 seconds
[2025-02-21T09:42:10.929+0000] {processor.py:161} INFO - Started process (PID=24397) to work on /opt/airflow/dags/optum_file_dag3.py
[2025-02-21T09:42:10.932+0000] {processor.py:830} INFO - Processing file /opt/airflow/dags/optum_file_dag3.py for tasks to queue
[2025-02-21T09:42:10.935+0000] {logging_mixin.py:188} INFO - [2025-02-21T09:42:10.934+0000] {dagbag.py:538} INFO - Filling up the DagBag from /opt/airflow/dags/optum_file_dag3.py
[2025-02-21T09:42:11.093+0000] {processor.py:840} INFO - DAG(s) 'optum_etl_file_dag3' retrieved from /opt/airflow/dags/optum_file_dag3.py
[2025-02-21T09:42:11.174+0000] {logging_mixin.py:188} INFO - [2025-02-21T09:42:11.173+0000] {dag.py:3036} INFO - Sync 1 DAGs
[2025-02-21T09:42:11.241+0000] {logging_mixin.py:188} INFO - [2025-02-21T09:42:11.241+0000] {dag.py:3823} INFO - Setting next_dagrun for optum_etl_file_dag3 to 2025-02-21 00:00:00+00:00, run_after=2025-02-22 00:00:00+00:00
[2025-02-21T09:42:11.305+0000] {processor.py:183} INFO - Processing /opt/airflow/dags/optum_file_dag3.py took 0.388 seconds
[2025-02-21T09:42:41.824+0000] {processor.py:161} INFO - Started process (PID=24461) to work on /opt/airflow/dags/optum_file_dag3.py
[2025-02-21T09:42:41.828+0000] {processor.py:830} INFO - Processing file /opt/airflow/dags/optum_file_dag3.py for tasks to queue
[2025-02-21T09:42:41.831+0000] {logging_mixin.py:188} INFO - [2025-02-21T09:42:41.830+0000] {dagbag.py:538} INFO - Filling up the DagBag from /opt/airflow/dags/optum_file_dag3.py
[2025-02-21T09:42:42.019+0000] {processor.py:840} INFO - DAG(s) 'optum_etl_file_dag3' retrieved from /opt/airflow/dags/optum_file_dag3.py
[2025-02-21T09:42:42.110+0000] {logging_mixin.py:188} INFO - [2025-02-21T09:42:42.109+0000] {dag.py:3036} INFO - Sync 1 DAGs
[2025-02-21T09:42:42.204+0000] {logging_mixin.py:188} INFO - [2025-02-21T09:42:42.204+0000] {dag.py:3823} INFO - Setting next_dagrun for optum_etl_file_dag3 to 2025-02-21 00:00:00+00:00, run_after=2025-02-22 00:00:00+00:00
[2025-02-21T09:42:42.304+0000] {processor.py:183} INFO - Processing /opt/airflow/dags/optum_file_dag3.py took 0.496 seconds
[2025-02-21T09:43:13.247+0000] {processor.py:161} INFO - Started process (PID=24524) to work on /opt/airflow/dags/optum_file_dag3.py
[2025-02-21T09:43:13.251+0000] {processor.py:830} INFO - Processing file /opt/airflow/dags/optum_file_dag3.py for tasks to queue
[2025-02-21T09:43:13.254+0000] {logging_mixin.py:188} INFO - [2025-02-21T09:43:13.253+0000] {dagbag.py:538} INFO - Filling up the DagBag from /opt/airflow/dags/optum_file_dag3.py
[2025-02-21T09:43:13.322+0000] {processor.py:840} INFO - DAG(s) 'optum_etl_file_dag3' retrieved from /opt/airflow/dags/optum_file_dag3.py
[2025-02-21T09:43:13.374+0000] {logging_mixin.py:188} INFO - [2025-02-21T09:43:13.373+0000] {dag.py:3036} INFO - Sync 1 DAGs
[2025-02-21T09:43:13.445+0000] {logging_mixin.py:188} INFO - [2025-02-21T09:43:13.444+0000] {dag.py:3823} INFO - Setting next_dagrun for optum_etl_file_dag3 to 2025-02-21 00:00:00+00:00, run_after=2025-02-22 00:00:00+00:00
[2025-02-21T09:43:13.875+0000] {processor.py:183} INFO - Processing /opt/airflow/dags/optum_file_dag3.py took 0.640 seconds
[2025-02-21T09:43:44.230+0000] {processor.py:161} INFO - Started process (PID=24587) to work on /opt/airflow/dags/optum_file_dag3.py
[2025-02-21T09:43:44.233+0000] {processor.py:830} INFO - Processing file /opt/airflow/dags/optum_file_dag3.py for tasks to queue
[2025-02-21T09:43:44.236+0000] {logging_mixin.py:188} INFO - [2025-02-21T09:43:44.235+0000] {dagbag.py:538} INFO - Filling up the DagBag from /opt/airflow/dags/optum_file_dag3.py
[2025-02-21T09:43:44.350+0000] {processor.py:840} INFO - DAG(s) 'optum_etl_file_dag3' retrieved from /opt/airflow/dags/optum_file_dag3.py
[2025-02-21T09:43:44.429+0000] {logging_mixin.py:188} INFO - [2025-02-21T09:43:44.427+0000] {dag.py:3036} INFO - Sync 1 DAGs
[2025-02-21T09:43:44.497+0000] {logging_mixin.py:188} INFO - [2025-02-21T09:43:44.496+0000] {dag.py:3823} INFO - Setting next_dagrun for optum_etl_file_dag3 to 2025-02-21 00:00:00+00:00, run_after=2025-02-22 00:00:00+00:00
[2025-02-21T09:43:44.573+0000] {processor.py:183} INFO - Processing /opt/airflow/dags/optum_file_dag3.py took 0.350 seconds
[2025-02-21T09:44:14.733+0000] {processor.py:161} INFO - Started process (PID=24650) to work on /opt/airflow/dags/optum_file_dag3.py
[2025-02-21T09:44:14.736+0000] {processor.py:830} INFO - Processing file /opt/airflow/dags/optum_file_dag3.py for tasks to queue
[2025-02-21T09:44:14.738+0000] {logging_mixin.py:188} INFO - [2025-02-21T09:44:14.738+0000] {dagbag.py:538} INFO - Filling up the DagBag from /opt/airflow/dags/optum_file_dag3.py
[2025-02-21T09:44:14.815+0000] {processor.py:840} INFO - DAG(s) 'optum_etl_file_dag3' retrieved from /opt/airflow/dags/optum_file_dag3.py
[2025-02-21T09:44:14.878+0000] {logging_mixin.py:188} INFO - [2025-02-21T09:44:14.877+0000] {dag.py:3036} INFO - Sync 1 DAGs
[2025-02-21T09:44:14.973+0000] {logging_mixin.py:188} INFO - [2025-02-21T09:44:14.972+0000] {dag.py:3823} INFO - Setting next_dagrun for optum_etl_file_dag3 to 2025-02-21 00:00:00+00:00, run_after=2025-02-22 00:00:00+00:00
[2025-02-21T09:44:15.049+0000] {processor.py:183} INFO - Processing /opt/airflow/dags/optum_file_dag3.py took 0.325 seconds
[2025-02-21T09:44:45.280+0000] {processor.py:161} INFO - Started process (PID=24711) to work on /opt/airflow/dags/optum_file_dag3.py
[2025-02-21T09:44:45.283+0000] {processor.py:830} INFO - Processing file /opt/airflow/dags/optum_file_dag3.py for tasks to queue
[2025-02-21T09:44:45.286+0000] {logging_mixin.py:188} INFO - [2025-02-21T09:44:45.285+0000] {dagbag.py:538} INFO - Filling up the DagBag from /opt/airflow/dags/optum_file_dag3.py
[2025-02-21T09:44:45.347+0000] {processor.py:840} INFO - DAG(s) 'optum_etl_file_dag3' retrieved from /opt/airflow/dags/optum_file_dag3.py
[2025-02-21T09:44:45.395+0000] {logging_mixin.py:188} INFO - [2025-02-21T09:44:45.394+0000] {dag.py:3036} INFO - Sync 1 DAGs
[2025-02-21T09:44:45.450+0000] {logging_mixin.py:188} INFO - [2025-02-21T09:44:45.449+0000] {dag.py:3823} INFO - Setting next_dagrun for optum_etl_file_dag3 to 2025-02-21 00:00:00+00:00, run_after=2025-02-22 00:00:00+00:00
[2025-02-21T09:44:45.500+0000] {processor.py:183} INFO - Processing /opt/airflow/dags/optum_file_dag3.py took 0.229 seconds
[2025-02-21T09:45:15.712+0000] {processor.py:161} INFO - Started process (PID=24772) to work on /opt/airflow/dags/optum_file_dag3.py
[2025-02-21T09:45:15.715+0000] {processor.py:830} INFO - Processing file /opt/airflow/dags/optum_file_dag3.py for tasks to queue
[2025-02-21T09:45:15.718+0000] {logging_mixin.py:188} INFO - [2025-02-21T09:45:15.717+0000] {dagbag.py:538} INFO - Filling up the DagBag from /opt/airflow/dags/optum_file_dag3.py
[2025-02-21T09:45:15.810+0000] {processor.py:840} INFO - DAG(s) 'optum_etl_file_dag3' retrieved from /opt/airflow/dags/optum_file_dag3.py
[2025-02-21T09:45:15.863+0000] {logging_mixin.py:188} INFO - [2025-02-21T09:45:15.863+0000] {dag.py:3036} INFO - Sync 1 DAGs
[2025-02-21T09:45:15.919+0000] {logging_mixin.py:188} INFO - [2025-02-21T09:45:15.918+0000] {dag.py:3823} INFO - Setting next_dagrun for optum_etl_file_dag3 to 2025-02-21 00:00:00+00:00, run_after=2025-02-22 00:00:00+00:00
[2025-02-21T09:45:15.976+0000] {processor.py:183} INFO - Processing /opt/airflow/dags/optum_file_dag3.py took 0.275 seconds
[2025-02-21T09:45:46.434+0000] {processor.py:161} INFO - Started process (PID=24833) to work on /opt/airflow/dags/optum_file_dag3.py
[2025-02-21T09:45:46.449+0000] {processor.py:830} INFO - Processing file /opt/airflow/dags/optum_file_dag3.py for tasks to queue
[2025-02-21T09:45:46.459+0000] {logging_mixin.py:188} INFO - [2025-02-21T09:45:46.459+0000] {dagbag.py:538} INFO - Filling up the DagBag from /opt/airflow/dags/optum_file_dag3.py
[2025-02-21T09:45:46.625+0000] {processor.py:840} INFO - DAG(s) 'optum_etl_file_dag3' retrieved from /opt/airflow/dags/optum_file_dag3.py
[2025-02-21T09:45:46.689+0000] {logging_mixin.py:188} INFO - [2025-02-21T09:45:46.689+0000] {dag.py:3036} INFO - Sync 1 DAGs
[2025-02-21T09:45:46.783+0000] {logging_mixin.py:188} INFO - [2025-02-21T09:45:46.782+0000] {dag.py:3823} INFO - Setting next_dagrun for optum_etl_file_dag3 to 2025-02-21 00:00:00+00:00, run_after=2025-02-22 00:00:00+00:00
[2025-02-21T09:45:46.850+0000] {processor.py:183} INFO - Processing /opt/airflow/dags/optum_file_dag3.py took 0.435 seconds
[2025-02-21T09:46:17.802+0000] {processor.py:161} INFO - Started process (PID=24896) to work on /opt/airflow/dags/optum_file_dag3.py
[2025-02-21T09:46:17.805+0000] {processor.py:830} INFO - Processing file /opt/airflow/dags/optum_file_dag3.py for tasks to queue
[2025-02-21T09:46:17.808+0000] {logging_mixin.py:188} INFO - [2025-02-21T09:46:17.807+0000] {dagbag.py:538} INFO - Filling up the DagBag from /opt/airflow/dags/optum_file_dag3.py
[2025-02-21T09:46:17.884+0000] {processor.py:840} INFO - DAG(s) 'optum_etl_file_dag3' retrieved from /opt/airflow/dags/optum_file_dag3.py
[2025-02-21T09:46:17.943+0000] {logging_mixin.py:188} INFO - [2025-02-21T09:46:17.942+0000] {dag.py:3036} INFO - Sync 1 DAGs
[2025-02-21T09:46:18.325+0000] {logging_mixin.py:188} INFO - [2025-02-21T09:46:18.324+0000] {dag.py:3823} INFO - Setting next_dagrun for optum_etl_file_dag3 to 2025-02-21 00:00:00+00:00, run_after=2025-02-22 00:00:00+00:00
[2025-02-21T09:46:18.377+0000] {processor.py:183} INFO - Processing /opt/airflow/dags/optum_file_dag3.py took 0.585 seconds
