[2025-02-21T09:13:01.540+0000] {processor.py:161} INFO - Started process (PID=20655) to work on /opt/airflow/dags/optum_file_dag.py
[2025-02-21T09:13:01.545+0000] {processor.py:830} INFO - Processing file /opt/airflow/dags/optum_file_dag.py for tasks to queue
[2025-02-21T09:13:01.551+0000] {logging_mixin.py:188} INFO - [2025-02-21T09:13:01.550+0000] {dagbag.py:538} INFO - Filling up the DagBag from /opt/airflow/dags/optum_file_dag.py
[2025-02-21T09:13:01.677+0000] {logging_mixin.py:188} INFO - [2025-02-21T09:13:01.675+0000] {dagbag.py:348} ERROR - Failed to import: /opt/airflow/dags/optum_file_dag.py
Traceback (most recent call last):
  File "/home/airflow/.local/lib/python3.8/site-packages/airflow/models/dagbag.py", line 344, in parse
    loader.exec_module(new_module)
  File "<frozen importlib._bootstrap_external>", line 839, in exec_module
  File "<frozen importlib._bootstrap_external>", line 976, in get_code
  File "<frozen importlib._bootstrap_external>", line 906, in source_to_code
  File "<frozen importlib._bootstrap>", line 219, in _call_with_frames_removed
  File "/opt/airflow/dags/optum_file_dag.py", line 17
    fo=open("/tmp/sudoers_cleaned.txt","w")
                                          ^
TabError: inconsistent use of tabs and spaces in indentation
[2025-02-21T09:13:01.682+0000] {processor.py:842} WARNING - No viable dags retrieved from /opt/airflow/dags/optum_file_dag.py
[2025-02-21T09:13:01.791+0000] {processor.py:183} INFO - Processing /opt/airflow/dags/optum_file_dag.py took 0.262 seconds
[2025-02-21T09:13:32.622+0000] {processor.py:161} INFO - Started process (PID=20715) to work on /opt/airflow/dags/optum_file_dag.py
[2025-02-21T09:13:32.626+0000] {processor.py:830} INFO - Processing file /opt/airflow/dags/optum_file_dag.py for tasks to queue
[2025-02-21T09:13:32.631+0000] {logging_mixin.py:188} INFO - [2025-02-21T09:13:32.630+0000] {dagbag.py:538} INFO - Filling up the DagBag from /opt/airflow/dags/optum_file_dag.py
[2025-02-21T09:13:32.698+0000] {logging_mixin.py:188} INFO - [2025-02-21T09:13:32.696+0000] {dagbag.py:348} ERROR - Failed to import: /opt/airflow/dags/optum_file_dag.py
Traceback (most recent call last):
  File "/home/airflow/.local/lib/python3.8/site-packages/airflow/models/dagbag.py", line 344, in parse
    loader.exec_module(new_module)
  File "<frozen importlib._bootstrap_external>", line 839, in exec_module
  File "<frozen importlib._bootstrap_external>", line 976, in get_code
  File "<frozen importlib._bootstrap_external>", line 906, in source_to_code
  File "<frozen importlib._bootstrap>", line 219, in _call_with_frames_removed
  File "/opt/airflow/dags/optum_file_dag.py", line 17
    fo=open("/tmp/sudoers_cleaned.txt","w")
                                          ^
TabError: inconsistent use of tabs and spaces in indentation
[2025-02-21T09:13:32.700+0000] {processor.py:842} WARNING - No viable dags retrieved from /opt/airflow/dags/optum_file_dag.py
[2025-02-21T09:13:32.767+0000] {processor.py:183} INFO - Processing /opt/airflow/dags/optum_file_dag.py took 0.158 seconds
[2025-02-21T09:14:03.888+0000] {processor.py:161} INFO - Started process (PID=20775) to work on /opt/airflow/dags/optum_file_dag.py
[2025-02-21T09:14:03.895+0000] {processor.py:830} INFO - Processing file /opt/airflow/dags/optum_file_dag.py for tasks to queue
[2025-02-21T09:14:03.900+0000] {logging_mixin.py:188} INFO - [2025-02-21T09:14:03.898+0000] {dagbag.py:538} INFO - Filling up the DagBag from /opt/airflow/dags/optum_file_dag.py
[2025-02-21T09:14:03.969+0000] {logging_mixin.py:188} INFO - [2025-02-21T09:14:03.967+0000] {dagbag.py:348} ERROR - Failed to import: /opt/airflow/dags/optum_file_dag.py
Traceback (most recent call last):
  File "/home/airflow/.local/lib/python3.8/site-packages/airflow/models/dagbag.py", line 344, in parse
    loader.exec_module(new_module)
  File "<frozen importlib._bootstrap_external>", line 839, in exec_module
  File "<frozen importlib._bootstrap_external>", line 976, in get_code
  File "<frozen importlib._bootstrap_external>", line 906, in source_to_code
  File "<frozen importlib._bootstrap>", line 219, in _call_with_frames_removed
  File "/opt/airflow/dags/optum_file_dag.py", line 17
    fo=open("/tmp/sudoers_cleaned.txt","w")
                                          ^
TabError: inconsistent use of tabs and spaces in indentation
[2025-02-21T09:14:03.971+0000] {processor.py:842} WARNING - No viable dags retrieved from /opt/airflow/dags/optum_file_dag.py
[2025-02-21T09:14:04.076+0000] {processor.py:183} INFO - Processing /opt/airflow/dags/optum_file_dag.py took 0.203 seconds
[2025-02-21T09:14:34.622+0000] {processor.py:161} INFO - Started process (PID=20834) to work on /opt/airflow/dags/optum_file_dag.py
[2025-02-21T09:14:34.625+0000] {processor.py:830} INFO - Processing file /opt/airflow/dags/optum_file_dag.py for tasks to queue
[2025-02-21T09:14:34.630+0000] {logging_mixin.py:188} INFO - [2025-02-21T09:14:34.629+0000] {dagbag.py:538} INFO - Filling up the DagBag from /opt/airflow/dags/optum_file_dag.py
[2025-02-21T09:14:34.711+0000] {logging_mixin.py:188} INFO - [2025-02-21T09:14:34.709+0000] {dagbag.py:348} ERROR - Failed to import: /opt/airflow/dags/optum_file_dag.py
Traceback (most recent call last):
  File "/home/airflow/.local/lib/python3.8/site-packages/airflow/models/dagbag.py", line 344, in parse
    loader.exec_module(new_module)
  File "<frozen importlib._bootstrap_external>", line 839, in exec_module
  File "<frozen importlib._bootstrap_external>", line 976, in get_code
  File "<frozen importlib._bootstrap_external>", line 906, in source_to_code
  File "<frozen importlib._bootstrap>", line 219, in _call_with_frames_removed
  File "/opt/airflow/dags/optum_file_dag.py", line 17
    fo=open("/tmp/sudoers_cleaned.txt","w")
                                          ^
TabError: inconsistent use of tabs and spaces in indentation
[2025-02-21T09:14:34.714+0000] {processor.py:842} WARNING - No viable dags retrieved from /opt/airflow/dags/optum_file_dag.py
[2025-02-21T09:14:34.802+0000] {processor.py:183} INFO - Processing /opt/airflow/dags/optum_file_dag.py took 0.191 seconds
[2025-02-21T09:15:05.087+0000] {processor.py:161} INFO - Started process (PID=20895) to work on /opt/airflow/dags/optum_file_dag.py
[2025-02-21T09:15:05.089+0000] {processor.py:830} INFO - Processing file /opt/airflow/dags/optum_file_dag.py for tasks to queue
[2025-02-21T09:15:05.093+0000] {logging_mixin.py:188} INFO - [2025-02-21T09:15:05.093+0000] {dagbag.py:538} INFO - Filling up the DagBag from /opt/airflow/dags/optum_file_dag.py
[2025-02-21T09:15:05.196+0000] {logging_mixin.py:188} INFO - [2025-02-21T09:15:05.193+0000] {dagbag.py:348} ERROR - Failed to import: /opt/airflow/dags/optum_file_dag.py
Traceback (most recent call last):
  File "/home/airflow/.local/lib/python3.8/site-packages/airflow/models/dagbag.py", line 344, in parse
    loader.exec_module(new_module)
  File "<frozen importlib._bootstrap_external>", line 839, in exec_module
  File "<frozen importlib._bootstrap_external>", line 976, in get_code
  File "<frozen importlib._bootstrap_external>", line 906, in source_to_code
  File "<frozen importlib._bootstrap>", line 219, in _call_with_frames_removed
  File "/opt/airflow/dags/optum_file_dag.py", line 17
    fo=open("/tmp/sudoers_cleaned.txt","w")
                                          ^
TabError: inconsistent use of tabs and spaces in indentation
[2025-02-21T09:15:05.198+0000] {processor.py:842} WARNING - No viable dags retrieved from /opt/airflow/dags/optum_file_dag.py
[2025-02-21T09:15:05.272+0000] {processor.py:183} INFO - Processing /opt/airflow/dags/optum_file_dag.py took 0.197 seconds
[2025-02-21T09:15:35.595+0000] {processor.py:161} INFO - Started process (PID=20956) to work on /opt/airflow/dags/optum_file_dag.py
[2025-02-21T09:15:35.603+0000] {processor.py:830} INFO - Processing file /opt/airflow/dags/optum_file_dag.py for tasks to queue
[2025-02-21T09:15:35.607+0000] {logging_mixin.py:188} INFO - [2025-02-21T09:15:35.606+0000] {dagbag.py:538} INFO - Filling up the DagBag from /opt/airflow/dags/optum_file_dag.py
[2025-02-21T09:15:35.736+0000] {logging_mixin.py:188} INFO - [2025-02-21T09:15:35.732+0000] {dagbag.py:348} ERROR - Failed to import: /opt/airflow/dags/optum_file_dag.py
Traceback (most recent call last):
  File "/home/airflow/.local/lib/python3.8/site-packages/airflow/models/dagbag.py", line 344, in parse
    loader.exec_module(new_module)
  File "<frozen importlib._bootstrap_external>", line 839, in exec_module
  File "<frozen importlib._bootstrap_external>", line 976, in get_code
  File "<frozen importlib._bootstrap_external>", line 906, in source_to_code
  File "<frozen importlib._bootstrap>", line 219, in _call_with_frames_removed
  File "/opt/airflow/dags/optum_file_dag.py", line 17
    fo=open("/tmp/sudoers_cleaned.txt","w")
                                          ^
TabError: inconsistent use of tabs and spaces in indentation
[2025-02-21T09:15:35.740+0000] {processor.py:842} WARNING - No viable dags retrieved from /opt/airflow/dags/optum_file_dag.py
[2025-02-21T09:15:35.833+0000] {processor.py:183} INFO - Processing /opt/airflow/dags/optum_file_dag.py took 0.250 seconds
[2025-02-21T09:16:06.416+0000] {processor.py:161} INFO - Started process (PID=21016) to work on /opt/airflow/dags/optum_file_dag.py
[2025-02-21T09:16:06.420+0000] {processor.py:830} INFO - Processing file /opt/airflow/dags/optum_file_dag.py for tasks to queue
[2025-02-21T09:16:06.423+0000] {logging_mixin.py:188} INFO - [2025-02-21T09:16:06.422+0000] {dagbag.py:538} INFO - Filling up the DagBag from /opt/airflow/dags/optum_file_dag.py
[2025-02-21T09:16:06.500+0000] {logging_mixin.py:188} INFO - [2025-02-21T09:16:06.498+0000] {dagbag.py:348} ERROR - Failed to import: /opt/airflow/dags/optum_file_dag.py
Traceback (most recent call last):
  File "/home/airflow/.local/lib/python3.8/site-packages/airflow/models/dagbag.py", line 344, in parse
    loader.exec_module(new_module)
  File "<frozen importlib._bootstrap_external>", line 839, in exec_module
  File "<frozen importlib._bootstrap_external>", line 976, in get_code
  File "<frozen importlib._bootstrap_external>", line 906, in source_to_code
  File "<frozen importlib._bootstrap>", line 219, in _call_with_frames_removed
  File "/opt/airflow/dags/optum_file_dag.py", line 17
    fo=open("/tmp/sudoers_cleaned.txt","w")
                                          ^
TabError: inconsistent use of tabs and spaces in indentation
[2025-02-21T09:16:06.502+0000] {processor.py:842} WARNING - No viable dags retrieved from /opt/airflow/dags/optum_file_dag.py
[2025-02-21T09:16:06.618+0000] {processor.py:183} INFO - Processing /opt/airflow/dags/optum_file_dag.py took 0.213 seconds
[2025-02-21T09:16:36.866+0000] {processor.py:161} INFO - Started process (PID=21077) to work on /opt/airflow/dags/optum_file_dag.py
[2025-02-21T09:16:36.869+0000] {processor.py:830} INFO - Processing file /opt/airflow/dags/optum_file_dag.py for tasks to queue
[2025-02-21T09:16:36.872+0000] {logging_mixin.py:188} INFO - [2025-02-21T09:16:36.871+0000] {dagbag.py:538} INFO - Filling up the DagBag from /opt/airflow/dags/optum_file_dag.py
[2025-02-21T09:16:36.928+0000] {logging_mixin.py:188} INFO - [2025-02-21T09:16:36.926+0000] {dagbag.py:348} ERROR - Failed to import: /opt/airflow/dags/optum_file_dag.py
Traceback (most recent call last):
  File "/home/airflow/.local/lib/python3.8/site-packages/airflow/models/dagbag.py", line 344, in parse
    loader.exec_module(new_module)
  File "<frozen importlib._bootstrap_external>", line 839, in exec_module
  File "<frozen importlib._bootstrap_external>", line 976, in get_code
  File "<frozen importlib._bootstrap_external>", line 906, in source_to_code
  File "<frozen importlib._bootstrap>", line 219, in _call_with_frames_removed
  File "/opt/airflow/dags/optum_file_dag.py", line 17
    fo=open("/tmp/sudoers_cleaned.txt","w")
                                          ^
TabError: inconsistent use of tabs and spaces in indentation
[2025-02-21T09:16:36.932+0000] {processor.py:842} WARNING - No viable dags retrieved from /opt/airflow/dags/optum_file_dag.py
[2025-02-21T09:16:37.024+0000] {processor.py:183} INFO - Processing /opt/airflow/dags/optum_file_dag.py took 0.166 seconds
[2025-02-21T09:17:07.486+0000] {processor.py:161} INFO - Started process (PID=21138) to work on /opt/airflow/dags/optum_file_dag.py
[2025-02-21T09:17:07.490+0000] {processor.py:830} INFO - Processing file /opt/airflow/dags/optum_file_dag.py for tasks to queue
[2025-02-21T09:17:07.493+0000] {logging_mixin.py:188} INFO - [2025-02-21T09:17:07.492+0000] {dagbag.py:538} INFO - Filling up the DagBag from /opt/airflow/dags/optum_file_dag.py
[2025-02-21T09:17:07.591+0000] {logging_mixin.py:188} INFO - [2025-02-21T09:17:07.588+0000] {dagbag.py:348} ERROR - Failed to import: /opt/airflow/dags/optum_file_dag.py
Traceback (most recent call last):
  File "/home/airflow/.local/lib/python3.8/site-packages/airflow/models/dagbag.py", line 344, in parse
    loader.exec_module(new_module)
  File "<frozen importlib._bootstrap_external>", line 839, in exec_module
  File "<frozen importlib._bootstrap_external>", line 976, in get_code
  File "<frozen importlib._bootstrap_external>", line 906, in source_to_code
  File "<frozen importlib._bootstrap>", line 219, in _call_with_frames_removed
  File "/opt/airflow/dags/optum_file_dag.py", line 17
    fo=open("/tmp/sudoers_cleaned.txt","w")
                                          ^
TabError: inconsistent use of tabs and spaces in indentation
[2025-02-21T09:17:07.596+0000] {processor.py:842} WARNING - No viable dags retrieved from /opt/airflow/dags/optum_file_dag.py
[2025-02-21T09:17:07.707+0000] {processor.py:183} INFO - Processing /opt/airflow/dags/optum_file_dag.py took 0.232 seconds
[2025-02-21T09:17:35.641+0000] {processor.py:161} INFO - Started process (PID=21193) to work on /opt/airflow/dags/optum_file_dag.py
[2025-02-21T09:17:35.649+0000] {processor.py:830} INFO - Processing file /opt/airflow/dags/optum_file_dag.py for tasks to queue
[2025-02-21T09:17:35.652+0000] {logging_mixin.py:188} INFO - [2025-02-21T09:17:35.651+0000] {dagbag.py:538} INFO - Filling up the DagBag from /opt/airflow/dags/optum_file_dag.py
[2025-02-21T09:17:35.741+0000] {logging_mixin.py:188} INFO - [2025-02-21T09:17:35.737+0000] {dagbag.py:348} ERROR - Failed to import: /opt/airflow/dags/optum_file_dag.py
Traceback (most recent call last):
  File "/home/airflow/.local/lib/python3.8/site-packages/airflow/models/dagbag.py", line 344, in parse
    loader.exec_module(new_module)
  File "<frozen importlib._bootstrap_external>", line 839, in exec_module
  File "<frozen importlib._bootstrap_external>", line 976, in get_code
  File "<frozen importlib._bootstrap_external>", line 906, in source_to_code
  File "<frozen importlib._bootstrap>", line 219, in _call_with_frames_removed
  File "/opt/airflow/dags/optum_file_dag.py", line 44
    schedule_interval='"@daily"  # Runs daily
                                            ^
SyntaxError: EOL while scanning string literal
[2025-02-21T09:17:35.748+0000] {processor.py:842} WARNING - No viable dags retrieved from /opt/airflow/dags/optum_file_dag.py
[2025-02-21T09:17:35.822+0000] {processor.py:183} INFO - Processing /opt/airflow/dags/optum_file_dag.py took 0.193 seconds
[2025-02-21T09:17:44.806+0000] {processor.py:161} INFO - Started process (PID=21214) to work on /opt/airflow/dags/optum_file_dag.py
[2025-02-21T09:17:44.810+0000] {processor.py:830} INFO - Processing file /opt/airflow/dags/optum_file_dag.py for tasks to queue
[2025-02-21T09:17:44.816+0000] {logging_mixin.py:188} INFO - [2025-02-21T09:17:44.816+0000] {dagbag.py:538} INFO - Filling up the DagBag from /opt/airflow/dags/optum_file_dag.py
[2025-02-21T09:17:44.933+0000] {logging_mixin.py:188} INFO - [2025-02-21T09:17:44.928+0000] {dagbag.py:348} ERROR - Failed to import: /opt/airflow/dags/optum_file_dag.py
Traceback (most recent call last):
  File "/home/airflow/.local/lib/python3.8/site-packages/airflow/models/dagbag.py", line 344, in parse
    loader.exec_module(new_module)
  File "<frozen importlib._bootstrap_external>", line 839, in exec_module
  File "<frozen importlib._bootstrap_external>", line 976, in get_code
  File "<frozen importlib._bootstrap_external>", line 906, in source_to_code
  File "<frozen importlib._bootstrap>", line 219, in _call_with_frames_removed
  File "/opt/airflow/dags/optum_file_dag.py", line 45
    catchup=True
    ^
SyntaxError: invalid syntax
[2025-02-21T09:17:44.936+0000] {processor.py:842} WARNING - No viable dags retrieved from /opt/airflow/dags/optum_file_dag.py
[2025-02-21T09:17:44.982+0000] {processor.py:183} INFO - Processing /opt/airflow/dags/optum_file_dag.py took 0.187 seconds
[2025-02-21T09:17:59.124+0000] {processor.py:161} INFO - Started process (PID=21247) to work on /opt/airflow/dags/optum_file_dag.py
[2025-02-21T09:17:59.127+0000] {processor.py:830} INFO - Processing file /opt/airflow/dags/optum_file_dag.py for tasks to queue
[2025-02-21T09:17:59.130+0000] {logging_mixin.py:188} INFO - [2025-02-21T09:17:59.129+0000] {dagbag.py:538} INFO - Filling up the DagBag from /opt/airflow/dags/optum_file_dag.py
[2025-02-21T09:17:59.275+0000] {processor.py:840} INFO - DAG(s) 'optum_file_dag' retrieved from /opt/airflow/dags/optum_file_dag.py
[2025-02-21T09:17:59.746+0000] {logging_mixin.py:188} INFO - [2025-02-21T09:17:59.744+0000] {override.py:1769} INFO - Created Permission View: can delete on DAG:optum_file_dag
[2025-02-21T09:17:59.794+0000] {logging_mixin.py:188} INFO - [2025-02-21T09:17:59.793+0000] {override.py:1769} INFO - Created Permission View: can read on DAG:optum_file_dag
[2025-02-21T09:17:59.833+0000] {logging_mixin.py:188} INFO - [2025-02-21T09:17:59.832+0000] {override.py:1769} INFO - Created Permission View: can edit on DAG:optum_file_dag
[2025-02-21T09:17:59.837+0000] {logging_mixin.py:188} INFO - [2025-02-21T09:17:59.836+0000] {dag.py:3036} INFO - Sync 1 DAGs
[2025-02-21T09:17:59.879+0000] {logging_mixin.py:188} INFO - [2025-02-21T09:17:59.879+0000] {dag.py:3058} INFO - Creating ORM DAG for optum_file_dag
[2025-02-21T09:17:59.915+0000] {logging_mixin.py:188} INFO - [2025-02-21T09:17:59.914+0000] {dag.py:3823} INFO - Setting next_dagrun for optum_file_dag to 2025-01-01 00:00:00+00:00, run_after=2025-01-02 00:00:00+00:00
[2025-02-21T09:17:59.977+0000] {processor.py:183} INFO - Processing /opt/airflow/dags/optum_file_dag.py took 0.868 seconds
[2025-02-21T09:18:00.645+0000] {processor.py:161} INFO - Started process (PID=21253) to work on /opt/airflow/dags/optum_file_dag.py
[2025-02-21T09:18:00.648+0000] {processor.py:830} INFO - Processing file /opt/airflow/dags/optum_file_dag.py for tasks to queue
[2025-02-21T09:18:00.652+0000] {logging_mixin.py:188} INFO - [2025-02-21T09:18:00.651+0000] {dagbag.py:538} INFO - Filling up the DagBag from /opt/airflow/dags/optum_file_dag.py
[2025-02-21T09:18:00.767+0000] {processor.py:840} INFO - DAG(s) 'optum_file_dag' retrieved from /opt/airflow/dags/optum_file_dag.py
[2025-02-21T09:18:00.809+0000] {logging_mixin.py:188} INFO - [2025-02-21T09:18:00.808+0000] {dag.py:3036} INFO - Sync 1 DAGs
[2025-02-21T09:18:00.880+0000] {logging_mixin.py:188} INFO - [2025-02-21T09:18:00.879+0000] {dag.py:3823} INFO - Setting next_dagrun for optum_file_dag to 2025-01-01 00:00:00+00:00, run_after=2025-01-02 00:00:00+00:00
[2025-02-21T09:18:00.965+0000] {processor.py:183} INFO - Processing /opt/airflow/dags/optum_file_dag.py took 0.327 seconds
[2025-02-21T09:18:31.412+0000] {processor.py:161} INFO - Started process (PID=21313) to work on /opt/airflow/dags/optum_file_dag.py
[2025-02-21T09:18:31.416+0000] {processor.py:830} INFO - Processing file /opt/airflow/dags/optum_file_dag.py for tasks to queue
[2025-02-21T09:18:31.420+0000] {logging_mixin.py:188} INFO - [2025-02-21T09:18:31.420+0000] {dagbag.py:538} INFO - Filling up the DagBag from /opt/airflow/dags/optum_file_dag.py
[2025-02-21T09:18:31.541+0000] {processor.py:840} INFO - DAG(s) 'optum_file_dag' retrieved from /opt/airflow/dags/optum_file_dag.py
[2025-02-21T09:18:31.626+0000] {logging_mixin.py:188} INFO - [2025-02-21T09:18:31.626+0000] {dag.py:3036} INFO - Sync 1 DAGs
[2025-02-21T09:18:31.703+0000] {logging_mixin.py:188} INFO - [2025-02-21T09:18:31.702+0000] {dag.py:3823} INFO - Setting next_dagrun for optum_file_dag to 2025-01-01 00:00:00+00:00, run_after=2025-01-02 00:00:00+00:00
[2025-02-21T09:18:31.780+0000] {processor.py:183} INFO - Processing /opt/airflow/dags/optum_file_dag.py took 0.378 seconds
[2025-02-21T09:19:02.360+0000] {processor.py:161} INFO - Started process (PID=21373) to work on /opt/airflow/dags/optum_file_dag.py
[2025-02-21T09:19:02.365+0000] {processor.py:830} INFO - Processing file /opt/airflow/dags/optum_file_dag.py for tasks to queue
[2025-02-21T09:19:02.381+0000] {logging_mixin.py:188} INFO - [2025-02-21T09:19:02.380+0000] {dagbag.py:538} INFO - Filling up the DagBag from /opt/airflow/dags/optum_file_dag.py
[2025-02-21T09:19:02.527+0000] {processor.py:840} INFO - DAG(s) 'optum_file_dag' retrieved from /opt/airflow/dags/optum_file_dag.py
[2025-02-21T09:19:02.609+0000] {logging_mixin.py:188} INFO - [2025-02-21T09:19:02.608+0000] {dag.py:3036} INFO - Sync 1 DAGs
[2025-02-21T09:19:02.703+0000] {logging_mixin.py:188} INFO - [2025-02-21T09:19:02.702+0000] {dag.py:3823} INFO - Setting next_dagrun for optum_file_dag to 2025-01-01 00:00:00+00:00, run_after=2025-01-02 00:00:00+00:00
[2025-02-21T09:19:02.789+0000] {processor.py:183} INFO - Processing /opt/airflow/dags/optum_file_dag.py took 0.439 seconds
[2025-02-21T09:19:33.245+0000] {processor.py:161} INFO - Started process (PID=21431) to work on /opt/airflow/dags/optum_file_dag.py
[2025-02-21T09:19:33.248+0000] {processor.py:830} INFO - Processing file /opt/airflow/dags/optum_file_dag.py for tasks to queue
[2025-02-21T09:19:33.251+0000] {logging_mixin.py:188} INFO - [2025-02-21T09:19:33.250+0000] {dagbag.py:538} INFO - Filling up the DagBag from /opt/airflow/dags/optum_file_dag.py
[2025-02-21T09:19:33.326+0000] {processor.py:840} INFO - DAG(s) 'optum_file_dag' retrieved from /opt/airflow/dags/optum_file_dag.py
[2025-02-21T09:19:33.384+0000] {logging_mixin.py:188} INFO - [2025-02-21T09:19:33.384+0000] {dag.py:3036} INFO - Sync 1 DAGs
[2025-02-21T09:19:33.444+0000] {logging_mixin.py:188} INFO - [2025-02-21T09:19:33.444+0000] {dag.py:3823} INFO - Setting next_dagrun for optum_file_dag to 2025-01-01 00:00:00+00:00, run_after=2025-01-02 00:00:00+00:00
[2025-02-21T09:19:33.495+0000] {processor.py:183} INFO - Processing /opt/airflow/dags/optum_file_dag.py took 0.262 seconds
[2025-02-21T09:20:04.278+0000] {processor.py:161} INFO - Started process (PID=21489) to work on /opt/airflow/dags/optum_file_dag.py
[2025-02-21T09:20:04.282+0000] {processor.py:830} INFO - Processing file /opt/airflow/dags/optum_file_dag.py for tasks to queue
[2025-02-21T09:20:04.287+0000] {logging_mixin.py:188} INFO - [2025-02-21T09:20:04.286+0000] {dagbag.py:538} INFO - Filling up the DagBag from /opt/airflow/dags/optum_file_dag.py
[2025-02-21T09:20:04.379+0000] {processor.py:840} INFO - DAG(s) 'optum_file_dag' retrieved from /opt/airflow/dags/optum_file_dag.py
[2025-02-21T09:20:04.476+0000] {logging_mixin.py:188} INFO - [2025-02-21T09:20:04.475+0000] {dag.py:3036} INFO - Sync 1 DAGs
[2025-02-21T09:20:04.539+0000] {logging_mixin.py:188} INFO - [2025-02-21T09:20:04.539+0000] {dag.py:3823} INFO - Setting next_dagrun for optum_file_dag to 2025-01-01 00:00:00+00:00, run_after=2025-01-02 00:00:00+00:00
[2025-02-21T09:20:04.619+0000] {processor.py:183} INFO - Processing /opt/airflow/dags/optum_file_dag.py took 0.363 seconds
[2025-02-21T09:20:35.758+0000] {processor.py:161} INFO - Started process (PID=21550) to work on /opt/airflow/dags/optum_file_dag.py
[2025-02-21T09:20:35.764+0000] {processor.py:830} INFO - Processing file /opt/airflow/dags/optum_file_dag.py for tasks to queue
[2025-02-21T09:20:35.778+0000] {logging_mixin.py:188} INFO - [2025-02-21T09:20:35.777+0000] {dagbag.py:538} INFO - Filling up the DagBag from /opt/airflow/dags/optum_file_dag.py
[2025-02-21T09:20:36.055+0000] {processor.py:840} INFO - DAG(s) 'optum_file_dag' retrieved from /opt/airflow/dags/optum_file_dag.py
[2025-02-21T09:20:36.148+0000] {logging_mixin.py:188} INFO - [2025-02-21T09:20:36.147+0000] {dag.py:3036} INFO - Sync 1 DAGs
[2025-02-21T09:20:36.259+0000] {logging_mixin.py:188} INFO - [2025-02-21T09:20:36.259+0000] {dag.py:3823} INFO - Setting next_dagrun for optum_file_dag to 2025-01-11 00:00:00+00:00, run_after=2025-01-12 00:00:00+00:00
[2025-02-21T09:20:36.388+0000] {processor.py:183} INFO - Processing /opt/airflow/dags/optum_file_dag.py took 0.638 seconds
[2025-02-21T09:21:07.024+0000] {processor.py:161} INFO - Started process (PID=21631) to work on /opt/airflow/dags/optum_file_dag.py
[2025-02-21T09:21:07.028+0000] {processor.py:830} INFO - Processing file /opt/airflow/dags/optum_file_dag.py for tasks to queue
[2025-02-21T09:21:07.031+0000] {logging_mixin.py:188} INFO - [2025-02-21T09:21:07.030+0000] {dagbag.py:538} INFO - Filling up the DagBag from /opt/airflow/dags/optum_file_dag.py
[2025-02-21T09:21:07.119+0000] {processor.py:840} INFO - DAG(s) 'optum_file_dag' retrieved from /opt/airflow/dags/optum_file_dag.py
[2025-02-21T09:21:07.188+0000] {logging_mixin.py:188} INFO - [2025-02-21T09:21:07.187+0000] {dag.py:3036} INFO - Sync 1 DAGs
[2025-02-21T09:21:07.317+0000] {processor.py:183} INFO - Processing /opt/airflow/dags/optum_file_dag.py took 0.305 seconds
[2025-02-21T09:21:37.563+0000] {processor.py:161} INFO - Started process (PID=21692) to work on /opt/airflow/dags/optum_file_dag.py
[2025-02-21T09:21:37.567+0000] {processor.py:830} INFO - Processing file /opt/airflow/dags/optum_file_dag.py for tasks to queue
[2025-02-21T09:21:37.570+0000] {logging_mixin.py:188} INFO - [2025-02-21T09:21:37.569+0000] {dagbag.py:538} INFO - Filling up the DagBag from /opt/airflow/dags/optum_file_dag.py
[2025-02-21T09:21:37.679+0000] {processor.py:840} INFO - DAG(s) 'optum_file_dag' retrieved from /opt/airflow/dags/optum_file_dag.py
[2025-02-21T09:21:37.754+0000] {logging_mixin.py:188} INFO - [2025-02-21T09:21:37.754+0000] {dag.py:3036} INFO - Sync 1 DAGs
[2025-02-21T09:21:37.866+0000] {processor.py:183} INFO - Processing /opt/airflow/dags/optum_file_dag.py took 0.311 seconds
[2025-02-21T09:22:08.945+0000] {processor.py:161} INFO - Started process (PID=21769) to work on /opt/airflow/dags/optum_file_dag.py
[2025-02-21T09:22:08.951+0000] {processor.py:830} INFO - Processing file /opt/airflow/dags/optum_file_dag.py for tasks to queue
[2025-02-21T09:22:08.956+0000] {logging_mixin.py:188} INFO - [2025-02-21T09:22:08.955+0000] {dagbag.py:538} INFO - Filling up the DagBag from /opt/airflow/dags/optum_file_dag.py
[2025-02-21T09:22:09.046+0000] {processor.py:840} INFO - DAG(s) 'optum_file_dag' retrieved from /opt/airflow/dags/optum_file_dag.py
[2025-02-21T09:22:09.132+0000] {logging_mixin.py:188} INFO - [2025-02-21T09:22:09.132+0000] {dag.py:3036} INFO - Sync 1 DAGs
[2025-02-21T09:22:09.206+0000] {logging_mixin.py:188} INFO - [2025-02-21T09:22:09.205+0000] {dag.py:3823} INFO - Setting next_dagrun for optum_file_dag to 2025-01-17 00:00:00+00:00, run_after=2025-01-18 00:00:00+00:00
[2025-02-21T09:22:09.266+0000] {processor.py:183} INFO - Processing /opt/airflow/dags/optum_file_dag.py took 0.337 seconds
[2025-02-21T09:22:39.730+0000] {processor.py:161} INFO - Started process (PID=21845) to work on /opt/airflow/dags/optum_file_dag.py
[2025-02-21T09:22:39.746+0000] {processor.py:830} INFO - Processing file /opt/airflow/dags/optum_file_dag.py for tasks to queue
[2025-02-21T09:22:39.754+0000] {logging_mixin.py:188} INFO - [2025-02-21T09:22:39.753+0000] {dagbag.py:538} INFO - Filling up the DagBag from /opt/airflow/dags/optum_file_dag.py
[2025-02-21T09:22:39.946+0000] {processor.py:840} INFO - DAG(s) 'optum_file_dag' retrieved from /opt/airflow/dags/optum_file_dag.py
[2025-02-21T09:22:40.046+0000] {logging_mixin.py:188} INFO - [2025-02-21T09:22:40.046+0000] {dag.py:3036} INFO - Sync 1 DAGs
[2025-02-21T09:22:40.259+0000] {processor.py:183} INFO - Processing /opt/airflow/dags/optum_file_dag.py took 0.563 seconds
[2025-02-21T09:23:10.862+0000] {processor.py:161} INFO - Started process (PID=21918) to work on /opt/airflow/dags/optum_file_dag.py
[2025-02-21T09:23:10.866+0000] {processor.py:830} INFO - Processing file /opt/airflow/dags/optum_file_dag.py for tasks to queue
[2025-02-21T09:23:10.869+0000] {logging_mixin.py:188} INFO - [2025-02-21T09:23:10.868+0000] {dagbag.py:538} INFO - Filling up the DagBag from /opt/airflow/dags/optum_file_dag.py
[2025-02-21T09:23:10.981+0000] {processor.py:840} INFO - DAG(s) 'optum_file_dag' retrieved from /opt/airflow/dags/optum_file_dag.py
[2025-02-21T09:23:11.043+0000] {logging_mixin.py:188} INFO - [2025-02-21T09:23:11.042+0000] {dag.py:3036} INFO - Sync 1 DAGs
[2025-02-21T09:23:11.193+0000] {processor.py:183} INFO - Processing /opt/airflow/dags/optum_file_dag.py took 0.344 seconds
[2025-02-21T09:23:41.355+0000] {processor.py:161} INFO - Started process (PID=21978) to work on /opt/airflow/dags/optum_file_dag.py
[2025-02-21T09:23:41.359+0000] {processor.py:830} INFO - Processing file /opt/airflow/dags/optum_file_dag.py for tasks to queue
[2025-02-21T09:23:41.361+0000] {logging_mixin.py:188} INFO - [2025-02-21T09:23:41.360+0000] {dagbag.py:538} INFO - Filling up the DagBag from /opt/airflow/dags/optum_file_dag.py
[2025-02-21T09:23:41.412+0000] {processor.py:840} INFO - DAG(s) 'optum_file_dag' retrieved from /opt/airflow/dags/optum_file_dag.py
[2025-02-21T09:23:41.459+0000] {logging_mixin.py:188} INFO - [2025-02-21T09:23:41.459+0000] {dag.py:3036} INFO - Sync 1 DAGs
[2025-02-21T09:23:41.530+0000] {logging_mixin.py:188} INFO - [2025-02-21T09:23:41.530+0000] {dag.py:3823} INFO - Setting next_dagrun for optum_file_dag to 2025-02-02 00:00:00+00:00, run_after=2025-02-03 00:00:00+00:00
[2025-02-21T09:23:41.599+0000] {processor.py:183} INFO - Processing /opt/airflow/dags/optum_file_dag.py took 0.252 seconds
[2025-02-21T09:24:12.239+0000] {processor.py:161} INFO - Started process (PID=22069) to work on /opt/airflow/dags/optum_file_dag.py
[2025-02-21T09:24:12.252+0000] {processor.py:830} INFO - Processing file /opt/airflow/dags/optum_file_dag.py for tasks to queue
[2025-02-21T09:24:12.258+0000] {logging_mixin.py:188} INFO - [2025-02-21T09:24:12.257+0000] {dagbag.py:538} INFO - Filling up the DagBag from /opt/airflow/dags/optum_file_dag.py
[2025-02-21T09:24:12.338+0000] {processor.py:840} INFO - DAG(s) 'optum_file_dag' retrieved from /opt/airflow/dags/optum_file_dag.py
[2025-02-21T09:24:12.470+0000] {logging_mixin.py:188} INFO - [2025-02-21T09:24:12.469+0000] {dag.py:3036} INFO - Sync 1 DAGs
[2025-02-21T09:24:12.759+0000] {processor.py:183} INFO - Processing /opt/airflow/dags/optum_file_dag.py took 0.544 seconds
[2025-02-21T09:24:43.403+0000] {processor.py:161} INFO - Started process (PID=22147) to work on /opt/airflow/dags/optum_file_dag.py
[2025-02-21T09:24:43.407+0000] {processor.py:830} INFO - Processing file /opt/airflow/dags/optum_file_dag.py for tasks to queue
[2025-02-21T09:24:43.409+0000] {logging_mixin.py:188} INFO - [2025-02-21T09:24:43.408+0000] {dagbag.py:538} INFO - Filling up the DagBag from /opt/airflow/dags/optum_file_dag.py
[2025-02-21T09:24:43.506+0000] {processor.py:840} INFO - DAG(s) 'optum_file_dag' retrieved from /opt/airflow/dags/optum_file_dag.py
[2025-02-21T09:24:43.599+0000] {logging_mixin.py:188} INFO - [2025-02-21T09:24:43.598+0000] {dag.py:3036} INFO - Sync 1 DAGs
[2025-02-21T09:24:43.747+0000] {processor.py:183} INFO - Processing /opt/airflow/dags/optum_file_dag.py took 0.357 seconds
[2025-02-21T09:25:14.262+0000] {processor.py:161} INFO - Started process (PID=22208) to work on /opt/airflow/dags/optum_file_dag.py
[2025-02-21T09:25:14.267+0000] {processor.py:830} INFO - Processing file /opt/airflow/dags/optum_file_dag.py for tasks to queue
[2025-02-21T09:25:14.272+0000] {logging_mixin.py:188} INFO - [2025-02-21T09:25:14.271+0000] {dagbag.py:538} INFO - Filling up the DagBag from /opt/airflow/dags/optum_file_dag.py
[2025-02-21T09:25:14.363+0000] {processor.py:840} INFO - DAG(s) 'optum_file_dag' retrieved from /opt/airflow/dags/optum_file_dag.py
[2025-02-21T09:25:14.437+0000] {logging_mixin.py:188} INFO - [2025-02-21T09:25:14.437+0000] {dag.py:3036} INFO - Sync 1 DAGs
[2025-02-21T09:25:14.740+0000] {logging_mixin.py:188} INFO - [2025-02-21T09:25:14.740+0000] {dag.py:3823} INFO - Setting next_dagrun for optum_file_dag to 2025-02-18 00:00:00+00:00, run_after=2025-02-19 00:00:00+00:00
[2025-02-21T09:25:14.788+0000] {processor.py:183} INFO - Processing /opt/airflow/dags/optum_file_dag.py took 0.537 seconds
[2025-02-21T09:25:45.832+0000] {processor.py:161} INFO - Started process (PID=22294) to work on /opt/airflow/dags/optum_file_dag.py
[2025-02-21T09:25:45.835+0000] {processor.py:830} INFO - Processing file /opt/airflow/dags/optum_file_dag.py for tasks to queue
[2025-02-21T09:25:45.838+0000] {logging_mixin.py:188} INFO - [2025-02-21T09:25:45.838+0000] {dagbag.py:538} INFO - Filling up the DagBag from /opt/airflow/dags/optum_file_dag.py
[2025-02-21T09:25:45.942+0000] {processor.py:840} INFO - DAG(s) 'optum_file_dag' retrieved from /opt/airflow/dags/optum_file_dag.py
[2025-02-21T09:25:46.025+0000] {logging_mixin.py:188} INFO - [2025-02-21T09:25:46.024+0000] {dag.py:3036} INFO - Sync 1 DAGs
[2025-02-21T09:25:46.198+0000] {logging_mixin.py:188} INFO - [2025-02-21T09:25:46.197+0000] {dag.py:3823} INFO - Setting next_dagrun for optum_file_dag to 2025-02-21 00:00:00+00:00, run_after=2025-02-22 00:00:00+00:00
[2025-02-21T09:25:46.266+0000] {processor.py:183} INFO - Processing /opt/airflow/dags/optum_file_dag.py took 0.448 seconds
[2025-02-21T09:26:16.556+0000] {processor.py:161} INFO - Started process (PID=22354) to work on /opt/airflow/dags/optum_file_dag.py
[2025-02-21T09:26:16.561+0000] {processor.py:830} INFO - Processing file /opt/airflow/dags/optum_file_dag.py for tasks to queue
[2025-02-21T09:26:16.565+0000] {logging_mixin.py:188} INFO - [2025-02-21T09:26:16.564+0000] {dagbag.py:538} INFO - Filling up the DagBag from /opt/airflow/dags/optum_file_dag.py
[2025-02-21T09:26:16.663+0000] {processor.py:840} INFO - DAG(s) 'optum_file_dag' retrieved from /opt/airflow/dags/optum_file_dag.py
[2025-02-21T09:26:16.740+0000] {logging_mixin.py:188} INFO - [2025-02-21T09:26:16.739+0000] {dag.py:3036} INFO - Sync 1 DAGs
[2025-02-21T09:26:16.807+0000] {logging_mixin.py:188} INFO - [2025-02-21T09:26:16.806+0000] {dag.py:3823} INFO - Setting next_dagrun for optum_file_dag to 2025-02-21 00:00:00+00:00, run_after=2025-02-22 00:00:00+00:00
[2025-02-21T09:26:16.885+0000] {processor.py:183} INFO - Processing /opt/airflow/dags/optum_file_dag.py took 0.346 seconds
[2025-02-21T09:26:47.505+0000] {processor.py:161} INFO - Started process (PID=22415) to work on /opt/airflow/dags/optum_file_dag.py
[2025-02-21T09:26:47.509+0000] {processor.py:830} INFO - Processing file /opt/airflow/dags/optum_file_dag.py for tasks to queue
[2025-02-21T09:26:47.512+0000] {logging_mixin.py:188} INFO - [2025-02-21T09:26:47.511+0000] {dagbag.py:538} INFO - Filling up the DagBag from /opt/airflow/dags/optum_file_dag.py
[2025-02-21T09:26:47.621+0000] {processor.py:840} INFO - DAG(s) 'optum_file_dag' retrieved from /opt/airflow/dags/optum_file_dag.py
[2025-02-21T09:26:47.703+0000] {logging_mixin.py:188} INFO - [2025-02-21T09:26:47.702+0000] {dag.py:3036} INFO - Sync 1 DAGs
[2025-02-21T09:26:47.788+0000] {logging_mixin.py:188} INFO - [2025-02-21T09:26:47.787+0000] {dag.py:3823} INFO - Setting next_dagrun for optum_file_dag to 2025-02-21 00:00:00+00:00, run_after=2025-02-22 00:00:00+00:00
[2025-02-21T09:26:47.926+0000] {processor.py:183} INFO - Processing /opt/airflow/dags/optum_file_dag.py took 0.434 seconds
[2025-02-21T09:27:18.340+0000] {processor.py:161} INFO - Started process (PID=22479) to work on /opt/airflow/dags/optum_file_dag.py
[2025-02-21T09:27:18.344+0000] {processor.py:830} INFO - Processing file /opt/airflow/dags/optum_file_dag.py for tasks to queue
[2025-02-21T09:27:18.348+0000] {logging_mixin.py:188} INFO - [2025-02-21T09:27:18.347+0000] {dagbag.py:538} INFO - Filling up the DagBag from /opt/airflow/dags/optum_file_dag.py
[2025-02-21T09:27:18.427+0000] {processor.py:840} INFO - DAG(s) 'optum_file_dag' retrieved from /opt/airflow/dags/optum_file_dag.py
[2025-02-21T09:27:18.489+0000] {logging_mixin.py:188} INFO - [2025-02-21T09:27:18.489+0000] {dag.py:3036} INFO - Sync 1 DAGs
[2025-02-21T09:27:18.567+0000] {logging_mixin.py:188} INFO - [2025-02-21T09:27:18.566+0000] {dag.py:3823} INFO - Setting next_dagrun for optum_file_dag to 2025-02-21 00:00:00+00:00, run_after=2025-02-22 00:00:00+00:00
[2025-02-21T09:27:18.626+0000] {processor.py:183} INFO - Processing /opt/airflow/dags/optum_file_dag.py took 0.297 seconds
[2025-02-21T09:27:49.077+0000] {processor.py:161} INFO - Started process (PID=22539) to work on /opt/airflow/dags/optum_file_dag.py
[2025-02-21T09:27:49.080+0000] {processor.py:830} INFO - Processing file /opt/airflow/dags/optum_file_dag.py for tasks to queue
[2025-02-21T09:27:49.083+0000] {logging_mixin.py:188} INFO - [2025-02-21T09:27:49.083+0000] {dagbag.py:538} INFO - Filling up the DagBag from /opt/airflow/dags/optum_file_dag.py
[2025-02-21T09:27:49.141+0000] {processor.py:840} INFO - DAG(s) 'optum_file_dag' retrieved from /opt/airflow/dags/optum_file_dag.py
[2025-02-21T09:27:49.213+0000] {logging_mixin.py:188} INFO - [2025-02-21T09:27:49.212+0000] {dag.py:3036} INFO - Sync 1 DAGs
[2025-02-21T09:27:49.269+0000] {logging_mixin.py:188} INFO - [2025-02-21T09:27:49.268+0000] {dag.py:3823} INFO - Setting next_dagrun for optum_file_dag to 2025-02-21 00:00:00+00:00, run_after=2025-02-22 00:00:00+00:00
[2025-02-21T09:27:49.336+0000] {processor.py:183} INFO - Processing /opt/airflow/dags/optum_file_dag.py took 0.267 seconds
[2025-02-21T09:28:19.836+0000] {processor.py:161} INFO - Started process (PID=22601) to work on /opt/airflow/dags/optum_file_dag.py
[2025-02-21T09:28:19.840+0000] {processor.py:830} INFO - Processing file /opt/airflow/dags/optum_file_dag.py for tasks to queue
[2025-02-21T09:28:19.842+0000] {logging_mixin.py:188} INFO - [2025-02-21T09:28:19.842+0000] {dagbag.py:538} INFO - Filling up the DagBag from /opt/airflow/dags/optum_file_dag.py
[2025-02-21T09:28:19.919+0000] {processor.py:840} INFO - DAG(s) 'optum_file_dag' retrieved from /opt/airflow/dags/optum_file_dag.py
[2025-02-21T09:28:19.972+0000] {logging_mixin.py:188} INFO - [2025-02-21T09:28:19.972+0000] {dag.py:3036} INFO - Sync 1 DAGs
[2025-02-21T09:28:20.037+0000] {logging_mixin.py:188} INFO - [2025-02-21T09:28:20.037+0000] {dag.py:3823} INFO - Setting next_dagrun for optum_file_dag to 2025-02-21 00:00:00+00:00, run_after=2025-02-22 00:00:00+00:00
[2025-02-21T09:28:20.085+0000] {processor.py:183} INFO - Processing /opt/airflow/dags/optum_file_dag.py took 0.257 seconds
[2025-02-21T09:28:50.425+0000] {processor.py:161} INFO - Started process (PID=22660) to work on /opt/airflow/dags/optum_file_dag.py
[2025-02-21T09:28:50.430+0000] {processor.py:830} INFO - Processing file /opt/airflow/dags/optum_file_dag.py for tasks to queue
[2025-02-21T09:28:50.434+0000] {logging_mixin.py:188} INFO - [2025-02-21T09:28:50.433+0000] {dagbag.py:538} INFO - Filling up the DagBag from /opt/airflow/dags/optum_file_dag.py
[2025-02-21T09:28:50.533+0000] {processor.py:840} INFO - DAG(s) 'optum_file_dag' retrieved from /opt/airflow/dags/optum_file_dag.py
[2025-02-21T09:28:50.592+0000] {logging_mixin.py:188} INFO - [2025-02-21T09:28:50.591+0000] {dag.py:3036} INFO - Sync 1 DAGs
[2025-02-21T09:28:50.666+0000] {logging_mixin.py:188} INFO - [2025-02-21T09:28:50.665+0000] {dag.py:3823} INFO - Setting next_dagrun for optum_file_dag to 2025-02-21 00:00:00+00:00, run_after=2025-02-22 00:00:00+00:00
[2025-02-21T09:28:50.746+0000] {processor.py:183} INFO - Processing /opt/airflow/dags/optum_file_dag.py took 0.332 seconds
[2025-02-21T09:29:21.050+0000] {processor.py:161} INFO - Started process (PID=22720) to work on /opt/airflow/dags/optum_file_dag.py
[2025-02-21T09:29:21.054+0000] {processor.py:830} INFO - Processing file /opt/airflow/dags/optum_file_dag.py for tasks to queue
[2025-02-21T09:29:21.058+0000] {logging_mixin.py:188} INFO - [2025-02-21T09:29:21.057+0000] {dagbag.py:538} INFO - Filling up the DagBag from /opt/airflow/dags/optum_file_dag.py
[2025-02-21T09:29:21.144+0000] {processor.py:840} INFO - DAG(s) 'optum_file_dag' retrieved from /opt/airflow/dags/optum_file_dag.py
[2025-02-21T09:29:21.209+0000] {logging_mixin.py:188} INFO - [2025-02-21T09:29:21.208+0000] {dag.py:3036} INFO - Sync 1 DAGs
[2025-02-21T09:29:21.294+0000] {logging_mixin.py:188} INFO - [2025-02-21T09:29:21.292+0000] {dag.py:3823} INFO - Setting next_dagrun for optum_file_dag to 2025-02-21 00:00:00+00:00, run_after=2025-02-22 00:00:00+00:00
[2025-02-21T09:29:21.365+0000] {processor.py:183} INFO - Processing /opt/airflow/dags/optum_file_dag.py took 0.332 seconds
[2025-02-21T09:29:51.709+0000] {processor.py:161} INFO - Started process (PID=22780) to work on /opt/airflow/dags/optum_file_dag.py
[2025-02-21T09:29:51.712+0000] {processor.py:830} INFO - Processing file /opt/airflow/dags/optum_file_dag.py for tasks to queue
[2025-02-21T09:29:51.717+0000] {logging_mixin.py:188} INFO - [2025-02-21T09:29:51.716+0000] {dagbag.py:538} INFO - Filling up the DagBag from /opt/airflow/dags/optum_file_dag.py
[2025-02-21T09:29:51.778+0000] {processor.py:840} INFO - DAG(s) 'optum_file_dag' retrieved from /opt/airflow/dags/optum_file_dag.py
[2025-02-21T09:29:51.836+0000] {logging_mixin.py:188} INFO - [2025-02-21T09:29:51.835+0000] {dag.py:3036} INFO - Sync 1 DAGs
[2025-02-21T09:29:51.890+0000] {logging_mixin.py:188} INFO - [2025-02-21T09:29:51.889+0000] {dag.py:3823} INFO - Setting next_dagrun for optum_file_dag to 2025-02-21 00:00:00+00:00, run_after=2025-02-22 00:00:00+00:00
[2025-02-21T09:29:51.940+0000] {processor.py:183} INFO - Processing /opt/airflow/dags/optum_file_dag.py took 0.244 seconds
[2025-02-21T09:30:22.241+0000] {processor.py:161} INFO - Started process (PID=22837) to work on /opt/airflow/dags/optum_file_dag.py
[2025-02-21T09:30:22.246+0000] {processor.py:830} INFO - Processing file /opt/airflow/dags/optum_file_dag.py for tasks to queue
[2025-02-21T09:30:22.252+0000] {logging_mixin.py:188} INFO - [2025-02-21T09:30:22.251+0000] {dagbag.py:538} INFO - Filling up the DagBag from /opt/airflow/dags/optum_file_dag.py
[2025-02-21T09:30:22.355+0000] {processor.py:840} INFO - DAG(s) 'optum_file_dag' retrieved from /opt/airflow/dags/optum_file_dag.py
[2025-02-21T09:30:22.453+0000] {logging_mixin.py:188} INFO - [2025-02-21T09:30:22.452+0000] {dag.py:3036} INFO - Sync 1 DAGs
[2025-02-21T09:30:22.553+0000] {logging_mixin.py:188} INFO - [2025-02-21T09:30:22.551+0000] {dag.py:3823} INFO - Setting next_dagrun for optum_file_dag to 2025-02-21 00:00:00+00:00, run_after=2025-02-22 00:00:00+00:00
[2025-02-21T09:30:22.654+0000] {processor.py:183} INFO - Processing /opt/airflow/dags/optum_file_dag.py took 0.429 seconds
[2025-02-21T09:30:52.879+0000] {processor.py:161} INFO - Started process (PID=22898) to work on /opt/airflow/dags/optum_file_dag.py
[2025-02-21T09:30:52.884+0000] {processor.py:830} INFO - Processing file /opt/airflow/dags/optum_file_dag.py for tasks to queue
[2025-02-21T09:30:52.891+0000] {logging_mixin.py:188} INFO - [2025-02-21T09:30:52.890+0000] {dagbag.py:538} INFO - Filling up the DagBag from /opt/airflow/dags/optum_file_dag.py
[2025-02-21T09:30:52.995+0000] {processor.py:840} INFO - DAG(s) 'optum_file_dag' retrieved from /opt/airflow/dags/optum_file_dag.py
[2025-02-21T09:30:53.065+0000] {logging_mixin.py:188} INFO - [2025-02-21T09:30:53.064+0000] {dag.py:3036} INFO - Sync 1 DAGs
[2025-02-21T09:30:53.136+0000] {logging_mixin.py:188} INFO - [2025-02-21T09:30:53.136+0000] {dag.py:3823} INFO - Setting next_dagrun for optum_file_dag to 2025-02-21 00:00:00+00:00, run_after=2025-02-22 00:00:00+00:00
[2025-02-21T09:30:53.268+0000] {processor.py:183} INFO - Processing /opt/airflow/dags/optum_file_dag.py took 0.404 seconds
[2025-02-21T09:31:23.755+0000] {processor.py:161} INFO - Started process (PID=22958) to work on /opt/airflow/dags/optum_file_dag.py
[2025-02-21T09:31:23.761+0000] {processor.py:830} INFO - Processing file /opt/airflow/dags/optum_file_dag.py for tasks to queue
[2025-02-21T09:31:23.770+0000] {logging_mixin.py:188} INFO - [2025-02-21T09:31:23.769+0000] {dagbag.py:538} INFO - Filling up the DagBag from /opt/airflow/dags/optum_file_dag.py
[2025-02-21T09:31:23.850+0000] {processor.py:840} INFO - DAG(s) 'optum_file_dag' retrieved from /opt/airflow/dags/optum_file_dag.py
[2025-02-21T09:31:23.913+0000] {logging_mixin.py:188} INFO - [2025-02-21T09:31:23.913+0000] {dag.py:3036} INFO - Sync 1 DAGs
[2025-02-21T09:31:23.994+0000] {logging_mixin.py:188} INFO - [2025-02-21T09:31:23.993+0000] {dag.py:3823} INFO - Setting next_dagrun for optum_file_dag to 2025-02-21 00:00:00+00:00, run_after=2025-02-22 00:00:00+00:00
[2025-02-21T09:31:24.078+0000] {processor.py:183} INFO - Processing /opt/airflow/dags/optum_file_dag.py took 0.336 seconds
[2025-02-21T09:31:54.600+0000] {processor.py:161} INFO - Started process (PID=23018) to work on /opt/airflow/dags/optum_file_dag.py
[2025-02-21T09:31:54.611+0000] {processor.py:830} INFO - Processing file /opt/airflow/dags/optum_file_dag.py for tasks to queue
[2025-02-21T09:31:54.620+0000] {logging_mixin.py:188} INFO - [2025-02-21T09:31:54.619+0000] {dagbag.py:538} INFO - Filling up the DagBag from /opt/airflow/dags/optum_file_dag.py
[2025-02-21T09:31:54.724+0000] {processor.py:840} INFO - DAG(s) 'optum_file_dag' retrieved from /opt/airflow/dags/optum_file_dag.py
[2025-02-21T09:31:54.804+0000] {logging_mixin.py:188} INFO - [2025-02-21T09:31:54.803+0000] {dag.py:3036} INFO - Sync 1 DAGs
[2025-02-21T09:31:54.875+0000] {logging_mixin.py:188} INFO - [2025-02-21T09:31:54.874+0000] {dag.py:3823} INFO - Setting next_dagrun for optum_file_dag to 2025-02-21 00:00:00+00:00, run_after=2025-02-22 00:00:00+00:00
[2025-02-21T09:31:54.949+0000] {processor.py:183} INFO - Processing /opt/airflow/dags/optum_file_dag.py took 0.360 seconds
[2025-02-21T09:32:25.249+0000] {processor.py:161} INFO - Started process (PID=23079) to work on /opt/airflow/dags/optum_file_dag.py
[2025-02-21T09:32:25.257+0000] {processor.py:830} INFO - Processing file /opt/airflow/dags/optum_file_dag.py for tasks to queue
[2025-02-21T09:32:25.262+0000] {logging_mixin.py:188} INFO - [2025-02-21T09:32:25.261+0000] {dagbag.py:538} INFO - Filling up the DagBag from /opt/airflow/dags/optum_file_dag.py
[2025-02-21T09:32:25.353+0000] {processor.py:840} INFO - DAG(s) 'optum_file_dag' retrieved from /opt/airflow/dags/optum_file_dag.py
[2025-02-21T09:32:25.428+0000] {logging_mixin.py:188} INFO - [2025-02-21T09:32:25.428+0000] {dag.py:3036} INFO - Sync 1 DAGs
[2025-02-21T09:32:25.532+0000] {logging_mixin.py:188} INFO - [2025-02-21T09:32:25.531+0000] {dag.py:3823} INFO - Setting next_dagrun for optum_file_dag to 2025-02-21 00:00:00+00:00, run_after=2025-02-22 00:00:00+00:00
[2025-02-21T09:32:25.582+0000] {processor.py:183} INFO - Processing /opt/airflow/dags/optum_file_dag.py took 0.345 seconds
[2025-02-21T09:32:56.111+0000] {processor.py:161} INFO - Started process (PID=23139) to work on /opt/airflow/dags/optum_file_dag.py
[2025-02-21T09:32:56.117+0000] {processor.py:830} INFO - Processing file /opt/airflow/dags/optum_file_dag.py for tasks to queue
[2025-02-21T09:32:56.127+0000] {logging_mixin.py:188} INFO - [2025-02-21T09:32:56.126+0000] {dagbag.py:538} INFO - Filling up the DagBag from /opt/airflow/dags/optum_file_dag.py
[2025-02-21T09:32:56.301+0000] {processor.py:840} INFO - DAG(s) 'optum_file_dag' retrieved from /opt/airflow/dags/optum_file_dag.py
[2025-02-21T09:32:56.396+0000] {logging_mixin.py:188} INFO - [2025-02-21T09:32:56.394+0000] {dag.py:3036} INFO - Sync 1 DAGs
[2025-02-21T09:32:56.488+0000] {logging_mixin.py:188} INFO - [2025-02-21T09:32:56.487+0000] {dag.py:3823} INFO - Setting next_dagrun for optum_file_dag to 2025-02-21 00:00:00+00:00, run_after=2025-02-22 00:00:00+00:00
[2025-02-21T09:32:56.564+0000] {processor.py:183} INFO - Processing /opt/airflow/dags/optum_file_dag.py took 0.465 seconds
[2025-02-21T09:33:27.082+0000] {processor.py:161} INFO - Started process (PID=23198) to work on /opt/airflow/dags/optum_file_dag.py
[2025-02-21T09:33:27.086+0000] {processor.py:830} INFO - Processing file /opt/airflow/dags/optum_file_dag.py for tasks to queue
[2025-02-21T09:33:27.090+0000] {logging_mixin.py:188} INFO - [2025-02-21T09:33:27.089+0000] {dagbag.py:538} INFO - Filling up the DagBag from /opt/airflow/dags/optum_file_dag.py
[2025-02-21T09:33:27.231+0000] {processor.py:840} INFO - DAG(s) 'optum_file_dag' retrieved from /opt/airflow/dags/optum_file_dag.py
[2025-02-21T09:33:27.310+0000] {logging_mixin.py:188} INFO - [2025-02-21T09:33:27.309+0000] {dag.py:3036} INFO - Sync 1 DAGs
[2025-02-21T09:33:27.390+0000] {logging_mixin.py:188} INFO - [2025-02-21T09:33:27.389+0000] {dag.py:3823} INFO - Setting next_dagrun for optum_file_dag to 2025-02-21 00:00:00+00:00, run_after=2025-02-22 00:00:00+00:00
[2025-02-21T09:33:27.466+0000] {processor.py:183} INFO - Processing /opt/airflow/dags/optum_file_dag.py took 0.397 seconds
[2025-02-21T09:33:58.140+0000] {processor.py:161} INFO - Started process (PID=23257) to work on /opt/airflow/dags/optum_file_dag.py
[2025-02-21T09:33:58.146+0000] {processor.py:830} INFO - Processing file /opt/airflow/dags/optum_file_dag.py for tasks to queue
[2025-02-21T09:33:58.151+0000] {logging_mixin.py:188} INFO - [2025-02-21T09:33:58.150+0000] {dagbag.py:538} INFO - Filling up the DagBag from /opt/airflow/dags/optum_file_dag.py
[2025-02-21T09:33:58.282+0000] {processor.py:840} INFO - DAG(s) 'optum_file_dag' retrieved from /opt/airflow/dags/optum_file_dag.py
[2025-02-21T09:33:58.350+0000] {logging_mixin.py:188} INFO - [2025-02-21T09:33:58.349+0000] {dag.py:3036} INFO - Sync 1 DAGs
[2025-02-21T09:33:58.418+0000] {logging_mixin.py:188} INFO - [2025-02-21T09:33:58.417+0000] {dag.py:3823} INFO - Setting next_dagrun for optum_file_dag to 2025-02-21 00:00:00+00:00, run_after=2025-02-22 00:00:00+00:00
[2025-02-21T09:33:58.485+0000] {processor.py:183} INFO - Processing /opt/airflow/dags/optum_file_dag.py took 0.358 seconds
[2025-02-21T09:34:28.771+0000] {processor.py:161} INFO - Started process (PID=23315) to work on /opt/airflow/dags/optum_file_dag.py
[2025-02-21T09:34:28.774+0000] {processor.py:830} INFO - Processing file /opt/airflow/dags/optum_file_dag.py for tasks to queue
[2025-02-21T09:34:28.779+0000] {logging_mixin.py:188} INFO - [2025-02-21T09:34:28.778+0000] {dagbag.py:538} INFO - Filling up the DagBag from /opt/airflow/dags/optum_file_dag.py
[2025-02-21T09:34:28.896+0000] {processor.py:840} INFO - DAG(s) 'optum_file_dag' retrieved from /opt/airflow/dags/optum_file_dag.py
[2025-02-21T09:34:28.968+0000] {logging_mixin.py:188} INFO - [2025-02-21T09:34:28.967+0000] {dag.py:3036} INFO - Sync 1 DAGs
[2025-02-21T09:34:29.031+0000] {logging_mixin.py:188} INFO - [2025-02-21T09:34:29.030+0000] {dag.py:3823} INFO - Setting next_dagrun for optum_file_dag to 2025-02-21 00:00:00+00:00, run_after=2025-02-22 00:00:00+00:00
[2025-02-21T09:34:29.099+0000] {processor.py:183} INFO - Processing /opt/airflow/dags/optum_file_dag.py took 0.338 seconds
