[2025-02-21T07:22:55.645+0000] {processor.py:161} INFO - Started process (PID=6553) to work on /opt/airflow/dags/ultra_simple_dag1.py
[2025-02-21T07:22:55.648+0000] {processor.py:830} INFO - Processing file /opt/airflow/dags/ultra_simple_dag1.py for tasks to queue
[2025-02-21T07:22:55.655+0000] {logging_mixin.py:188} INFO - [2025-02-21T07:22:55.654+0000] {dagbag.py:538} INFO - Filling up the DagBag from /opt/airflow/dags/ultra_simple_dag1.py
[2025-02-21T07:22:55.757+0000] {processor.py:840} INFO - DAG(s) 'simple_dag1' retrieved from /opt/airflow/dags/ultra_simple_dag1.py
[2025-02-21T07:22:56.073+0000] {logging_mixin.py:188} INFO - [2025-02-21T07:22:56.072+0000] {override.py:1769} INFO - Created Permission View: can delete on DAG:simple_dag1
[2025-02-21T07:22:56.099+0000] {logging_mixin.py:188} INFO - [2025-02-21T07:22:56.099+0000] {override.py:1769} INFO - Created Permission View: can read on DAG:simple_dag1
[2025-02-21T07:22:56.129+0000] {logging_mixin.py:188} INFO - [2025-02-21T07:22:56.128+0000] {override.py:1769} INFO - Created Permission View: can edit on DAG:simple_dag1
[2025-02-21T07:22:56.130+0000] {logging_mixin.py:188} INFO - [2025-02-21T07:22:56.130+0000] {dag.py:3036} INFO - Sync 1 DAGs
[2025-02-21T07:22:56.162+0000] {logging_mixin.py:188} INFO - [2025-02-21T07:22:56.161+0000] {dag.py:3058} INFO - Creating ORM DAG for simple_dag1
[2025-02-21T07:22:56.209+0000] {logging_mixin.py:188} INFO - [2025-02-21T07:22:56.209+0000] {dag.py:3823} INFO - Setting next_dagrun for simple_dag1 to 2024-01-01 00:00:00+00:00, run_after=2024-01-01 00:01:00+00:00
[2025-02-21T07:22:56.301+0000] {processor.py:183} INFO - Processing /opt/airflow/dags/ultra_simple_dag1.py took 0.663 seconds
[2025-02-21T07:23:26.683+0000] {processor.py:161} INFO - Started process (PID=6613) to work on /opt/airflow/dags/ultra_simple_dag1.py
[2025-02-21T07:23:26.692+0000] {processor.py:830} INFO - Processing file /opt/airflow/dags/ultra_simple_dag1.py for tasks to queue
[2025-02-21T07:23:26.704+0000] {logging_mixin.py:188} INFO - [2025-02-21T07:23:26.704+0000] {dagbag.py:538} INFO - Filling up the DagBag from /opt/airflow/dags/ultra_simple_dag1.py
[2025-02-21T07:23:26.824+0000] {processor.py:840} INFO - DAG(s) 'simple_dag1' retrieved from /opt/airflow/dags/ultra_simple_dag1.py
[2025-02-21T07:23:26.891+0000] {logging_mixin.py:188} INFO - [2025-02-21T07:23:26.890+0000] {dag.py:3036} INFO - Sync 1 DAGs
[2025-02-21T07:23:26.953+0000] {logging_mixin.py:188} INFO - [2025-02-21T07:23:26.952+0000] {dag.py:3823} INFO - Setting next_dagrun for simple_dag1 to 2024-01-01 00:00:00+00:00, run_after=2024-01-01 00:01:00+00:00
[2025-02-21T07:23:27.007+0000] {processor.py:183} INFO - Processing /opt/airflow/dags/ultra_simple_dag1.py took 0.343 seconds
[2025-02-21T07:23:57.399+0000] {processor.py:161} INFO - Started process (PID=6672) to work on /opt/airflow/dags/ultra_simple_dag1.py
[2025-02-21T07:23:57.401+0000] {processor.py:830} INFO - Processing file /opt/airflow/dags/ultra_simple_dag1.py for tasks to queue
[2025-02-21T07:23:57.405+0000] {logging_mixin.py:188} INFO - [2025-02-21T07:23:57.404+0000] {dagbag.py:538} INFO - Filling up the DagBag from /opt/airflow/dags/ultra_simple_dag1.py
[2025-02-21T07:23:57.463+0000] {processor.py:840} INFO - DAG(s) 'simple_dag1' retrieved from /opt/airflow/dags/ultra_simple_dag1.py
[2025-02-21T07:23:57.507+0000] {logging_mixin.py:188} INFO - [2025-02-21T07:23:57.507+0000] {dag.py:3036} INFO - Sync 1 DAGs
[2025-02-21T07:23:57.557+0000] {logging_mixin.py:188} INFO - [2025-02-21T07:23:57.557+0000] {dag.py:3823} INFO - Setting next_dagrun for simple_dag1 to 2024-01-01 00:00:00+00:00, run_after=2024-01-01 00:01:00+00:00
[2025-02-21T07:23:57.593+0000] {processor.py:183} INFO - Processing /opt/airflow/dags/ultra_simple_dag1.py took 0.203 seconds
[2025-02-21T07:24:29.096+0000] {processor.py:161} INFO - Started process (PID=6742) to work on /opt/airflow/dags/ultra_simple_dag1.py
[2025-02-21T07:24:29.100+0000] {processor.py:830} INFO - Processing file /opt/airflow/dags/ultra_simple_dag1.py for tasks to queue
[2025-02-21T07:24:29.121+0000] {logging_mixin.py:188} INFO - [2025-02-21T07:24:29.120+0000] {dagbag.py:538} INFO - Filling up the DagBag from /opt/airflow/dags/ultra_simple_dag1.py
[2025-02-21T07:24:29.211+0000] {processor.py:840} INFO - DAG(s) 'simple_dag1' retrieved from /opt/airflow/dags/ultra_simple_dag1.py
[2025-02-21T07:24:29.327+0000] {logging_mixin.py:188} INFO - [2025-02-21T07:24:29.325+0000] {dag.py:3036} INFO - Sync 1 DAGs
[2025-02-21T07:24:29.425+0000] {logging_mixin.py:188} INFO - [2025-02-21T07:24:29.424+0000] {dag.py:3823} INFO - Setting next_dagrun for simple_dag1 to 2024-01-01 00:03:00+00:00, run_after=2024-01-01 00:04:00+00:00
[2025-02-21T07:24:29.784+0000] {processor.py:183} INFO - Processing /opt/airflow/dags/ultra_simple_dag1.py took 0.758 seconds
[2025-02-21T07:25:10.329+0000] {processor.py:161} INFO - Started process (PID=6854) to work on /opt/airflow/dags/ultra_simple_dag1.py
[2025-02-21T07:25:10.331+0000] {processor.py:830} INFO - Processing file /opt/airflow/dags/ultra_simple_dag1.py for tasks to queue
[2025-02-21T07:25:10.339+0000] {logging_mixin.py:188} INFO - [2025-02-21T07:25:10.335+0000] {dagbag.py:538} INFO - Filling up the DagBag from /opt/airflow/dags/ultra_simple_dag1.py
[2025-02-21T07:25:10.455+0000] {processor.py:840} INFO - DAG(s) 'simple_dag1' retrieved from /opt/airflow/dags/ultra_simple_dag1.py
[2025-02-21T07:25:10.666+0000] {logging_mixin.py:188} INFO - [2025-02-21T07:25:10.666+0000] {dag.py:3036} INFO - Sync 1 DAGs
[2025-02-21T07:25:11.152+0000] {logging_mixin.py:188} INFO - [2025-02-21T07:25:11.151+0000] {dag.py:3823} INFO - Setting next_dagrun for simple_dag1 to 2024-01-01 00:13:00+00:00, run_after=2024-01-01 00:14:00+00:00
[2025-02-21T07:25:11.309+0000] {processor.py:183} INFO - Processing /opt/airflow/dags/ultra_simple_dag1.py took 1.003 seconds
[2025-02-21T07:25:41.841+0000] {processor.py:161} INFO - Started process (PID=6935) to work on /opt/airflow/dags/ultra_simple_dag1.py
[2025-02-21T07:25:41.849+0000] {processor.py:830} INFO - Processing file /opt/airflow/dags/ultra_simple_dag1.py for tasks to queue
[2025-02-21T07:25:41.857+0000] {logging_mixin.py:188} INFO - [2025-02-21T07:25:41.857+0000] {dagbag.py:538} INFO - Filling up the DagBag from /opt/airflow/dags/ultra_simple_dag1.py
[2025-02-21T07:25:41.941+0000] {processor.py:840} INFO - DAG(s) 'simple_dag1' retrieved from /opt/airflow/dags/ultra_simple_dag1.py
[2025-02-21T07:25:42.026+0000] {logging_mixin.py:188} INFO - [2025-02-21T07:25:42.026+0000] {dag.py:3036} INFO - Sync 1 DAGs
[2025-02-21T07:25:42.143+0000] {logging_mixin.py:188} INFO - [2025-02-21T07:25:42.142+0000] {dag.py:3823} INFO - Setting next_dagrun for simple_dag1 to 2024-01-01 00:19:00+00:00, run_after=2024-01-01 00:20:00+00:00
[2025-02-21T07:25:42.248+0000] {processor.py:183} INFO - Processing /opt/airflow/dags/ultra_simple_dag1.py took 0.422 seconds
[2025-02-21T07:26:12.952+0000] {processor.py:161} INFO - Started process (PID=7014) to work on /opt/airflow/dags/ultra_simple_dag1.py
[2025-02-21T07:26:12.956+0000] {processor.py:830} INFO - Processing file /opt/airflow/dags/ultra_simple_dag1.py for tasks to queue
[2025-02-21T07:26:12.960+0000] {logging_mixin.py:188} INFO - [2025-02-21T07:26:12.960+0000] {dagbag.py:538} INFO - Filling up the DagBag from /opt/airflow/dags/ultra_simple_dag1.py
[2025-02-21T07:26:13.020+0000] {processor.py:840} INFO - DAG(s) 'simple_dag1' retrieved from /opt/airflow/dags/ultra_simple_dag1.py
[2025-02-21T07:26:13.084+0000] {logging_mixin.py:188} INFO - [2025-02-21T07:26:13.083+0000] {dag.py:3036} INFO - Sync 1 DAGs
[2025-02-21T07:26:13.191+0000] {logging_mixin.py:188} INFO - [2025-02-21T07:26:13.191+0000] {dag.py:3823} INFO - Setting next_dagrun for simple_dag1 to 2024-01-01 00:27:00+00:00, run_after=2024-01-01 00:28:00+00:00
[2025-02-21T07:26:13.241+0000] {processor.py:183} INFO - Processing /opt/airflow/dags/ultra_simple_dag1.py took 0.298 seconds
[2025-02-21T07:26:44.480+0000] {processor.py:161} INFO - Started process (PID=7120) to work on /opt/airflow/dags/ultra_simple_dag1.py
[2025-02-21T07:26:44.491+0000] {processor.py:830} INFO - Processing file /opt/airflow/dags/ultra_simple_dag1.py for tasks to queue
[2025-02-21T07:26:44.499+0000] {logging_mixin.py:188} INFO - [2025-02-21T07:26:44.498+0000] {dagbag.py:538} INFO - Filling up the DagBag from /opt/airflow/dags/ultra_simple_dag1.py
[2025-02-21T07:26:44.645+0000] {processor.py:840} INFO - DAG(s) 'simple_dag1' retrieved from /opt/airflow/dags/ultra_simple_dag1.py
[2025-02-21T07:26:44.798+0000] {logging_mixin.py:188} INFO - [2025-02-21T07:26:44.797+0000] {dag.py:3036} INFO - Sync 1 DAGs
[2025-02-21T07:26:45.354+0000] {logging_mixin.py:188} INFO - [2025-02-21T07:26:45.354+0000] {dag.py:3823} INFO - Setting next_dagrun for simple_dag1 to 2024-01-01 00:36:00+00:00, run_after=2024-01-01 00:37:00+00:00
[2025-02-21T07:26:45.540+0000] {processor.py:183} INFO - Processing /opt/airflow/dags/ultra_simple_dag1.py took 1.078 seconds
[2025-02-21T07:27:16.117+0000] {processor.py:161} INFO - Started process (PID=7220) to work on /opt/airflow/dags/ultra_simple_dag1.py
[2025-02-21T07:27:16.124+0000] {processor.py:830} INFO - Processing file /opt/airflow/dags/ultra_simple_dag1.py for tasks to queue
[2025-02-21T07:27:16.151+0000] {logging_mixin.py:188} INFO - [2025-02-21T07:27:16.151+0000] {dagbag.py:538} INFO - Filling up the DagBag from /opt/airflow/dags/ultra_simple_dag1.py
[2025-02-21T07:27:16.355+0000] {processor.py:840} INFO - DAG(s) 'simple_dag1' retrieved from /opt/airflow/dags/ultra_simple_dag1.py
[2025-02-21T07:27:16.420+0000] {logging_mixin.py:188} INFO - [2025-02-21T07:27:16.420+0000] {dag.py:3036} INFO - Sync 1 DAGs
[2025-02-21T07:27:16.550+0000] {logging_mixin.py:188} INFO - [2025-02-21T07:27:16.550+0000] {dag.py:3823} INFO - Setting next_dagrun for simple_dag1 to 2024-01-01 00:43:00+00:00, run_after=2024-01-01 00:44:00+00:00
[2025-02-21T07:27:16.614+0000] {processor.py:183} INFO - Processing /opt/airflow/dags/ultra_simple_dag1.py took 0.510 seconds
[2025-02-21T07:27:48.199+0000] {processor.py:161} INFO - Started process (PID=7295) to work on /opt/airflow/dags/ultra_simple_dag1.py
[2025-02-21T07:27:48.202+0000] {processor.py:830} INFO - Processing file /opt/airflow/dags/ultra_simple_dag1.py for tasks to queue
[2025-02-21T07:27:48.207+0000] {logging_mixin.py:188} INFO - [2025-02-21T07:27:48.206+0000] {dagbag.py:538} INFO - Filling up the DagBag from /opt/airflow/dags/ultra_simple_dag1.py
[2025-02-21T07:27:48.322+0000] {processor.py:840} INFO - DAG(s) 'simple_dag1' retrieved from /opt/airflow/dags/ultra_simple_dag1.py
[2025-02-21T07:27:48.411+0000] {logging_mixin.py:188} INFO - [2025-02-21T07:27:48.410+0000] {dag.py:3036} INFO - Sync 1 DAGs
[2025-02-21T07:27:48.532+0000] {logging_mixin.py:188} INFO - [2025-02-21T07:27:48.532+0000] {dag.py:3823} INFO - Setting next_dagrun for simple_dag1 to 2024-01-01 00:52:00+00:00, run_after=2024-01-01 00:53:00+00:00
[2025-02-21T07:27:48.673+0000] {processor.py:183} INFO - Processing /opt/airflow/dags/ultra_simple_dag1.py took 0.490 seconds
[2025-02-21T07:28:19.097+0000] {processor.py:161} INFO - Started process (PID=7387) to work on /opt/airflow/dags/ultra_simple_dag1.py
[2025-02-21T07:28:19.101+0000] {processor.py:830} INFO - Processing file /opt/airflow/dags/ultra_simple_dag1.py for tasks to queue
[2025-02-21T07:28:19.106+0000] {logging_mixin.py:188} INFO - [2025-02-21T07:28:19.105+0000] {dagbag.py:538} INFO - Filling up the DagBag from /opt/airflow/dags/ultra_simple_dag1.py
[2025-02-21T07:28:19.235+0000] {processor.py:840} INFO - DAG(s) 'simple_dag1' retrieved from /opt/airflow/dags/ultra_simple_dag1.py
[2025-02-21T07:28:19.282+0000] {logging_mixin.py:188} INFO - [2025-02-21T07:28:19.282+0000] {dag.py:3036} INFO - Sync 1 DAGs
[2025-02-21T07:28:19.331+0000] {logging_mixin.py:188} INFO - [2025-02-21T07:28:19.331+0000] {dag.py:3823} INFO - Setting next_dagrun for simple_dag1 to 2024-01-01 00:59:00+00:00, run_after=2024-01-01 01:00:00+00:00
[2025-02-21T07:28:19.392+0000] {processor.py:183} INFO - Processing /opt/airflow/dags/ultra_simple_dag1.py took 0.313 seconds
[2025-02-21T07:28:51.773+0000] {processor.py:161} INFO - Started process (PID=7496) to work on /opt/airflow/dags/ultra_simple_dag1.py
[2025-02-21T07:28:51.800+0000] {processor.py:830} INFO - Processing file /opt/airflow/dags/ultra_simple_dag1.py for tasks to queue
[2025-02-21T07:28:51.822+0000] {logging_mixin.py:188} INFO - [2025-02-21T07:28:51.820+0000] {dagbag.py:538} INFO - Filling up the DagBag from /opt/airflow/dags/ultra_simple_dag1.py
[2025-02-21T07:28:52.132+0000] {processor.py:840} INFO - DAG(s) 'simple_dag1' retrieved from /opt/airflow/dags/ultra_simple_dag1.py
[2025-02-21T07:28:52.273+0000] {logging_mixin.py:188} INFO - [2025-02-21T07:28:52.271+0000] {dag.py:3036} INFO - Sync 1 DAGs
[2025-02-21T07:28:52.501+0000] {logging_mixin.py:188} INFO - [2025-02-21T07:28:52.501+0000] {dag.py:3823} INFO - Setting next_dagrun for simple_dag1 to 2024-01-01 01:08:00+00:00, run_after=2024-01-01 01:09:00+00:00
[2025-02-21T07:28:52.794+0000] {processor.py:183} INFO - Processing /opt/airflow/dags/ultra_simple_dag1.py took 1.063 seconds
[2025-02-21T07:29:23.352+0000] {processor.py:161} INFO - Started process (PID=7563) to work on /opt/airflow/dags/ultra_simple_dag1.py
[2025-02-21T07:29:23.358+0000] {processor.py:830} INFO - Processing file /opt/airflow/dags/ultra_simple_dag1.py for tasks to queue
[2025-02-21T07:29:23.376+0000] {logging_mixin.py:188} INFO - [2025-02-21T07:29:23.375+0000] {dagbag.py:538} INFO - Filling up the DagBag from /opt/airflow/dags/ultra_simple_dag1.py
[2025-02-21T07:29:23.528+0000] {processor.py:840} INFO - DAG(s) 'simple_dag1' retrieved from /opt/airflow/dags/ultra_simple_dag1.py
[2025-02-21T07:29:23.654+0000] {logging_mixin.py:188} INFO - [2025-02-21T07:29:23.653+0000] {dag.py:3036} INFO - Sync 1 DAGs
[2025-02-21T07:29:23.917+0000] {logging_mixin.py:188} INFO - [2025-02-21T07:29:23.917+0000] {dag.py:3823} INFO - Setting next_dagrun for simple_dag1 to 2024-01-01 01:17:00+00:00, run_after=2024-01-01 01:18:00+00:00
[2025-02-21T07:29:24.040+0000] {processor.py:183} INFO - Processing /opt/airflow/dags/ultra_simple_dag1.py took 0.746 seconds
[2025-02-21T07:29:54.574+0000] {processor.py:161} INFO - Started process (PID=7664) to work on /opt/airflow/dags/ultra_simple_dag1.py
[2025-02-21T07:29:54.580+0000] {processor.py:830} INFO - Processing file /opt/airflow/dags/ultra_simple_dag1.py for tasks to queue
[2025-02-21T07:29:54.594+0000] {logging_mixin.py:188} INFO - [2025-02-21T07:29:54.593+0000] {dagbag.py:538} INFO - Filling up the DagBag from /opt/airflow/dags/ultra_simple_dag1.py
[2025-02-21T07:29:54.656+0000] {processor.py:840} INFO - DAG(s) 'simple_dag1' retrieved from /opt/airflow/dags/ultra_simple_dag1.py
[2025-02-21T07:29:54.714+0000] {logging_mixin.py:188} INFO - [2025-02-21T07:29:54.714+0000] {dag.py:3036} INFO - Sync 1 DAGs
[2025-02-21T07:29:54.793+0000] {logging_mixin.py:188} INFO - [2025-02-21T07:29:54.792+0000] {dag.py:3823} INFO - Setting next_dagrun for simple_dag1 to 2024-01-01 01:23:00+00:00, run_after=2024-01-01 01:24:00+00:00
[2025-02-21T07:29:54.849+0000] {processor.py:183} INFO - Processing /opt/airflow/dags/ultra_simple_dag1.py took 0.283 seconds
[2025-02-21T07:30:25.077+0000] {processor.py:161} INFO - Started process (PID=7755) to work on /opt/airflow/dags/ultra_simple_dag1.py
[2025-02-21T07:30:25.096+0000] {processor.py:830} INFO - Processing file /opt/airflow/dags/ultra_simple_dag1.py for tasks to queue
[2025-02-21T07:30:25.112+0000] {logging_mixin.py:188} INFO - [2025-02-21T07:30:25.109+0000] {dagbag.py:538} INFO - Filling up the DagBag from /opt/airflow/dags/ultra_simple_dag1.py
[2025-02-21T07:30:25.306+0000] {processor.py:840} INFO - DAG(s) 'simple_dag1' retrieved from /opt/airflow/dags/ultra_simple_dag1.py
[2025-02-21T07:30:25.375+0000] {logging_mixin.py:188} INFO - [2025-02-21T07:30:25.374+0000] {dag.py:3036} INFO - Sync 1 DAGs
[2025-02-21T07:30:25.732+0000] {logging_mixin.py:188} INFO - [2025-02-21T07:30:25.731+0000] {dag.py:3823} INFO - Setting next_dagrun for simple_dag1 to 2024-01-01 01:31:00+00:00, run_after=2024-01-01 01:32:00+00:00
[2025-02-21T07:30:25.852+0000] {processor.py:183} INFO - Processing /opt/airflow/dags/ultra_simple_dag1.py took 0.789 seconds
[2025-02-21T07:30:56.086+0000] {processor.py:161} INFO - Started process (PID=7835) to work on /opt/airflow/dags/ultra_simple_dag1.py
[2025-02-21T07:30:56.092+0000] {processor.py:830} INFO - Processing file /opt/airflow/dags/ultra_simple_dag1.py for tasks to queue
[2025-02-21T07:30:56.097+0000] {logging_mixin.py:188} INFO - [2025-02-21T07:30:56.096+0000] {dagbag.py:538} INFO - Filling up the DagBag from /opt/airflow/dags/ultra_simple_dag1.py
[2025-02-21T07:30:56.181+0000] {processor.py:840} INFO - DAG(s) 'simple_dag1' retrieved from /opt/airflow/dags/ultra_simple_dag1.py
[2025-02-21T07:30:56.279+0000] {logging_mixin.py:188} INFO - [2025-02-21T07:30:56.279+0000] {dag.py:3036} INFO - Sync 1 DAGs
[2025-02-21T07:30:56.386+0000] {logging_mixin.py:188} INFO - [2025-02-21T07:30:56.385+0000] {dag.py:3823} INFO - Setting next_dagrun for simple_dag1 to 2024-01-01 01:42:00+00:00, run_after=2024-01-01 01:43:00+00:00
[2025-02-21T07:30:56.467+0000] {processor.py:183} INFO - Processing /opt/airflow/dags/ultra_simple_dag1.py took 0.397 seconds
[2025-02-21T07:31:26.970+0000] {processor.py:161} INFO - Started process (PID=7935) to work on /opt/airflow/dags/ultra_simple_dag1.py
[2025-02-21T07:31:26.974+0000] {processor.py:830} INFO - Processing file /opt/airflow/dags/ultra_simple_dag1.py for tasks to queue
[2025-02-21T07:31:26.983+0000] {logging_mixin.py:188} INFO - [2025-02-21T07:31:26.982+0000] {dagbag.py:538} INFO - Filling up the DagBag from /opt/airflow/dags/ultra_simple_dag1.py
[2025-02-21T07:31:27.050+0000] {processor.py:840} INFO - DAG(s) 'simple_dag1' retrieved from /opt/airflow/dags/ultra_simple_dag1.py
[2025-02-21T07:31:27.186+0000] {logging_mixin.py:188} INFO - [2025-02-21T07:31:27.183+0000] {dag.py:3036} INFO - Sync 1 DAGs
[2025-02-21T07:31:27.379+0000] {logging_mixin.py:188} INFO - [2025-02-21T07:31:27.377+0000] {dag.py:3823} INFO - Setting next_dagrun for simple_dag1 to 2024-01-01 01:49:00+00:00, run_after=2024-01-01 01:50:00+00:00
[2025-02-21T07:31:27.587+0000] {processor.py:183} INFO - Processing /opt/airflow/dags/ultra_simple_dag1.py took 0.628 seconds
[2025-02-21T07:31:58.236+0000] {processor.py:161} INFO - Started process (PID=8017) to work on /opt/airflow/dags/ultra_simple_dag1.py
[2025-02-21T07:31:58.244+0000] {processor.py:830} INFO - Processing file /opt/airflow/dags/ultra_simple_dag1.py for tasks to queue
[2025-02-21T07:31:58.249+0000] {logging_mixin.py:188} INFO - [2025-02-21T07:31:58.249+0000] {dagbag.py:538} INFO - Filling up the DagBag from /opt/airflow/dags/ultra_simple_dag1.py
[2025-02-21T07:31:58.320+0000] {processor.py:840} INFO - DAG(s) 'simple_dag1' retrieved from /opt/airflow/dags/ultra_simple_dag1.py
[2025-02-21T07:31:58.365+0000] {logging_mixin.py:188} INFO - [2025-02-21T07:31:58.363+0000] {dag.py:3036} INFO - Sync 1 DAGs
[2025-02-21T07:31:58.449+0000] {logging_mixin.py:188} INFO - [2025-02-21T07:31:58.449+0000] {dag.py:3823} INFO - Setting next_dagrun for simple_dag1 to 2024-01-01 01:56:00+00:00, run_after=2024-01-01 01:57:00+00:00
[2025-02-21T07:31:58.532+0000] {processor.py:183} INFO - Processing /opt/airflow/dags/ultra_simple_dag1.py took 0.309 seconds
[2025-02-21T07:32:29.678+0000] {processor.py:161} INFO - Started process (PID=8124) to work on /opt/airflow/dags/ultra_simple_dag1.py
[2025-02-21T07:32:29.683+0000] {processor.py:830} INFO - Processing file /opt/airflow/dags/ultra_simple_dag1.py for tasks to queue
[2025-02-21T07:32:29.714+0000] {logging_mixin.py:188} INFO - [2025-02-21T07:32:29.713+0000] {dagbag.py:538} INFO - Filling up the DagBag from /opt/airflow/dags/ultra_simple_dag1.py
[2025-02-21T07:32:29.855+0000] {processor.py:840} INFO - DAG(s) 'simple_dag1' retrieved from /opt/airflow/dags/ultra_simple_dag1.py
[2025-02-21T07:32:29.965+0000] {logging_mixin.py:188} INFO - [2025-02-21T07:32:29.964+0000] {dag.py:3036} INFO - Sync 1 DAGs
[2025-02-21T07:32:30.096+0000] {logging_mixin.py:188} INFO - [2025-02-21T07:32:30.095+0000] {dag.py:3823} INFO - Setting next_dagrun for simple_dag1 to 2024-01-01 02:12:00+00:00, run_after=2024-01-01 02:13:00+00:00
[2025-02-21T07:32:30.238+0000] {processor.py:183} INFO - Processing /opt/airflow/dags/ultra_simple_dag1.py took 0.584 seconds
[2025-02-21T07:33:01.418+0000] {processor.py:161} INFO - Started process (PID=8215) to work on /opt/airflow/dags/ultra_simple_dag1.py
[2025-02-21T07:33:01.424+0000] {processor.py:830} INFO - Processing file /opt/airflow/dags/ultra_simple_dag1.py for tasks to queue
[2025-02-21T07:33:01.441+0000] {logging_mixin.py:188} INFO - [2025-02-21T07:33:01.440+0000] {dagbag.py:538} INFO - Filling up the DagBag from /opt/airflow/dags/ultra_simple_dag1.py
[2025-02-21T07:33:01.531+0000] {processor.py:840} INFO - DAG(s) 'simple_dag1' retrieved from /opt/airflow/dags/ultra_simple_dag1.py
[2025-02-21T07:33:01.681+0000] {logging_mixin.py:188} INFO - [2025-02-21T07:33:01.680+0000] {dag.py:3036} INFO - Sync 1 DAGs
[2025-02-21T07:33:02.199+0000] {logging_mixin.py:188} INFO - [2025-02-21T07:33:02.187+0000] {dag.py:3823} INFO - Setting next_dagrun for simple_dag1 to 2024-01-01 02:16:00+00:00, run_after=2024-01-01 02:17:00+00:00
[2025-02-21T07:33:02.322+0000] {processor.py:183} INFO - Processing /opt/airflow/dags/ultra_simple_dag1.py took 0.924 seconds
[2025-02-21T07:33:33.250+0000] {processor.py:161} INFO - Started process (PID=8304) to work on /opt/airflow/dags/ultra_simple_dag1.py
[2025-02-21T07:33:33.261+0000] {processor.py:830} INFO - Processing file /opt/airflow/dags/ultra_simple_dag1.py for tasks to queue
[2025-02-21T07:33:33.294+0000] {logging_mixin.py:188} INFO - [2025-02-21T07:33:33.292+0000] {dagbag.py:538} INFO - Filling up the DagBag from /opt/airflow/dags/ultra_simple_dag1.py
[2025-02-21T07:33:33.366+0000] {processor.py:840} INFO - DAG(s) 'simple_dag1' retrieved from /opt/airflow/dags/ultra_simple_dag1.py
[2025-02-21T07:33:33.468+0000] {logging_mixin.py:188} INFO - [2025-02-21T07:33:33.468+0000] {dag.py:3036} INFO - Sync 1 DAGs
[2025-02-21T07:33:33.596+0000] {logging_mixin.py:188} INFO - [2025-02-21T07:33:33.595+0000] {dag.py:3823} INFO - Setting next_dagrun for simple_dag1 to 2024-01-01 02:28:00+00:00, run_after=2024-01-01 02:29:00+00:00
[2025-02-21T07:33:33.715+0000] {processor.py:183} INFO - Processing /opt/airflow/dags/ultra_simple_dag1.py took 0.482 seconds
[2025-02-21T07:34:04.120+0000] {processor.py:161} INFO - Started process (PID=8388) to work on /opt/airflow/dags/ultra_simple_dag1.py
[2025-02-21T07:34:04.122+0000] {processor.py:830} INFO - Processing file /opt/airflow/dags/ultra_simple_dag1.py for tasks to queue
[2025-02-21T07:34:04.134+0000] {logging_mixin.py:188} INFO - [2025-02-21T07:34:04.132+0000] {dagbag.py:538} INFO - Filling up the DagBag from /opt/airflow/dags/ultra_simple_dag1.py
[2025-02-21T07:34:04.228+0000] {processor.py:840} INFO - DAG(s) 'simple_dag1' retrieved from /opt/airflow/dags/ultra_simple_dag1.py
[2025-02-21T07:34:04.329+0000] {logging_mixin.py:188} INFO - [2025-02-21T07:34:04.328+0000] {dag.py:3036} INFO - Sync 1 DAGs
[2025-02-21T07:34:04.425+0000] {logging_mixin.py:188} INFO - [2025-02-21T07:34:04.424+0000] {dag.py:3823} INFO - Setting next_dagrun for simple_dag1 to 2024-01-01 02:34:00+00:00, run_after=2024-01-01 02:35:00+00:00
[2025-02-21T07:34:04.587+0000] {processor.py:183} INFO - Processing /opt/airflow/dags/ultra_simple_dag1.py took 0.491 seconds
[2025-02-21T07:34:35.530+0000] {processor.py:161} INFO - Started process (PID=8491) to work on /opt/airflow/dags/ultra_simple_dag1.py
[2025-02-21T07:34:35.535+0000] {processor.py:830} INFO - Processing file /opt/airflow/dags/ultra_simple_dag1.py for tasks to queue
[2025-02-21T07:34:35.548+0000] {logging_mixin.py:188} INFO - [2025-02-21T07:34:35.547+0000] {dagbag.py:538} INFO - Filling up the DagBag from /opt/airflow/dags/ultra_simple_dag1.py
[2025-02-21T07:34:35.648+0000] {processor.py:840} INFO - DAG(s) 'simple_dag1' retrieved from /opt/airflow/dags/ultra_simple_dag1.py
[2025-02-21T07:34:35.758+0000] {logging_mixin.py:188} INFO - [2025-02-21T07:34:35.758+0000] {dag.py:3036} INFO - Sync 1 DAGs
[2025-02-21T07:34:35.899+0000] {logging_mixin.py:188} INFO - [2025-02-21T07:34:35.898+0000] {dag.py:3823} INFO - Setting next_dagrun for simple_dag1 to 2024-01-01 02:42:00+00:00, run_after=2024-01-01 02:43:00+00:00
[2025-02-21T07:34:36.061+0000] {processor.py:183} INFO - Processing /opt/airflow/dags/ultra_simple_dag1.py took 0.537 seconds
[2025-02-21T07:35:06.958+0000] {processor.py:161} INFO - Started process (PID=8582) to work on /opt/airflow/dags/ultra_simple_dag1.py
[2025-02-21T07:35:06.971+0000] {processor.py:830} INFO - Processing file /opt/airflow/dags/ultra_simple_dag1.py for tasks to queue
[2025-02-21T07:35:06.983+0000] {logging_mixin.py:188} INFO - [2025-02-21T07:35:06.982+0000] {dagbag.py:538} INFO - Filling up the DagBag from /opt/airflow/dags/ultra_simple_dag1.py
[2025-02-21T07:35:07.205+0000] {processor.py:840} INFO - DAG(s) 'simple_dag1' retrieved from /opt/airflow/dags/ultra_simple_dag1.py
[2025-02-21T07:35:07.268+0000] {logging_mixin.py:188} INFO - [2025-02-21T07:35:07.267+0000] {dag.py:3036} INFO - Sync 1 DAGs
[2025-02-21T07:35:07.410+0000] {logging_mixin.py:188} INFO - [2025-02-21T07:35:07.409+0000] {dag.py:3823} INFO - Setting next_dagrun for simple_dag1 to 2024-01-01 02:55:00+00:00, run_after=2024-01-01 02:56:00+00:00
[2025-02-21T07:35:07.537+0000] {processor.py:183} INFO - Processing /opt/airflow/dags/ultra_simple_dag1.py took 0.588 seconds
[2025-02-21T07:35:38.656+0000] {processor.py:161} INFO - Started process (PID=8681) to work on /opt/airflow/dags/ultra_simple_dag1.py
[2025-02-21T07:35:38.662+0000] {processor.py:830} INFO - Processing file /opt/airflow/dags/ultra_simple_dag1.py for tasks to queue
[2025-02-21T07:35:38.699+0000] {logging_mixin.py:188} INFO - [2025-02-21T07:35:38.698+0000] {dagbag.py:538} INFO - Filling up the DagBag from /opt/airflow/dags/ultra_simple_dag1.py
[2025-02-21T07:35:38.781+0000] {processor.py:840} INFO - DAG(s) 'simple_dag1' retrieved from /opt/airflow/dags/ultra_simple_dag1.py
[2025-02-21T07:35:38.866+0000] {logging_mixin.py:188} INFO - [2025-02-21T07:35:38.866+0000] {dag.py:3036} INFO - Sync 1 DAGs
[2025-02-21T07:35:39.090+0000] {logging_mixin.py:188} INFO - [2025-02-21T07:35:39.090+0000] {dag.py:3823} INFO - Setting next_dagrun for simple_dag1 to 2024-01-01 03:03:00+00:00, run_after=2024-01-01 03:04:00+00:00
[2025-02-21T07:35:39.218+0000] {processor.py:183} INFO - Processing /opt/airflow/dags/ultra_simple_dag1.py took 0.581 seconds
[2025-02-21T07:36:09.548+0000] {processor.py:161} INFO - Started process (PID=8758) to work on /opt/airflow/dags/ultra_simple_dag1.py
[2025-02-21T07:36:09.561+0000] {processor.py:830} INFO - Processing file /opt/airflow/dags/ultra_simple_dag1.py for tasks to queue
[2025-02-21T07:36:09.568+0000] {logging_mixin.py:188} INFO - [2025-02-21T07:36:09.567+0000] {dagbag.py:538} INFO - Filling up the DagBag from /opt/airflow/dags/ultra_simple_dag1.py
[2025-02-21T07:36:09.684+0000] {processor.py:840} INFO - DAG(s) 'simple_dag1' retrieved from /opt/airflow/dags/ultra_simple_dag1.py
[2025-02-21T07:36:09.853+0000] {logging_mixin.py:188} INFO - [2025-02-21T07:36:09.852+0000] {dag.py:3036} INFO - Sync 1 DAGs
[2025-02-21T07:36:09.917+0000] {logging_mixin.py:188} INFO - [2025-02-21T07:36:09.917+0000] {dag.py:3823} INFO - Setting next_dagrun for simple_dag1 to 2024-01-01 03:09:00+00:00, run_after=2024-01-01 03:10:00+00:00
[2025-02-21T07:36:10.064+0000] {processor.py:183} INFO - Processing /opt/airflow/dags/ultra_simple_dag1.py took 0.556 seconds
[2025-02-21T07:36:41.052+0000] {processor.py:161} INFO - Started process (PID=8839) to work on /opt/airflow/dags/ultra_simple_dag1.py
[2025-02-21T07:36:41.095+0000] {processor.py:830} INFO - Processing file /opt/airflow/dags/ultra_simple_dag1.py for tasks to queue
[2025-02-21T07:36:41.127+0000] {logging_mixin.py:188} INFO - [2025-02-21T07:36:41.126+0000] {dagbag.py:538} INFO - Filling up the DagBag from /opt/airflow/dags/ultra_simple_dag1.py
[2025-02-21T07:36:41.273+0000] {processor.py:840} INFO - DAG(s) 'simple_dag1' retrieved from /opt/airflow/dags/ultra_simple_dag1.py
[2025-02-21T07:36:41.339+0000] {logging_mixin.py:188} INFO - [2025-02-21T07:36:41.338+0000] {dag.py:3036} INFO - Sync 1 DAGs
[2025-02-21T07:36:41.477+0000] {logging_mixin.py:188} INFO - [2025-02-21T07:36:41.475+0000] {dag.py:3823} INFO - Setting next_dagrun for simple_dag1 to 2024-01-01 03:20:00+00:00, run_after=2024-01-01 03:21:00+00:00
[2025-02-21T07:36:41.579+0000] {processor.py:183} INFO - Processing /opt/airflow/dags/ultra_simple_dag1.py took 0.545 seconds
[2025-02-21T07:37:11.883+0000] {processor.py:161} INFO - Started process (PID=8939) to work on /opt/airflow/dags/ultra_simple_dag1.py
[2025-02-21T07:37:11.908+0000] {processor.py:830} INFO - Processing file /opt/airflow/dags/ultra_simple_dag1.py for tasks to queue
[2025-02-21T07:37:11.916+0000] {logging_mixin.py:188} INFO - [2025-02-21T07:37:11.915+0000] {dagbag.py:538} INFO - Filling up the DagBag from /opt/airflow/dags/ultra_simple_dag1.py
[2025-02-21T07:37:12.158+0000] {processor.py:840} INFO - DAG(s) 'simple_dag1' retrieved from /opt/airflow/dags/ultra_simple_dag1.py
[2025-02-21T07:37:12.435+0000] {logging_mixin.py:188} INFO - [2025-02-21T07:37:12.403+0000] {dag.py:3036} INFO - Sync 1 DAGs
[2025-02-21T07:37:12.611+0000] {logging_mixin.py:188} INFO - [2025-02-21T07:37:12.611+0000] {dag.py:3823} INFO - Setting next_dagrun for simple_dag1 to 2024-01-01 03:28:00+00:00, run_after=2024-01-01 03:29:00+00:00
[2025-02-21T07:37:12.985+0000] {processor.py:183} INFO - Processing /opt/airflow/dags/ultra_simple_dag1.py took 1.111 seconds
[2025-02-21T07:37:44.222+0000] {processor.py:161} INFO - Started process (PID=9035) to work on /opt/airflow/dags/ultra_simple_dag1.py
[2025-02-21T07:37:44.228+0000] {processor.py:830} INFO - Processing file /opt/airflow/dags/ultra_simple_dag1.py for tasks to queue
[2025-02-21T07:37:44.241+0000] {logging_mixin.py:188} INFO - [2025-02-21T07:37:44.240+0000] {dagbag.py:538} INFO - Filling up the DagBag from /opt/airflow/dags/ultra_simple_dag1.py
[2025-02-21T07:37:44.333+0000] {processor.py:840} INFO - DAG(s) 'simple_dag1' retrieved from /opt/airflow/dags/ultra_simple_dag1.py
[2025-02-21T07:37:44.459+0000] {logging_mixin.py:188} INFO - [2025-02-21T07:37:44.458+0000] {dag.py:3036} INFO - Sync 1 DAGs
[2025-02-21T07:37:44.905+0000] {logging_mixin.py:188} INFO - [2025-02-21T07:37:44.897+0000] {dag.py:3823} INFO - Setting next_dagrun for simple_dag1 to 2024-01-01 03:38:00+00:00, run_after=2024-01-01 03:39:00+00:00
[2025-02-21T07:37:45.029+0000] {processor.py:183} INFO - Processing /opt/airflow/dags/ultra_simple_dag1.py took 0.848 seconds
[2025-02-21T07:38:16.158+0000] {processor.py:161} INFO - Started process (PID=9145) to work on /opt/airflow/dags/ultra_simple_dag1.py
[2025-02-21T07:38:16.178+0000] {processor.py:830} INFO - Processing file /opt/airflow/dags/ultra_simple_dag1.py for tasks to queue
[2025-02-21T07:38:16.195+0000] {logging_mixin.py:188} INFO - [2025-02-21T07:38:16.194+0000] {dagbag.py:538} INFO - Filling up the DagBag from /opt/airflow/dags/ultra_simple_dag1.py
[2025-02-21T07:38:16.267+0000] {processor.py:840} INFO - DAG(s) 'simple_dag1' retrieved from /opt/airflow/dags/ultra_simple_dag1.py
[2025-02-21T07:38:16.403+0000] {logging_mixin.py:188} INFO - [2025-02-21T07:38:16.402+0000] {dag.py:3036} INFO - Sync 1 DAGs
[2025-02-21T07:38:16.490+0000] {logging_mixin.py:188} INFO - [2025-02-21T07:38:16.490+0000] {dag.py:3823} INFO - Setting next_dagrun for simple_dag1 to 2024-01-01 03:48:00+00:00, run_after=2024-01-01 03:49:00+00:00
[2025-02-21T07:38:16.727+0000] {processor.py:183} INFO - Processing /opt/airflow/dags/ultra_simple_dag1.py took 0.621 seconds
[2025-02-21T07:38:48.127+0000] {processor.py:161} INFO - Started process (PID=9239) to work on /opt/airflow/dags/ultra_simple_dag1.py
[2025-02-21T07:38:48.144+0000] {processor.py:830} INFO - Processing file /opt/airflow/dags/ultra_simple_dag1.py for tasks to queue
[2025-02-21T07:38:48.150+0000] {logging_mixin.py:188} INFO - [2025-02-21T07:38:48.149+0000] {dagbag.py:538} INFO - Filling up the DagBag from /opt/airflow/dags/ultra_simple_dag1.py
[2025-02-21T07:38:48.532+0000] {processor.py:840} INFO - DAG(s) 'simple_dag1' retrieved from /opt/airflow/dags/ultra_simple_dag1.py
[2025-02-21T07:38:48.963+0000] {logging_mixin.py:188} INFO - [2025-02-21T07:38:48.963+0000] {dag.py:3036} INFO - Sync 1 DAGs
[2025-02-21T07:38:49.221+0000] {logging_mixin.py:188} INFO - [2025-02-21T07:38:49.221+0000] {dag.py:3823} INFO - Setting next_dagrun for simple_dag1 to 2024-01-01 03:53:00+00:00, run_after=2024-01-01 03:54:00+00:00
[2025-02-21T07:38:49.335+0000] {processor.py:183} INFO - Processing /opt/airflow/dags/ultra_simple_dag1.py took 1.232 seconds
[2025-02-21T07:39:19.904+0000] {processor.py:161} INFO - Started process (PID=9296) to work on /opt/airflow/dags/ultra_simple_dag1.py
[2025-02-21T07:39:19.914+0000] {processor.py:830} INFO - Processing file /opt/airflow/dags/ultra_simple_dag1.py for tasks to queue
[2025-02-21T07:39:19.922+0000] {logging_mixin.py:188} INFO - [2025-02-21T07:39:19.921+0000] {dagbag.py:538} INFO - Filling up the DagBag from /opt/airflow/dags/ultra_simple_dag1.py
[2025-02-21T07:39:20.000+0000] {processor.py:840} INFO - DAG(s) 'simple_dag1' retrieved from /opt/airflow/dags/ultra_simple_dag1.py
[2025-02-21T07:39:20.122+0000] {logging_mixin.py:188} INFO - [2025-02-21T07:39:20.121+0000] {dag.py:3036} INFO - Sync 1 DAGs
[2025-02-21T07:39:20.181+0000] {logging_mixin.py:188} INFO - [2025-02-21T07:39:20.180+0000] {dag.py:3823} INFO - Setting next_dagrun for simple_dag1 to 2024-01-01 03:55:00+00:00, run_after=2024-01-01 03:56:00+00:00
[2025-02-21T07:39:20.235+0000] {processor.py:183} INFO - Processing /opt/airflow/dags/ultra_simple_dag1.py took 0.346 seconds
[2025-02-21T07:39:50.545+0000] {processor.py:161} INFO - Started process (PID=9356) to work on /opt/airflow/dags/ultra_simple_dag1.py
[2025-02-21T07:39:50.548+0000] {processor.py:830} INFO - Processing file /opt/airflow/dags/ultra_simple_dag1.py for tasks to queue
[2025-02-21T07:39:50.556+0000] {logging_mixin.py:188} INFO - [2025-02-21T07:39:50.555+0000] {dagbag.py:538} INFO - Filling up the DagBag from /opt/airflow/dags/ultra_simple_dag1.py
[2025-02-21T07:39:50.628+0000] {processor.py:840} INFO - DAG(s) 'simple_dag1' retrieved from /opt/airflow/dags/ultra_simple_dag1.py
[2025-02-21T07:39:50.699+0000] {logging_mixin.py:188} INFO - [2025-02-21T07:39:50.698+0000] {dag.py:3036} INFO - Sync 1 DAGs
[2025-02-21T07:39:50.760+0000] {logging_mixin.py:188} INFO - [2025-02-21T07:39:50.759+0000] {dag.py:3823} INFO - Setting next_dagrun for simple_dag1 to 2024-01-01 03:55:00+00:00, run_after=2024-01-01 03:56:00+00:00
[2025-02-21T07:39:50.812+0000] {processor.py:183} INFO - Processing /opt/airflow/dags/ultra_simple_dag1.py took 0.277 seconds
[2025-02-21T07:40:21.124+0000] {processor.py:161} INFO - Started process (PID=9415) to work on /opt/airflow/dags/ultra_simple_dag1.py
[2025-02-21T07:40:21.127+0000] {processor.py:830} INFO - Processing file /opt/airflow/dags/ultra_simple_dag1.py for tasks to queue
[2025-02-21T07:40:21.133+0000] {logging_mixin.py:188} INFO - [2025-02-21T07:40:21.133+0000] {dagbag.py:538} INFO - Filling up the DagBag from /opt/airflow/dags/ultra_simple_dag1.py
[2025-02-21T07:40:21.194+0000] {processor.py:840} INFO - DAG(s) 'simple_dag1' retrieved from /opt/airflow/dags/ultra_simple_dag1.py
[2025-02-21T07:40:21.283+0000] {logging_mixin.py:188} INFO - [2025-02-21T07:40:21.282+0000] {dag.py:3036} INFO - Sync 1 DAGs
[2025-02-21T07:40:21.394+0000] {logging_mixin.py:188} INFO - [2025-02-21T07:40:21.393+0000] {dag.py:3823} INFO - Setting next_dagrun for simple_dag1 to 2024-01-01 03:55:00+00:00, run_after=2024-01-01 03:56:00+00:00
[2025-02-21T07:40:21.473+0000] {processor.py:183} INFO - Processing /opt/airflow/dags/ultra_simple_dag1.py took 0.359 seconds
[2025-02-21T07:40:51.735+0000] {processor.py:161} INFO - Started process (PID=9474) to work on /opt/airflow/dags/ultra_simple_dag1.py
[2025-02-21T07:40:51.738+0000] {processor.py:830} INFO - Processing file /opt/airflow/dags/ultra_simple_dag1.py for tasks to queue
[2025-02-21T07:40:51.745+0000] {logging_mixin.py:188} INFO - [2025-02-21T07:40:51.745+0000] {dagbag.py:538} INFO - Filling up the DagBag from /opt/airflow/dags/ultra_simple_dag1.py
[2025-02-21T07:40:51.852+0000] {processor.py:840} INFO - DAG(s) 'simple_dag1' retrieved from /opt/airflow/dags/ultra_simple_dag1.py
[2025-02-21T07:40:51.929+0000] {logging_mixin.py:188} INFO - [2025-02-21T07:40:51.928+0000] {dag.py:3036} INFO - Sync 1 DAGs
[2025-02-21T07:40:52.013+0000] {logging_mixin.py:188} INFO - [2025-02-21T07:40:52.013+0000] {dag.py:3823} INFO - Setting next_dagrun for simple_dag1 to 2024-01-01 03:55:00+00:00, run_after=2024-01-01 03:56:00+00:00
[2025-02-21T07:40:52.097+0000] {processor.py:183} INFO - Processing /opt/airflow/dags/ultra_simple_dag1.py took 0.372 seconds
[2025-02-21T07:41:22.900+0000] {processor.py:161} INFO - Started process (PID=9533) to work on /opt/airflow/dags/ultra_simple_dag1.py
[2025-02-21T07:41:22.904+0000] {processor.py:830} INFO - Processing file /opt/airflow/dags/ultra_simple_dag1.py for tasks to queue
[2025-02-21T07:41:22.912+0000] {logging_mixin.py:188} INFO - [2025-02-21T07:41:22.912+0000] {dagbag.py:538} INFO - Filling up the DagBag from /opt/airflow/dags/ultra_simple_dag1.py
[2025-02-21T07:41:23.011+0000] {processor.py:840} INFO - DAG(s) 'simple_dag1' retrieved from /opt/airflow/dags/ultra_simple_dag1.py
[2025-02-21T07:41:23.073+0000] {logging_mixin.py:188} INFO - [2025-02-21T07:41:23.072+0000] {dag.py:3036} INFO - Sync 1 DAGs
[2025-02-21T07:41:23.147+0000] {logging_mixin.py:188} INFO - [2025-02-21T07:41:23.146+0000] {dag.py:3823} INFO - Setting next_dagrun for simple_dag1 to 2024-01-01 03:55:00+00:00, run_after=2024-01-01 03:56:00+00:00
[2025-02-21T07:41:23.212+0000] {processor.py:183} INFO - Processing /opt/airflow/dags/ultra_simple_dag1.py took 0.324 seconds
[2025-02-21T07:41:53.839+0000] {processor.py:161} INFO - Started process (PID=9592) to work on /opt/airflow/dags/ultra_simple_dag1.py
[2025-02-21T07:41:53.842+0000] {processor.py:830} INFO - Processing file /opt/airflow/dags/ultra_simple_dag1.py for tasks to queue
[2025-02-21T07:41:53.850+0000] {logging_mixin.py:188} INFO - [2025-02-21T07:41:53.849+0000] {dagbag.py:538} INFO - Filling up the DagBag from /opt/airflow/dags/ultra_simple_dag1.py
[2025-02-21T07:41:53.920+0000] {processor.py:840} INFO - DAG(s) 'simple_dag1' retrieved from /opt/airflow/dags/ultra_simple_dag1.py
[2025-02-21T07:41:53.996+0000] {logging_mixin.py:188} INFO - [2025-02-21T07:41:53.996+0000] {dag.py:3036} INFO - Sync 1 DAGs
[2025-02-21T07:41:54.095+0000] {logging_mixin.py:188} INFO - [2025-02-21T07:41:54.094+0000] {dag.py:3823} INFO - Setting next_dagrun for simple_dag1 to 2024-01-01 03:55:00+00:00, run_after=2024-01-01 03:56:00+00:00
[2025-02-21T07:41:54.175+0000] {processor.py:183} INFO - Processing /opt/airflow/dags/ultra_simple_dag1.py took 0.348 seconds
[2025-02-21T07:42:24.540+0000] {processor.py:161} INFO - Started process (PID=9652) to work on /opt/airflow/dags/ultra_simple_dag1.py
[2025-02-21T07:42:24.544+0000] {processor.py:830} INFO - Processing file /opt/airflow/dags/ultra_simple_dag1.py for tasks to queue
[2025-02-21T07:42:24.552+0000] {logging_mixin.py:188} INFO - [2025-02-21T07:42:24.551+0000] {dagbag.py:538} INFO - Filling up the DagBag from /opt/airflow/dags/ultra_simple_dag1.py
[2025-02-21T07:42:24.641+0000] {processor.py:840} INFO - DAG(s) 'simple_dag1' retrieved from /opt/airflow/dags/ultra_simple_dag1.py
[2025-02-21T07:42:24.705+0000] {logging_mixin.py:188} INFO - [2025-02-21T07:42:24.704+0000] {dag.py:3036} INFO - Sync 1 DAGs
[2025-02-21T07:42:24.762+0000] {logging_mixin.py:188} INFO - [2025-02-21T07:42:24.761+0000] {dag.py:3823} INFO - Setting next_dagrun for simple_dag1 to 2024-01-01 03:55:00+00:00, run_after=2024-01-01 03:56:00+00:00
[2025-02-21T07:42:24.815+0000] {processor.py:183} INFO - Processing /opt/airflow/dags/ultra_simple_dag1.py took 0.287 seconds
[2025-02-21T07:42:55.218+0000] {processor.py:161} INFO - Started process (PID=9711) to work on /opt/airflow/dags/ultra_simple_dag1.py
[2025-02-21T07:42:55.223+0000] {processor.py:830} INFO - Processing file /opt/airflow/dags/ultra_simple_dag1.py for tasks to queue
[2025-02-21T07:42:55.231+0000] {logging_mixin.py:188} INFO - [2025-02-21T07:42:55.230+0000] {dagbag.py:538} INFO - Filling up the DagBag from /opt/airflow/dags/ultra_simple_dag1.py
[2025-02-21T07:42:55.294+0000] {processor.py:840} INFO - DAG(s) 'simple_dag1' retrieved from /opt/airflow/dags/ultra_simple_dag1.py
[2025-02-21T07:42:55.362+0000] {logging_mixin.py:188} INFO - [2025-02-21T07:42:55.361+0000] {dag.py:3036} INFO - Sync 1 DAGs
[2025-02-21T07:42:55.477+0000] {logging_mixin.py:188} INFO - [2025-02-21T07:42:55.476+0000] {dag.py:3823} INFO - Setting next_dagrun for simple_dag1 to 2024-01-01 03:55:00+00:00, run_after=2024-01-01 03:56:00+00:00
[2025-02-21T07:42:55.543+0000] {processor.py:183} INFO - Processing /opt/airflow/dags/ultra_simple_dag1.py took 0.342 seconds
[2025-02-21T07:43:26.861+0000] {processor.py:161} INFO - Started process (PID=9772) to work on /opt/airflow/dags/ultra_simple_dag1.py
[2025-02-21T07:43:26.864+0000] {processor.py:830} INFO - Processing file /opt/airflow/dags/ultra_simple_dag1.py for tasks to queue
[2025-02-21T07:43:26.898+0000] {logging_mixin.py:188} INFO - [2025-02-21T07:43:26.897+0000] {dagbag.py:538} INFO - Filling up the DagBag from /opt/airflow/dags/ultra_simple_dag1.py
[2025-02-21T07:43:27.667+0000] {processor.py:840} INFO - DAG(s) 'simple_dag1' retrieved from /opt/airflow/dags/ultra_simple_dag1.py
[2025-02-21T07:43:27.848+0000] {logging_mixin.py:188} INFO - [2025-02-21T07:43:27.835+0000] {dag.py:3036} INFO - Sync 1 DAGs
[2025-02-21T07:43:28.058+0000] {logging_mixin.py:188} INFO - [2025-02-21T07:43:28.058+0000] {dag.py:3823} INFO - Setting next_dagrun for simple_dag1 to 2024-01-01 03:55:00+00:00, run_after=2024-01-01 03:56:00+00:00
[2025-02-21T07:43:28.155+0000] {processor.py:183} INFO - Processing /opt/airflow/dags/ultra_simple_dag1.py took 1.324 seconds
[2025-02-21T07:43:58.714+0000] {processor.py:161} INFO - Started process (PID=9834) to work on /opt/airflow/dags/ultra_simple_dag1.py
[2025-02-21T07:43:58.718+0000] {processor.py:830} INFO - Processing file /opt/airflow/dags/ultra_simple_dag1.py for tasks to queue
[2025-02-21T07:43:58.725+0000] {logging_mixin.py:188} INFO - [2025-02-21T07:43:58.724+0000] {dagbag.py:538} INFO - Filling up the DagBag from /opt/airflow/dags/ultra_simple_dag1.py
[2025-02-21T07:43:58.818+0000] {processor.py:840} INFO - DAG(s) 'simple_dag1' retrieved from /opt/airflow/dags/ultra_simple_dag1.py
[2025-02-21T07:43:58.899+0000] {logging_mixin.py:188} INFO - [2025-02-21T07:43:58.899+0000] {dag.py:3036} INFO - Sync 1 DAGs
[2025-02-21T07:43:58.964+0000] {logging_mixin.py:188} INFO - [2025-02-21T07:43:58.963+0000] {dag.py:3823} INFO - Setting next_dagrun for simple_dag1 to 2024-01-01 03:55:00+00:00, run_after=2024-01-01 03:56:00+00:00
[2025-02-21T07:43:59.031+0000] {processor.py:183} INFO - Processing /opt/airflow/dags/ultra_simple_dag1.py took 0.334 seconds
[2025-02-21T07:44:29.641+0000] {processor.py:161} INFO - Started process (PID=9896) to work on /opt/airflow/dags/ultra_simple_dag1.py
[2025-02-21T07:44:29.644+0000] {processor.py:830} INFO - Processing file /opt/airflow/dags/ultra_simple_dag1.py for tasks to queue
[2025-02-21T07:44:29.651+0000] {logging_mixin.py:188} INFO - [2025-02-21T07:44:29.650+0000] {dagbag.py:538} INFO - Filling up the DagBag from /opt/airflow/dags/ultra_simple_dag1.py
[2025-02-21T07:44:29.751+0000] {processor.py:840} INFO - DAG(s) 'simple_dag1' retrieved from /opt/airflow/dags/ultra_simple_dag1.py
[2025-02-21T07:44:29.821+0000] {logging_mixin.py:188} INFO - [2025-02-21T07:44:29.820+0000] {dag.py:3036} INFO - Sync 1 DAGs
[2025-02-21T07:44:29.887+0000] {logging_mixin.py:188} INFO - [2025-02-21T07:44:29.887+0000] {dag.py:3823} INFO - Setting next_dagrun for simple_dag1 to 2024-01-01 03:55:00+00:00, run_after=2024-01-01 03:56:00+00:00
[2025-02-21T07:44:29.964+0000] {processor.py:183} INFO - Processing /opt/airflow/dags/ultra_simple_dag1.py took 0.340 seconds
[2025-02-21T07:45:00.740+0000] {processor.py:161} INFO - Started process (PID=9957) to work on /opt/airflow/dags/ultra_simple_dag1.py
[2025-02-21T07:45:00.744+0000] {processor.py:830} INFO - Processing file /opt/airflow/dags/ultra_simple_dag1.py for tasks to queue
[2025-02-21T07:45:00.755+0000] {logging_mixin.py:188} INFO - [2025-02-21T07:45:00.754+0000] {dagbag.py:538} INFO - Filling up the DagBag from /opt/airflow/dags/ultra_simple_dag1.py
[2025-02-21T07:45:00.850+0000] {processor.py:840} INFO - DAG(s) 'simple_dag1' retrieved from /opt/airflow/dags/ultra_simple_dag1.py
[2025-02-21T07:45:00.915+0000] {logging_mixin.py:188} INFO - [2025-02-21T07:45:00.914+0000] {dag.py:3036} INFO - Sync 1 DAGs
[2025-02-21T07:45:00.983+0000] {logging_mixin.py:188} INFO - [2025-02-21T07:45:00.982+0000] {dag.py:3823} INFO - Setting next_dagrun for simple_dag1 to 2024-01-01 03:55:00+00:00, run_after=2024-01-01 03:56:00+00:00
[2025-02-21T07:45:01.055+0000] {processor.py:183} INFO - Processing /opt/airflow/dags/ultra_simple_dag1.py took 0.323 seconds
[2025-02-21T07:45:31.304+0000] {processor.py:161} INFO - Started process (PID=10018) to work on /opt/airflow/dags/ultra_simple_dag1.py
[2025-02-21T07:45:31.308+0000] {processor.py:830} INFO - Processing file /opt/airflow/dags/ultra_simple_dag1.py for tasks to queue
[2025-02-21T07:45:31.314+0000] {logging_mixin.py:188} INFO - [2025-02-21T07:45:31.314+0000] {dagbag.py:538} INFO - Filling up the DagBag from /opt/airflow/dags/ultra_simple_dag1.py
[2025-02-21T07:45:31.379+0000] {processor.py:840} INFO - DAG(s) 'simple_dag1' retrieved from /opt/airflow/dags/ultra_simple_dag1.py
[2025-02-21T07:45:31.447+0000] {logging_mixin.py:188} INFO - [2025-02-21T07:45:31.445+0000] {dag.py:3036} INFO - Sync 1 DAGs
[2025-02-21T07:45:31.523+0000] {logging_mixin.py:188} INFO - [2025-02-21T07:45:31.522+0000] {dag.py:3823} INFO - Setting next_dagrun for simple_dag1 to 2024-01-01 03:55:00+00:00, run_after=2024-01-01 03:56:00+00:00
[2025-02-21T07:45:31.602+0000] {processor.py:183} INFO - Processing /opt/airflow/dags/ultra_simple_dag1.py took 0.310 seconds
[2025-02-21T07:46:02.097+0000] {processor.py:161} INFO - Started process (PID=10079) to work on /opt/airflow/dags/ultra_simple_dag1.py
[2025-02-21T07:46:02.109+0000] {processor.py:830} INFO - Processing file /opt/airflow/dags/ultra_simple_dag1.py for tasks to queue
[2025-02-21T07:46:02.130+0000] {logging_mixin.py:188} INFO - [2025-02-21T07:46:02.130+0000] {dagbag.py:538} INFO - Filling up the DagBag from /opt/airflow/dags/ultra_simple_dag1.py
[2025-02-21T07:46:02.360+0000] {processor.py:840} INFO - DAG(s) 'simple_dag1' retrieved from /opt/airflow/dags/ultra_simple_dag1.py
[2025-02-21T07:46:02.436+0000] {logging_mixin.py:188} INFO - [2025-02-21T07:46:02.435+0000] {dag.py:3036} INFO - Sync 1 DAGs
[2025-02-21T07:46:02.506+0000] {logging_mixin.py:188} INFO - [2025-02-21T07:46:02.505+0000] {dag.py:3823} INFO - Setting next_dagrun for simple_dag1 to 2024-01-01 03:55:00+00:00, run_after=2024-01-01 03:56:00+00:00
[2025-02-21T07:46:02.591+0000] {processor.py:183} INFO - Processing /opt/airflow/dags/ultra_simple_dag1.py took 0.509 seconds
[2025-02-21T07:46:33.305+0000] {processor.py:161} INFO - Started process (PID=10141) to work on /opt/airflow/dags/ultra_simple_dag1.py
[2025-02-21T07:46:33.309+0000] {processor.py:830} INFO - Processing file /opt/airflow/dags/ultra_simple_dag1.py for tasks to queue
[2025-02-21T07:46:33.319+0000] {logging_mixin.py:188} INFO - [2025-02-21T07:46:33.317+0000] {dagbag.py:538} INFO - Filling up the DagBag from /opt/airflow/dags/ultra_simple_dag1.py
[2025-02-21T07:46:33.405+0000] {processor.py:840} INFO - DAG(s) 'simple_dag1' retrieved from /opt/airflow/dags/ultra_simple_dag1.py
[2025-02-21T07:46:33.470+0000] {logging_mixin.py:188} INFO - [2025-02-21T07:46:33.469+0000] {dag.py:3036} INFO - Sync 1 DAGs
[2025-02-21T07:46:33.558+0000] {logging_mixin.py:188} INFO - [2025-02-21T07:46:33.558+0000] {dag.py:3823} INFO - Setting next_dagrun for simple_dag1 to 2024-01-01 03:55:00+00:00, run_after=2024-01-01 03:56:00+00:00
[2025-02-21T07:46:33.619+0000] {processor.py:183} INFO - Processing /opt/airflow/dags/ultra_simple_dag1.py took 0.327 seconds
[2025-02-21T07:47:03.910+0000] {processor.py:161} INFO - Started process (PID=10201) to work on /opt/airflow/dags/ultra_simple_dag1.py
[2025-02-21T07:47:03.914+0000] {processor.py:830} INFO - Processing file /opt/airflow/dags/ultra_simple_dag1.py for tasks to queue
[2025-02-21T07:47:03.921+0000] {logging_mixin.py:188} INFO - [2025-02-21T07:47:03.920+0000] {dagbag.py:538} INFO - Filling up the DagBag from /opt/airflow/dags/ultra_simple_dag1.py
[2025-02-21T07:47:04.005+0000] {processor.py:840} INFO - DAG(s) 'simple_dag1' retrieved from /opt/airflow/dags/ultra_simple_dag1.py
[2025-02-21T07:47:04.066+0000] {logging_mixin.py:188} INFO - [2025-02-21T07:47:04.065+0000] {dag.py:3036} INFO - Sync 1 DAGs
[2025-02-21T07:47:04.484+0000] {logging_mixin.py:188} INFO - [2025-02-21T07:47:04.484+0000] {dag.py:3823} INFO - Setting next_dagrun for simple_dag1 to 2024-01-01 03:55:00+00:00, run_after=2024-01-01 03:56:00+00:00
[2025-02-21T07:47:04.545+0000] {processor.py:183} INFO - Processing /opt/airflow/dags/ultra_simple_dag1.py took 0.646 seconds
